#
# There is insufficient memory for the Java Runtime Environment to continue.
# Native memory allocation (mmap) failed to map 87031808 bytes for Failed to commit area from 0x0000000089a00000 to 0x000000008ed00000 of length 87031808.
# Possible reasons:
#   The system is out of physical RAM or swap space
#   The process is running with CompressedOops enabled, and the Java Heap may be blocking the growth of the native heap
# Possible solutions:
#   Reduce memory load on the system
#   Increase physical memory or swap space
#   Check if swap backing store is full
#   Decrease Java heap size (-Xmx/-Xms)
#   Decrease number of Java threads
#   Decrease Java thread stack sizes (-Xss)
#   Set larger code cache with -XX:ReservedCodeCacheSize=
#   JVM is running with Unscaled Compressed Oops mode in which the Java heap is
#     placed in the first 4GB address space. The Java Heap base address is the
#     maximum limit for the native heap growth. Please use -XX:HeapBaseMinAddress
#     to set the Java Heap base and to place the Java Heap above 4GB virtual address.
# This output file may be truncated or incomplete.
#
#  Out of Memory Error (c:/ws/UEp/Corretto11Src/installers/windows/zip/corretto-build/buildRoot/src/src/hotspot/os/windows/os_windows.cpp:3296), pid=8448, tid=13952
#
# JRE version: OpenJDK Runtime Environment (11.0.6+10) (build 11.0.6+10-LTS)
# Java VM: OpenJDK 64-Bit Server VM (11.0.6+10-LTS, mixed mode, tiered, compressed oops, g1 gc, windows-amd64)
# No core dump will be written. Minidumps are not enabled by default on client versions of Windows
#

---------------  S U M M A R Y ------------

Command Line: --add-opens=java.base/java.util=ALL-UNNAMED --add-opens=java.base/java.lang=ALL-UNNAMED --add-opens=java.base/java.lang.invoke=ALL-UNNAMED --add-opens=java.prefs/java.util.prefs=ALL-UNNAMED -Xmx2048m -Dfile.encoding=UTF-8 -Duser.country=IN -Duser.language=en -Duser.variant org.gradle.launcher.daemon.bootstrap.GradleDaemon 6.5

Host: Intel(R) Core(TM) i5-8250U CPU @ 1.60GHz, 8 cores, 7G,  Windows 10 , 64 bit Build 18362 (10.0.18362.1110)
Time: Fri Jan 22 23:23:44 2021 India Standard Time elapsed time: 22 seconds (0d 0h 0m 22s)

---------------  T H R E A D  ---------------

Current thread (0x00000212da9de800):  VMThread "VM Thread" [stack: 0x000000a502600000,0x000000a502700000] [id=13952]

Stack: [0x000000a502600000,0x000000a502700000]
[error occurred during error reporting (printing stack bounds), id 0xc0000005, EXCEPTION_ACCESS_VIOLATION (0xc0000005) at pc=0x00000212c4040dad]

Native frames: (J=compiled Java code, j=interpreted, Vv=VM code, C=native code)
V  [jvm.dll+0x5db48a]
V  [jvm.dll+0x7114ae]
V  [jvm.dll+0x712b47]
V  [jvm.dll+0x713175]
V  [jvm.dll+0x71312b]
V  [jvm.dll+0x5daa83]
V  [jvm.dll+0x5db138]
C  [ntdll.dll+0xa184f]
C  [ntdll.dll+0x6a889]
C  [ntdll.dll+0xa04be]
C  0x00000212c4040dad

VM_Operation (0x000000a5057f7dd0): G1CollectForAllocation, mode: safepoint, requested by thread 0x00000212df4f8800


---------------  P R O C E S S  ---------------

Threads class SMR info:
_java_thread_list=0x00000212e51d3860, length=163, elements={
0x00000212bb9eb800, 0x00000212da9e2800, 0x00000212da9eb800, 0x00000212da9f9800,
0x00000212da9fa800, 0x00000212da9fe000, 0x00000212db35a800, 0x00000212db360800,
0x00000212db4ba000, 0x00000212db4dd800, 0x00000212dc6fd800, 0x00000212db706000,
0x00000212dd73a800, 0x00000212dd1a1000, 0x00000212dd778800, 0x00000212db94c000,
0x00000212dd779000, 0x00000212dce60800, 0x00000212dce61800, 0x00000212dc158000,
0x00000212dcdfc800, 0x00000212dcdfe000, 0x00000212dce01000, 0x00000212dcdfe800,
0x00000212dce02000, 0x00000212dce03000, 0x00000212dce00800, 0x00000212dcdff800,
0x00000212dcdfd000, 0x00000212dd894000, 0x00000212dd897000, 0x00000212dd898800,
0x00000212dd899800, 0x00000212dd898000, 0x00000212dd894800, 0x00000212dd895800,
0x00000212dd896000, 0x00000212df4f8800, 0x00000212df4fd800, 0x00000212df4fb000,
0x00000212df4fc800, 0x00000212df4f8000, 0x00000212df4fa800, 0x00000212df4fc000,
0x00000212df4fe800, 0x00000212df4f9800, 0x00000212df502800, 0x00000212df501000,
0x00000212df4ff000, 0x00000212df501800, 0x00000212df503000, 0x00000212df504000,
0x00000212df505800, 0x00000212df505000, 0x00000212df500000, 0x00000212df506800,
0x00000212de035000, 0x00000212de036800, 0x00000212de036000, 0x00000212de037800,
0x00000212de038800, 0x00000212de039000, 0x00000212de034000, 0x00000212de03e000,
0x00000212de03a000, 0x00000212de03f000, 0x00000212de03c800, 0x00000212de03f800,
0x00000212de03d000, 0x00000212de040800, 0x00000212de03a800, 0x00000212de041800,
0x00000212de03b800, 0x00000212de042000, 0x00000212de043000, 0x00000212dd9e5800,
0x00000212dd9e6000, 0x00000212dd9e7000, 0x00000212dd9e7800, 0x00000212dd9e8800,
0x00000212dd9e4800, 0x00000212dd9e3800, 0x00000212dd9e3000, 0x00000212dd9ef000,
0x00000212dd9e9800, 0x00000212dd9ee000, 0x00000212dd9ea000, 0x00000212dd9ec800,
0x00000212dd9ed800, 0x00000212dd9f0000, 0x00000212dd9f0800, 0x00000212dd9eb000,
0x00000212dd9f1800, 0x00000212dd9ec000, 0x00000212dfca1000, 0x00000212dfca5000,
0x00000212dfca3000, 0x00000212dfca2000, 0x00000212dfca8800, 0x00000212dfca9800,
0x00000212dfca3800, 0x00000212dfcaa000, 0x00000212dfca4800, 0x00000212dfcab000,
0x00000212dfcab800, 0x00000212dfca7000, 0x00000212dfca6000, 0x00000212dfcad800,
0x00000212dfcac800, 0x00000212dfca7800, 0x00000212dfcae000, 0x00000212dfcaf000,
0x00000212dfcb0000, 0x00000212df89a800, 0x00000212df899000, 0x00000212df898000,
0x00000212df89b800, 0x00000212df899800, 0x00000212df895800, 0x00000212df896800,
0x00000212df897800, 0x00000212df89e800, 0x00000212df8a1000, 0x00000212df89d000,
0x00000212df89e000, 0x00000212df8a0800, 0x00000212df89f800, 0x00000212df8a2000,
0x00000212df89c000, 0x00000212df8a2800, 0x00000212df8a3800, 0x00000212df8a4800,
0x00000212df55c000, 0x00000212df55e800, 0x00000212df559000, 0x00000212df55f800,
0x00000212df55b800, 0x00000212df55a800, 0x00000212df55e000, 0x00000212df55a000,
0x00000212df55d000, 0x00000212df566000, 0x00000212df561000, 0x00000212df563000,
0x00000212df565000, 0x00000212df563800, 0x00000212df560800, 0x00000212df564800,
0x00000212df567000, 0x00000212df567800, 0x00000212df562000, 0x00000212dfa09000,
0x00000212dfa0c800, 0x00000212dfa0e000, 0x00000212dfa08800, 0x00000212dfa0b000,
0x00000212dfa0f000, 0x00000212dfa0b800, 0x00000212dfa0f800, 0x00000212dfa0d000,
0x00000212dfa0a000, 0x00000212df7d5800, 0x00000212dfa11800
}

Java Threads: ( => current thread )
  0x00000212bb9eb800 JavaThread "main" [_thread_blocked, id=11656, stack(0x000000a502000000,0x000000a502100000)]
  0x00000212da9e2800 JavaThread "Reference Handler" daemon [_thread_blocked, id=13136, stack(0x000000a502700000,0x000000a502800000)]
  0x00000212da9eb800 JavaThread "Finalizer" daemon [_thread_blocked, id=9344, stack(0x000000a502800000,0x000000a502900000)]
  0x00000212da9f9800 JavaThread "Signal Dispatcher" daemon [_thread_blocked, id=6748, stack(0x000000a502900000,0x000000a502a00000)]
  0x00000212da9fa800 JavaThread "Attach Listener" daemon [_thread_blocked, id=15300, stack(0x000000a502a00000,0x000000a502b00000)]
  0x00000212da9fe000 JavaThread "C2 CompilerThread0" daemon [_thread_blocked, id=13684, stack(0x000000a502b00000,0x000000a502c00000)]
  0x00000212db35a800 JavaThread "C1 CompilerThread0" daemon [_thread_blocked, id=7740, stack(0x000000a502c00000,0x000000a502d00000)]
  0x00000212db360800 JavaThread "Sweeper thread" daemon [_thread_blocked, id=8464, stack(0x000000a502d00000,0x000000a502e00000)]
  0x00000212db4ba000 JavaThread "Common-Cleaner" daemon [_thread_blocked, id=7440, stack(0x000000a502e00000,0x000000a502f00000)]
  0x00000212db4dd800 JavaThread "Service Thread" daemon [_thread_blocked, id=13696, stack(0x000000a502f00000,0x000000a503000000)]
  0x00000212dc6fd800 JavaThread "Daemon health stats" [_thread_blocked, id=11496, stack(0x000000a503500000,0x000000a503600000)]
  0x00000212db706000 JavaThread "Incoming local TCP Connector on port 59592" [_thread_in_native, id=11160, stack(0x000000a503600000,0x000000a503700000)]
  0x00000212dd73a800 JavaThread "Daemon periodic checks" [_thread_blocked, id=9380, stack(0x000000a503700000,0x000000a503800000)]
  0x00000212dd1a1000 JavaThread "Daemon" [_thread_blocked, id=16356, stack(0x000000a503800000,0x000000a503900000)]
  0x00000212dd778800 JavaThread "Handler for socket connection from /127.0.0.1:59592 to /127.0.0.1:59593" [_thread_in_native, id=15796, stack(0x000000a503900000,0x000000a503a00000)]
  0x00000212db94c000 JavaThread "Cancel handler" [_thread_blocked, id=6632, stack(0x000000a503a00000,0x000000a503b00000)]
  0x00000212dd779000 JavaThread "Daemon worker" [_thread_blocked, id=6056, stack(0x000000a503b00000,0x000000a503c00000)]
  0x00000212dce60800 JavaThread "Asynchronous log dispatcher for DefaultDaemonConnection: socket connection from /127.0.0.1:59592 to /127.0.0.1:59593" [_thread_blocked, id=14016, stack(0x000000a503d00000,0x000000a503e00000)]
  0x00000212dce61800 JavaThread "Stdin handler" [_thread_blocked, id=8852, stack(0x000000a503e00000,0x000000a503f00000)]
  0x00000212dc158000 JavaThread "Thread-8" [_thread_blocked, id=15776, stack(0x000000a503f00000,0x000000a504000000)]
  0x00000212dcdfc800 JavaThread "Cache worker for journal cache (C:\Users\Admin\.gradle\caches\journal-1)" [_thread_blocked, id=1844, stack(0x000000a504000000,0x000000a504100000)]
  0x00000212dcdfe000 JavaThread "File lock request listener" [_thread_in_native, id=11976, stack(0x000000a504600000,0x000000a504700000)]
  0x00000212dce01000 JavaThread "Cache worker for file hash cache (C:\Users\Admin\.gradle\caches\6.5\fileHashes)" [_thread_blocked, id=14844, stack(0x000000a503c00000,0x000000a503d00000)]
  0x00000212dcdfe800 JavaThread "Cache worker for file hash cache (D:\allandroidprojects\NewsApp\.gradle\6.5\fileHashes)" [_thread_blocked, id=15508, stack(0x000000a504a00000,0x000000a504b00000)]
  0x00000212dce02000 JavaThread "Cache worker for checksums cache (D:\allandroidprojects\NewsApp\.gradle\checksums)" [_thread_blocked, id=9248, stack(0x000000a504900000,0x000000a504a00000)]
  0x00000212dce03000 JavaThread "Cache worker for cache directory md-supplier (C:\Users\Admin\.gradle\caches\6.5\md-supplier)" [_thread_blocked, id=3652, stack(0x000000a504b00000,0x000000a504c00000)]
  0x00000212dce00800 JavaThread "Cache worker for cache directory md-rule (C:\Users\Admin\.gradle\caches\6.5\md-rule)" [_thread_blocked, id=15896, stack(0x000000a504c00000,0x000000a504d00000)]
  0x00000212dcdff800 JavaThread "Cache worker for execution history cache (C:\Users\Admin\.gradle\caches\6.5\executionHistory)" [_thread_blocked, id=13140, stack(0x000000a504d00000,0x000000a504e00000)]
  0x00000212dcdfd000 JavaThread "jar transforms" [_thread_blocked, id=9060, stack(0x000000a504800000,0x000000a504900000)]
  0x00000212dd894000 JavaThread "Cache worker for file content cache (C:\Users\Admin\.gradle\caches\6.5\fileContent)" [_thread_blocked, id=15416, stack(0x000000a504e00000,0x000000a504f00000)]
  0x00000212dd897000 JavaThread "Build operations" [_thread_blocked, id=9500, stack(0x000000a505000000,0x000000a505100000)]
  0x00000212dd898800 JavaThread "Build operations Thread 2" [_thread_blocked, id=15476, stack(0x000000a505100000,0x000000a505200000)]
  0x00000212dd899800 JavaThread "Build operations Thread 3" [_thread_blocked, id=11176, stack(0x000000a505200000,0x000000a505300000)]
  0x00000212dd898000 JavaThread "Build operations Thread 4" [_thread_blocked, id=9752, stack(0x000000a505300000,0x000000a505400000)]
  0x00000212dd894800 JavaThread "Build operations Thread 5" [_thread_blocked, id=12832, stack(0x000000a505400000,0x000000a505500000)]
  0x00000212dd895800 JavaThread "Build operations Thread 6" [_thread_blocked, id=7300, stack(0x000000a505500000,0x000000a505600000)]
  0x00000212dd896000 JavaThread "Build operations Thread 7" [_thread_blocked, id=15704, stack(0x000000a505600000,0x000000a505700000)]
  0x00000212df4f8800 JavaThread "Build operations Thread 8" [_thread_blocked, id=652, stack(0x000000a505700000,0x000000a505800000)]
  0x00000212df4fd800 JavaThread "jar transforms Thread 2" [_thread_blocked, id=7616, stack(0x000000a505800000,0x000000a505900000)]
  0x00000212df4fb000 JavaThread "jar transforms Thread 3" [_thread_blocked, id=13112, stack(0x000000a505900000,0x000000a505a00000)]
  0x00000212df4fc800 JavaThread "jar transforms Thread 4" [_thread_blocked, id=6600, stack(0x000000a505a00000,0x000000a505b00000)]
  0x00000212df4f8000 JavaThread "jar transforms Thread 5" [_thread_blocked, id=9676, stack(0x000000a505b00000,0x000000a505c00000)]
  0x00000212df4fa800 JavaThread "jar transforms Thread 6" [_thread_blocked, id=8772, stack(0x000000a505c00000,0x000000a505d00000)]
  0x00000212df4fc000 JavaThread "jar transforms Thread 7" [_thread_blocked, id=5668, stack(0x000000a505d00000,0x000000a505e00000)]
  0x00000212df4fe800 JavaThread "jar transforms Thread 8" [_thread_blocked, id=15292, stack(0x000000a505e00000,0x000000a505f00000)]
  0x00000212df4f9800 JavaThread "jar transforms Thread 9" [_thread_blocked, id=15484, stack(0x000000a505f00000,0x000000a506000000)]
  0x00000212df502800 JavaThread "jar transforms Thread 10" [_thread_blocked, id=10300, stack(0x000000a506000000,0x000000a506100000)]
  0x00000212df501000 JavaThread "jar transforms Thread 11" [_thread_blocked, id=12088, stack(0x000000a506100000,0x000000a506200000)]
  0x00000212df4ff000 JavaThread "jar transforms Thread 12" [_thread_blocked, id=10732, stack(0x000000a506200000,0x000000a506300000)]
  0x00000212df501800 JavaThread "jar transforms Thread 13" [_thread_blocked, id=9136, stack(0x000000a506300000,0x000000a506400000)]
  0x00000212df503000 JavaThread "jar transforms Thread 14" [_thread_blocked, id=5744, stack(0x000000a506400000,0x000000a506500000)]
  0x00000212df504000 JavaThread "jar transforms Thread 15" [_thread_blocked, id=10776, stack(0x000000a506500000,0x000000a506600000)]
  0x00000212df505800 JavaThread "jar transforms Thread 16" [_thread_blocked, id=9424, stack(0x000000a506600000,0x000000a506700000)]
  0x00000212df505000 JavaThread "jar transforms Thread 17" [_thread_blocked, id=6508, stack(0x000000a506700000,0x000000a506800000)]
  0x00000212df500000 JavaThread "jar transforms Thread 18" [_thread_blocked, id=6712, stack(0x000000a506800000,0x000000a506900000)]
  0x00000212df506800 JavaThread "jar transforms Thread 19" [_thread_blocked, id=9064, stack(0x000000a506900000,0x000000a506a00000)]
  0x00000212de035000 JavaThread "jar transforms Thread 20" [_thread_blocked, id=13648, stack(0x000000a506a00000,0x000000a506b00000)]
  0x00000212de036800 JavaThread "jar transforms Thread 21" [_thread_blocked, id=16320, stack(0x000000a506b00000,0x000000a506c00000)]
  0x00000212de036000 JavaThread "jar transforms Thread 22" [_thread_blocked, id=8644, stack(0x000000a506c00000,0x000000a506d00000)]
  0x00000212de037800 JavaThread "jar transforms Thread 23" [_thread_blocked, id=13448, stack(0x000000a506d00000,0x000000a506e00000)]
  0x00000212de038800 JavaThread "jar transforms Thread 24" [_thread_blocked, id=9140, stack(0x000000a506e00000,0x000000a506f00000)]
  0x00000212de039000 JavaThread "jar transforms Thread 25" [_thread_blocked, id=14388, stack(0x000000a506f00000,0x000000a507000000)]
  0x00000212de034000 JavaThread "jar transforms Thread 26" [_thread_blocked, id=10804, stack(0x000000a507000000,0x000000a507100000)]
  0x00000212de03e000 JavaThread "jar transforms Thread 27" [_thread_blocked, id=15712, stack(0x000000a507100000,0x000000a507200000)]
  0x00000212de03a000 JavaThread "jar transforms Thread 28" [_thread_blocked, id=9688, stack(0x000000a507200000,0x000000a507300000)]
  0x00000212de03f000 JavaThread "jar transforms Thread 29" [_thread_blocked, id=11300, stack(0x000000a507300000,0x000000a507400000)]
  0x00000212de03c800 JavaThread "jar transforms Thread 30" [_thread_blocked, id=16080, stack(0x000000a507400000,0x000000a507500000)]
  0x00000212de03f800 JavaThread "jar transforms Thread 31" [_thread_blocked, id=7636, stack(0x000000a507500000,0x000000a507600000)]
  0x00000212de03d000 JavaThread "jar transforms Thread 32" [_thread_blocked, id=5576, stack(0x000000a507600000,0x000000a507700000)]
  0x00000212de040800 JavaThread "jar transforms Thread 33" [_thread_blocked, id=7984, stack(0x000000a507700000,0x000000a507800000)]
  0x00000212de03a800 JavaThread "jar transforms Thread 34" [_thread_blocked, id=15968, stack(0x000000a507800000,0x000000a507900000)]
  0x00000212de041800 JavaThread "jar transforms Thread 35" [_thread_blocked, id=3248, stack(0x000000a507900000,0x000000a507a00000)]
  0x00000212de03b800 JavaThread "jar transforms Thread 36" [_thread_blocked, id=10424, stack(0x000000a507a00000,0x000000a507b00000)]
  0x00000212de042000 JavaThread "jar transforms Thread 37" [_thread_blocked, id=9812, stack(0x000000a507b00000,0x000000a507c00000)]
  0x00000212de043000 JavaThread "jar transforms Thread 38" [_thread_blocked, id=11624, stack(0x000000a507c00000,0x000000a507d00000)]
  0x00000212dd9e5800 JavaThread "jar transforms Thread 39" [_thread_blocked, id=10224, stack(0x000000a507d00000,0x000000a507e00000)]
  0x00000212dd9e6000 JavaThread "jar transforms Thread 40" [_thread_blocked, id=16368, stack(0x000000a507e00000,0x000000a507f00000)]
  0x00000212dd9e7000 JavaThread "jar transforms Thread 41" [_thread_blocked, id=9520, stack(0x000000a507f00000,0x000000a508000000)]
  0x00000212dd9e7800 JavaThread "jar transforms Thread 42" [_thread_blocked, id=11964, stack(0x000000a508000000,0x000000a508100000)]
  0x00000212dd9e8800 JavaThread "jar transforms Thread 43" [_thread_blocked, id=12512, stack(0x000000a508100000,0x000000a508200000)]
  0x00000212dd9e4800 JavaThread "jar transforms Thread 44" [_thread_blocked, id=13980, stack(0x000000a508200000,0x000000a508300000)]
  0x00000212dd9e3800 JavaThread "jar transforms Thread 45" [_thread_blocked, id=13928, stack(0x000000a508300000,0x000000a508400000)]
  0x00000212dd9e3000 JavaThread "jar transforms Thread 46" [_thread_blocked, id=252, stack(0x000000a508400000,0x000000a508500000)]
  0x00000212dd9ef000 JavaThread "jar transforms Thread 47" [_thread_blocked, id=8444, stack(0x000000a508500000,0x000000a508600000)]
  0x00000212dd9e9800 JavaThread "jar transforms Thread 48" [_thread_blocked, id=6752, stack(0x000000a508600000,0x000000a508700000)]
  0x00000212dd9ee000 JavaThread "jar transforms Thread 49" [_thread_blocked, id=8760, stack(0x000000a508700000,0x000000a508800000)]
  0x00000212dd9ea000 JavaThread "jar transforms Thread 50" [_thread_blocked, id=12700, stack(0x000000a508800000,0x000000a508900000)]
  0x00000212dd9ec800 JavaThread "jar transforms Thread 51" [_thread_blocked, id=8152, stack(0x000000a508900000,0x000000a508a00000)]
  0x00000212dd9ed800 JavaThread "jar transforms Thread 52" [_thread_blocked, id=16332, stack(0x000000a508a00000,0x000000a508b00000)]
  0x00000212dd9f0000 JavaThread "jar transforms Thread 53" [_thread_blocked, id=14052, stack(0x000000a508b00000,0x000000a508c00000)]
  0x00000212dd9f0800 JavaThread "jar transforms Thread 54" [_thread_blocked, id=14968, stack(0x000000a508c00000,0x000000a508d00000)]
  0x00000212dd9eb000 JavaThread "jar transforms Thread 55" [_thread_blocked, id=3064, stack(0x000000a508d00000,0x000000a508e00000)]
  0x00000212dd9f1800 JavaThread "jar transforms Thread 56" [_thread_blocked, id=9088, stack(0x000000a508e00000,0x000000a508f00000)]
  0x00000212dd9ec000 JavaThread "jar transforms Thread 57" [_thread_blocked, id=5920, stack(0x000000a508f00000,0x000000a509000000)]
  0x00000212dfca1000 JavaThread "jar transforms Thread 58" [_thread_blocked, id=5696, stack(0x000000a509000000,0x000000a509100000)]
  0x00000212dfca5000 JavaThread "jar transforms Thread 59" [_thread_blocked, id=14024, stack(0x000000a509100000,0x000000a509200000)]
  0x00000212dfca3000 JavaThread "jar transforms Thread 60" [_thread_blocked, id=8860, stack(0x000000a509200000,0x000000a509300000)]
  0x00000212dfca2000 JavaThread "jar transforms Thread 61" [_thread_blocked, id=15096, stack(0x000000a509300000,0x000000a509400000)]
  0x00000212dfca8800 JavaThread "jar transforms Thread 62" [_thread_blocked, id=14736, stack(0x000000a509400000,0x000000a509500000)]
  0x00000212dfca9800 JavaThread "jar transforms Thread 63" [_thread_blocked, id=10676, stack(0x000000a509500000,0x000000a509600000)]
  0x00000212dfca3800 JavaThread "jar transforms Thread 64" [_thread_blocked, id=4768, stack(0x000000a509600000,0x000000a509700000)]
  0x00000212dfcaa000 JavaThread "jar transforms Thread 65" [_thread_blocked, id=11564, stack(0x000000a509700000,0x000000a509800000)]
  0x00000212dfca4800 JavaThread "jar transforms Thread 66" [_thread_blocked, id=7976, stack(0x000000a509800000,0x000000a509900000)]
  0x00000212dfcab000 JavaThread "jar transforms Thread 67" [_thread_blocked, id=15632, stack(0x000000a509900000,0x000000a509a00000)]
  0x00000212dfcab800 JavaThread "jar transforms Thread 68" [_thread_blocked, id=3384, stack(0x000000a509a00000,0x000000a509b00000)]
  0x00000212dfca7000 JavaThread "jar transforms Thread 69" [_thread_blocked, id=14060, stack(0x000000a509b00000,0x000000a509c00000)]
  0x00000212dfca6000 JavaThread "jar transforms Thread 70" [_thread_blocked, id=14372, stack(0x000000a509c00000,0x000000a509d00000)]
  0x00000212dfcad800 JavaThread "jar transforms Thread 71" [_thread_blocked, id=5796, stack(0x000000a509d00000,0x000000a509e00000)]
  0x00000212dfcac800 JavaThread "jar transforms Thread 72" [_thread_blocked, id=7392, stack(0x000000a509e00000,0x000000a509f00000)]
  0x00000212dfca7800 JavaThread "jar transforms Thread 73" [_thread_blocked, id=12384, stack(0x000000a509f00000,0x000000a50a000000)]
  0x00000212dfcae000 JavaThread "jar transforms Thread 74" [_thread_blocked, id=8652, stack(0x000000a50a000000,0x000000a50a100000)]
  0x00000212dfcaf000 JavaThread "jar transforms Thread 75" [_thread_blocked, id=5880, stack(0x000000a50a100000,0x000000a50a200000)]
  0x00000212dfcb0000 JavaThread "jar transforms Thread 76" [_thread_blocked, id=11888, stack(0x000000a50a200000,0x000000a50a300000)]
  0x00000212df89a800 JavaThread "jar transforms Thread 77" [_thread_blocked, id=15248, stack(0x000000a50a300000,0x000000a50a400000)]
  0x00000212df899000 JavaThread "jar transforms Thread 78" [_thread_blocked, id=8416, stack(0x000000a50a400000,0x000000a50a500000)]
  0x00000212df898000 JavaThread "jar transforms Thread 79" [_thread_blocked, id=6468, stack(0x000000a50a500000,0x000000a50a600000)]
  0x00000212df89b800 JavaThread "jar transforms Thread 80" [_thread_blocked, id=10016, stack(0x000000a50a600000,0x000000a50a700000)]
  0x00000212df899800 JavaThread "jar transforms Thread 81" [_thread_blocked, id=12312, stack(0x000000a50a700000,0x000000a50a800000)]
  0x00000212df895800 JavaThread "jar transforms Thread 82" [_thread_blocked, id=14464, stack(0x000000a50a800000,0x000000a50a900000)]
  0x00000212df896800 JavaThread "jar transforms Thread 83" [_thread_blocked, id=13232, stack(0x000000a50a900000,0x000000a50aa00000)]
  0x00000212df897800 JavaThread "jar transforms Thread 84" [_thread_blocked, id=10980, stack(0x000000a50aa00000,0x000000a50ab00000)]
  0x00000212df89e800 JavaThread "jar transforms Thread 85" [_thread_blocked, id=10800, stack(0x000000a50ab00000,0x000000a50ac00000)]
  0x00000212df8a1000 JavaThread "jar transforms Thread 86" [_thread_blocked, id=840, stack(0x000000a50ac00000,0x000000a50ad00000)]
  0x00000212df89d000 JavaThread "jar transforms Thread 87" [_thread_blocked, id=11380, stack(0x000000a50ad00000,0x000000a50ae00000)]
  0x00000212df89e000 JavaThread "jar transforms Thread 88" [_thread_blocked, id=15568, stack(0x000000a50ae00000,0x000000a50af00000)]
  0x00000212df8a0800 JavaThread "jar transforms Thread 89" [_thread_blocked, id=15940, stack(0x000000a50af00000,0x000000a50b000000)]
  0x00000212df89f800 JavaThread "jar transforms Thread 90" [_thread_blocked, id=7468, stack(0x000000a50b000000,0x000000a50b100000)]
  0x00000212df8a2000 JavaThread "jar transforms Thread 91" [_thread_blocked, id=15328, stack(0x000000a50b100000,0x000000a50b200000)]
  0x00000212df89c000 JavaThread "jar transforms Thread 92" [_thread_blocked, id=5428, stack(0x000000a50b200000,0x000000a50b300000)]
  0x00000212df8a2800 JavaThread "jar transforms Thread 93" [_thread_blocked, id=8496, stack(0x000000a50b300000,0x000000a50b400000)]
  0x00000212df8a3800 JavaThread "jar transforms Thread 94" [_thread_blocked, id=14644, stack(0x000000a50b400000,0x000000a50b500000)]
  0x00000212df8a4800 JavaThread "jar transforms Thread 95" [_thread_blocked, id=7084, stack(0x000000a50b500000,0x000000a50b600000)]
  0x00000212df55c000 JavaThread "jar transforms Thread 96" [_thread_blocked, id=11508, stack(0x000000a50b600000,0x000000a50b700000)]
  0x00000212df55e800 JavaThread "jar transforms Thread 97" [_thread_blocked, id=14900, stack(0x000000a50b700000,0x000000a50b800000)]
  0x00000212df559000 JavaThread "jar transforms Thread 98" [_thread_blocked, id=8512, stack(0x000000a50b800000,0x000000a50b900000)]
  0x00000212df55f800 JavaThread "jar transforms Thread 99" [_thread_blocked, id=10696, stack(0x000000a50b900000,0x000000a50ba00000)]
  0x00000212df55b800 JavaThread "jar transforms Thread 100" [_thread_blocked, id=16336, stack(0x000000a50ba00000,0x000000a50bb00000)]
  0x00000212df55a800 JavaThread "jar transforms Thread 101" [_thread_blocked, id=6672, stack(0x000000a50bb00000,0x000000a50bc00000)]
  0x00000212df55e000 JavaThread "jar transforms Thread 102" [_thread_blocked, id=10996, stack(0x000000a50bc00000,0x000000a50bd00000)]
  0x00000212df55a000 JavaThread "jar transforms Thread 103" [_thread_blocked, id=8276, stack(0x000000a50bd00000,0x000000a50be00000)]
  0x00000212df55d000 JavaThread "jar transforms Thread 104" [_thread_blocked, id=13480, stack(0x000000a50be00000,0x000000a50bf00000)]
  0x00000212df566000 JavaThread "jar transforms Thread 105" [_thread_blocked, id=9972, stack(0x000000a50bf00000,0x000000a50c000000)]
  0x00000212df561000 JavaThread "jar transforms Thread 106" [_thread_blocked, id=12756, stack(0x000000a50c000000,0x000000a50c100000)]
  0x00000212df563000 JavaThread "jar transforms Thread 107" [_thread_blocked, id=8024, stack(0x000000a50c100000,0x000000a50c200000)]
  0x00000212df565000 JavaThread "jar transforms Thread 108" [_thread_blocked, id=14196, stack(0x000000a50c200000,0x000000a50c300000)]
  0x00000212df563800 JavaThread "jar transforms Thread 109" [_thread_blocked, id=11880, stack(0x000000a50c300000,0x000000a50c400000)]
  0x00000212df560800 JavaThread "jar transforms Thread 110" [_thread_blocked, id=9756, stack(0x000000a50c400000,0x000000a50c500000)]
  0x00000212df564800 JavaThread "jar transforms Thread 111" [_thread_blocked, id=884, stack(0x000000a50c500000,0x000000a50c600000)]
  0x00000212df567000 JavaThread "jar transforms Thread 112" [_thread_blocked, id=12264, stack(0x000000a50c600000,0x000000a50c700000)]
  0x00000212df567800 JavaThread "jar transforms Thread 113" [_thread_blocked, id=4256, stack(0x000000a50c700000,0x000000a50c800000)]
  0x00000212df562000 JavaThread "Cache worker for Build Output Cleanup Cache (D:\allandroidprojects\NewsApp\.gradle\buildOutputCleanup)" [_thread_blocked, id=1544, stack(0x000000a50c800000,0x000000a50c900000)]
  0x00000212dfa09000 JavaThread "Memory manager" [_thread_blocked, id=13336, stack(0x000000a50c900000,0x000000a50ca00000)]
  0x00000212dfa0c800 JavaThread "Cache worker for file content cache (D:\allandroidprojects\NewsApp\.gradle\6.5\fileContent)" [_thread_blocked, id=10672, stack(0x000000a50ca00000,0x000000a50cb00000)]
  0x00000212dfa0e000 JavaThread "Execution worker for ':'" [_thread_blocked, id=5764, stack(0x000000a50cb00000,0x000000a50cc00000)]
  0x00000212dfa08800 JavaThread "Execution worker for ':' Thread 2" [_thread_blocked, id=8324, stack(0x000000a50cc00000,0x000000a50cd00000)]
  0x00000212dfa0b000 JavaThread "Execution worker for ':' Thread 3" [_thread_blocked, id=2596, stack(0x000000a50cd00000,0x000000a50ce00000)]
  0x00000212dfa0f000 JavaThread "Execution worker for ':' Thread 4" [_thread_blocked, id=15732, stack(0x000000a50ce00000,0x000000a50cf00000)]
  0x00000212dfa0b800 JavaThread "Execution worker for ':' Thread 5" [_thread_blocked, id=12316, stack(0x000000a50cf00000,0x000000a50d000000)]
  0x00000212dfa0f800 JavaThread "Execution worker for ':' Thread 6" [_thread_blocked, id=240, stack(0x000000a50d000000,0x000000a50d100000)]
  0x00000212dfa0d000 JavaThread "Execution worker for ':' Thread 7" [_thread_blocked, id=8472, stack(0x000000a50d100000,0x000000a50d200000)]
  0x00000212dfa0a000 JavaThread "Cache worker for execution history cache (D:\allandroidprojects\NewsApp\.gradle\6.5\executionHistory)" [_thread_blocked, id=11652, stack(0x000000a50d200000,0x000000a50d300000)]
  0x00000212df7d5800 JavaThread "C2 CompilerThread1" daemon [_thread_blocked, id=8824, stack(0x000000a504f00000,0x000000a505000000)]
  0x00000212dfa11800 JavaThread "WorkerExecutor Queue" [_thread_blocked, id=13456, stack(0x000000a50d300000,0x000000a50d400000)]

Other Threads:
=>0x00000212da9de800 VMThread "VM Thread" [stack: 0x000000a502600000,0x000000a502700000] [id=13952]
  0x00000212db4e0800 WatcherThread [stack: 0x000000a503000000,0x000000a503100000] [id=16312]
  0x00000212bba03000 GCTaskThread "GC Thread#0" [stack: 0x000000a502100000,0x000000a502200000] [id=4880]
  0x00000212dbcbb000 GCTaskThread "GC Thread#1" [stack: 0x000000a503200000,0x000000a503300000] [id=14840]
  0x00000212dbee0800 GCTaskThread "GC Thread#2" [stack: 0x000000a503300000,0x000000a503400000] [id=5256]
  0x00000212dd1f0000 GCTaskThread "GC Thread#3" [stack: 0x000000a504100000,0x000000a504200000] [id=14140]
  0x00000212dce55800 GCTaskThread "GC Thread#4" [stack: 0x000000a504200000,0x000000a504300000] [id=16124]
  0x00000212dd187000 GCTaskThread "GC Thread#5" [stack: 0x000000a504300000,0x000000a504400000] [id=14568]
  0x00000212dc771800 GCTaskThread "GC Thread#6" [stack: 0x000000a504400000,0x000000a504500000] [id=13540]
  0x00000212dc772000 GCTaskThread "GC Thread#7" [stack: 0x000000a504500000,0x000000a504600000] [id=12208]
  0x00000212bba35000 ConcurrentGCThread "G1 Main Marker" [stack: 0x000000a502200000,0x000000a502300000] [id=11516]
  0x00000212bba36800 ConcurrentGCThread "G1 Conc#0" [stack: 0x000000a502300000,0x000000a502400000] [id=8180]
  0x00000212dd368800 ConcurrentGCThread "G1 Conc#1" [stack: 0x000000a504700000,0x000000a504800000] [id=10888]
  0x00000212bbabe000 ConcurrentGCThread "G1 Refine#0" [stack: 0x000000a502400000,0x000000a502500000] [id=10112]
  0x00000212da82c800 ConcurrentGCThread "G1 Young RemSet Sampling" [stack: 0x000000a502500000,0x000000a502600000] [id=7732]

Threads with active compile tasks:
C2 CompilerThread0  22559 9018 %     4       com.android.tools.r8.graph.u::a @ 45 (173 bytes)
C1 CompilerThread0  22559 9092       1       com.android.tools.r8.s.b.k0::M1 (2 bytes)
C2 CompilerThread1  22559 8916       4       com.android.tools.r8.graph.d0::computeHashCode (30 bytes)

VM state:at safepoint (normal execution)

VM Mutex/Monitor currently owned by a thread:  ([mutex/lock_event])
[0x00000212bb9e6340] Threads_lock - owner thread: 0x00000212da9de800
[0x00000212bb9e7db0] Heap_lock - owner thread: 0x00000212df4f8800

Heap address: 0x0000000080000000, size: 2048 MB, Compressed Oops mode: 32-bit
Narrow klass base: 0x0000000000000000, Narrow klass shift: 3
Compressed class space size: 1073741824 Address: 0x0000000100000000

Heap:
 garbage-first heap   total 242688K, used 116849K [0x0000000080000000, 0x0000000100000000)
  region size 1024K, 3 young (3072K), 3 survivors (3072K)
 Metaspace       used 86001K, capacity 88090K, committed 88192K, reserved 1126400K
  class space    used 11307K, capacity 12097K, committed 12160K, reserved 1048576K
Heap Regions: E=young(eden), S=young(survivor), O=old, HS=humongous(starts), HC=humongous(continues), CS=collection set, F=free, A=archive, TAMS=top-at-mark-start (previous, next)
|   0|0x0000000080000000, 0x0000000080100000, 0x0000000080100000|100%|HS|  |TAMS 0x0000000080100000, 0x0000000080100000| Complete 
|   1|0x0000000080100000, 0x0000000080200000, 0x0000000080200000|100%| O|  |TAMS 0x0000000080200000, 0x0000000080200000| Untracked 
|   2|0x0000000080200000, 0x0000000080300000, 0x0000000080300000|100%| O|  |TAMS 0x0000000080300000, 0x0000000080300000| Untracked 
|   3|0x0000000080300000, 0x0000000080400000, 0x0000000080400000|100%|HS|  |TAMS 0x0000000080400000, 0x0000000080400000| Complete 
|   4|0x0000000080400000, 0x0000000080500000, 0x0000000080500000|100%|HC|  |TAMS 0x0000000080500000, 0x0000000080500000| Complete 
|   5|0x0000000080500000, 0x0000000080600000, 0x0000000080600000|100%|HC|  |TAMS 0x0000000080600000, 0x0000000080600000| Complete 
|   6|0x0000000080600000, 0x0000000080700000, 0x0000000080700000|100%| O|  |TAMS 0x0000000080700000, 0x0000000080700000| Untracked 
|   7|0x0000000080700000, 0x0000000080800000, 0x0000000080800000|100%| O|  |TAMS 0x0000000080800000, 0x0000000080800000| Untracked 
|   8|0x0000000080800000, 0x0000000080900000, 0x0000000080900000|100%| O|  |TAMS 0x0000000080900000, 0x0000000080900000| Untracked 
|   9|0x0000000080900000, 0x0000000080a00000, 0x0000000080a00000|100%| O|  |TAMS 0x0000000080a00000, 0x0000000080a00000| Untracked 
|  10|0x0000000080a00000, 0x0000000080b00000, 0x0000000080b00000|100%| O|  |TAMS 0x0000000080b00000, 0x0000000080b00000| Untracked 
|  11|0x0000000080b00000, 0x0000000080c00000, 0x0000000080c00000|100%| O|  |TAMS 0x0000000080c00000, 0x0000000080c00000| Untracked 
|  12|0x0000000080c00000, 0x0000000080d00000, 0x0000000080d00000|100%| O|  |TAMS 0x0000000080d00000, 0x0000000080d00000| Untracked 
|  13|0x0000000080d00000, 0x0000000080e00000, 0x0000000080e00000|100%| O|  |TAMS 0x0000000080e00000, 0x0000000080e00000| Untracked 
|  14|0x0000000080e00000, 0x0000000080f00000, 0x0000000080f00000|100%| O|  |TAMS 0x0000000080f00000, 0x0000000080f00000| Untracked 
|  15|0x0000000080f00000, 0x0000000081000000, 0x0000000081000000|100%| O|  |TAMS 0x0000000081000000, 0x0000000081000000| Untracked 
|  16|0x0000000081000000, 0x0000000081100000, 0x0000000081100000|100%| O|  |TAMS 0x0000000081100000, 0x0000000081100000| Untracked 
|  17|0x0000000081100000, 0x0000000081200000, 0x0000000081200000|100%| O|  |TAMS 0x0000000081200000, 0x0000000081200000| Untracked 
|  18|0x0000000081200000, 0x0000000081300000, 0x0000000081300000|100%| O|  |TAMS 0x0000000081300000, 0x0000000081300000| Untracked 
|  19|0x0000000081300000, 0x0000000081400000, 0x0000000081400000|100%| O|  |TAMS 0x0000000081400000, 0x0000000081400000| Untracked 
|  20|0x0000000081400000, 0x0000000081500000, 0x0000000081500000|100%| O|  |TAMS 0x0000000081500000, 0x0000000081500000| Untracked 
|  21|0x0000000081500000, 0x0000000081600000, 0x0000000081600000|100%|HS|  |TAMS 0x0000000081600000, 0x0000000081600000| Complete 
|  22|0x0000000081600000, 0x0000000081700000, 0x0000000081700000|100%|HC|  |TAMS 0x0000000081700000, 0x0000000081700000| Complete 
|  23|0x0000000081700000, 0x0000000081800000, 0x0000000081800000|100%|HC|  |TAMS 0x0000000081800000, 0x0000000081800000| Complete 
|  24|0x0000000081800000, 0x0000000081900000, 0x0000000081900000|100%| O|  |TAMS 0x0000000081900000, 0x0000000081900000| Untracked 
|  25|0x0000000081900000, 0x0000000081a00000, 0x0000000081a00000|100%|HS|  |TAMS 0x0000000081a00000, 0x0000000081a00000| Complete 
|  26|0x0000000081a00000, 0x0000000081b00000, 0x0000000081b00000|100%|HC|  |TAMS 0x0000000081b00000, 0x0000000081b00000| Complete 
|  27|0x0000000081b00000, 0x0000000081c00000, 0x0000000081c00000|100%| O|  |TAMS 0x0000000081c00000, 0x0000000081c00000| Untracked 
|  28|0x0000000081c00000, 0x0000000081d00000, 0x0000000081d00000|100%| O|  |TAMS 0x0000000081d00000, 0x0000000081d00000| Untracked 
|  29|0x0000000081d00000, 0x0000000081e00000, 0x0000000081e00000|100%| O|  |TAMS 0x0000000081e00000, 0x0000000081e00000| Untracked 
|  30|0x0000000081e00000, 0x0000000081f00000, 0x0000000081f00000|100%| O|  |TAMS 0x0000000081f00000, 0x0000000081f00000| Untracked 
|  31|0x0000000081f00000, 0x0000000082000000, 0x0000000082000000|100%| O|  |TAMS 0x0000000082000000, 0x0000000082000000| Untracked 
|  32|0x0000000082000000, 0x0000000082100000, 0x0000000082100000|100%| O|  |TAMS 0x0000000082100000, 0x0000000082100000| Untracked 
|  33|0x0000000082100000, 0x0000000082200000, 0x0000000082200000|100%| O|  |TAMS 0x0000000082200000, 0x0000000082200000| Untracked 
|  34|0x0000000082200000, 0x0000000082300000, 0x0000000082300000|100%| O|  |TAMS 0x0000000082300000, 0x0000000082300000| Untracked 
|  35|0x0000000082300000, 0x0000000082400000, 0x0000000082400000|100%| O|  |TAMS 0x0000000082400000, 0x0000000082400000| Untracked 
|  36|0x0000000082400000, 0x0000000082500000, 0x0000000082500000|100%| O|  |TAMS 0x0000000082500000, 0x0000000082500000| Untracked 
|  37|0x0000000082500000, 0x0000000082600000, 0x0000000082600000|100%| O|  |TAMS 0x0000000082600000, 0x0000000082600000| Untracked 
|  38|0x0000000082600000, 0x0000000082700000, 0x0000000082700000|100%| O|  |TAMS 0x0000000082700000, 0x0000000082700000| Untracked 
|  39|0x0000000082700000, 0x0000000082800000, 0x0000000082800000|100%| O|  |TAMS 0x0000000082800000, 0x0000000082800000| Untracked 
|  40|0x0000000082800000, 0x0000000082900000, 0x0000000082900000|100%| O|  |TAMS 0x0000000082900000, 0x0000000082900000| Untracked 
|  41|0x0000000082900000, 0x0000000082a00000, 0x0000000082a00000|100%| O|  |TAMS 0x0000000082a00000, 0x0000000082a00000| Untracked 
|  42|0x0000000082a00000, 0x0000000082b00000, 0x0000000082b00000|100%| O|  |TAMS 0x0000000082b00000, 0x0000000082b00000| Untracked 
|  43|0x0000000082b00000, 0x0000000082c00000, 0x0000000082c00000|100%| O|  |TAMS 0x0000000082c00000, 0x0000000082c00000| Untracked 
|  44|0x0000000082c00000, 0x0000000082d00000, 0x0000000082d00000|100%| O|  |TAMS 0x0000000082d00000, 0x0000000082d00000| Untracked 
|  45|0x0000000082d00000, 0x0000000082e00000, 0x0000000082e00000|100%| O|  |TAMS 0x0000000082e00000, 0x0000000082e00000| Untracked 
|  46|0x0000000082e00000, 0x0000000082f00000, 0x0000000082f00000|100%| O|  |TAMS 0x0000000082f00000, 0x0000000082f00000| Untracked 
|  47|0x0000000082f00000, 0x0000000083000000, 0x0000000083000000|100%| O|  |TAMS 0x0000000083000000, 0x0000000083000000| Untracked 
|  48|0x0000000083000000, 0x0000000083100000, 0x0000000083100000|100%| O|  |TAMS 0x0000000083100000, 0x0000000083100000| Untracked 
|  49|0x0000000083100000, 0x0000000083200000, 0x0000000083200000|100%| O|  |TAMS 0x0000000083200000, 0x0000000083200000| Untracked 
|  50|0x0000000083200000, 0x0000000083300000, 0x0000000083300000|100%| O|  |TAMS 0x0000000083300000, 0x0000000083300000| Untracked 
|  51|0x0000000083300000, 0x0000000083400000, 0x0000000083400000|100%| O|  |TAMS 0x0000000083400000, 0x0000000083400000| Untracked 
|  52|0x0000000083400000, 0x0000000083500000, 0x0000000083500000|100%| O|  |TAMS 0x0000000083500000, 0x0000000083500000| Untracked 
|  53|0x0000000083500000, 0x0000000083600000, 0x0000000083600000|100%| O|  |TAMS 0x0000000083600000, 0x0000000083600000| Untracked 
|  54|0x0000000083600000, 0x0000000083700000, 0x0000000083700000|100%| O|  |TAMS 0x0000000083700000, 0x0000000083700000| Untracked 
|  55|0x0000000083700000, 0x0000000083800000, 0x0000000083800000|100%| O|  |TAMS 0x0000000083800000, 0x0000000083800000| Untracked 
|  56|0x0000000083800000, 0x0000000083900000, 0x0000000083900000|100%| O|  |TAMS 0x0000000083900000, 0x0000000083900000| Untracked 
|  57|0x0000000083900000, 0x0000000083a00000, 0x0000000083a00000|100%| O|  |TAMS 0x0000000083a00000, 0x0000000083a00000| Untracked 
|  58|0x0000000083a00000, 0x0000000083b00000, 0x0000000083b00000|100%| O|  |TAMS 0x0000000083b00000, 0x0000000083b00000| Untracked 
|  59|0x0000000083b00000, 0x0000000083c00000, 0x0000000083c00000|100%| O|  |TAMS 0x0000000083c00000, 0x0000000083c00000| Untracked 
|  60|0x0000000083c00000, 0x0000000083d00000, 0x0000000083d00000|100%| O|  |TAMS 0x0000000083d00000, 0x0000000083d00000| Untracked 
|  61|0x0000000083d00000, 0x0000000083e00000, 0x0000000083e00000|100%| O|  |TAMS 0x0000000083e00000, 0x0000000083e00000| Untracked 
|  62|0x0000000083e00000, 0x0000000083f00000, 0x0000000083f00000|100%| O|  |TAMS 0x0000000083f00000, 0x0000000083f00000| Untracked 
|  63|0x0000000083f00000, 0x0000000084000000, 0x0000000084000000|100%| O|  |TAMS 0x0000000084000000, 0x0000000084000000| Untracked 
|  64|0x0000000084000000, 0x0000000084100000, 0x0000000084100000|100%| O|  |TAMS 0x0000000084100000, 0x0000000084100000| Untracked 
|  65|0x0000000084100000, 0x0000000084200000, 0x0000000084200000|100%| O|  |TAMS 0x0000000084200000, 0x0000000084200000| Untracked 
|  66|0x0000000084200000, 0x0000000084300000, 0x0000000084300000|100%| O|  |TAMS 0x0000000084300000, 0x0000000084300000| Untracked 
|  67|0x0000000084300000, 0x0000000084400000, 0x0000000084400000|100%| O|  |TAMS 0x0000000084400000, 0x0000000084400000| Untracked 
|  68|0x0000000084400000, 0x0000000084500000, 0x0000000084500000|100%| O|  |TAMS 0x0000000084500000, 0x0000000084500000| Untracked 
|  69|0x0000000084500000, 0x0000000084600000, 0x0000000084600000|100%| O|  |TAMS 0x0000000084600000, 0x0000000084600000| Untracked 
|  70|0x0000000084600000, 0x0000000084700000, 0x0000000084700000|100%| O|  |TAMS 0x0000000084700000, 0x0000000084700000| Untracked 
|  71|0x0000000084700000, 0x0000000084800000, 0x0000000084800000|100%| O|  |TAMS 0x0000000084800000, 0x0000000084800000| Untracked 
|  72|0x0000000084800000, 0x0000000084900000, 0x0000000084900000|100%| O|  |TAMS 0x0000000084900000, 0x0000000084900000| Untracked 
|  73|0x0000000084900000, 0x0000000084a00000, 0x0000000084a00000|100%| O|  |TAMS 0x0000000084a00000, 0x0000000084a00000| Untracked 
|  74|0x0000000084a00000, 0x0000000084b00000, 0x0000000084b00000|100%| O|  |TAMS 0x0000000084b00000, 0x0000000084b00000| Untracked 
|  75|0x0000000084b00000, 0x0000000084c00000, 0x0000000084c00000|100%| O|  |TAMS 0x0000000084c00000, 0x0000000084c00000| Untracked 
|  76|0x0000000084c00000, 0x0000000084d00000, 0x0000000084d00000|100%| O|  |TAMS 0x0000000084d00000, 0x0000000084d00000| Untracked 
|  77|0x0000000084d00000, 0x0000000084e00000, 0x0000000084e00000|100%| O|  |TAMS 0x0000000084e00000, 0x0000000084e00000| Untracked 
|  78|0x0000000084e00000, 0x0000000084f00000, 0x0000000084f00000|100%|HS|  |TAMS 0x0000000084f00000, 0x0000000084f00000| Complete 
|  79|0x0000000084f00000, 0x0000000085000000, 0x0000000085000000|100%| O|  |TAMS 0x0000000085000000, 0x0000000085000000| Untracked 
|  80|0x0000000085000000, 0x0000000085100000, 0x0000000085100000|100%| O|  |TAMS 0x0000000085100000, 0x0000000085100000| Untracked 
|  81|0x0000000085100000, 0x0000000085200000, 0x0000000085200000|100%| O|  |TAMS 0x0000000085200000, 0x0000000085200000| Untracked 
|  82|0x0000000085200000, 0x0000000085300000, 0x0000000085300000|100%| O|  |TAMS 0x0000000085300000, 0x0000000085300000| Untracked 
|  83|0x0000000085300000, 0x0000000085400000, 0x0000000085400000|100%| O|  |TAMS 0x0000000085400000, 0x0000000085400000| Untracked 
|  84|0x0000000085400000, 0x0000000085500000, 0x0000000085500000|100%| O|  |TAMS 0x0000000085500000, 0x0000000085500000| Untracked 
|  85|0x0000000085500000, 0x0000000085600000, 0x0000000085600000|100%| O|  |TAMS 0x0000000085600000, 0x0000000085600000| Untracked 
|  86|0x0000000085600000, 0x0000000085700000, 0x0000000085700000|100%| O|  |TAMS 0x00000000856e1e00, 0x0000000085700000| Untracked 
|  87|0x0000000085700000, 0x0000000085800000, 0x0000000085800000|100%| O|  |TAMS 0x0000000085700000, 0x0000000085800000| Untracked 
|  88|0x0000000085800000, 0x0000000085900000, 0x0000000085900000|100%| O|  |TAMS 0x0000000085800000, 0x0000000085900000| Untracked 
|  89|0x0000000085900000, 0x0000000085a00000, 0x0000000085a00000|100%| O|  |TAMS 0x0000000085900000, 0x0000000085a00000| Untracked 
|  90|0x0000000085a00000, 0x0000000085b00000, 0x0000000085b00000|100%| O|  |TAMS 0x0000000085a00000, 0x0000000085b00000| Untracked 
|  91|0x0000000085b00000, 0x0000000085c00000, 0x0000000085c00000|100%| O|  |TAMS 0x0000000085b00000, 0x0000000085c00000| Untracked 
|  92|0x0000000085c00000, 0x0000000085d00000, 0x0000000085d00000|100%| O|  |TAMS 0x0000000085c00000, 0x0000000085d00000| Untracked 
|  93|0x0000000085d00000, 0x0000000085e00000, 0x0000000085e00000|100%| O|  |TAMS 0x0000000085d00000, 0x0000000085e00000| Untracked 
|  94|0x0000000085e00000, 0x0000000085f00000, 0x0000000085f00000|100%| O|  |TAMS 0x0000000085e00000, 0x0000000085f00000| Untracked 
|  95|0x0000000085f00000, 0x0000000086000000, 0x0000000086000000|100%| O|  |TAMS 0x0000000085f00000, 0x0000000086000000| Untracked 
|  96|0x0000000086000000, 0x0000000086100000, 0x0000000086100000|100%| O|  |TAMS 0x0000000086000000, 0x0000000086100000| Untracked 
|  97|0x0000000086100000, 0x0000000086200000, 0x0000000086200000|100%| O|  |TAMS 0x0000000086100000, 0x0000000086200000| Untracked 
|  98|0x0000000086200000, 0x0000000086300000, 0x0000000086300000|100%| O|  |TAMS 0x0000000086200000, 0x0000000086300000| Untracked 
|  99|0x0000000086300000, 0x0000000086400000, 0x0000000086400000|100%| O|  |TAMS 0x0000000086300000, 0x0000000086400000| Untracked 
| 100|0x0000000086400000, 0x0000000086500000, 0x0000000086500000|100%| O|  |TAMS 0x0000000086400000, 0x0000000086500000| Untracked 
| 101|0x0000000086500000, 0x0000000086600000, 0x0000000086600000|100%| O|  |TAMS 0x0000000086500000, 0x0000000086600000| Untracked 
| 102|0x0000000086600000, 0x0000000086700000, 0x0000000086700000|100%| O|  |TAMS 0x0000000086600000, 0x00000000866ffa00| Untracked 
| 103|0x0000000086700000, 0x0000000086800000, 0x0000000086800000|100%| O|  |TAMS 0x0000000086700000, 0x0000000086700000| Untracked 
| 104|0x0000000086800000, 0x0000000086900000, 0x0000000086900000|100%| O|  |TAMS 0x0000000086800000, 0x0000000086800000| Untracked 
| 105|0x0000000086900000, 0x0000000086a00000, 0x0000000086a00000|100%| O|  |TAMS 0x0000000086900000, 0x0000000086900000| Untracked 
| 106|0x0000000086a00000, 0x0000000086b00000, 0x0000000086b00000|100%| O|  |TAMS 0x0000000086a00000, 0x0000000086a00000| Untracked 
| 107|0x0000000086b00000, 0x0000000086c00000, 0x0000000086c00000|100%| O|  |TAMS 0x0000000086b00000, 0x0000000086b00000| Untracked 
| 108|0x0000000086c00000, 0x0000000086d00000, 0x0000000086d00000|100%| O|  |TAMS 0x0000000086c00000, 0x0000000086c00000| Untracked 
| 109|0x0000000086d00000, 0x0000000086e00000, 0x0000000086e00000|100%| O|  |TAMS 0x0000000086d00000, 0x0000000086d00000| Untracked 
| 110|0x0000000086e00000, 0x0000000086f00000, 0x0000000086f00000|100%| O|  |TAMS 0x0000000086e00000, 0x0000000086e00000| Untracked 
| 111|0x0000000086f00000, 0x0000000086f35200, 0x0000000087000000| 20%| O|  |TAMS 0x0000000086f00000, 0x0000000086f00000| Untracked 
| 112|0x0000000087000000, 0x0000000087000000, 0x0000000087100000|  0%| F|  |TAMS 0x0000000087000000, 0x0000000087000000| Untracked 
| 113|0x0000000087100000, 0x0000000087100000, 0x0000000087200000|  0%| F|  |TAMS 0x0000000087100000, 0x0000000087100000| Untracked 
| 114|0x0000000087200000, 0x0000000087200000, 0x0000000087300000|  0%| F|  |TAMS 0x0000000087200000, 0x0000000087200000| Untracked 
| 115|0x0000000087300000, 0x0000000087300000, 0x0000000087400000|  0%| F|  |TAMS 0x0000000087300000, 0x0000000087300000| Untracked 
| 116|0x0000000087400000, 0x0000000087400000, 0x0000000087500000|  0%| F|  |TAMS 0x0000000087400000, 0x0000000087400000| Untracked 
| 117|0x0000000087500000, 0x0000000087500000, 0x0000000087600000|  0%| F|  |TAMS 0x0000000087500000, 0x0000000087500000| Untracked 
| 118|0x0000000087600000, 0x0000000087600000, 0x0000000087700000|  0%| F|  |TAMS 0x0000000087600000, 0x0000000087600000| Untracked 
| 119|0x0000000087700000, 0x0000000087700000, 0x0000000087800000|  0%| F|  |TAMS 0x0000000087700000, 0x0000000087700000| Untracked 
| 120|0x0000000087800000, 0x0000000087800000, 0x0000000087900000|  0%| F|  |TAMS 0x0000000087800000, 0x0000000087800000| Untracked 
| 121|0x0000000087900000, 0x0000000087900000, 0x0000000087a00000|  0%| F|  |TAMS 0x0000000087900000, 0x0000000087900000| Untracked 
| 122|0x0000000087a00000, 0x0000000087a00000, 0x0000000087b00000|  0%| F|  |TAMS 0x0000000087a00000, 0x0000000087a00000| Untracked 
| 123|0x0000000087b00000, 0x0000000087b00000, 0x0000000087c00000|  0%| F|  |TAMS 0x0000000087b00000, 0x0000000087b00000| Untracked 
| 124|0x0000000087c00000, 0x0000000087c00000, 0x0000000087d00000|  0%| F|  |TAMS 0x0000000087c00000, 0x0000000087c00000| Untracked 
| 125|0x0000000087d00000, 0x0000000087d00000, 0x0000000087e00000|  0%| F|  |TAMS 0x0000000087d00000, 0x0000000087d00000| Untracked 
| 126|0x0000000087e00000, 0x0000000087e00000, 0x0000000087f00000|  0%| F|  |TAMS 0x0000000087e00000, 0x0000000087e00000| Untracked 
| 127|0x0000000087f00000, 0x0000000087f00000, 0x0000000088000000|  0%| F|  |TAMS 0x0000000087f00000, 0x0000000087f00000| Untracked 
| 128|0x0000000088000000, 0x0000000088000000, 0x0000000088100000|  0%| F|  |TAMS 0x0000000088000000, 0x0000000088000000| Untracked 
| 129|0x0000000088100000, 0x0000000088100000, 0x0000000088200000|  0%| F|  |TAMS 0x0000000088100000, 0x0000000088100000| Untracked 
| 130|0x0000000088200000, 0x0000000088200000, 0x0000000088300000|  0%| F|  |TAMS 0x0000000088200000, 0x0000000088200000| Untracked 
| 131|0x0000000088300000, 0x0000000088300000, 0x0000000088400000|  0%| F|  |TAMS 0x0000000088300000, 0x0000000088300000| Untracked 
| 132|0x0000000088400000, 0x00000000884e7540, 0x0000000088500000| 90%| S|CS|TAMS 0x0000000088400000, 0x0000000088400000| Complete 
| 133|0x0000000088500000, 0x0000000088500000, 0x0000000088600000|  0%| F|  |TAMS 0x0000000088500000, 0x0000000088500000| Untracked 
| 134|0x0000000088600000, 0x0000000088600000, 0x0000000088700000|  0%| F|  |TAMS 0x0000000088600000, 0x0000000088600000| Untracked 
| 135|0x0000000088700000, 0x0000000088800000, 0x0000000088800000|100%| S|CS|TAMS 0x0000000088700000, 0x0000000088700000| Complete 
| 136|0x0000000088800000, 0x0000000088900000, 0x0000000088900000|100%| S|CS|TAMS 0x0000000088800000, 0x0000000088800000| Complete 
| 137|0x0000000088900000, 0x0000000088900000, 0x0000000088a00000|  0%| F|  |TAMS 0x0000000088900000, 0x0000000088900000| Untracked 
| 138|0x0000000088a00000, 0x0000000088a00000, 0x0000000088b00000|  0%| F|  |TAMS 0x0000000088a00000, 0x0000000088a00000| Untracked 
| 139|0x0000000088b00000, 0x0000000088b00000, 0x0000000088c00000|  0%| F|  |TAMS 0x0000000088b00000, 0x0000000088b00000| Untracked 
| 140|0x0000000088c00000, 0x0000000088c00000, 0x0000000088d00000|  0%| F|  |TAMS 0x0000000088c00000, 0x0000000088c00000| Untracked 
| 141|0x0000000088d00000, 0x0000000088d00000, 0x0000000088e00000|  0%| F|  |TAMS 0x0000000088d00000, 0x0000000088d00000| Untracked 
| 142|0x0000000088e00000, 0x0000000088e00000, 0x0000000088f00000|  0%| F|  |TAMS 0x0000000088e00000, 0x0000000088e00000| Untracked 
| 143|0x0000000088f00000, 0x0000000088f00000, 0x0000000089000000|  0%| F|  |TAMS 0x0000000088f00000, 0x0000000088f00000| Untracked 
| 144|0x0000000089000000, 0x0000000089000000, 0x0000000089100000|  0%| F|  |TAMS 0x0000000089000000, 0x0000000089000000| Untracked 
| 145|0x0000000089100000, 0x0000000089100000, 0x0000000089200000|  0%| F|  |TAMS 0x0000000089100000, 0x0000000089100000| Untracked 
| 146|0x0000000089200000, 0x0000000089200000, 0x0000000089300000|  0%| F|  |TAMS 0x0000000089200000, 0x0000000089200000| Untracked 
| 147|0x0000000089300000, 0x0000000089300000, 0x0000000089400000|  0%| F|  |TAMS 0x0000000089300000, 0x0000000089300000| Untracked 
| 148|0x0000000089400000, 0x0000000089400000, 0x0000000089500000|  0%| F|  |TAMS 0x0000000089400000, 0x0000000089400000| Untracked 
| 149|0x0000000089500000, 0x0000000089500000, 0x0000000089600000|  0%| F|  |TAMS 0x0000000089500000, 0x0000000089500000| Untracked 
| 150|0x0000000089600000, 0x0000000089600000, 0x0000000089700000|  0%| F|  |TAMS 0x0000000089600000, 0x0000000089600000| Untracked 
| 151|0x0000000089700000, 0x0000000089700000, 0x0000000089800000|  0%| F|  |TAMS 0x0000000089700000, 0x0000000089700000| Untracked 
| 152|0x0000000089800000, 0x0000000089800000, 0x0000000089900000|  0%| F|  |TAMS 0x0000000089800000, 0x0000000089800000| Untracked 
| 153|0x0000000089900000, 0x0000000089900000, 0x0000000089a00000|  0%| F|  |TAMS 0x0000000089900000, 0x0000000089900000| Untracked 

Card table byte_map: [0x00000212d3770000,0x00000212d3b70000] _byte_map_base: 0x00000212d3370000

Marking Bits (Prev, Next): (CMBitMap*) 0x00000212bba2c638, (CMBitMap*) 0x00000212bba2c670
 Prev Bits: [0x00000212d3f70000, 0x00000212d5f70000)
 Next Bits: [0x00000212d5f70000, 0x00000212d7f70000)

Polling page: 0x00000212b9900000

Metaspace:

Usage:
  Non-class:     74.21 MB capacity,    72.94 MB ( 98%) used,     1.05 MB (  1%) free+waste,   227.44 KB ( <1%) overhead. 
      Class:     11.81 MB capacity,    11.04 MB ( 93%) used,   682.65 KB (  6%) free+waste,   107.31 KB ( <1%) overhead. 
       Both:     86.03 MB capacity,    83.99 MB ( 98%) used,     1.71 MB (  2%) free+waste,   334.75 KB ( <1%) overhead. 

Virtual space:
  Non-class space:       76.00 MB reserved,      74.25 MB ( 98%) committed 
      Class space:        1.00 GB reserved,      11.88 MB (  1%) committed 
             Both:        1.07 GB reserved,      86.13 MB (  8%) committed 

Chunk freelists:
   Non-Class:  39.00 KB
       Class:  31.00 KB
        Both:  70.00 KB

MaxMetaspaceSize: 17179869184.00 GB
CompressedClassSpaceSize: 1.00 GB

CodeHeap 'non-profiled nmethods': size=120000Kb used=4661Kb max_used=4661Kb free=115338Kb
 bounds [0x00000212cbb10000, 0x00000212cbfa0000, 0x00000212d3040000]
CodeHeap 'profiled nmethods': size=120000Kb used=19609Kb max_used=19609Kb free=100390Kb
 bounds [0x00000212c45e0000, 0x00000212c5910000, 0x00000212cbb10000]
CodeHeap 'non-nmethods': size=5760Kb used=2271Kb max_used=2322Kb free=3488Kb
 bounds [0x00000212c4040000, 0x00000212c42b0000, 0x00000212c45e0000]
 total_blobs=11984 nmethods=8712 adapters=770
 compilation: enabled
              stopped_count=0, restarted_count=0
 full_count=0

Compilation events (20 events):
Event: 22.494 Thread 0x00000212db35a800 nmethod 9077 0x00000212c5907590 code [0x00000212c5907740, 0x00000212c59078d0]
Event: 22.494 Thread 0x00000212db35a800 9078       2       com.android.tools.r8.q.a.a.b.j2::a (55 bytes)
Event: 22.495 Thread 0x00000212db35a800 nmethod 9078 0x00000212c5907990 code [0x00000212c5907b80, 0x00000212c5907e90]
Event: 22.495 Thread 0x00000212db35a800 9083       2       com.android.tools.r8.graph.x::a (4 bytes)
Event: 22.495 Thread 0x00000212db35a800 nmethod 9083 0x00000212c5908010 code [0x00000212c59081c0, 0x00000212c59082f8]
Event: 22.495 Thread 0x00000212db35a800 9080       2       com.android.tools.r8.graph.c::definitionFor (6 bytes)
Event: 22.495 Thread 0x00000212db35a800 nmethod 9080 0x00000212c5908390 code [0x00000212c5908540, 0x00000212c59086b0]
Event: 22.495 Thread 0x00000212db35a800 9081       2       com.android.tools.r8.graph.c::definitionForWithoutExistenceAssert (79 bytes)
Event: 22.496 Thread 0x00000212db35a800 nmethod 9081 0x00000212c5908790 code [0x00000212c5908960, 0x00000212c5908b60]
Event: 22.496 Thread 0x00000212db35a800 9082       2       com.android.tools.r8.graph.O0::definitionFor (154 bytes)
Event: 22.496 Thread 0x00000212db35a800 nmethod 9082 0x00000212c5908c90 code [0x00000212c5908ea0, 0x00000212c59091c0]
Event: 22.500 Thread 0x00000212db35a800 9085       2       java.util.ArrayDeque$$Lambda$561/0x00000001008f6840::accept (9 bytes)
Event: 22.501 Thread 0x00000212db35a800 nmethod 9085 0x00000212c5909410 code [0x00000212c59095c0, 0x00000212c5909750]
Event: 22.501 Thread 0x00000212db35a800 9086       2       com.android.tools.r8.t.a.a.a.f.K::d (44 bytes)
Event: 22.501 Thread 0x00000212db35a800 nmethod 9086 0x00000212c5909810 code [0x00000212c59099c0, 0x00000212c5909c58]
Event: 22.503 Thread 0x00000212db35a800 9087       1       com.android.tools.r8.s.b.k0::Q1 (2 bytes)
Event: 22.503 Thread 0x00000212db35a800 nmethod 9087 0x00000212cbf9cd90 code [0x00000212cbf9cf40, 0x00000212cbf9d058]
Event: 22.503 Thread 0x00000212db35a800 9088       1       com.android.tools.r8.s.b.k0::S (2 bytes)
Event: 22.503 Thread 0x00000212db35a800 nmethod 9088 0x00000212cbf9d110 code [0x00000212cbf9d2c0, 0x00000212cbf9d3d8]
Event: 22.506 Thread 0x00000212db35a800 9092       1       com.android.tools.r8.s.b.k0::M1 (2 bytes)

GC Heap History (20 events):
Event: 21.092 GC heap after
{Heap after GC invocations=18 (full 0):
 garbage-first heap   total 131072K, used 69263K [0x0000000080000000, 0x0000000100000000)
  region size 1024K, 6 young (6144K), 6 survivors (6144K)
 Metaspace       used 80061K, capacity 81927K, committed 82048K, reserved 1120256K
  class space    used 10408K, capacity 11089K, committed 11136K, reserved 1048576K
}
Event: 21.227 GC heap before
{Heap before GC invocations=18 (full 0):
 garbage-first heap   total 131072K, used 106127K [0x0000000080000000, 0x0000000100000000)
  region size 1024K, 44 young (45056K), 6 survivors (6144K)
 Metaspace       used 80690K, capacity 82583K, committed 82944K, reserved 1120256K
  class space    used 10487K, capacity 11157K, committed 11264K, reserved 1048576K
}
Event: 21.237 GC heap after
{Heap after GC invocations=19 (full 0):
 garbage-first heap   total 131072K, used 78969K [0x0000000080000000, 0x0000000100000000)
  region size 1024K, 6 young (6144K), 6 survivors (6144K)
 Metaspace       used 80690K, capacity 82583K, committed 82944K, reserved 1120256K
  class space    used 10487K, capacity 11157K, committed 11264K, reserved 1048576K
}
Event: 21.371 GC heap before
{Heap before GC invocations=20 (full 0):
 garbage-first heap   total 131072K, used 101497K [0x0000000080000000, 0x0000000100000000)
  region size 1024K, 30 young (30720K), 6 survivors (6144K)
 Metaspace       used 80848K, capacity 82690K, committed 82944K, reserved 1120256K
  class space    used 10535K, capacity 11194K, committed 11264K, reserved 1048576K
}
Event: 21.377 GC heap after
{Heap after GC invocations=21 (full 0):
 garbage-first heap   total 131072K, used 82905K [0x0000000080000000, 0x0000000100000000)
  region size 1024K, 4 young (4096K), 4 survivors (4096K)
 Metaspace       used 80848K, capacity 82690K, committed 82944K, reserved 1120256K
  class space    used 10535K, capacity 11194K, committed 11264K, reserved 1048576K
}
Event: 21.653 GC heap before
{Heap before GC invocations=22 (full 0):
 garbage-first heap   total 131072K, used 106457K [0x0000000080000000, 0x0000000100000000)
  region size 1024K, 26 young (26624K), 4 survivors (4096K)
 Metaspace       used 82234K, capacity 84194K, committed 84480K, reserved 1122304K
  class space    used 10733K, capacity 11443K, committed 11520K, reserved 1048576K
}
Event: 21.663 GC heap after
{Heap after GC invocations=23 (full 0):
 garbage-first heap   total 131072K, used 87935K [0x0000000080000000, 0x0000000100000000)
  region size 1024K, 4 young (4096K), 4 survivors (4096K)
 Metaspace       used 82234K, capacity 84194K, committed 84480K, reserved 1122304K
  class space    used 10733K, capacity 11443K, committed 11520K, reserved 1048576K
}
Event: 21.763 GC heap before
{Heap before GC invocations=23 (full 0):
 garbage-first heap   total 131072K, used 107391K [0x0000000080000000, 0x0000000100000000)
  region size 1024K, 23 young (23552K), 4 survivors (4096K)
 Metaspace       used 82707K, capacity 84667K, committed 84864K, reserved 1122304K
  class space    used 10786K, capacity 11511K, committed 11648K, reserved 1048576K
}
Event: 21.780 GC heap after
{Heap after GC invocations=24 (full 0):
 garbage-first heap   total 131072K, used 92039K [0x0000000080000000, 0x0000000100000000)
  region size 1024K, 3 young (3072K), 3 survivors (3072K)
 Metaspace       used 82707K, capacity 84667K, committed 84864K, reserved 1122304K
  class space    used 10786K, capacity 11511K, committed 11648K, reserved 1048576K
}
Event: 21.900 GC heap before
{Heap before GC invocations=24 (full 0):
 garbage-first heap   total 131072K, used 107399K [0x0000000080000000, 0x0000000100000000)
  region size 1024K, 19 young (19456K), 3 survivors (3072K)
 Metaspace       used 83039K, capacity 85032K, committed 85376K, reserved 1122304K
  class space    used 10831K, capacity 11547K, committed 11648K, reserved 1048576K
}
Event: 21.914 GC heap after
{Heap after GC invocations=25 (full 0):
 garbage-first heap   total 131072K, used 96002K [0x0000000080000000, 0x0000000100000000)
  region size 1024K, 3 young (3072K), 3 survivors (3072K)
 Metaspace       used 83039K, capacity 85032K, committed 85376K, reserved 1122304K
  class space    used 10831K, capacity 11547K, committed 11648K, reserved 1048576K
}
Event: 22.007 GC heap before
{Heap before GC invocations=25 (full 0):
 garbage-first heap   total 131072K, used 109314K [0x0000000080000000, 0x0000000100000000)
  region size 1024K, 16 young (16384K), 3 survivors (3072K)
 Metaspace       used 83522K, capacity 85466K, committed 85760K, reserved 1124352K
  class space    used 10896K, capacity 11626K, committed 11776K, reserved 1048576K
}
Event: 22.021 GC heap after
{Heap after GC invocations=26 (full 0):
 garbage-first heap   total 157696K, used 99241K [0x0000000080000000, 0x0000000100000000)
  region size 1024K, 2 young (2048K), 2 survivors (2048K)
 Metaspace       used 83522K, capacity 85466K, committed 85760K, reserved 1124352K
  class space    used 10896K, capacity 11626K, committed 11776K, reserved 1048576K
}
Event: 22.183 GC heap before
{Heap before GC invocations=27 (full 0):
 garbage-first heap   total 157696K, used 121769K [0x0000000080000000, 0x0000000100000000)
  region size 1024K, 25 young (25600K), 2 survivors (2048K)
 Metaspace       used 84140K, capacity 86139K, committed 86272K, reserved 1124352K
  class space    used 10987K, capacity 11768K, committed 11776K, reserved 1048576K
}
Event: 22.202 GC heap after
{Heap after GC invocations=28 (full 0):
 garbage-first heap   total 157696K, used 104363K [0x0000000080000000, 0x0000000100000000)
  region size 1024K, 4 young (4096K), 4 survivors (4096K)
 Metaspace       used 84140K, capacity 86139K, committed 86272K, reserved 1124352K
  class space    used 10987K, capacity 11768K, committed 11776K, reserved 1048576K
}
Event: 22.268 GC heap before
{Heap before GC invocations=28 (full 0):
 garbage-first heap   total 157696K, used 125867K [0x0000000080000000, 0x0000000100000000)
  region size 1024K, 25 young (25600K), 4 survivors (4096K)
 Metaspace       used 84564K, capacity 86544K, committed 86656K, reserved 1124352K
  class space    used 11070K, capacity 11837K, committed 11904K, reserved 1048576K
}
Event: 22.285 GC heap after
{Heap after GC invocations=29 (full 0):
 garbage-first heap   total 157696K, used 109566K [0x0000000080000000, 0x0000000100000000)
  region size 1024K, 4 young (4096K), 4 survivors (4096K)
 Metaspace       used 84564K, capacity 86544K, committed 86656K, reserved 1124352K
  class space    used 11070K, capacity 11837K, committed 11904K, reserved 1048576K
}
Event: 22.384 GC heap before
{Heap before GC invocations=29 (full 0):
 garbage-first heap   total 157696K, used 129022K [0x0000000080000000, 0x0000000100000000)
  region size 1024K, 23 young (23552K), 4 survivors (4096K)
 Metaspace       used 85251K, capacity 87284K, committed 87552K, reserved 1124352K
  class space    used 11201K, capacity 11978K, committed 12032K, reserved 1048576K
}
Event: 22.402 GC heap after
{Heap after GC invocations=30 (full 0):
 garbage-first heap   total 157696K, used 113607K [0x0000000080000000, 0x0000000100000000)
  region size 1024K, 3 young (3072K), 3 survivors (3072K)
 Metaspace       used 85251K, capacity 87284K, committed 87552K, reserved 1124352K
  class space    used 11201K, capacity 11978K, committed 12032K, reserved 1048576K
}
Event: 22.506 GC heap before
{Heap before GC invocations=30 (full 0):
 garbage-first heap   total 157696K, used 129991K [0x0000000080000000, 0x0000000100000000)
  region size 1024K, 20 young (20480K), 3 survivors (3072K)
 Metaspace       used 86001K, capacity 88090K, committed 88192K, reserved 1126400K
  class space    used 11307K, capacity 12097K, committed 12160K, reserved 1048576K
}

Deoptimization events (20 events):
Event: 21.756 Thread 0x00000212dd894800 DEOPT PACKING pc=0x00000212cbf5e8a4 sp=0x000000a5054fa2a0
Event: 21.756 Thread 0x00000212dd894800 DEOPT UNPACKING pc=0x00000212c4068f2f sp=0x000000a5054fa230 mode 2
Event: 21.930 Thread 0x00000212dd898800 Uncommon trap: trap_request=0xffffff4d fr.pc=0x00000212cbf5bf40 relative=0x0000000000001760
Event: 21.930 Thread 0x00000212dd898800 Uncommon trap: reason=unstable_if action=reinterpret pc=0x00000212cbf5bf40 method=java.util.concurrent.ConcurrentHashMap.putVal(Ljava/lang/Object;Ljava/lang/Object;Z)Ljava/lang/Object; @ 162 c2
Event: 21.930 Thread 0x00000212dd898800 DEOPT PACKING pc=0x00000212cbf5bf40 sp=0x000000a5051f9db0
Event: 21.930 Thread 0x00000212dd898800 DEOPT UNPACKING pc=0x00000212c4068f2f sp=0x000000a5051f9d68 mode 2
Event: 21.953 Thread 0x00000212dd894800 DEOPT PACKING pc=0x00000212c580905e sp=0x000000a5054faa50
Event: 21.953 Thread 0x00000212dd894800 DEOPT UNPACKING pc=0x00000212c4068d4e sp=0x000000a5054f9f80 mode 0
Event: 22.070 Thread 0x00000212dd896000 Uncommon trap: trap_request=0xffffff4d fr.pc=0x00000212cbf692dc relative=0x00000000000008fc
Event: 22.070 Thread 0x00000212dd896000 Uncommon trap: reason=unstable_if action=reinterpret pc=0x00000212cbf692dc method=com.android.tools.r8.z.a.a.f.a(II[C)Ljava/lang/String; @ 59 c2
Event: 22.070 Thread 0x00000212dd896000 DEOPT PACKING pc=0x00000212cbf692dc sp=0x000000a5056fa5d0
Event: 22.070 Thread 0x00000212dd896000 DEOPT UNPACKING pc=0x00000212c4068f2f sp=0x000000a5056fa588 mode 2
Event: 22.070 Thread 0x00000212dd896000 Uncommon trap: trap_request=0xffffff4d fr.pc=0x00000212cbf69f24 relative=0x00000000000004c4
Event: 22.070 Thread 0x00000212dd896000 Uncommon trap: reason=unstable_if action=reinterpret pc=0x00000212cbf69f24 method=com.android.tools.r8.graph.i0.a(C)I @ 16 c2
Event: 22.070 Thread 0x00000212dd896000 DEOPT PACKING pc=0x00000212cbf69f24 sp=0x000000a5056fa5e0
Event: 22.071 Thread 0x00000212dd896000 DEOPT UNPACKING pc=0x00000212c4068f2f sp=0x000000a5056fa510 mode 2
Event: 22.071 Thread 0x00000212dd896000 Uncommon trap: trap_request=0xffffff4d fr.pc=0x00000212cbf682a8 relative=0x0000000000000108
Event: 22.071 Thread 0x00000212dd896000 Uncommon trap: reason=unstable_if action=reinterpret pc=0x00000212cbf682a8 method=com.android.tools.r8.graph.i0.a(C[BI)I @ 27 c2
Event: 22.071 Thread 0x00000212dd896000 DEOPT PACKING pc=0x00000212cbf682a8 sp=0x000000a5056fa550
Event: 22.071 Thread 0x00000212dd896000 DEOPT UNPACKING pc=0x00000212c4068f2f sp=0x000000a5056fa4f8 mode 2

Classes redefined (0 events):
No events

Internal exceptions (20 events):
Event: 21.416 Thread 0x00000212df4f8800 Exception <a 'java/lang/NoSuchMethodError'{0x0000000087b8f398}: 'java.lang.Object java.lang.invoke.DirectMethodHandle$Holder.invokeStatic(java.lang.Object, java.lang.Object, java.lang.Object, java.lang.Object, java.lang.Object, java.lang.Object, java.lang
Event: 21.417 Thread 0x00000212df4f8800 Exception <a 'java/lang/NoSuchMethodError'{0x0000000087bb8c50}: 'java.lang.Object java.lang.invoke.DirectMethodHandle$Holder.invokeStaticInit(java.lang.Object, java.lang.Object, java.lang.Object, java.lang.Object, java.lang.Object, java.lang.Object, java.
Event: 21.419 Thread 0x00000212dd894800 Exception <a 'sun/nio/fs/WindowsException'{0x0000000087a06398}> (0x0000000087a06398) thrown at [c:/ws/UEp/Corretto11Src/installers/windows/zip/corretto-build/buildRoot/src/src/hotspot/share/prims/jni.cpp, line 615]
Event: 21.493 Thread 0x00000212dd897000 Exception <a 'java/lang/NoSuchMethodError'{0x00000000878a5d40}: 'java.lang.Object java.lang.invoke.DirectMethodHandle$Holder.invokeStatic(java.lang.Object, long)'> (0x00000000878a5d40) thrown at [c:/ws/UEp/Corretto11Src/installers/windows/zip/corretto-bui
Event: 21.493 Thread 0x00000212df4f8800 Exception <a 'java/lang/NoSuchMethodError'{0x0000000087797e30}: 'java.lang.Object java.lang.invoke.DirectMethodHandle$Holder.invokeStatic(java.lang.Object, long)'> (0x0000000087797e30) thrown at [c:/ws/UEp/Corretto11Src/installers/windows/zip/corretto-bui
Event: 21.495 Thread 0x00000212dd897000 Exception <a 'java/lang/NoSuchMethodError'{0x000000008779e8a8}: 'java.lang.Object java.lang.invoke.DirectMethodHandle$Holder.invokeSpecial(java.lang.Object, java.lang.Object, long)'> (0x000000008779e8a8) thrown at [c:/ws/UEp/Corretto11Src/installers/windo
Event: 21.496 Thread 0x00000212dd897000 Exception <a 'java/lang/NoSuchMethodError'{0x00000000877a1db8}: 'java.lang.Object java.lang.invoke.Invokers$Holder.linkToTargetMethod(long, java.lang.Object)'> (0x00000000877a1db8) thrown at [c:/ws/UEp/Corretto11Src/installers/windows/zip/corretto-build/b
Event: 21.622 Thread 0x00000212dd898000 Exception <a 'java/lang/NoSuchMethodError'{0x0000000086ee0a48}: 'void java.lang.invoke.DirectMethodHandle$Holder.invokeStatic(java.lang.Object, java.lang.Object, java.lang.Object, int)'> (0x0000000086ee0a48) thrown at [c:/ws/UEp/Corretto11Src/installers/w
Event: 21.640 Thread 0x00000212dd895800 Exception <a 'java/lang/IncompatibleClassChangeError'{0x0000000086b27f30}: Found class java.lang.Object, but interface was expected> (0x0000000086b27f30) thrown at [c:/ws/UEp/Corretto11Src/installers/windows/zip/corretto-build/buildRoot/src/src/hotspot/sh
Event: 22.075 Thread 0x00000212dd898000 Exception <a 'java/lang/NoSuchMethodError'{0x000000008902fb58}: 'void java.lang.invoke.DirectMethodHandle$Holder.invokeStaticInit(java.lang.Object, java.lang.Object, java.lang.Object, java.lang.Object, java.lang.Object)'> (0x000000008902fb58) thrown at [c
Event: 22.081 Thread 0x00000212dd895800 Exception <a 'java/lang/NoSuchMethodError'{0x00000000899b2030}: 'java.lang.Object java.lang.invoke.DirectMethodHandle$Holder.invokeStatic(java.lang.Object, int, java.lang.Object, java.lang.Object)'> (0x00000000899b2030) thrown at [c:/ws/UEp/Corretto11Src/
Event: 22.081 Thread 0x00000212df4f8800 Exception <a 'java/lang/NoSuchMethodError'{0x00000000899b81e8}: 'java.lang.Object java.lang.invoke.DirectMethodHandle$Holder.invokeStatic(java.lang.Object, int, java.lang.Object, java.lang.Object)'> (0x00000000899b81e8) thrown at [c:/ws/UEp/Corretto11Src/
Event: 22.091 Thread 0x00000212dd898000 Exception <a 'java/lang/NoSuchMethodError'{0x000000008907fe78}: 'java.lang.Object java.lang.invoke.DirectMethodHandle$Holder.invokeStatic(java.lang.Object, int, java.lang.Object, java.lang.Object)'> (0x000000008907fe78) thrown at [c:/ws/UEp/Corretto11Src/
Event: 22.129 Thread 0x00000212dd898000 Exception <a 'java/lang/NoSuchMethodError'{0x0000000088dba5e0}: 'long java.lang.invoke.DirectMethodHandle$Holder.invokeStatic(java.lang.Object, java.lang.Object)'> (0x0000000088dba5e0) thrown at [c:/ws/UEp/Corretto11Src/installers/windows/zip/corretto-bui
Event: 22.129 Thread 0x00000212df4f8800 Exception <a 'java/lang/NoSuchMethodError'{0x0000000088df1fa8}: 'long java.lang.invoke.DirectMethodHandle$Holder.invokeStatic(java.lang.Object, java.lang.Object)'> (0x0000000088df1fa8) thrown at [c:/ws/UEp/Corretto11Src/installers/windows/zip/corretto-bui
Event: 22.129 Thread 0x00000212dd895800 Exception <a 'java/lang/NoSuchMethodError'{0x0000000088c8b150}: 'long java.lang.invoke.DirectMethodHandle$Holder.invokeStatic(java.lang.Object, java.lang.Object)'> (0x0000000088c8b150) thrown at [c:/ws/UEp/Corretto11Src/installers/windows/zip/corretto-bui
Event: 22.143 Thread 0x00000212dd895800 Exception <a 'java/lang/NoSuchMethodError'{0x0000000088be9040}: 'void java.lang.invoke.DirectMethodHandle$Holder.invokeSpecial(java.lang.Object, java.lang.Object, int, java.lang.Object)'> (0x0000000088be9040) thrown at [c:/ws/UEp/Corretto11Src/installers/
Event: 22.339 Thread 0x00000212dd897000 Exception <a 'java/lang/NoSuchMethodError'{0x0000000088f70948}: 'java.lang.Object java.lang.invoke.DirectMethodHandle$Holder.invokeVirtual(java.lang.Object, java.lang.Object, int, java.lang.Object)'> (0x0000000088f70948) thrown at [c:/ws/UEp/Corretto11Src
Event: 22.340 Thread 0x00000212dd899800 Exception <a 'java/lang/NoSuchMethodError'{0x000000008909c4c0}: 'java.lang.Object java.lang.invoke.DirectMethodHandle$Holder.invokeVirtual(java.lang.Object, java.lang.Object, int, java.lang.Object)'> (0x000000008909c4c0) thrown at [c:/ws/UEp/Corretto11Src
Event: 22.379 Thread 0x00000212dd899800 Exception <a 'java/lang/NoSuchMethodError'{0x0000000088730970}: 'void java.lang.invoke.DirectMethodHandle$Holder.invokeVirtual(java.lang.Object, java.lang.Object, int, java.lang.Object)'> (0x0000000088730970) thrown at [c:/ws/UEp/Corretto11Src/installers/

Events (20 events):
Event: 22.498 loading class com/android/tools/r8/s/b/o done
Event: 22.499 loading class com/android/tools/r8/s/b/q1
Event: 22.499 loading class com/android/tools/r8/s/b/q1 done
Event: 22.500 loading class java/util/PriorityQueue
Event: 22.500 loading class com/android/tools/r8/t/a/a/a/f/K$d
Event: 22.500 loading class com/android/tools/r8/t/a/a/a/f/K$d done
Event: 22.501 loading class java/util/PriorityQueue done
Event: 22.501 loading class com/android/tools/r8/s/b/p
Event: 22.501 loading class com/android/tools/r8/s/b/p done
Event: 22.502 loading class com/android/tools/r8/t/a/a/a/f/K$d$c
Event: 22.502 loading class com/android/tools/r8/t/a/a/a/f/K$d$c done
Event: 22.502 loading class com/android/tools/r8/ir/regalloc/b
Event: 22.502 loading class com/android/tools/r8/ir/regalloc/b done
Event: 22.503 loading class com/android/tools/r8/s/b/d1
Event: 22.503 loading class com/android/tools/r8/s/b/d1 done
Event: 22.504 loading class com/android/tools/r8/s/b/X$b
Event: 22.504 loading class com/android/tools/r8/s/b/X$b done
Event: 22.506 loading class com/android/tools/r8/ir/regalloc/d
Event: 22.506 loading class com/android/tools/r8/ir/regalloc/d done
Event: 22.506 Executing VM operation: G1CollectForAllocation


Dynamic libraries:
0x00007ff70bc80000 - 0x00007ff70bc8d000 	C:\Program Files\Amazon Corretto\jdk11.0.6_10\bin\java.exe
0x00007fff9a660000 - 0x00007fff9a850000 	C:\Windows\SYSTEM32\ntdll.dll
0x00007fff9a310000 - 0x00007fff9a3c2000 	C:\Windows\System32\KERNEL32.DLL
0x00007fff97990000 - 0x00007fff97c35000 	C:\Windows\System32\KERNELBASE.dll
0x00007fff977f0000 - 0x00007fff978ea000 	C:\Windows\System32\ucrtbase.dll
0x00007fff918f0000 - 0x00007fff91905000 	C:\Program Files\Amazon Corretto\jdk11.0.6_10\bin\VCRUNTIME140.dll
0x00007fff94880000 - 0x00007fff94897000 	C:\Program Files\Amazon Corretto\jdk11.0.6_10\bin\jli.dll
0x00007fff9a090000 - 0x00007fff9a224000 	C:\Windows\System32\USER32.dll
0x00007fff975d0000 - 0x00007fff975f1000 	C:\Windows\System32\win32u.dll
0x00007fff96920000 - 0x00007fff96ba4000 	C:\Windows\WinSxS\amd64_microsoft.windows.common-controls_6595b64144ccf1df_6.0.18362.1256_none_9e7e379be45e40e2\COMCTL32.dll
0x00007fff99ad0000 - 0x00007fff99af6000 	C:\Windows\System32\GDI32.dll
0x00007fff9a3d0000 - 0x00007fff9a46e000 	C:\Windows\System32\msvcrt.dll
0x00007fff97620000 - 0x00007fff977b6000 	C:\Windows\System32\gdi32full.dll
0x00007fff978f0000 - 0x00007fff9798e000 	C:\Windows\System32\msvcp_win.dll
0x00007fff99b00000 - 0x00007fff99e36000 	C:\Windows\System32\combase.dll
0x00007fff98710000 - 0x00007fff98830000 	C:\Windows\System32\RPCRT4.dll
0x00007fff98680000 - 0x00007fff98701000 	C:\Windows\System32\bcryptPrimitives.dll
0x00007fff99f50000 - 0x00007fff99f7e000 	C:\Windows\System32\IMM32.DLL
0x00007fff6b360000 - 0x00007fff6b3fb000 	C:\Program Files\Amazon Corretto\jdk11.0.6_10\bin\msvcp140.dll
0x00007fff67ae0000 - 0x00007fff6859d000 	C:\Program Files\Amazon Corretto\jdk11.0.6_10\bin\server\jvm.dll
0x00007fff99a10000 - 0x00007fff99ab3000 	C:\Windows\System32\ADVAPI32.dll
0x00007fff99e40000 - 0x00007fff99ed7000 	C:\Windows\System32\sechost.dll
0x00007fff99a00000 - 0x00007fff99a08000 	C:\Windows\System32\PSAPI.DLL
0x00007fff95920000 - 0x00007fff95929000 	C:\Windows\SYSTEM32\WSOCK32.dll
0x00007fff947d0000 - 0x00007fff947f4000 	C:\Windows\SYSTEM32\WINMM.dll
0x00007fff929c0000 - 0x00007fff929ca000 	C:\Windows\SYSTEM32\VERSION.dll
0x00007fff99900000 - 0x00007fff9996f000 	C:\Windows\System32\WS2_32.dll
0x00007fff947a0000 - 0x00007fff947cd000 	C:\Windows\SYSTEM32\WINMMBASE.dll
0x00007fff97d90000 - 0x00007fff97dda000 	C:\Windows\System32\cfgmgr32.dll
0x00007fff97560000 - 0x00007fff97571000 	C:\Windows\System32\kernel.appcore.dll
0x00007fff96f60000 - 0x00007fff96f70000 	C:\Program Files\Amazon Corretto\jdk11.0.6_10\bin\verify.dll
0x00007fff96d40000 - 0x00007fff96f34000 	C:\Windows\SYSTEM32\DBGHELP.DLL
0x00007fff96d10000 - 0x00007fff96d3a000 	C:\Windows\SYSTEM32\dbgcore.DLL
0x00007fff918c0000 - 0x00007fff918e8000 	C:\Program Files\Amazon Corretto\jdk11.0.6_10\bin\java.dll
0x00007fff918a0000 - 0x00007fff918b6000 	C:\Program Files\Amazon Corretto\jdk11.0.6_10\bin\zip.dll
0x00007fff96f40000 - 0x00007fff96f4a000 	C:\Program Files\Amazon Corretto\jdk11.0.6_10\bin\jimage.dll
0x00007fff98b00000 - 0x00007fff991e7000 	C:\Windows\System32\SHELL32.dll
0x00007fff99f80000 - 0x00007fff9a029000 	C:\Windows\System32\shcore.dll
0x00007fff97e90000 - 0x00007fff98611000 	C:\Windows\System32\windows.storage.dll
0x00007fff97580000 - 0x00007fff975a3000 	C:\Windows\System32\profapi.dll
0x00007fff97510000 - 0x00007fff9755a000 	C:\Windows\System32\powrprof.dll
0x00007fff97500000 - 0x00007fff97510000 	C:\Windows\System32\UMPDC.dll
0x00007fff9a030000 - 0x00007fff9a082000 	C:\Windows\System32\shlwapi.dll
0x00007fff97600000 - 0x00007fff97617000 	C:\Windows\System32\cryptsp.dll
0x00007fff91720000 - 0x00007fff91739000 	C:\Program Files\Amazon Corretto\jdk11.0.6_10\bin\net.dll
0x00007fff8a140000 - 0x00007fff8a230000 	C:\Windows\SYSTEM32\WINHTTP.dll
0x00007fff967a0000 - 0x00007fff96807000 	C:\Windows\system32\mswsock.dll
0x00007fff8ca90000 - 0x00007fff8caa2000 	C:\Program Files\Amazon Corretto\jdk11.0.6_10\bin\nio.dll
0x00007fff91910000 - 0x00007fff91937000 	C:\Users\Admin\.gradle\native\f6784746aeab05261644944871eae4fe03e0ef1612fff0a4a95f87b438bc6780\windows-amd64\native-platform.dll
0x00007fff90d30000 - 0x00007fff90d39000 	C:\Program Files\Amazon Corretto\jdk11.0.6_10\bin\management.dll
0x00007fff8fb90000 - 0x00007fff8fb9b000 	C:\Program Files\Amazon Corretto\jdk11.0.6_10\bin\management_ext.dll
0x00007fff961e0000 - 0x00007fff96213000 	C:\Windows\system32\rsaenh.dll
0x00007fff977c0000 - 0x00007fff977e6000 	C:\Windows\System32\bcrypt.dll
0x00007fff97420000 - 0x00007fff97445000 	C:\Windows\SYSTEM32\USERENV.dll
0x00007fff96740000 - 0x00007fff9674c000 	C:\Windows\SYSTEM32\CRYPTBASE.dll
0x00007fff96370000 - 0x00007fff963aa000 	C:\Windows\SYSTEM32\IPHLPAPI.DLL
0x00007fff99970000 - 0x00007fff99978000 	C:\Windows\System32\NSI.dll
0x00007fff8f600000 - 0x00007fff8f616000 	C:\Windows\SYSTEM32\dhcpcsvc6.DLL
0x00007fff8ecd0000 - 0x00007fff8ecec000 	C:\Windows\SYSTEM32\dhcpcsvc.DLL
0x00007fff963b0000 - 0x00007fff9647b000 	C:\Windows\SYSTEM32\DNSAPI.dll
0x00007fff8fb80000 - 0x00007fff8fb8b000 	C:\Windows\SYSTEM32\WINNSI.DLL

dbghelp: loaded successfully - version: 4.0.5 - missing functions: none
symbol engine: initialized successfully - sym options: 0x614 - pdb path: .;C:\Program Files\Amazon Corretto\jdk11.0.6_10\bin;C:\Windows\SYSTEM32;C:\Windows\WinSxS\amd64_microsoft.windows.common-controls_6595b64144ccf1df_6.0.18362.1256_none_9e7e379be45e40e2;C:\Program Files\Amazon Corretto\jdk11.0.6_10\bin\server;C:\Users\Admin\.gradle\native\f6784746aeab05261644944871eae4fe03e0ef1612fff0a4a95f87b438bc6780\windows-amd64

VM Arguments:
jvm_args: --add-opens=java.base/java.util=ALL-UNNAMED --add-opens=java.base/java.lang=ALL-UNNAMED --add-opens=java.base/java.lang.invoke=ALL-UNNAMED --add-opens=java.prefs/java.util.prefs=ALL-UNNAMED -Xmx2048m -Dfile.encoding=UTF-8 -Duser.country=IN -Duser.language=en -Duser.variant 
java_command: org.gradle.launcher.daemon.bootstrap.GradleDaemon 6.5
java_class_path (initial): C:\Users\Admin\.gradle\wrapper\dists\gradle-6.5-bin\6nifqtx7604sqp1q6g8wikw7p\gradle-6.5\lib\gradle-launcher-6.5.jar
Launcher Type: SUN_STANDARD

[Global flags]
     intx CICompilerCount                          = 4                                         {product} {ergonomic}
     uint ConcGCThreads                            = 2                                         {product} {ergonomic}
     uint G1ConcRefinementThreads                  = 8                                         {product} {ergonomic}
   size_t G1HeapRegionSize                         = 1048576                                   {product} {ergonomic}
    uintx GCDrainStackTargetSize                   = 64                                        {product} {ergonomic}
   size_t InitialHeapSize                          = 134217728                                 {product} {ergonomic}
   size_t MarkStackSize                            = 4194304                                   {product} {ergonomic}
   size_t MaxHeapSize                              = 2147483648                                {product} {command line}
   size_t MaxNewSize                               = 1287651328                                {product} {ergonomic}
   size_t MinHeapDeltaBytes                        = 1048576                                   {product} {ergonomic}
    uintx NonNMethodCodeHeapSize                   = 5836300                                {pd product} {ergonomic}
    uintx NonProfiledCodeHeapSize                  = 122910970                              {pd product} {ergonomic}
    uintx ProfiledCodeHeapSize                     = 122910970                              {pd product} {ergonomic}
    uintx ReservedCodeCacheSize                    = 251658240                              {pd product} {ergonomic}
     bool SegmentedCodeCache                       = true                                      {product} {ergonomic}
     bool UseCompressedClassPointers               = true                                 {lp64_product} {ergonomic}
     bool UseCompressedOops                        = true                                 {lp64_product} {ergonomic}
     bool UseG1GC                                  = true                                      {product} {ergonomic}
     bool UseLargePagesIndividualAllocation        = false                                  {pd product} {ergonomic}

Logging:
Log output configuration:
 #0: stdout all=warning uptime,level,tags
 #1: stderr all=off uptime,level,tags

Environment Variables:
JAVA_HOME=C:\Program Files\Amazon Corretto\jdk11.0.6_10
PATH=C:\Program Files\Amazon Corretto\jdk11.0.6_10\bin;C:\Windows\system32;C:\Windows;C:\Windows\System32\Wbem;C:\Windows\System32\WindowsPowerShell\v1.0\;C:\Windows\System32\OpenSSH\;C:\Program Files\SourceGear\Common\DiffMerge\;C:\MinGW\bin;D:\Git\cmd;D:\Nodejs\;C:\Program Files\MySQL\MySQL Shell 8.0\bin\;C:\Users\Admin\AppData\Local\Programs\Python\Python38-32\Scripts\;C:\Users\Admin\AppData\Local\Programs\Python\Python38-32\;C:\Users\Admin\AppData\Local\Microsoft\WindowsApps;C:\Users\Admin\AppData\Roaming\npm
USERNAME=Admin
OS=Windows_NT
PROCESSOR_IDENTIFIER=Intel64 Family 6 Model 142 Stepping 10, GenuineIntel



---------------  S Y S T E M  ---------------

OS: Windows 10 , 64 bit Build 18362 (10.0.18362.1110)

CPU:total 8 (initial active 8) (4 cores per cpu, 2 threads per core) family 6 model 142 stepping 10, cmov, cx8, fxsr, mmx, sse, sse2, sse3, ssse3, sse4.1, sse4.2, popcnt, avx, avx2, aes, clmul, erms, 3dnowpref, lzcnt, ht, tsc, tscinvbit, bmi1, bmi2, adx, fma

Memory: 4k page, system-wide physical 8101M (372M free)
TotalPageFile size 13917M (AvailPageFile size 77M)
current process WorkingSet (physical memory assigned to process): 419M, peak: 419M
current process commit charge ("private bytes"): 492M, peak: 575M

vm_info: OpenJDK 64-Bit Server VM (11.0.6+10-LTS) for windows-amd64 JRE (11.0.6+10-LTS), built on Jan 10 2020 02:02:53 by "Administrator" with unknown MS VC++:1916

END.
