#
# There is insufficient memory for the Java Runtime Environment to continue.
# Native memory allocation (malloc) failed to allocate 602576 bytes for Chunk::new
# Possible reasons:
#   The system is out of physical RAM or swap space
#   The process is running with CompressedOops enabled, and the Java Heap may be blocking the growth of the native heap
# Possible solutions:
#   Reduce memory load on the system
#   Increase physical memory or swap space
#   Check if swap backing store is full
#   Decrease Java heap size (-Xmx/-Xms)
#   Decrease number of Java threads
#   Decrease Java thread stack sizes (-Xss)
#   Set larger code cache with -XX:ReservedCodeCacheSize=
#   JVM is running with Unscaled Compressed Oops mode in which the Java heap is
#     placed in the first 4GB address space. The Java Heap base address is the
#     maximum limit for the native heap growth. Please use -XX:HeapBaseMinAddress
#     to set the Java Heap base and to place the Java Heap above 4GB virtual address.
# This output file may be truncated or incomplete.
#
#  Out of Memory Error (c:/ws/UEp/Corretto11Src/installers/windows/zip/corretto-build/buildRoot/src/src/hotspot/share/memory/arena.cpp:197), pid=12084, tid=8748
#
# JRE version: OpenJDK Runtime Environment (11.0.6+10) (build 11.0.6+10-LTS)
# Java VM: OpenJDK 64-Bit Server VM (11.0.6+10-LTS, mixed mode, tiered, compressed oops, g1 gc, windows-amd64)
# No core dump will be written. Minidumps are not enabled by default on client versions of Windows
#

---------------  S U M M A R Y ------------

Command Line: --add-opens=java.base/java.util=ALL-UNNAMED --add-opens=java.base/java.lang=ALL-UNNAMED --add-opens=java.base/java.lang.invoke=ALL-UNNAMED --add-opens=java.prefs/java.util.prefs=ALL-UNNAMED -Xmx2048m -Dfile.encoding=UTF-8 -Duser.country=IN -Duser.language=en -Duser.variant org.gradle.launcher.daemon.bootstrap.GradleDaemon 6.5

Host: Intel(R) Core(TM) i5-8250U CPU @ 1.60GHz, 8 cores, 7G,  Windows 10 , 64 bit Build 18362 (10.0.18362.1110)
Time: Fri Jan 22 23:22:42 2021 India Standard Time elapsed time: 52 seconds (0d 0h 0m 52s)

---------------  T H R E A D  ---------------

Current thread (0x000002065eb6a800):  JavaThread "C2 CompilerThread0" daemon [_thread_in_native, id=8748, stack(0x0000006cec200000,0x0000006cec300000)]


Current CompileTask:
C2:  52289 15438       4       com.android.tools.r8.utils.T::d (290 bytes)

Stack: [0x0000006cec200000,0x0000006cec300000]
Native frames: (J=compiled Java code, j=interpreted, Vv=VM code, C=native code)
V  [jvm.dll+0x5db48a]
V  [jvm.dll+0x7114ae]
V  [jvm.dll+0x712b47]
V  [jvm.dll+0x713213]
V  [jvm.dll+0x23fe78]
V  [jvm.dll+0xb8f0c]
V  [jvm.dll+0xb949c]
V  [jvm.dll+0x342852]
V  [jvm.dll+0x310763]
V  [jvm.dll+0x30fb4a]
V  [jvm.dll+0x1f9d45]
V  [jvm.dll+0x1f8eff]
V  [jvm.dll+0x17d96c]
V  [jvm.dll+0x2080b7]
V  [jvm.dll+0x20639b]
V  [jvm.dll+0x6d738c]
V  [jvm.dll+0x6d04bc]
V  [jvm.dll+0x5da416]
C  [ucrtbase.dll+0x210b2]
C  [KERNEL32.DLL+0x17c24]
C  [ntdll.dll+0x6d4d1]


---------------  P R O C E S S  ---------------

Threads class SMR info:
_java_thread_list=0x00000206671ba490, length=169, elements={
0x000002063fb6b800, 0x000002065eb51000, 0x000002065eb5a000, 0x000002065eb67800,
0x000002065eb68800, 0x000002065eb6a800, 0x000002065f4cc000, 0x000002065f4d0800,
0x000002065f628800, 0x000002065f64b800, 0x0000020660b15800, 0x000002065f87e000,
0x0000020661565800, 0x0000020660de8000, 0x0000020661809800, 0x0000020661510000,
0x000002066150a000, 0x000002066150f000, 0x000002066150c800, 0x000002066150d800,
0x000002066214a000, 0x0000020662151800, 0x0000020662154000, 0x000002066214f800,
0x0000020662150800, 0x000002066214e000, 0x0000020662155800, 0x0000020662154800,
0x0000020662156800, 0x000002066517e800, 0x0000020665180800, 0x000002066517e000,
0x000002066517a800, 0x0000020665181000, 0x000002066517b800, 0x000002066517f800,
0x0000020665182000, 0x000002066517c000, 0x0000020665182800, 0x000002066517d000,
0x0000020665184800, 0x0000020665185000, 0x0000020665187800, 0x0000020665189000,
0x0000020665183800, 0x0000020665186000, 0x0000020665187000, 0x0000020665188800,
0x000002066514a000, 0x0000020665146800, 0x0000020665145000, 0x0000020665144000,
0x0000020665147800, 0x0000020665148800, 0x0000020665149000, 0x000002066514b000,
0x000002066514b800, 0x0000020665146000, 0x0000020665150800, 0x000002066514f800,
0x0000020665152000, 0x000002066514c800, 0x0000020665153000, 0x000002066514d000,
0x000002066514f000, 0x0000020665151800, 0x000002066514e000, 0x000002066516c800,
0x0000020665169800, 0x0000020665168000, 0x000002066516b000, 0x000002066516c000,
0x000002066516d800, 0x000002066516e800, 0x0000020665168800, 0x000002066516f000,
0x0000020665170000, 0x000002066516a000, 0x0000020665173000, 0x0000020665171800,
0x0000020665172800, 0x0000020665171000, 0x0000020665176800, 0x0000020665175800,
0x0000020665174000, 0x0000020665175000, 0x00000206639a5800, 0x00000206639a7000,
0x00000206639a2000, 0x00000206639a3000, 0x00000206639a8800, 0x00000206639a8000,
0x00000206639a9800, 0x00000206639a3800, 0x00000206639a6000, 0x00000206639aa800,
0x00000206639a4800, 0x00000206639ac000, 0x00000206639ac800, 0x00000206639ad800,
0x00000206639ae800, 0x00000206639af000, 0x00000206639b0000, 0x00000206639b1000,
0x00000206639ab000, 0x0000020664eae000, 0x0000020664ea9000, 0x0000020664ead000,
0x0000020664ea8800, 0x0000020664eab800, 0x0000020664eac800, 0x0000020664eaf800,
0x0000020664eaf000, 0x0000020664eaa000, 0x0000020664eb0800, 0x0000020664eaa800,
0x0000020664eb5800, 0x0000020664eb3000, 0x0000020664eb3800, 0x0000020664eb4800,
0x0000020664eb6000, 0x0000020664eb7000, 0x0000020664eb1800, 0x0000020664eb2000,
0x000002066371d800, 0x0000020663718000, 0x0000020663718800, 0x000002066371e800,
0x000002066371b000, 0x000002066371c000, 0x000002066371d000, 0x000002066371f800,
0x0000020663719800, 0x0000020663721800, 0x0000020664d12800, 0x0000020664d14000,
0x0000020664d11800, 0x0000020664d15000, 0x0000020664d1b800, 0x0000020664d1a000,
0x0000020664d1c800, 0x0000020664d16800, 0x0000020664d13800, 0x0000020664d1d000,
0x0000020664d18000, 0x0000020664d1a800, 0x0000020664d17800, 0x0000020664d1e000,
0x0000020664d1e800, 0x0000020664d19000, 0x0000020664d22000, 0x0000020664d23000,
0x0000020664d20800, 0x0000020664d25800, 0x0000020664d21000, 0x0000020664d23800,
0x0000020664d24800, 0x0000020664d1f800, 0x0000020664d26000, 0x0000020664d2c000,
0x0000020664d2b000, 0x0000020664d2a000, 0x0000020664d27800, 0x0000020664d28800,
0x0000020664d29800, 0x0000020664d2c800, 0x0000020664d27000, 0x0000020664d2d800,
0x0000020664d30800
}

Java Threads: ( => current thread )
  0x000002063fb6b800 JavaThread "main" [_thread_blocked, id=13784, stack(0x0000006ceb700000,0x0000006ceb800000)]
  0x000002065eb51000 JavaThread "Reference Handler" daemon [_thread_blocked, id=12212, stack(0x0000006cebe00000,0x0000006cebf00000)]
  0x000002065eb5a000 JavaThread "Finalizer" daemon [_thread_blocked, id=12036, stack(0x0000006cebf00000,0x0000006cec000000)]
  0x000002065eb67800 JavaThread "Signal Dispatcher" daemon [_thread_blocked, id=12124, stack(0x0000006cec000000,0x0000006cec100000)]
  0x000002065eb68800 JavaThread "Attach Listener" daemon [_thread_blocked, id=9472, stack(0x0000006cec100000,0x0000006cec200000)]
=>0x000002065eb6a800 JavaThread "C2 CompilerThread0" daemon [_thread_in_native, id=8748, stack(0x0000006cec200000,0x0000006cec300000)]
  0x000002065f4cc000 JavaThread "C1 CompilerThread0" daemon [_thread_in_native, id=11784, stack(0x0000006cec300000,0x0000006cec400000)]
  0x000002065f4d0800 JavaThread "Sweeper thread" daemon [_thread_blocked, id=14040, stack(0x0000006cec400000,0x0000006cec500000)]
  0x000002065f628800 JavaThread "Common-Cleaner" daemon [_thread_blocked, id=9124, stack(0x0000006cec500000,0x0000006cec600000)]
  0x000002065f64b800 JavaThread "Service Thread" daemon [_thread_blocked, id=3968, stack(0x0000006cec600000,0x0000006cec700000)]
  0x0000020660b15800 JavaThread "Daemon health stats" [_thread_blocked, id=4652, stack(0x0000006cecc00000,0x0000006cecd00000)]
  0x000002065f87e000 JavaThread "Incoming local TCP Connector on port 59554" [_thread_in_native, id=12508, stack(0x0000006cecd00000,0x0000006cece00000)]
  0x0000020661565800 JavaThread "Daemon periodic checks" [_thread_blocked, id=8376, stack(0x0000006cece00000,0x0000006cecf00000)]
  0x0000020660de8000 JavaThread "Daemon" [_thread_blocked, id=13932, stack(0x0000006cecf00000,0x0000006ced000000)]
  0x0000020661809800 JavaThread "Daemon worker" [_thread_blocked, id=8792, stack(0x0000006ced200000,0x0000006ced300000)]
  0x0000020661510000 JavaThread "Cache worker for journal cache (C:\Users\Admin\.gradle\caches\journal-1)" [_thread_blocked, id=14636, stack(0x0000006ced700000,0x0000006ced800000)]
  0x000002066150a000 JavaThread "File lock request listener" [_thread_in_native, id=15816, stack(0x0000006cedd00000,0x0000006cede00000)]
  0x000002066150f000 JavaThread "Cache worker for file hash cache (C:\Users\Admin\.gradle\caches\6.5\fileHashes)" [_thread_blocked, id=924, stack(0x0000006cede00000,0x0000006cedf00000)]
  0x000002066150c800 JavaThread "Cache worker for execution history cache (C:\Users\Admin\.gradle\caches\6.5\executionHistory)" [_thread_blocked, id=9560, stack(0x0000006cee500000,0x0000006cee600000)]
  0x000002066150d800 JavaThread "jar transforms" [_thread_blocked, id=11836, stack(0x0000006cee600000,0x0000006cee700000)]
  0x000002066214a000 JavaThread "Cache worker for file content cache (C:\Users\Admin\.gradle\caches\6.5\fileContent)" [_thread_blocked, id=14268, stack(0x0000006cee700000,0x0000006cee800000)]
  0x0000020662151800 JavaThread "jar transforms Thread 2" [_thread_blocked, id=11816, stack(0x0000006cef000000,0x0000006cef100000)]
  0x0000020662154000 JavaThread "jar transforms Thread 3" [_thread_blocked, id=3396, stack(0x0000006cef100000,0x0000006cef200000)]
  0x000002066214f800 JavaThread "jar transforms Thread 4" [_thread_blocked, id=16032, stack(0x0000006cef200000,0x0000006cef300000)]
  0x0000020662150800 JavaThread "jar transforms Thread 5" [_thread_blocked, id=14680, stack(0x0000006cef300000,0x0000006cef400000)]
  0x000002066214e000 JavaThread "jar transforms Thread 6" [_thread_blocked, id=1680, stack(0x0000006cef400000,0x0000006cef500000)]
  0x0000020662155800 JavaThread "jar transforms Thread 7" [_thread_blocked, id=12964, stack(0x0000006cef500000,0x0000006cef600000)]
  0x0000020662154800 JavaThread "jar transforms Thread 8" [_thread_blocked, id=5692, stack(0x0000006cef600000,0x0000006cef700000)]
  0x0000020662156800 JavaThread "jar transforms Thread 9" [_thread_blocked, id=15916, stack(0x0000006cef700000,0x0000006cef800000)]
  0x000002066517e800 JavaThread "jar transforms Thread 10" [_thread_blocked, id=8944, stack(0x0000006cef800000,0x0000006cef900000)]
  0x0000020665180800 JavaThread "jar transforms Thread 11" [_thread_blocked, id=16132, stack(0x0000006cef900000,0x0000006cefa00000)]
  0x000002066517e000 JavaThread "jar transforms Thread 12" [_thread_blocked, id=4140, stack(0x0000006cefa00000,0x0000006cefb00000)]
  0x000002066517a800 JavaThread "jar transforms Thread 13" [_thread_blocked, id=8520, stack(0x0000006cefb00000,0x0000006cefc00000)]
  0x0000020665181000 JavaThread "jar transforms Thread 14" [_thread_blocked, id=14672, stack(0x0000006cefc00000,0x0000006cefd00000)]
  0x000002066517b800 JavaThread "jar transforms Thread 15" [_thread_blocked, id=1664, stack(0x0000006cefd00000,0x0000006cefe00000)]
  0x000002066517f800 JavaThread "jar transforms Thread 16" [_thread_blocked, id=11804, stack(0x0000006cefe00000,0x0000006ceff00000)]
  0x0000020665182000 JavaThread "jar transforms Thread 17" [_thread_blocked, id=15804, stack(0x0000006ceff00000,0x0000006cf0000000)]
  0x000002066517c000 JavaThread "jar transforms Thread 18" [_thread_blocked, id=9868, stack(0x0000006cf0000000,0x0000006cf0100000)]
  0x0000020665182800 JavaThread "jar transforms Thread 19" [_thread_blocked, id=8932, stack(0x0000006cf0100000,0x0000006cf0200000)]
  0x000002066517d000 JavaThread "jar transforms Thread 20" [_thread_blocked, id=15232, stack(0x0000006cf0200000,0x0000006cf0300000)]
  0x0000020665184800 JavaThread "jar transforms Thread 21" [_thread_blocked, id=15380, stack(0x0000006cf0300000,0x0000006cf0400000)]
  0x0000020665185000 JavaThread "jar transforms Thread 22" [_thread_blocked, id=15696, stack(0x0000006cf0400000,0x0000006cf0500000)]
  0x0000020665187800 JavaThread "jar transforms Thread 23" [_thread_blocked, id=11000, stack(0x0000006cf0500000,0x0000006cf0600000)]
  0x0000020665189000 JavaThread "jar transforms Thread 24" [_thread_blocked, id=144, stack(0x0000006cf0600000,0x0000006cf0700000)]
  0x0000020665183800 JavaThread "jar transforms Thread 25" [_thread_blocked, id=976, stack(0x0000006cf0700000,0x0000006cf0800000)]
  0x0000020665186000 JavaThread "jar transforms Thread 26" [_thread_blocked, id=11716, stack(0x0000006cf0800000,0x0000006cf0900000)]
  0x0000020665187000 JavaThread "jar transforms Thread 27" [_thread_blocked, id=13876, stack(0x0000006cf0900000,0x0000006cf0a00000)]
  0x0000020665188800 JavaThread "jar transforms Thread 28" [_thread_blocked, id=16168, stack(0x0000006cf0a00000,0x0000006cf0b00000)]
  0x000002066514a000 JavaThread "jar transforms Thread 29" [_thread_blocked, id=2908, stack(0x0000006cf0b00000,0x0000006cf0c00000)]
  0x0000020665146800 JavaThread "jar transforms Thread 30" [_thread_blocked, id=8256, stack(0x0000006cf0c00000,0x0000006cf0d00000)]
  0x0000020665145000 JavaThread "jar transforms Thread 31" [_thread_blocked, id=9180, stack(0x0000006cf0d00000,0x0000006cf0e00000)]
  0x0000020665144000 JavaThread "jar transforms Thread 32" [_thread_blocked, id=9384, stack(0x0000006cf0e00000,0x0000006cf0f00000)]
  0x0000020665147800 JavaThread "jar transforms Thread 33" [_thread_blocked, id=13588, stack(0x0000006cf0f00000,0x0000006cf1000000)]
  0x0000020665148800 JavaThread "jar transforms Thread 34" [_thread_blocked, id=9316, stack(0x0000006cf1000000,0x0000006cf1100000)]
  0x0000020665149000 JavaThread "jar transforms Thread 35" [_thread_blocked, id=8232, stack(0x0000006cf1100000,0x0000006cf1200000)]
  0x000002066514b000 JavaThread "jar transforms Thread 36" [_thread_blocked, id=14072, stack(0x0000006cf1200000,0x0000006cf1300000)]
  0x000002066514b800 JavaThread "jar transforms Thread 37" [_thread_blocked, id=9420, stack(0x0000006cf1300000,0x0000006cf1400000)]
  0x0000020665146000 JavaThread "jar transforms Thread 38" [_thread_blocked, id=13048, stack(0x0000006cf1400000,0x0000006cf1500000)]
  0x0000020665150800 JavaThread "jar transforms Thread 39" [_thread_blocked, id=12432, stack(0x0000006cf1500000,0x0000006cf1600000)]
  0x000002066514f800 JavaThread "jar transforms Thread 40" [_thread_blocked, id=14328, stack(0x0000006cf1600000,0x0000006cf1700000)]
  0x0000020665152000 JavaThread "jar transforms Thread 41" [_thread_blocked, id=2348, stack(0x0000006cf1700000,0x0000006cf1800000)]
  0x000002066514c800 JavaThread "jar transforms Thread 42" [_thread_blocked, id=15172, stack(0x0000006cf1800000,0x0000006cf1900000)]
  0x0000020665153000 JavaThread "jar transforms Thread 43" [_thread_blocked, id=10828, stack(0x0000006cf1900000,0x0000006cf1a00000)]
  0x000002066514d000 JavaThread "jar transforms Thread 44" [_thread_blocked, id=12532, stack(0x0000006cf1a00000,0x0000006cf1b00000)]
  0x000002066514f000 JavaThread "jar transforms Thread 45" [_thread_blocked, id=12380, stack(0x0000006cf1b00000,0x0000006cf1c00000)]
  0x0000020665151800 JavaThread "jar transforms Thread 46" [_thread_blocked, id=15516, stack(0x0000006cf1c00000,0x0000006cf1d00000)]
  0x000002066514e000 JavaThread "jar transforms Thread 47" [_thread_blocked, id=4168, stack(0x0000006cf1d00000,0x0000006cf1e00000)]
  0x000002066516c800 JavaThread "jar transforms Thread 48" [_thread_blocked, id=14088, stack(0x0000006cf1e00000,0x0000006cf1f00000)]
  0x0000020665169800 JavaThread "jar transforms Thread 49" [_thread_blocked, id=14928, stack(0x0000006cf1f00000,0x0000006cf2000000)]
  0x0000020665168000 JavaThread "jar transforms Thread 50" [_thread_blocked, id=4460, stack(0x0000006cf2000000,0x0000006cf2100000)]
  0x000002066516b000 JavaThread "jar transforms Thread 51" [_thread_blocked, id=11260, stack(0x0000006cf2100000,0x0000006cf2200000)]
  0x000002066516c000 JavaThread "jar transforms Thread 52" [_thread_blocked, id=6704, stack(0x0000006cf2200000,0x0000006cf2300000)]
  0x000002066516d800 JavaThread "jar transforms Thread 53" [_thread_blocked, id=12956, stack(0x0000006cf2300000,0x0000006cf2400000)]
  0x000002066516e800 JavaThread "jar transforms Thread 54" [_thread_blocked, id=13512, stack(0x0000006cf2400000,0x0000006cf2500000)]
  0x0000020665168800 JavaThread "jar transforms Thread 55" [_thread_blocked, id=16036, stack(0x0000006cf2500000,0x0000006cf2600000)]
  0x000002066516f000 JavaThread "jar transforms Thread 56" [_thread_blocked, id=8580, stack(0x0000006cf2600000,0x0000006cf2700000)]
  0x0000020665170000 JavaThread "jar transforms Thread 57" [_thread_blocked, id=11092, stack(0x0000006cf2700000,0x0000006cf2800000)]
  0x000002066516a000 JavaThread "jar transforms Thread 58" [_thread_blocked, id=4632, stack(0x0000006cf2800000,0x0000006cf2900000)]
  0x0000020665173000 JavaThread "jar transforms Thread 59" [_thread_blocked, id=2496, stack(0x0000006cf2900000,0x0000006cf2a00000)]
  0x0000020665171800 JavaThread "jar transforms Thread 60" [_thread_blocked, id=11520, stack(0x0000006cf2a00000,0x0000006cf2b00000)]
  0x0000020665172800 JavaThread "jar transforms Thread 61" [_thread_blocked, id=12740, stack(0x0000006cf2b00000,0x0000006cf2c00000)]
  0x0000020665171000 JavaThread "jar transforms Thread 62" [_thread_blocked, id=12164, stack(0x0000006cf2c00000,0x0000006cf2d00000)]
  0x0000020665176800 JavaThread "jar transforms Thread 63" [_thread_blocked, id=11872, stack(0x0000006cf2d00000,0x0000006cf2e00000)]
  0x0000020665175800 JavaThread "jar transforms Thread 64" [_thread_blocked, id=15280, stack(0x0000006cf2e00000,0x0000006cf2f00000)]
  0x0000020665174000 JavaThread "jar transforms Thread 65" [_thread_blocked, id=9516, stack(0x0000006cf2f00000,0x0000006cf3000000)]
  0x0000020665175000 JavaThread "jar transforms Thread 66" [_thread_blocked, id=3556, stack(0x0000006cf3000000,0x0000006cf3100000)]
  0x00000206639a5800 JavaThread "jar transforms Thread 67" [_thread_blocked, id=15264, stack(0x0000006cf3100000,0x0000006cf3200000)]
  0x00000206639a7000 JavaThread "jar transforms Thread 68" [_thread_blocked, id=13184, stack(0x0000006cf3200000,0x0000006cf3300000)]
  0x00000206639a2000 JavaThread "jar transforms Thread 69" [_thread_blocked, id=1364, stack(0x0000006cf3300000,0x0000006cf3400000)]
  0x00000206639a3000 JavaThread "jar transforms Thread 70" [_thread_blocked, id=14816, stack(0x0000006cf3400000,0x0000006cf3500000)]
  0x00000206639a8800 JavaThread "jar transforms Thread 71" [_thread_blocked, id=2808, stack(0x0000006cf3500000,0x0000006cf3600000)]
  0x00000206639a8000 JavaThread "jar transforms Thread 72" [_thread_blocked, id=13536, stack(0x0000006cf3600000,0x0000006cf3700000)]
  0x00000206639a9800 JavaThread "jar transforms Thread 73" [_thread_blocked, id=8636, stack(0x0000006cf3700000,0x0000006cf3800000)]
  0x00000206639a3800 JavaThread "jar transforms Thread 74" [_thread_blocked, id=14924, stack(0x0000006cf3800000,0x0000006cf3900000)]
  0x00000206639a6000 JavaThread "jar transforms Thread 75" [_thread_blocked, id=9888, stack(0x0000006cf3900000,0x0000006cf3a00000)]
  0x00000206639aa800 JavaThread "jar transforms Thread 76" [_thread_blocked, id=11060, stack(0x0000006cf3a00000,0x0000006cf3b00000)]
  0x00000206639a4800 JavaThread "jar transforms Thread 77" [_thread_blocked, id=11084, stack(0x0000006cf3b00000,0x0000006cf3c00000)]
  0x00000206639ac000 JavaThread "jar transforms Thread 78" [_thread_blocked, id=15600, stack(0x0000006cf3c00000,0x0000006cf3d00000)]
  0x00000206639ac800 JavaThread "jar transforms Thread 79" [_thread_blocked, id=11620, stack(0x0000006cf3d00000,0x0000006cf3e00000)]
  0x00000206639ad800 JavaThread "jar transforms Thread 80" [_thread_blocked, id=11476, stack(0x0000006cf3e00000,0x0000006cf3f00000)]
  0x00000206639ae800 JavaThread "jar transforms Thread 81" [_thread_blocked, id=10724, stack(0x0000006cf3f00000,0x0000006cf4000000)]
  0x00000206639af000 JavaThread "jar transforms Thread 82" [_thread_blocked, id=6960, stack(0x0000006cf4000000,0x0000006cf4100000)]
  0x00000206639b0000 JavaThread "jar transforms Thread 83" [_thread_blocked, id=4676, stack(0x0000006cf4100000,0x0000006cf4200000)]
  0x00000206639b1000 JavaThread "jar transforms Thread 84" [_thread_blocked, id=16216, stack(0x0000006cf4200000,0x0000006cf4300000)]
  0x00000206639ab000 JavaThread "jar transforms Thread 85" [_thread_blocked, id=3168, stack(0x0000006cf4300000,0x0000006cf4400000)]
  0x0000020664eae000 JavaThread "jar transforms Thread 86" [_thread_blocked, id=11304, stack(0x0000006cf4400000,0x0000006cf4500000)]
  0x0000020664ea9000 JavaThread "jar transforms Thread 87" [_thread_blocked, id=11320, stack(0x0000006cf4500000,0x0000006cf4600000)]
  0x0000020664ead000 JavaThread "jar transforms Thread 88" [_thread_blocked, id=9032, stack(0x0000006cf4600000,0x0000006cf4700000)]
  0x0000020664ea8800 JavaThread "jar transforms Thread 89" [_thread_blocked, id=1452, stack(0x0000006cf4700000,0x0000006cf4800000)]
  0x0000020664eab800 JavaThread "jar transforms Thread 90" [_thread_blocked, id=8408, stack(0x0000006cf4800000,0x0000006cf4900000)]
  0x0000020664eac800 JavaThread "jar transforms Thread 91" [_thread_blocked, id=1728, stack(0x0000006cf4900000,0x0000006cf4a00000)]
  0x0000020664eaf800 JavaThread "jar transforms Thread 92" [_thread_blocked, id=10352, stack(0x0000006cf4a00000,0x0000006cf4b00000)]
  0x0000020664eaf000 JavaThread "jar transforms Thread 93" [_thread_blocked, id=5444, stack(0x0000006cf4b00000,0x0000006cf4c00000)]
  0x0000020664eaa000 JavaThread "jar transforms Thread 94" [_thread_blocked, id=15852, stack(0x0000006cf4c00000,0x0000006cf4d00000)]
  0x0000020664eb0800 JavaThread "jar transforms Thread 95" [_thread_blocked, id=14308, stack(0x0000006cf4d00000,0x0000006cf4e00000)]
  0x0000020664eaa800 JavaThread "jar transforms Thread 96" [_thread_blocked, id=10960, stack(0x0000006cf4e00000,0x0000006cf4f00000)]
  0x0000020664eb5800 JavaThread "jar transforms Thread 97" [_thread_blocked, id=13376, stack(0x0000006cf4f00000,0x0000006cf5000000)]
  0x0000020664eb3000 JavaThread "jar transforms Thread 98" [_thread_blocked, id=15512, stack(0x0000006cf5000000,0x0000006cf5100000)]
  0x0000020664eb3800 JavaThread "jar transforms Thread 99" [_thread_blocked, id=10684, stack(0x0000006cf5100000,0x0000006cf5200000)]
  0x0000020664eb4800 JavaThread "jar transforms Thread 100" [_thread_blocked, id=14784, stack(0x0000006cf5200000,0x0000006cf5300000)]
  0x0000020664eb6000 JavaThread "jar transforms Thread 101" [_thread_blocked, id=1628, stack(0x0000006cf5300000,0x0000006cf5400000)]
  0x0000020664eb7000 JavaThread "jar transforms Thread 102" [_thread_blocked, id=12472, stack(0x0000006cf5400000,0x0000006cf5500000)]
  0x0000020664eb1800 JavaThread "jar transforms Thread 103" [_thread_blocked, id=16352, stack(0x0000006cf5500000,0x0000006cf5600000)]
  0x0000020664eb2000 JavaThread "jar transforms Thread 104" [_thread_blocked, id=3080, stack(0x0000006cf5600000,0x0000006cf5700000)]
  0x000002066371d800 JavaThread "jar transforms Thread 105" [_thread_blocked, id=14168, stack(0x0000006cf5700000,0x0000006cf5800000)]
  0x0000020663718000 JavaThread "jar transforms Thread 106" [_thread_blocked, id=11088, stack(0x0000006cf5800000,0x0000006cf5900000)]
  0x0000020663718800 JavaThread "jar transforms Thread 107" [_thread_blocked, id=9696, stack(0x0000006cf5900000,0x0000006cf5a00000)]
  0x000002066371e800 JavaThread "jar transforms Thread 108" [_thread_blocked, id=10212, stack(0x0000006cf5a00000,0x0000006cf5b00000)]
  0x000002066371b000 JavaThread "jar transforms Thread 109" [_thread_blocked, id=11044, stack(0x0000006cf5b00000,0x0000006cf5c00000)]
  0x000002066371c000 JavaThread "jar transforms Thread 110" [_thread_blocked, id=12940, stack(0x0000006cf5c00000,0x0000006cf5d00000)]
  0x000002066371d000 JavaThread "jar transforms Thread 111" [_thread_blocked, id=13528, stack(0x0000006cf5d00000,0x0000006cf5e00000)]
  0x000002066371f800 JavaThread "jar transforms Thread 112" [_thread_blocked, id=15864, stack(0x0000006cf5e00000,0x0000006cf5f00000)]
  0x0000020663719800 JavaThread "jar transforms Thread 113" [_thread_blocked, id=7712, stack(0x0000006cf5f00000,0x0000006cf6000000)]
  0x0000020663721800 JavaThread "Memory manager" [_thread_blocked, id=15140, stack(0x0000006cee000000,0x0000006cee100000)]
  0x0000020664d12800 JavaThread "ForkJoinPool.commonPool-worker-3" daemon [_thread_blocked, id=8004, stack(0x0000006cf6a00000,0x0000006cf6b00000)]
  0x0000020664d14000 JavaThread "ForkJoinPool.commonPool-worker-5" daemon [_thread_blocked, id=8640, stack(0x0000006cf6b00000,0x0000006cf6c00000)]
  0x0000020664d11800 JavaThread "ForkJoinPool.commonPool-worker-7" daemon [_thread_blocked, id=12728, stack(0x0000006cf6c00000,0x0000006cf6d00000)]
  0x0000020664d15000 JavaThread "ForkJoinPool.commonPool-worker-9" daemon [_thread_blocked, id=8736, stack(0x0000006cf6d00000,0x0000006cf6e00000)]
  0x0000020664d1b800 JavaThread "ForkJoinPool.commonPool-worker-13" daemon [_thread_blocked, id=13996, stack(0x0000006cf6e00000,0x0000006cf6f00000)]
  0x0000020664d1a000 JavaThread "ForkJoinPool.commonPool-worker-11" daemon [_thread_blocked, id=7340, stack(0x0000006cf6f00000,0x0000006cf7000000)]
  0x0000020664d1c800 JavaThread "ForkJoinPool.commonPool-worker-15" daemon [_thread_blocked, id=5340, stack(0x0000006cf7600000,0x0000006cf7700000)]
  0x0000020664d16800 JavaThread "Handler for socket connection from /127.0.0.1:59554 to /127.0.0.1:59571" [_thread_in_native, id=1484, stack(0x0000006ced000000,0x0000006ced100000)]
  0x0000020664d13800 JavaThread "Cancel handler" [_thread_blocked, id=10592, stack(0x0000006ced100000,0x0000006ced200000)]
  0x0000020664d1d000 JavaThread "Asynchronous log dispatcher for DefaultDaemonConnection: socket connection from /127.0.0.1:59554 to /127.0.0.1:59571" [_thread_blocked, id=15340, stack(0x0000006ced400000,0x0000006ced500000)]
  0x0000020664d18000 JavaThread "Stdin handler" [_thread_blocked, id=13268, stack(0x0000006ced500000,0x0000006ced600000)]
  0x0000020664d1a800 JavaThread "Thread-165" [_thread_blocked, id=12128, stack(0x0000006ced600000,0x0000006ced700000)]
  0x0000020664d17800 JavaThread "Cache worker for file hash cache (D:\allandroidprojects\NewsApp\.gradle\6.5\fileHashes)" [_thread_blocked, id=13936, stack(0x0000006cedf00000,0x0000006cee000000)]
  0x0000020664d1e000 JavaThread "Cache worker for checksums cache (D:\allandroidprojects\NewsApp\.gradle\checksums)" [_thread_blocked, id=10896, stack(0x0000006cee100000,0x0000006cee200000)]
  0x0000020664d1e800 JavaThread "Cache worker for cache directory md-supplier (C:\Users\Admin\.gradle\caches\6.5\md-supplier)" [_thread_blocked, id=8188, stack(0x0000006cee200000,0x0000006cee300000)]
  0x0000020664d19000 JavaThread "Cache worker for cache directory md-rule (C:\Users\Admin\.gradle\caches\6.5\md-rule)" [_thread_blocked, id=15908, stack(0x0000006cee300000,0x0000006cee400000)]
  0x0000020664d22000 JavaThread "Build operations" [_thread_in_Java, id=15644, stack(0x0000006cee400000,0x0000006cee500000)]
  0x0000020664d23000 JavaThread "Build operations Thread 2" [_thread_blocked, id=12616, stack(0x0000006cee800000,0x0000006cee900000)]
  0x0000020664d20800 JavaThread "Build operations Thread 3" [_thread_in_vm, id=13920, stack(0x0000006cee900000,0x0000006ceea00000)]
  0x0000020664d25800 JavaThread "Build operations Thread 4" [_thread_in_Java, id=11112, stack(0x0000006ceea00000,0x0000006ceeb00000)]
  0x0000020664d21000 JavaThread "Build operations Thread 5" [_thread_in_Java, id=588, stack(0x0000006ceeb00000,0x0000006ceec00000)]
  0x0000020664d23800 JavaThread "Build operations Thread 6" [_thread_in_Java, id=12328, stack(0x0000006ceec00000,0x0000006ceed00000)]
  0x0000020664d24800 JavaThread "Build operations Thread 7" [_thread_in_Java, id=1920, stack(0x0000006ceed00000,0x0000006ceee00000)]
  0x0000020664d1f800 JavaThread "Build operations Thread 8" [_thread_in_Java, id=13600, stack(0x0000006ceee00000,0x0000006ceef00000)]
  0x0000020664d26000 JavaThread "Cache worker for Build Output Cleanup Cache (D:\allandroidprojects\NewsApp\.gradle\buildOutputCleanup)" [_thread_blocked, id=7576, stack(0x0000006ceef00000,0x0000006cef000000)]
  0x0000020664d2c000 JavaThread "Cache worker for file content cache (D:\allandroidprojects\NewsApp\.gradle\6.5\fileContent)" [_thread_blocked, id=15008, stack(0x0000006cf6000000,0x0000006cf6100000)]
  0x0000020664d2b000 JavaThread "Execution worker for ':'" [_thread_blocked, id=1620, stack(0x0000006cf6100000,0x0000006cf6200000)]
  0x0000020664d2a000 JavaThread "Execution worker for ':' Thread 2" [_thread_blocked, id=5112, stack(0x0000006cf6200000,0x0000006cf6300000)]
  0x0000020664d27800 JavaThread "Execution worker for ':' Thread 3" [_thread_blocked, id=10500, stack(0x0000006cf6300000,0x0000006cf6400000)]
  0x0000020664d28800 JavaThread "Execution worker for ':' Thread 4" [_thread_blocked, id=14620, stack(0x0000006cf6400000,0x0000006cf6500000)]
  0x0000020664d29800 JavaThread "Execution worker for ':' Thread 5" [_thread_blocked, id=1904, stack(0x0000006cf6500000,0x0000006cf6600000)]
  0x0000020664d2c800 JavaThread "Execution worker for ':' Thread 6" [_thread_blocked, id=14884, stack(0x0000006cf6600000,0x0000006cf6700000)]
  0x0000020664d27000 JavaThread "Execution worker for ':' Thread 7" [_thread_blocked, id=11404, stack(0x0000006cf6700000,0x0000006cf6800000)]
  0x0000020664d2d800 JavaThread "Cache worker for execution history cache (D:\allandroidprojects\NewsApp\.gradle\6.5\executionHistory)" [_thread_blocked, id=7820, stack(0x0000006cf6800000,0x0000006cf6900000)]
  0x0000020664d30800 JavaThread "WorkerExecutor Queue" [_thread_blocked, id=6340, stack(0x0000006cf6900000,0x0000006cf6a00000)]

Other Threads:
  0x000002065eb4c800 VMThread "VM Thread" [stack: 0x0000006cebd00000,0x0000006cebe00000] [id=14748]
  0x000002065f655800 WatcherThread [stack: 0x0000006cec700000,0x0000006cec800000] [id=14872]
  0x000002063fb84000 GCTaskThread "GC Thread#0" [stack: 0x0000006ceb800000,0x0000006ceb900000] [id=16248]
  0x000002065fffc000 GCTaskThread "GC Thread#1" [stack: 0x0000006cec900000,0x0000006ceca00000] [id=12376]
  0x000002066001e000 GCTaskThread "GC Thread#2" [stack: 0x0000006ceca00000,0x0000006cecb00000] [id=8892]
  0x0000020661730000 GCTaskThread "GC Thread#3" [stack: 0x0000006ced800000,0x0000006ced900000] [id=1380]
  0x000002066151a000 GCTaskThread "GC Thread#4" [stack: 0x0000006ced900000,0x0000006ceda00000] [id=10312]
  0x0000020660799800 GCTaskThread "GC Thread#5" [stack: 0x0000006ceda00000,0x0000006cedb00000] [id=13344]
  0x0000020660c62800 GCTaskThread "GC Thread#6" [stack: 0x0000006cedb00000,0x0000006cedc00000] [id=8420]
  0x000002066170c000 GCTaskThread "GC Thread#7" [stack: 0x0000006cedc00000,0x0000006cedd00000] [id=13384]
  0x000002063fbb4000 ConcurrentGCThread "G1 Main Marker" [stack: 0x0000006ceb900000,0x0000006ceba00000] [id=14152]
  0x000002063fbb5800 ConcurrentGCThread "G1 Conc#0" [stack: 0x0000006ceba00000,0x0000006cebb00000] [id=8672]
  0x000002066194e800 ConcurrentGCThread "G1 Conc#1" [stack: 0x0000006ced300000,0x0000006ced400000] [id=6728]
  0x000002063fc3e000 ConcurrentGCThread "G1 Refine#0" [stack: 0x0000006cebb00000,0x0000006cebc00000] [id=14320]
  0x0000020663e0c000 ConcurrentGCThread "G1 Refine#1" [stack: 0x0000006cf7300000,0x0000006cf7400000] [id=12200]
  0x0000020667056000 ConcurrentGCThread "G1 Refine#2" [stack: 0x0000006cf7400000,0x0000006cf7500000] [id=9256]
  0x000002065fb90000 ConcurrentGCThread "G1 Refine#3" [stack: 0x0000006cf7500000,0x0000006cf7600000] [id=13636]
  0x0000020667c1e000 ConcurrentGCThread "G1 Refine#4" [stack: 0x0000006cf7e00000,0x0000006cf7f00000] [id=1032]
  0x0000020667a32800 ConcurrentGCThread "G1 Refine#5" [stack: 0x0000006cf7f00000,0x0000006cf8000000] [id=9944]
  0x0000020667a11000 ConcurrentGCThread "G1 Refine#6" [stack: 0x0000006cf8000000,0x0000006cf8100000] [id=13552]
  0x000002065e99c800 ConcurrentGCThread "G1 Young RemSet Sampling" [stack: 0x0000006cebc00000,0x0000006cebd00000] [id=3640]

Threads with active compile tasks:
C2 CompilerThread0  52436 15438       4       com.android.tools.r8.utils.T::d (290 bytes)
C1 CompilerThread0  52436 15822 %     3       com.android.tools.r8.z.a.a.f::a @ 5599 (6058 bytes)

VM state:not at safepoint (normal execution)

VM Mutex/Monitor currently owned by a thread: None

OutOfMemory and StackOverflow Exception counts:
OutOfMemoryError java_heap_errors=1
LinkageErrors=164

Heap address: 0x0000000080000000, size: 2048 MB, Compressed Oops mode: 32-bit
Narrow klass base: 0x0000000000000000, Narrow klass shift: 3
Compressed class space size: 1073741824 Address: 0x0000000100000000

Heap:
 garbage-first heap   total 274432K, used 142862K [0x0000000080000000, 0x0000000100000000)
  region size 1024K, 21 young (21504K), 10 survivors (10240K)
 Metaspace       used 103184K, capacity 105926K, committed 106112K, reserved 1140736K
  class space    used 13120K, capacity 14151K, committed 14208K, reserved 1048576K
Heap Regions: E=young(eden), S=young(survivor), O=old, HS=humongous(starts), HC=humongous(continues), CS=collection set, F=free, A=archive, TAMS=top-at-mark-start (previous, next)
|   0|0x0000000080000000, 0x0000000080100000, 0x0000000080100000|100%| O|  |TAMS 0x0000000080100000, 0x0000000080000000| Untracked 
|   1|0x0000000080100000, 0x0000000080200000, 0x0000000080200000|100%| O|  |TAMS 0x0000000080200000, 0x0000000080100000| Untracked 
|   2|0x0000000080200000, 0x0000000080300000, 0x0000000080300000|100%| O|  |TAMS 0x0000000080300000, 0x0000000080200000| Untracked 
|   3|0x0000000080300000, 0x0000000080400000, 0x0000000080400000|100%|HS|  |TAMS 0x0000000080400000, 0x0000000080300000| Complete 
|   4|0x0000000080400000, 0x0000000080500000, 0x0000000080500000|100%|HC|  |TAMS 0x0000000080500000, 0x0000000080400000| Complete 
|   5|0x0000000080500000, 0x0000000080600000, 0x0000000080600000|100%|HC|  |TAMS 0x0000000080600000, 0x0000000080500000| Complete 
|   6|0x0000000080600000, 0x0000000080700000, 0x0000000080700000|100%| O|  |TAMS 0x0000000080700000, 0x0000000080600000| Untracked 
|   7|0x0000000080700000, 0x0000000080800000, 0x0000000080800000|100%| O|  |TAMS 0x0000000080800000, 0x0000000080700000| Untracked 
|   8|0x0000000080800000, 0x0000000080900000, 0x0000000080900000|100%| O|  |TAMS 0x0000000080900000, 0x0000000080800000| Untracked 
|   9|0x0000000080900000, 0x0000000080a00000, 0x0000000080a00000|100%| O|  |TAMS 0x0000000080a00000, 0x0000000080900000| Untracked 
|  10|0x0000000080a00000, 0x0000000080b00000, 0x0000000080b00000|100%| O|  |TAMS 0x0000000080b00000, 0x0000000080a00000| Untracked 
|  11|0x0000000080b00000, 0x0000000080c00000, 0x0000000080c00000|100%| O|  |TAMS 0x0000000080c00000, 0x0000000080b00000| Untracked 
|  12|0x0000000080c00000, 0x0000000080d00000, 0x0000000080d00000|100%| O|  |TAMS 0x0000000080d00000, 0x0000000080c00000| Untracked 
|  13|0x0000000080d00000, 0x0000000080e00000, 0x0000000080e00000|100%| O|  |TAMS 0x0000000080e00000, 0x0000000080d00000| Untracked 
|  14|0x0000000080e00000, 0x0000000080f00000, 0x0000000080f00000|100%| O|  |TAMS 0x0000000080f00000, 0x0000000080e00000| Untracked 
|  15|0x0000000080f00000, 0x0000000081000000, 0x0000000081000000|100%| O|  |TAMS 0x0000000081000000, 0x0000000080f00000| Untracked 
|  16|0x0000000081000000, 0x0000000081100000, 0x0000000081100000|100%| O|  |TAMS 0x0000000081100000, 0x0000000081000000| Untracked 
|  17|0x0000000081100000, 0x0000000081200000, 0x0000000081200000|100%| O|  |TAMS 0x0000000081200000, 0x0000000081100000| Untracked 
|  18|0x0000000081200000, 0x0000000081300000, 0x0000000081300000|100%| O|  |TAMS 0x0000000081300000, 0x0000000081200000| Untracked 
|  19|0x0000000081300000, 0x0000000081400000, 0x0000000081400000|100%| O|  |TAMS 0x0000000081400000, 0x0000000081300000| Untracked 
|  20|0x0000000081400000, 0x0000000081500000, 0x0000000081500000|100%| O|  |TAMS 0x0000000081500000, 0x0000000081400000| Untracked 
|  21|0x0000000081500000, 0x0000000081600000, 0x0000000081600000|100%|HS|  |TAMS 0x0000000081600000, 0x0000000081500000| Complete 
|  22|0x0000000081600000, 0x0000000081700000, 0x0000000081700000|100%|HS|  |TAMS 0x0000000081700000, 0x0000000081600000| Complete 
|  23|0x0000000081700000, 0x0000000081800000, 0x0000000081800000|100%|HC|  |TAMS 0x0000000081800000, 0x0000000081700000| Complete 
|  24|0x0000000081800000, 0x0000000081900000, 0x0000000081900000|100%|HC|  |TAMS 0x0000000081900000, 0x0000000081800000| Complete 
|  25|0x0000000081900000, 0x0000000081a00000, 0x0000000081a00000|100%|HS|  |TAMS 0x0000000081a00000, 0x0000000081900000| Complete 
|  26|0x0000000081a00000, 0x0000000081b00000, 0x0000000081b00000|100%|HC|  |TAMS 0x0000000081b00000, 0x0000000081a00000| Complete 
|  27|0x0000000081b00000, 0x0000000081c00000, 0x0000000081c00000|100%| O|  |TAMS 0x0000000081c00000, 0x0000000081b00000| Untracked 
|  28|0x0000000081c00000, 0x0000000081d00000, 0x0000000081d00000|100%| O|  |TAMS 0x0000000081d00000, 0x0000000081c00000| Untracked 
|  29|0x0000000081d00000, 0x0000000081e00000, 0x0000000081e00000|100%| O|  |TAMS 0x0000000081e00000, 0x0000000081d00000| Untracked 
|  30|0x0000000081e00000, 0x0000000081f00000, 0x0000000081f00000|100%| O|  |TAMS 0x0000000081f00000, 0x0000000081e00000| Untracked 
|  31|0x0000000081f00000, 0x0000000082000000, 0x0000000082000000|100%| O|  |TAMS 0x0000000082000000, 0x0000000081f00000| Untracked 
|  32|0x0000000082000000, 0x0000000082100000, 0x0000000082100000|100%| O|  |TAMS 0x0000000082100000, 0x0000000082000000| Untracked 
|  33|0x0000000082100000, 0x0000000082200000, 0x0000000082200000|100%| O|  |TAMS 0x0000000082200000, 0x0000000082100000| Untracked 
|  34|0x0000000082200000, 0x0000000082300000, 0x0000000082300000|100%| O|  |TAMS 0x0000000082300000, 0x0000000082200000| Untracked 
|  35|0x0000000082300000, 0x0000000082400000, 0x0000000082400000|100%| O|  |TAMS 0x0000000082400000, 0x0000000082300000| Untracked 
|  36|0x0000000082400000, 0x0000000082500000, 0x0000000082500000|100%| O|  |TAMS 0x0000000082500000, 0x0000000082400000| Untracked 
|  37|0x0000000082500000, 0x0000000082600000, 0x0000000082600000|100%| O|  |TAMS 0x0000000082600000, 0x0000000082500000| Untracked 
|  38|0x0000000082600000, 0x0000000082700000, 0x0000000082700000|100%| O|  |TAMS 0x0000000082700000, 0x0000000082600000| Untracked 
|  39|0x0000000082700000, 0x0000000082800000, 0x0000000082800000|100%| O|  |TAMS 0x0000000082800000, 0x0000000082700000| Untracked 
|  40|0x0000000082800000, 0x0000000082900000, 0x0000000082900000|100%| O|  |TAMS 0x0000000082900000, 0x0000000082800000| Untracked 
|  41|0x0000000082900000, 0x0000000082a00000, 0x0000000082a00000|100%| O|  |TAMS 0x0000000082a00000, 0x0000000082900000| Untracked 
|  42|0x0000000082a00000, 0x0000000082b00000, 0x0000000082b00000|100%| O|  |TAMS 0x0000000082b00000, 0x0000000082a00000| Untracked 
|  43|0x0000000082b00000, 0x0000000082c00000, 0x0000000082c00000|100%| O|  |TAMS 0x0000000082c00000, 0x0000000082b00000| Untracked 
|  44|0x0000000082c00000, 0x0000000082d00000, 0x0000000082d00000|100%| O|  |TAMS 0x0000000082d00000, 0x0000000082c00000| Untracked 
|  45|0x0000000082d00000, 0x0000000082e00000, 0x0000000082e00000|100%| O|  |TAMS 0x0000000082e00000, 0x0000000082d00000| Untracked 
|  46|0x0000000082e00000, 0x0000000082f00000, 0x0000000082f00000|100%| O|  |TAMS 0x0000000082f00000, 0x0000000082e00000| Untracked 
|  47|0x0000000082f00000, 0x0000000083000000, 0x0000000083000000|100%| O|  |TAMS 0x0000000083000000, 0x0000000082f00000| Untracked 
|  48|0x0000000083000000, 0x0000000083100000, 0x0000000083100000|100%| O|  |TAMS 0x0000000083100000, 0x0000000083000000| Untracked 
|  49|0x0000000083100000, 0x0000000083200000, 0x0000000083200000|100%| O|  |TAMS 0x0000000083200000, 0x0000000083100000| Untracked 
|  50|0x0000000083200000, 0x0000000083300000, 0x0000000083300000|100%| O|  |TAMS 0x0000000083300000, 0x0000000083200000| Untracked 
|  51|0x0000000083300000, 0x0000000083400000, 0x0000000083400000|100%| O|  |TAMS 0x0000000083400000, 0x0000000083300000| Untracked 
|  52|0x0000000083400000, 0x0000000083500000, 0x0000000083500000|100%| O|  |TAMS 0x0000000083500000, 0x0000000083400000| Untracked 
|  53|0x0000000083500000, 0x0000000083600000, 0x0000000083600000|100%| O|  |TAMS 0x0000000083600000, 0x0000000083500000| Untracked 
|  54|0x0000000083600000, 0x0000000083700000, 0x0000000083700000|100%| O|  |TAMS 0x0000000083700000, 0x0000000083600000| Untracked 
|  55|0x0000000083700000, 0x0000000083800000, 0x0000000083800000|100%| O|  |TAMS 0x0000000083800000, 0x0000000083700000| Untracked 
|  56|0x0000000083800000, 0x0000000083900000, 0x0000000083900000|100%| O|  |TAMS 0x0000000083900000, 0x0000000083800000| Untracked 
|  57|0x0000000083900000, 0x0000000083a00000, 0x0000000083a00000|100%| O|  |TAMS 0x0000000083a00000, 0x0000000083900000| Untracked 
|  58|0x0000000083a00000, 0x0000000083b00000, 0x0000000083b00000|100%| O|  |TAMS 0x0000000083b00000, 0x0000000083a00000| Untracked 
|  59|0x0000000083b00000, 0x0000000083c00000, 0x0000000083c00000|100%| O|  |TAMS 0x0000000083c00000, 0x0000000083b00000| Untracked 
|  60|0x0000000083c00000, 0x0000000083d00000, 0x0000000083d00000|100%| O|  |TAMS 0x0000000083d00000, 0x0000000083c00000| Untracked 
|  61|0x0000000083d00000, 0x0000000083e00000, 0x0000000083e00000|100%| O|  |TAMS 0x0000000083e00000, 0x0000000083d00000| Untracked 
|  62|0x0000000083e00000, 0x0000000083f00000, 0x0000000083f00000|100%| O|  |TAMS 0x0000000083e00000, 0x0000000083e00000| Untracked 
|  63|0x0000000083f00000, 0x0000000084000000, 0x0000000084000000|100%| O|  |TAMS 0x0000000083f00000, 0x0000000083f00000| Untracked 
|  64|0x0000000084000000, 0x0000000084100000, 0x0000000084100000|100%| O|  |TAMS 0x0000000084100000, 0x0000000084000000| Untracked 
|  65|0x0000000084100000, 0x0000000084200000, 0x0000000084200000|100%| O|  |TAMS 0x0000000084200000, 0x0000000084100000| Untracked 
|  66|0x0000000084200000, 0x0000000084300000, 0x0000000084300000|100%| O|  |TAMS 0x0000000084300000, 0x0000000084200000| Untracked 
|  67|0x0000000084300000, 0x0000000084400000, 0x0000000084400000|100%| O|  |TAMS 0x0000000084400000, 0x0000000084300000| Untracked 
|  68|0x0000000084400000, 0x0000000084500000, 0x0000000084500000|100%| O|  |TAMS 0x0000000084500000, 0x0000000084400000| Untracked 
|  69|0x0000000084500000, 0x0000000084600000, 0x0000000084600000|100%| O|  |TAMS 0x0000000084600000, 0x0000000084500000| Untracked 
|  70|0x0000000084600000, 0x0000000084700000, 0x0000000084700000|100%| O|  |TAMS 0x0000000084700000, 0x0000000084600000| Untracked 
|  71|0x0000000084700000, 0x0000000084800000, 0x0000000084800000|100%| O|  |TAMS 0x0000000084800000, 0x0000000084700000| Untracked 
|  72|0x0000000084800000, 0x0000000084900000, 0x0000000084900000|100%| O|  |TAMS 0x00000000848d7200, 0x0000000084800000| Untracked 
|  73|0x0000000084900000, 0x0000000084a00000, 0x0000000084a00000|100%| O|  |TAMS 0x0000000084a00000, 0x0000000084900000| Untracked 
|  74|0x0000000084a00000, 0x0000000084b00000, 0x0000000084b00000|100%| O|  |TAMS 0x0000000084b00000, 0x0000000084a00000| Untracked 
|  75|0x0000000084b00000, 0x0000000084c00000, 0x0000000084c00000|100%| O|  |TAMS 0x0000000084c00000, 0x0000000084b00000| Untracked 
|  76|0x0000000084c00000, 0x0000000084d00000, 0x0000000084d00000|100%| O|  |TAMS 0x0000000084c00000, 0x0000000084c00000| Untracked 
|  77|0x0000000084d00000, 0x0000000084e00000, 0x0000000084e00000|100%| O|  |TAMS 0x0000000084e00000, 0x0000000084d00000| Untracked 
|  78|0x0000000084e00000, 0x0000000084f00000, 0x0000000084f00000|100%| O|  |TAMS 0x0000000084f00000, 0x0000000084e00000| Untracked 
|  79|0x0000000084f00000, 0x0000000085000000, 0x0000000085000000|100%| O|  |TAMS 0x0000000084f00000, 0x0000000084f00000| Untracked 
|  80|0x0000000085000000, 0x0000000085100000, 0x0000000085100000|100%| O|  |TAMS 0x0000000085000000, 0x0000000085000000| Untracked 
|  81|0x0000000085100000, 0x0000000085200000, 0x0000000085200000|100%| O|  |TAMS 0x0000000085200000, 0x0000000085100000| Untracked 
|  82|0x0000000085200000, 0x0000000085300000, 0x0000000085300000|100%| O|  |TAMS 0x0000000085200000, 0x0000000085200000| Untracked 
|  83|0x0000000085300000, 0x0000000085400000, 0x0000000085400000|100%| O|  |TAMS 0x0000000085300000, 0x0000000085300000| Untracked 
|  84|0x0000000085400000, 0x0000000085500000, 0x0000000085500000|100%| O|  |TAMS 0x0000000085400000, 0x0000000085400000| Untracked 
|  85|0x0000000085500000, 0x0000000085600000, 0x0000000085600000|100%| O|  |TAMS 0x0000000085500000, 0x0000000085500000| Untracked 
|  86|0x0000000085600000, 0x0000000085700000, 0x0000000085700000|100%| O|  |TAMS 0x0000000085600000, 0x0000000085600000| Untracked 
|  87|0x0000000085700000, 0x0000000085800000, 0x0000000085800000|100%| O|  |TAMS 0x0000000085700000, 0x0000000085700000| Untracked 
|  88|0x0000000085800000, 0x0000000085900000, 0x0000000085900000|100%| O|  |TAMS 0x0000000085800000, 0x0000000085800000| Untracked 
|  89|0x0000000085900000, 0x0000000085a00000, 0x0000000085a00000|100%| O|  |TAMS 0x0000000085900000, 0x0000000085900000| Untracked 
|  90|0x0000000085a00000, 0x0000000085b00000, 0x0000000085b00000|100%| O|  |TAMS 0x0000000085a00000, 0x0000000085a00000| Untracked 
|  91|0x0000000085b00000, 0x0000000085c00000, 0x0000000085c00000|100%| O|  |TAMS 0x0000000085b00000, 0x0000000085b00000| Untracked 
|  92|0x0000000085c00000, 0x0000000085d00000, 0x0000000085d00000|100%| O|  |TAMS 0x0000000085c00000, 0x0000000085c00000| Untracked 
|  93|0x0000000085d00000, 0x0000000085e00000, 0x0000000085e00000|100%| O|  |TAMS 0x0000000085d00000, 0x0000000085d00000| Untracked 
|  94|0x0000000085e00000, 0x0000000085f00000, 0x0000000085f00000|100%| O|  |TAMS 0x0000000085e00000, 0x0000000085e00000| Untracked 
|  95|0x0000000085f00000, 0x0000000086000000, 0x0000000086000000|100%| O|  |TAMS 0x0000000085f00000, 0x0000000085f00000| Untracked 
|  96|0x0000000086000000, 0x0000000086100000, 0x0000000086100000|100%| O|  |TAMS 0x0000000086100000, 0x0000000086000000| Untracked 
|  97|0x0000000086100000, 0x0000000086200000, 0x0000000086200000|100%| O|  |TAMS 0x0000000086200000, 0x0000000086100000| Untracked 
|  98|0x0000000086200000, 0x0000000086300000, 0x0000000086300000|100%| O|  |TAMS 0x0000000086200000, 0x0000000086200000| Untracked 
|  99|0x0000000086300000, 0x0000000086400000, 0x0000000086400000|100%| O|  |TAMS 0x0000000086300000, 0x0000000086300000| Untracked 
| 100|0x0000000086400000, 0x0000000086500000, 0x0000000086500000|100%| O|  |TAMS 0x0000000086400000, 0x0000000086400000| Untracked 
| 101|0x0000000086500000, 0x0000000086600000, 0x0000000086600000|100%| O|  |TAMS 0x0000000086600000, 0x0000000086500000| Untracked 
| 102|0x0000000086600000, 0x0000000086700000, 0x0000000086700000|100%| O|  |TAMS 0x0000000086700000, 0x0000000086600000| Untracked 
| 103|0x0000000086700000, 0x0000000086800000, 0x0000000086800000|100%| O|  |TAMS 0x0000000086800000, 0x0000000086700000| Untracked 
| 104|0x0000000086800000, 0x0000000086900000, 0x0000000086900000|100%| O|  |TAMS 0x0000000086900000, 0x0000000086800000| Untracked 
| 105|0x0000000086900000, 0x0000000086a00000, 0x0000000086a00000|100%| O|  |TAMS 0x0000000086a00000, 0x0000000086900000| Untracked 
| 106|0x0000000086a00000, 0x0000000086b00000, 0x0000000086b00000|100%| O|  |TAMS 0x0000000086b00000, 0x0000000086a00000| Untracked 
| 107|0x0000000086b00000, 0x0000000086b83800, 0x0000000086c00000| 51%| O|  |TAMS 0x0000000086b00000, 0x0000000086b00000| Untracked 
| 108|0x0000000086c00000, 0x0000000086c00000, 0x0000000086d00000|  0%| F|  |TAMS 0x0000000086c00000, 0x0000000086c00000| Untracked 
| 109|0x0000000086d00000, 0x0000000086d00000, 0x0000000086e00000|  0%| F|  |TAMS 0x0000000086d00000, 0x0000000086d00000| Untracked 
| 110|0x0000000086e00000, 0x0000000086f00000, 0x0000000086f00000|100%| O|  |TAMS 0x0000000086e00000, 0x0000000086e00000| Untracked 
| 111|0x0000000086f00000, 0x0000000086f00000, 0x0000000087000000|  0%| F|  |TAMS 0x0000000086f00000, 0x0000000086f00000| Untracked 
| 112|0x0000000087000000, 0x0000000087000000, 0x0000000087100000|  0%| F|  |TAMS 0x0000000087000000, 0x0000000087000000| Untracked 
| 113|0x0000000087100000, 0x0000000087100000, 0x0000000087200000|  0%| F|  |TAMS 0x0000000087100000, 0x0000000087100000| Untracked 
| 114|0x0000000087200000, 0x0000000087300000, 0x0000000087300000|100%| O|  |TAMS 0x0000000087200000, 0x0000000087200000| Untracked 
| 115|0x0000000087300000, 0x0000000087300000, 0x0000000087400000|  0%| F|  |TAMS 0x0000000087300000, 0x0000000087300000| Untracked 
| 116|0x0000000087400000, 0x0000000087400000, 0x0000000087500000|  0%| F|  |TAMS 0x0000000087400000, 0x0000000087400000| Untracked 
| 117|0x0000000087500000, 0x0000000087500000, 0x0000000087600000|  0%| F|  |TAMS 0x0000000087500000, 0x0000000087500000| Untracked 
| 118|0x0000000087600000, 0x0000000087600000, 0x0000000087700000|  0%| F|  |TAMS 0x0000000087600000, 0x0000000087600000| Untracked 
| 119|0x0000000087700000, 0x0000000087700000, 0x0000000087800000|  0%| F|  |TAMS 0x0000000087700000, 0x0000000087700000| Untracked 
| 120|0x0000000087800000, 0x0000000087900000, 0x0000000087900000|100%| O|  |TAMS 0x0000000087800000, 0x0000000087800000| Untracked 
| 121|0x0000000087900000, 0x0000000087900000, 0x0000000087a00000|  0%| F|  |TAMS 0x0000000087900000, 0x0000000087900000| Untracked 
| 122|0x0000000087a00000, 0x0000000087a00000, 0x0000000087b00000|  0%| F|  |TAMS 0x0000000087a00000, 0x0000000087a00000| Untracked 
| 123|0x0000000087b00000, 0x0000000087b00000, 0x0000000087c00000|  0%| F|  |TAMS 0x0000000087b00000, 0x0000000087b00000| Untracked 
| 124|0x0000000087c00000, 0x0000000087c00000, 0x0000000087d00000|  0%| F|  |TAMS 0x0000000087c00000, 0x0000000087c00000| Untracked 
| 125|0x0000000087d00000, 0x0000000087d00000, 0x0000000087e00000|  0%| F|  |TAMS 0x0000000087d00000, 0x0000000087d00000| Untracked 
| 126|0x0000000087e00000, 0x0000000087e00000, 0x0000000087f00000|  0%| F|  |TAMS 0x0000000087e00000, 0x0000000087e00000| Untracked 
| 127|0x0000000087f00000, 0x0000000087f00000, 0x0000000088000000|  0%| F|  |TAMS 0x0000000087f00000, 0x0000000087f00000| Untracked 
| 128|0x0000000088000000, 0x0000000088100000, 0x0000000088100000|100%| O|  |TAMS 0x0000000088100000, 0x0000000088000000| Untracked 
| 129|0x0000000088100000, 0x0000000088200000, 0x0000000088200000|100%| O|  |TAMS 0x0000000088200000, 0x0000000088100000| Untracked 
| 130|0x0000000088200000, 0x0000000088300000, 0x0000000088300000|100%| O|  |TAMS 0x0000000088300000, 0x0000000088200000| Untracked 
| 131|0x0000000088300000, 0x0000000088300000, 0x0000000088400000|  0%| F|  |TAMS 0x0000000088300000, 0x0000000088300000| Untracked 
| 132|0x0000000088400000, 0x0000000088400000, 0x0000000088500000|  0%| F|  |TAMS 0x0000000088400000, 0x0000000088400000| Untracked 
| 133|0x0000000088500000, 0x0000000088500000, 0x0000000088600000|  0%| F|  |TAMS 0x0000000088500000, 0x0000000088500000| Untracked 
| 134|0x0000000088600000, 0x0000000088700000, 0x0000000088700000|100%| O|  |TAMS 0x0000000088700000, 0x0000000088600000| Untracked 
| 135|0x0000000088700000, 0x0000000088800000, 0x0000000088800000|100%| O|  |TAMS 0x0000000088800000, 0x0000000088700000| Untracked 
| 136|0x0000000088800000, 0x0000000088900000, 0x0000000088900000|100%| O|  |TAMS 0x0000000088900000, 0x0000000088800000| Untracked 
| 137|0x0000000088900000, 0x0000000088a00000, 0x0000000088a00000|100%| O|  |TAMS 0x0000000088a00000, 0x0000000088900000| Untracked 
| 138|0x0000000088a00000, 0x0000000088a00000, 0x0000000088b00000|  0%| F|  |TAMS 0x0000000088a00000, 0x0000000088a00000| Untracked 
| 139|0x0000000088b00000, 0x0000000088c00000, 0x0000000088c00000|100%| O|  |TAMS 0x0000000088c00000, 0x0000000088b00000| Untracked 
| 140|0x0000000088c00000, 0x0000000088c00000, 0x0000000088d00000|  0%| F|  |TAMS 0x0000000088c00000, 0x0000000088c00000| Untracked 
| 141|0x0000000088d00000, 0x0000000088e00000, 0x0000000088e00000|100%| O|  |TAMS 0x0000000088e00000, 0x0000000088d00000| Untracked 
| 142|0x0000000088e00000, 0x0000000088e00000, 0x0000000088f00000|  0%| F|  |TAMS 0x0000000088e00000, 0x0000000088e00000| Untracked 
| 143|0x0000000088f00000, 0x0000000088f00000, 0x0000000089000000|  0%| F|  |TAMS 0x0000000088f00000, 0x0000000088f00000| Untracked 
| 144|0x0000000089000000, 0x0000000089000000, 0x0000000089100000|  0%| F|  |TAMS 0x0000000089000000, 0x0000000089000000| Untracked 
| 145|0x0000000089100000, 0x0000000089100000, 0x0000000089200000|  0%| F|  |TAMS 0x0000000089100000, 0x0000000089100000| Untracked 
| 146|0x0000000089200000, 0x0000000089200000, 0x0000000089300000|  0%| F|  |TAMS 0x0000000089200000, 0x0000000089200000| Untracked 
| 147|0x0000000089300000, 0x0000000089300000, 0x0000000089400000|  0%| F|  |TAMS 0x0000000089300000, 0x0000000089300000| Untracked 
| 148|0x0000000089400000, 0x0000000089400000, 0x0000000089500000|  0%| F|  |TAMS 0x0000000089400000, 0x0000000089400000| Untracked 
| 149|0x0000000089500000, 0x0000000089500000, 0x0000000089600000|  0%| F|  |TAMS 0x0000000089500000, 0x0000000089500000| Untracked 
| 150|0x0000000089600000, 0x0000000089600000, 0x0000000089700000|  0%| F|  |TAMS 0x0000000089600000, 0x0000000089600000| Untracked 
| 151|0x0000000089700000, 0x0000000089700000, 0x0000000089800000|  0%| F|  |TAMS 0x0000000089700000, 0x0000000089700000| Untracked 
| 152|0x0000000089800000, 0x0000000089800000, 0x0000000089900000|  0%| F|  |TAMS 0x0000000089800000, 0x0000000089800000| Untracked 
| 153|0x0000000089900000, 0x0000000089900000, 0x0000000089a00000|  0%| F|  |TAMS 0x0000000089900000, 0x0000000089900000| Untracked 
| 154|0x0000000089a00000, 0x0000000089a00000, 0x0000000089b00000|  0%| F|  |TAMS 0x0000000089a00000, 0x0000000089a00000| Untracked 
| 155|0x0000000089b00000, 0x0000000089b00000, 0x0000000089c00000|  0%| F|  |TAMS 0x0000000089b00000, 0x0000000089b00000| Untracked 
| 156|0x0000000089c00000, 0x0000000089c00000, 0x0000000089d00000|  0%| F|  |TAMS 0x0000000089c00000, 0x0000000089c00000| Untracked 
| 157|0x0000000089d00000, 0x0000000089d00000, 0x0000000089e00000|  0%| F|  |TAMS 0x0000000089d00000, 0x0000000089d00000| Untracked 
| 158|0x0000000089e00000, 0x0000000089e00000, 0x0000000089f00000|  0%| F|  |TAMS 0x0000000089e00000, 0x0000000089e00000| Untracked 
| 159|0x0000000089f00000, 0x0000000089f00000, 0x000000008a000000|  0%| F|  |TAMS 0x0000000089f00000, 0x0000000089f00000| Untracked 
| 160|0x000000008a000000, 0x000000008a000000, 0x000000008a100000|  0%| F|  |TAMS 0x000000008a000000, 0x000000008a000000| Untracked 
| 161|0x000000008a100000, 0x000000008a100000, 0x000000008a200000|  0%| F|  |TAMS 0x000000008a100000, 0x000000008a100000| Untracked 
| 162|0x000000008a200000, 0x000000008a200000, 0x000000008a300000|  0%| F|  |TAMS 0x000000008a200000, 0x000000008a200000| Untracked 
| 163|0x000000008a300000, 0x000000008a300000, 0x000000008a400000|  0%| F|  |TAMS 0x000000008a300000, 0x000000008a300000| Untracked 
| 164|0x000000008a400000, 0x000000008a400000, 0x000000008a500000|  0%| F|  |TAMS 0x000000008a400000, 0x000000008a400000| Untracked 
| 165|0x000000008a500000, 0x000000008a500000, 0x000000008a600000|  0%| F|  |TAMS 0x000000008a500000, 0x000000008a500000| Untracked 
| 166|0x000000008a600000, 0x000000008a600000, 0x000000008a700000|  0%| F|  |TAMS 0x000000008a600000, 0x000000008a600000| Untracked 
| 167|0x000000008a700000, 0x000000008a700000, 0x000000008a800000|  0%| F|  |TAMS 0x000000008a700000, 0x000000008a700000| Untracked 
| 168|0x000000008a800000, 0x000000008a800000, 0x000000008a900000|  0%| F|  |TAMS 0x000000008a800000, 0x000000008a800000| Untracked 
| 169|0x000000008a900000, 0x000000008a900000, 0x000000008aa00000|  0%| F|  |TAMS 0x000000008a900000, 0x000000008a900000| Untracked 
| 170|0x000000008aa00000, 0x000000008aa00000, 0x000000008ab00000|  0%| F|  |TAMS 0x000000008aa00000, 0x000000008aa00000| Untracked 
| 171|0x000000008ab00000, 0x000000008ab00000, 0x000000008ac00000|  0%| F|  |TAMS 0x000000008ab00000, 0x000000008ab00000| Untracked 
| 172|0x000000008ac00000, 0x000000008ac00000, 0x000000008ad00000|  0%| F|  |TAMS 0x000000008ac00000, 0x000000008ac00000| Untracked 
| 173|0x000000008ad00000, 0x000000008ad00000, 0x000000008ae00000|  0%| F|  |TAMS 0x000000008ad00000, 0x000000008ad00000| Untracked 
| 174|0x000000008ae00000, 0x000000008ae00000, 0x000000008af00000|  0%| F|  |TAMS 0x000000008ae00000, 0x000000008ae00000| Untracked 
| 175|0x000000008af00000, 0x000000008af00000, 0x000000008b000000|  0%| F|  |TAMS 0x000000008af00000, 0x000000008af00000| Untracked 
| 176|0x000000008b000000, 0x000000008b000000, 0x000000008b100000|  0%| F|  |TAMS 0x000000008b000000, 0x000000008b000000| Untracked 
| 177|0x000000008b100000, 0x000000008b100000, 0x000000008b200000|  0%| F|  |TAMS 0x000000008b100000, 0x000000008b100000| Untracked 
| 178|0x000000008b200000, 0x000000008b200000, 0x000000008b300000|  0%| F|  |TAMS 0x000000008b200000, 0x000000008b200000| Untracked 
| 179|0x000000008b300000, 0x000000008b300000, 0x000000008b400000|  0%| F|  |TAMS 0x000000008b300000, 0x000000008b300000| Untracked 
| 180|0x000000008b400000, 0x000000008b400000, 0x000000008b500000|  0%| F|  |TAMS 0x000000008b400000, 0x000000008b400000| Untracked 
| 181|0x000000008b500000, 0x000000008b500000, 0x000000008b600000|  0%| F|  |TAMS 0x000000008b500000, 0x000000008b500000| Untracked 
| 182|0x000000008b600000, 0x000000008b600000, 0x000000008b700000|  0%| F|  |TAMS 0x000000008b600000, 0x000000008b600000| Untracked 
| 183|0x000000008b700000, 0x000000008b700000, 0x000000008b800000|  0%| F|  |TAMS 0x000000008b700000, 0x000000008b700000| Untracked 
| 184|0x000000008b800000, 0x000000008b800000, 0x000000008b900000|  0%| F|  |TAMS 0x000000008b800000, 0x000000008b800000| Untracked 
| 185|0x000000008b900000, 0x000000008b900000, 0x000000008ba00000|  0%| F|  |TAMS 0x000000008b900000, 0x000000008b900000| Untracked 
| 186|0x000000008ba00000, 0x000000008ba00000, 0x000000008bb00000|  0%| F|  |TAMS 0x000000008ba00000, 0x000000008ba00000| Untracked 
| 187|0x000000008bb00000, 0x000000008bb00000, 0x000000008bc00000|  0%| F|  |TAMS 0x000000008bb00000, 0x000000008bb00000| Untracked 
| 188|0x000000008bc00000, 0x000000008bc00000, 0x000000008bd00000|  0%| F|  |TAMS 0x000000008bc00000, 0x000000008bc00000| Untracked 
| 189|0x000000008bd00000, 0x000000008be00000, 0x000000008be00000|100%| S|CS|TAMS 0x000000008bd00000, 0x000000008bd00000| Complete 
| 190|0x000000008be00000, 0x000000008bf00000, 0x000000008bf00000|100%| S|CS|TAMS 0x000000008be00000, 0x000000008be00000| Complete 
| 191|0x000000008bf00000, 0x000000008c000000, 0x000000008c000000|100%| S|CS|TAMS 0x000000008bf00000, 0x000000008bf00000| Complete 
| 192|0x000000008c000000, 0x000000008c100000, 0x000000008c100000|100%| S|CS|TAMS 0x000000008c000000, 0x000000008c000000| Complete 
| 193|0x000000008c100000, 0x000000008c200000, 0x000000008c200000|100%| S|CS|TAMS 0x000000008c100000, 0x000000008c100000| Complete 
| 194|0x000000008c200000, 0x000000008c300000, 0x000000008c300000|100%| S|CS|TAMS 0x000000008c200000, 0x000000008c200000| Complete 
| 195|0x000000008c300000, 0x000000008c400000, 0x000000008c400000|100%| S|CS|TAMS 0x000000008c300000, 0x000000008c300000| Complete 
| 196|0x000000008c400000, 0x000000008c500000, 0x000000008c500000|100%| S|CS|TAMS 0x000000008c400000, 0x000000008c400000| Complete 
| 197|0x000000008c500000, 0x000000008c600000, 0x000000008c600000|100%| S|CS|TAMS 0x000000008c500000, 0x000000008c500000| Complete 
| 198|0x000000008c600000, 0x000000008c700000, 0x000000008c700000|100%| S|CS|TAMS 0x000000008c600000, 0x000000008c600000| Complete 
| 199|0x000000008c700000, 0x000000008c700000, 0x000000008c800000|  0%| F|  |TAMS 0x000000008c700000, 0x000000008c700000| Untracked 
| 200|0x000000008c800000, 0x000000008c800000, 0x000000008c900000|  0%| F|  |TAMS 0x000000008c800000, 0x000000008c800000| Untracked 
| 201|0x000000008c900000, 0x000000008c900000, 0x000000008ca00000|  0%| F|  |TAMS 0x000000008c900000, 0x000000008c900000| Untracked 
| 202|0x000000008ca00000, 0x000000008ca00000, 0x000000008cb00000|  0%| F|  |TAMS 0x000000008ca00000, 0x000000008ca00000| Untracked 
| 203|0x000000008cb00000, 0x000000008cb00000, 0x000000008cc00000|  0%| F|  |TAMS 0x000000008cb00000, 0x000000008cb00000| Untracked 
| 204|0x000000008cc00000, 0x000000008cc00000, 0x000000008cd00000|  0%| F|  |TAMS 0x000000008cc00000, 0x000000008cc00000| Untracked 
| 205|0x000000008cd00000, 0x000000008cd00000, 0x000000008ce00000|  0%| F|  |TAMS 0x000000008cd00000, 0x000000008cd00000| Untracked 
| 206|0x000000008ce00000, 0x000000008ce00000, 0x000000008cf00000|  0%| F|  |TAMS 0x000000008ce00000, 0x000000008ce00000| Untracked 
| 207|0x000000008cf00000, 0x000000008cf00000, 0x000000008d000000|  0%| F|  |TAMS 0x000000008cf00000, 0x000000008cf00000| Untracked 
| 208|0x000000008d000000, 0x000000008d000000, 0x000000008d100000|  0%| F|  |TAMS 0x000000008d000000, 0x000000008d000000| Untracked 
| 209|0x000000008d100000, 0x000000008d100000, 0x000000008d200000|  0%| F|  |TAMS 0x000000008d100000, 0x000000008d100000| Untracked 
| 210|0x000000008d200000, 0x000000008d200000, 0x000000008d300000|  0%| F|  |TAMS 0x000000008d200000, 0x000000008d200000| Untracked 
| 211|0x000000008d300000, 0x000000008d300000, 0x000000008d400000|  0%| F|  |TAMS 0x000000008d300000, 0x000000008d300000| Untracked 
| 212|0x000000008d400000, 0x000000008d400000, 0x000000008d500000|  0%| F|  |TAMS 0x000000008d400000, 0x000000008d400000| Untracked 
| 213|0x000000008d500000, 0x000000008d500000, 0x000000008d600000|  0%| F|  |TAMS 0x000000008d500000, 0x000000008d500000| Untracked 
| 214|0x000000008d600000, 0x000000008d600000, 0x000000008d700000|  0%| F|  |TAMS 0x000000008d600000, 0x000000008d600000| Untracked 
| 215|0x000000008d700000, 0x000000008d700000, 0x000000008d800000|  0%| F|  |TAMS 0x000000008d700000, 0x000000008d700000| Untracked 
| 216|0x000000008d800000, 0x000000008d800000, 0x000000008d900000|  0%| F|  |TAMS 0x000000008d800000, 0x000000008d800000| Untracked 
| 217|0x000000008d900000, 0x000000008d900000, 0x000000008da00000|  0%| F|  |TAMS 0x000000008d900000, 0x000000008d900000| Untracked 
| 218|0x000000008da00000, 0x000000008da00000, 0x000000008db00000|  0%| F|  |TAMS 0x000000008da00000, 0x000000008da00000| Untracked 
| 219|0x000000008db00000, 0x000000008db00000, 0x000000008dc00000|  0%| F|  |TAMS 0x000000008db00000, 0x000000008db00000| Untracked 
| 220|0x000000008dc00000, 0x000000008dc00000, 0x000000008dd00000|  0%| F|  |TAMS 0x000000008dc00000, 0x000000008dc00000| Untracked 
| 221|0x000000008dd00000, 0x000000008dd00000, 0x000000008de00000|  0%| F|  |TAMS 0x000000008dd00000, 0x000000008dd00000| Untracked 
| 222|0x000000008de00000, 0x000000008de00000, 0x000000008df00000|  0%| F|  |TAMS 0x000000008de00000, 0x000000008de00000| Untracked 
| 223|0x000000008df00000, 0x000000008df00000, 0x000000008e000000|  0%| F|  |TAMS 0x000000008df00000, 0x000000008df00000| Untracked 
| 224|0x000000008e000000, 0x000000008e000000, 0x000000008e100000|  0%| F|  |TAMS 0x000000008e000000, 0x000000008e000000| Untracked 
| 225|0x000000008e100000, 0x000000008e100000, 0x000000008e200000|  0%| F|  |TAMS 0x000000008e100000, 0x000000008e100000| Untracked 
| 226|0x000000008e200000, 0x000000008e200000, 0x000000008e300000|  0%| F|  |TAMS 0x000000008e200000, 0x000000008e200000| Untracked 
| 227|0x000000008e300000, 0x000000008e300000, 0x000000008e400000|  0%| F|  |TAMS 0x000000008e300000, 0x000000008e300000| Untracked 
| 228|0x000000008e400000, 0x000000008e400000, 0x000000008e500000|  0%| F|  |TAMS 0x000000008e400000, 0x000000008e400000| Untracked 
| 229|0x000000008e500000, 0x000000008e500000, 0x000000008e600000|  0%| F|  |TAMS 0x000000008e500000, 0x000000008e500000| Untracked 
| 230|0x000000008e600000, 0x000000008e600000, 0x000000008e700000|  0%| F|  |TAMS 0x000000008e600000, 0x000000008e600000| Untracked 
| 231|0x000000008e700000, 0x000000008e700000, 0x000000008e800000|  0%| F|  |TAMS 0x000000008e700000, 0x000000008e700000| Untracked 
| 232|0x000000008e800000, 0x000000008e800000, 0x000000008e900000|  0%| F|  |TAMS 0x000000008e800000, 0x000000008e800000| Untracked 
| 233|0x000000008e900000, 0x000000008e900000, 0x000000008ea00000|  0%| F|  |TAMS 0x000000008e900000, 0x000000008e900000| Untracked 
| 234|0x000000008ea00000, 0x000000008ea00000, 0x000000008eb00000|  0%| F|  |TAMS 0x000000008ea00000, 0x000000008ea00000| Untracked 
| 235|0x000000008eb00000, 0x000000008eb00000, 0x000000008ec00000|  0%| F|  |TAMS 0x000000008eb00000, 0x000000008eb00000| Untracked 
| 236|0x000000008ec00000, 0x000000008ec00000, 0x000000008ed00000|  0%| F|  |TAMS 0x000000008ec00000, 0x000000008ec00000| Untracked 
| 237|0x000000008ed00000, 0x000000008ed00000, 0x000000008ee00000|  0%| F|  |TAMS 0x000000008ed00000, 0x000000008ed00000| Untracked 
| 238|0x000000008ee00000, 0x000000008ee00000, 0x000000008ef00000|  0%| F|  |TAMS 0x000000008ee00000, 0x000000008ee00000| Untracked 
| 239|0x000000008ef00000, 0x000000008ef00000, 0x000000008f000000|  0%| F|  |TAMS 0x000000008ef00000, 0x000000008ef00000| Untracked 
| 240|0x000000008f000000, 0x000000008f000000, 0x000000008f100000|  0%| F|  |TAMS 0x000000008f000000, 0x000000008f000000| Untracked 
| 241|0x000000008f100000, 0x000000008f100000, 0x000000008f200000|  0%| F|  |TAMS 0x000000008f100000, 0x000000008f100000| Untracked 
| 242|0x000000008f200000, 0x000000008f200000, 0x000000008f300000|  0%| F|  |TAMS 0x000000008f200000, 0x000000008f200000| Untracked 
| 243|0x000000008f300000, 0x000000008f300000, 0x000000008f400000|  0%| F|  |TAMS 0x000000008f300000, 0x000000008f300000| Untracked 
| 244|0x000000008f400000, 0x000000008f400000, 0x000000008f500000|  0%| F|  |TAMS 0x000000008f400000, 0x000000008f400000| Untracked 
| 245|0x000000008f500000, 0x000000008f500000, 0x000000008f600000|  0%| F|  |TAMS 0x000000008f500000, 0x000000008f500000| Untracked 
| 246|0x000000008f600000, 0x000000008f600000, 0x000000008f700000|  0%| F|  |TAMS 0x000000008f600000, 0x000000008f600000| Untracked 
| 247|0x000000008f700000, 0x000000008f700000, 0x000000008f800000|  0%| F|  |TAMS 0x000000008f700000, 0x000000008f700000| Untracked 
| 248|0x000000008f800000, 0x000000008f800000, 0x000000008f900000|  0%| F|  |TAMS 0x000000008f800000, 0x000000008f800000| Untracked 
| 249|0x000000008f900000, 0x000000008f900000, 0x000000008fa00000|  0%| F|  |TAMS 0x000000008f900000, 0x000000008f900000| Untracked 
| 250|0x000000008fa00000, 0x000000008fa00000, 0x000000008fb00000|  0%| F|  |TAMS 0x000000008fa00000, 0x000000008fa00000| Untracked 
| 251|0x000000008fb00000, 0x000000008fb00000, 0x000000008fc00000|  0%| F|  |TAMS 0x000000008fb00000, 0x000000008fb00000| Untracked 
| 252|0x000000008fc00000, 0x000000008fc00000, 0x000000008fd00000|  0%| F|  |TAMS 0x000000008fc00000, 0x000000008fc00000| Untracked 
| 253|0x000000008fd00000, 0x000000008fd00000, 0x000000008fe00000|  0%| F|  |TAMS 0x000000008fd00000, 0x000000008fd00000| Complete 
| 254|0x000000008fe00000, 0x000000008ff00000, 0x000000008ff00000|100%| E|CS|TAMS 0x000000008fe00000, 0x000000008fe00000| Complete 
| 255|0x000000008ff00000, 0x0000000090000000, 0x0000000090000000|100%| E|CS|TAMS 0x000000008ff00000, 0x000000008ff00000| Complete 
| 256|0x0000000090000000, 0x0000000090100000, 0x0000000090100000|100%| E|CS|TAMS 0x0000000090000000, 0x0000000090000000| Complete 
| 257|0x0000000090100000, 0x0000000090200000, 0x0000000090200000|100%| E|CS|TAMS 0x0000000090100000, 0x0000000090100000| Complete 
| 258|0x0000000090200000, 0x0000000090300000, 0x0000000090300000|100%| E|CS|TAMS 0x0000000090200000, 0x0000000090200000| Complete 
| 259|0x0000000090300000, 0x0000000090400000, 0x0000000090400000|100%| E|CS|TAMS 0x0000000090300000, 0x0000000090300000| Complete 
| 260|0x0000000090400000, 0x0000000090500000, 0x0000000090500000|100%| E|CS|TAMS 0x0000000090400000, 0x0000000090400000| Complete 
| 261|0x0000000090500000, 0x0000000090600000, 0x0000000090600000|100%| E|CS|TAMS 0x0000000090500000, 0x0000000090500000| Complete 
| 262|0x0000000090600000, 0x0000000090700000, 0x0000000090700000|100%| E|CS|TAMS 0x0000000090600000, 0x0000000090600000| Complete 
| 263|0x0000000090700000, 0x0000000090800000, 0x0000000090800000|100%| E|CS|TAMS 0x0000000090700000, 0x0000000090700000| Complete 
| 264|0x0000000090800000, 0x0000000090900000, 0x0000000090900000|100%| E|CS|TAMS 0x0000000090800000, 0x0000000090800000| Complete 
| 265|0x0000000090900000, 0x0000000090a00000, 0x0000000090a00000|100%| E|CS|TAMS 0x0000000090900000, 0x0000000090900000| Complete 
| 266|0x0000000090a00000, 0x0000000090b00000, 0x0000000090b00000|100%| E|CS|TAMS 0x0000000090a00000, 0x0000000090a00000| Complete 
| 267|0x0000000090b00000, 0x0000000090c00000, 0x0000000090c00000|100%| E|CS|TAMS 0x0000000090b00000, 0x0000000090b00000| Complete 

Card table byte_map: [0x00000206578f0000,0x0000020657cf0000] _byte_map_base: 0x00000206574f0000

Marking Bits (Prev, Next): (CMBitMap*) 0x000002063fbab430, (CMBitMap*) 0x000002063fbab3f8
 Prev Bits: [0x000002065a0f0000, 0x000002065c0f0000)
 Next Bits: [0x00000206580f0000, 0x000002065a0f0000)

Polling page: 0x000002063da40000

Metaspace:

Usage:
  Non-class:     89.62 MB capacity,    87.95 MB ( 98%) used,     1.36 MB (  2%) free+waste,   314.56 KB ( <1%) overhead. 
      Class:     13.82 MB capacity,    12.81 MB ( 93%) used,   887.93 KB (  6%) free+waste,   142.69 KB (  1%) overhead. 
       Both:    103.44 MB capacity,   100.77 MB ( 97%) used,     2.23 MB (  2%) free+waste,   457.25 KB ( <1%) overhead. 

Virtual space:
  Non-class space:       90.00 MB reserved,      89.75 MB (>99%) committed 
      Class space:        1.00 GB reserved,      13.88 MB (  1%) committed 
             Both:        1.09 GB reserved,     103.63 MB (  9%) committed 

Chunk freelists:
   Non-Class:  1.00 KB
       Class:  25.00 KB
        Both:  26.00 KB

MaxMetaspaceSize: 17179869184.00 GB
CompressedClassSpaceSize: 1.00 GB

CodeHeap 'non-profiled nmethods': size=120000Kb used=7064Kb max_used=7599Kb free=112935Kb
 bounds [0x000002064fc90000, 0x0000020650400000, 0x00000206571c0000]
CodeHeap 'profiled nmethods': size=120000Kb used=29066Kb max_used=31392Kb free=90933Kb
 bounds [0x0000020648760000, 0x000002064a630000, 0x000002064fc90000]
CodeHeap 'non-nmethods': size=5760Kb used=2312Kb max_used=2365Kb free=3447Kb
 bounds [0x00000206481c0000, 0x0000020648430000, 0x0000020648760000]
 total_blobs=19686 nmethods=13531 adapters=825
 compilation: enabled
              stopped_count=1, restarted_count=1
 full_count=1

Compilation events (20 events):
Event: 52.064 Thread 0x000002065f4cc000 nmethod 15524 0x000002064a5d1610 code [0x000002064a5d17c0, 0x000002064a5d1958]
Event: 52.064 Thread 0x000002065f4cc000 15521       2       com.android.tools.r8.p.n.n::<init> (48 bytes)
Event: 52.064 Thread 0x000002065f4cc000 nmethod 15521 0x000002064a5d1a90 code [0x000002064a5d1c40, 0x000002064a5d1e38]
Event: 52.064 Thread 0x000002065f4cc000 15430       2       com.android.tools.r8.graph.M0::a (44 bytes)
Event: 52.066 Thread 0x000002065eb6a800 nmethod 15391 0x00000206503fa610 code [0x00000206503fa840, 0x00000206503fb538]
Event: 52.066 Thread 0x000002065f4cc000 nmethod 15430 0x000002064a5d1f10 code [0x000002064a5d2160, 0x000002064a5d28f0]
Event: 52.066 Thread 0x000002065eb6a800 15460       4       com.android.tools.r8.z.a.a.f::e (26 bytes)
Event: 52.066 Thread 0x000002065f4cc000 15427       2       com.android.tools.r8.z.a.a.f::a (37 bytes)
Event: 52.067 Thread 0x000002065f4cc000 nmethod 15427 0x000002064a5d2d90 code [0x000002064a5d2f40, 0x000002064a5d3178]
Event: 52.067 Thread 0x000002065f4cc000 15426       2       com.android.tools.r8.graph.F0::a (8 bytes)
Event: 52.074 Thread 0x000002065f4cc000 nmethod 15426 0x000002064a5d3310 code [0x000002064a5d34c0, 0x000002064a5d3618]
Event: 52.074 Thread 0x000002065f4cc000 15532 %     3       com.android.tools.r8.z.a.a.f::a @ 66 (6058 bytes)
Event: 52.087 Thread 0x000002065eb6a800 nmethod 15460 0x00000206503fbd10 code [0x00000206503fbec0, 0x00000206503fc208]
Event: 52.087 Thread 0x000002065eb6a800 15438       4       com.android.tools.r8.utils.T::d (290 bytes)
Event: 52.170 Thread 0x000002065f4cc000 nmethod 15532% 0x000002064a5d3710 code [0x000002064a5d5040, 0x000002064a5ebd70]
Event: 52.170 Thread 0x000002065f4cc000 15568       2       java.util.HashMap::containsKey (18 bytes)
Event: 52.171 Thread 0x000002065f4cc000 nmethod 15568 0x000002064a5f6e10 code [0x000002064a5f6fe0, 0x000002064a5f71e0]
Event: 52.171 Thread 0x000002065f4cc000 15567 %     3       com.android.tools.r8.ir.conversion.N::a @ 153 (3065 bytes)
Event: 52.225 Thread 0x000002065f4cc000 nmethod 15567% 0x000002064a5f7290 code [0x000002064a5f8fa0, 0x000002064a60d650]
Event: 52.225 Thread 0x000002065f4cc000 15585 %     3       com.android.tools.r8.z.a.a.f::a @ 1690 (6058 bytes)

GC Heap History (20 events):
Event: 34.303 GC heap before
{Heap before GC invocations=34 (full 0):
 garbage-first heap   total 228352K, used 182865K [0x0000000080000000, 0x0000000100000000)
  region size 1024K, 23 young (23552K), 3 survivors (3072K)
 Metaspace       used 89778K, capacity 91933K, committed 92160K, reserved 1128448K
  class space    used 11729K, capacity 12514K, committed 12544K, reserved 1048576K
}
Event: 34.312 GC heap after
{Heap after GC invocations=35 (full 0):
 garbage-first heap   total 274432K, used 156203K [0x0000000080000000, 0x0000000100000000)
  region size 1024K, 1 young (1024K), 1 survivors (1024K)
 Metaspace       used 89778K, capacity 91933K, committed 92160K, reserved 1128448K
  class space    used 11729K, capacity 12514K, committed 12544K, reserved 1048576K
}
Event: 34.840 GC heap before
{Heap before GC invocations=35 (full 0):
 garbage-first heap   total 274432K, used 167467K [0x0000000080000000, 0x0000000100000000)
  region size 1024K, 13 young (13312K), 1 survivors (1024K)
 Metaspace       used 89966K, capacity 92287K, committed 92544K, reserved 1128448K
  class space    used 11742K, capacity 12546K, committed 12672K, reserved 1048576K
}
Event: 34.848 GC heap after
{Heap after GC invocations=36 (full 0):
 garbage-first heap   total 274432K, used 155648K [0x0000000080000000, 0x0000000100000000)
  region size 1024K, 2 young (2048K), 2 survivors (2048K)
 Metaspace       used 89966K, capacity 92287K, committed 92544K, reserved 1128448K
  class space    used 11742K, capacity 12546K, committed 12672K, reserved 1048576K
}
Event: 36.130 GC heap before
{Heap before GC invocations=36 (full 0):
 garbage-first heap   total 274432K, used 197632K [0x0000000080000000, 0x0000000100000000)
  region size 1024K, 44 young (45056K), 2 survivors (2048K)
 Metaspace       used 91657K, capacity 93960K, committed 94208K, reserved 1130496K
  class space    used 11945K, capacity 12740K, committed 12800K, reserved 1048576K
}
Event: 36.142 GC heap after
{Heap after GC invocations=37 (full 0):
 garbage-first heap   total 274432K, used 156201K [0x0000000080000000, 0x0000000100000000)
  region size 1024K, 3 young (3072K), 3 survivors (3072K)
 Metaspace       used 91657K, capacity 93960K, committed 94208K, reserved 1130496K
  class space    used 11945K, capacity 12740K, committed 12800K, reserved 1048576K
}
Event: 37.440 GC heap before
{Heap before GC invocations=38 (full 0):
 garbage-first heap   total 274432K, used 188969K [0x0000000080000000, 0x0000000100000000)
  region size 1024K, 48 young (49152K), 3 survivors (3072K)
 Metaspace       used 93699K, capacity 96077K, committed 96256K, reserved 1132544K
  class space    used 12195K, capacity 13052K, committed 13056K, reserved 1048576K
}
Event: 37.455 GC heap after
{Heap after GC invocations=39 (full 0):
 garbage-first heap   total 274432K, used 149500K [0x0000000080000000, 0x0000000100000000)
  region size 1024K, 6 young (6144K), 6 survivors (6144K)
 Metaspace       used 93699K, capacity 96077K, committed 96256K, reserved 1132544K
  class space    used 12195K, capacity 13052K, committed 13056K, reserved 1048576K
}
Event: 37.528 GC heap before
{Heap before GC invocations=39 (full 0):
 garbage-first heap   total 274432K, used 156668K [0x0000000080000000, 0x0000000100000000)
  region size 1024K, 13 young (13312K), 6 survivors (6144K)
 Metaspace       used 93782K, capacity 96176K, committed 96384K, reserved 1132544K
  class space    used 12201K, capacity 13085K, committed 13184K, reserved 1048576K
}
Event: 37.548 GC heap after
{Heap after GC invocations=40 (full 0):
 garbage-first heap   total 274432K, used 136892K [0x0000000080000000, 0x0000000100000000)
  region size 1024K, 2 young (2048K), 2 survivors (2048K)
 Metaspace       used 93782K, capacity 96176K, committed 96384K, reserved 1132544K
  class space    used 12201K, capacity 13085K, committed 13184K, reserved 1048576K
}
Event: 38.167 GC heap before
{Heap before GC invocations=40 (full 0):
 garbage-first heap   total 274432K, used 192188K [0x0000000080000000, 0x0000000100000000)
  region size 1024K, 57 young (58368K), 2 survivors (2048K)
 Metaspace       used 96595K, capacity 99164K, committed 99328K, reserved 1134592K
  class space    used 12592K, capacity 13512K, committed 13568K, reserved 1048576K
}
Event: 38.192 GC heap after
{Heap after GC invocations=41 (full 0):
 garbage-first heap   total 274432K, used 147292K [0x0000000080000000, 0x0000000100000000)
  region size 1024K, 8 young (8192K), 8 survivors (8192K)
 Metaspace       used 96595K, capacity 99164K, committed 99328K, reserved 1134592K
  class space    used 12592K, capacity 13512K, committed 13568K, reserved 1048576K
}
Event: 46.335 GC heap before
{Heap before GC invocations=42 (full 0):
 garbage-first heap   total 274432K, used 205660K [0x0000000080000000, 0x0000000100000000)
  region size 1024K, 62 young (63488K), 8 survivors (8192K)
 Metaspace       used 99243K, capacity 101859K, committed 101888K, reserved 1136640K
  class space    used 12846K, capacity 13808K, committed 13824K, reserved 1048576K
}
Event: 46.349 GC heap after
{Heap after GC invocations=43 (full 0):
 garbage-first heap   total 274432K, used 128783K [0x0000000080000000, 0x0000000100000000)
  region size 1024K, 2 young (2048K), 2 survivors (2048K)
 Metaspace       used 99243K, capacity 101859K, committed 101888K, reserved 1136640K
  class space    used 12846K, capacity 13808K, committed 13824K, reserved 1048576K
}
Event: 50.161 GC heap before
{Heap before GC invocations=43 (full 0):
 garbage-first heap   total 274432K, used 139023K [0x0000000080000000, 0x0000000100000000)
  region size 1024K, 13 young (13312K), 2 survivors (2048K)
 Metaspace       used 101904K, capacity 104560K, committed 104704K, reserved 1140736K
  class space    used 13018K, capacity 13975K, committed 14080K, reserved 1048576K
}
Event: 50.169 GC heap after
{Heap after GC invocations=44 (full 0):
 garbage-first heap   total 274432K, used 104687K [0x0000000080000000, 0x0000000100000000)
  region size 1024K, 1 young (1024K), 1 survivors (1024K)
 Metaspace       used 101904K, capacity 104560K, committed 104704K, reserved 1140736K
  class space    used 13018K, capacity 13975K, committed 14080K, reserved 1048576K
}
Event: 51.778 GC heap before
{Heap before GC invocations=44 (full 0):
 garbage-first heap   total 274432K, used 179439K [0x0000000080000000, 0x0000000100000000)
  region size 1024K, 75 young (76800K), 1 survivors (1024K)
 Metaspace       used 102667K, capacity 105381K, committed 105472K, reserved 1140736K
  class space    used 13040K, capacity 14031K, committed 14080K, reserved 1048576K
}
Event: 51.792 GC heap after
{Heap after GC invocations=45 (full 0):
 garbage-first heap   total 274432K, used 109184K [0x0000000080000000, 0x0000000100000000)
  region size 1024K, 6 young (6144K), 6 survivors (6144K)
 Metaspace       used 102667K, capacity 105381K, committed 105472K, reserved 1140736K
  class space    used 13040K, capacity 14031K, committed 14080K, reserved 1048576K
}
Event: 52.097 GC heap before
{Heap before GC invocations=45 (full 0):
 garbage-first heap   total 274432K, used 185984K [0x0000000080000000, 0x0000000100000000)
  region size 1024K, 83 young (84992K), 6 survivors (6144K)
 Metaspace       used 102994K, capacity 105737K, committed 105856K, reserved 1140736K
  class space    used 13094K, capacity 14111K, committed 14208K, reserved 1048576K
}
Event: 52.117 GC heap after
{Heap after GC invocations=46 (full 0):
 garbage-first heap   total 274432K, used 127974K [0x0000000080000000, 0x0000000100000000)
  region size 1024K, 11 young (11264K), 11 survivors (11264K)
 Metaspace       used 102994K, capacity 105737K, committed 105856K, reserved 1140736K
  class space    used 13094K, capacity 14111K, committed 14208K, reserved 1048576K
}

Deoptimization events (20 events):
Event: 51.905 Thread 0x0000020664d25800 Uncommon trap: trap_request=0xffffff4d fr.pc=0x000002064fd18498 relative=0x0000000000000258
Event: 51.905 Thread 0x0000020664d25800 Uncommon trap: reason=unstable_if action=reinterpret pc=0x000002064fd18498 method=com.android.tools.r8.z.a.a.f.e(I[C)Ljava/lang/String; @ 7 c2
Event: 51.905 Thread 0x0000020664d25800 DEOPT PACKING pc=0x000002064fd18498 sp=0x0000006ceeaf9db0
Event: 51.905 Thread 0x0000020664d25800 DEOPT UNPACKING pc=0x00000206481e8f2f sp=0x0000006ceeaf9d90 mode 2
Event: 51.975 Thread 0x0000020664d25800 Uncommon trap: trap_request=0xffffff4d fr.pc=0x00000206501d4904 relative=0x0000000000000da4
Event: 51.975 Thread 0x0000020664d25800 Uncommon trap: reason=unstable_if action=reinterpret pc=0x00000206501d4904 method=com.android.tools.r8.t.a.a.a.f.X.a(ILjava/lang/Object;)Ljava/lang/Object; @ 66 c2
Event: 51.975 Thread 0x0000020664d25800 DEOPT PACKING pc=0x00000206501d4904 sp=0x0000006ceeaf94a0
Event: 51.975 Thread 0x0000020664d25800 DEOPT UNPACKING pc=0x00000206481e8f2f sp=0x0000006ceeaf9490 mode 2
Event: 52.018 Thread 0x0000020664d1f800 Uncommon trap: trap_request=0xffffff4d fr.pc=0x0000020650043cf8 relative=0x00000000000011d8
Event: 52.018 Thread 0x0000020664d1f800 Uncommon trap: reason=unstable_if action=reinterpret pc=0x0000020650043cf8 method=java.util.HashMap.computeIfAbsent(Ljava/lang/Object;Ljava/util/function/Function;)Ljava/lang/Object; @ 145 c2
Event: 52.018 Thread 0x0000020664d1f800 DEOPT PACKING pc=0x0000020650043cf8 sp=0x0000006ceeef9c60
Event: 52.018 Thread 0x0000020664d1f800 DEOPT UNPACKING pc=0x00000206481e8f2f sp=0x0000006ceeef9c30 mode 2
Event: 52.035 Thread 0x0000020664d25800 Uncommon trap: trap_request=0xffffff4d fr.pc=0x000002064fd87994 relative=0x0000000000000154
Event: 52.035 Thread 0x0000020664d25800 Uncommon trap: reason=unstable_if action=reinterpret pc=0x000002064fd87994 method=com.android.tools.r8.ir.conversion.o.h(I)Lcom/android/tools/r8/ir/conversion/m; @ 14 c2
Event: 52.035 Thread 0x0000020664d25800 DEOPT PACKING pc=0x000002064fd87994 sp=0x0000006ceeaf9740
Event: 52.035 Thread 0x0000020664d25800 DEOPT UNPACKING pc=0x00000206481e8f2f sp=0x0000006ceeaf9700 mode 2
Event: 52.157 Thread 0x0000020664d25800 Uncommon trap: trap_request=0xffffff4d fr.pc=0x000002064fe32184 relative=0x0000000000000244
Event: 52.157 Thread 0x0000020664d25800 Uncommon trap: reason=unstable_if action=reinterpret pc=0x000002064fe32184 method=java.util.HashMap.getNode(ILjava/lang/Object;)Ljava/util/HashMap$Node; @ 84 c2
Event: 52.157 Thread 0x0000020664d25800 DEOPT PACKING pc=0x000002064fe32184 sp=0x0000006ceeaf96c0
Event: 52.157 Thread 0x0000020664d25800 DEOPT UNPACKING pc=0x00000206481e8f2f sp=0x0000006ceeaf95c8 mode 2

Classes redefined (0 events):
No events

Internal exceptions (20 events):
Event: 38.049 Thread 0x0000020663734800 Exception <a 'sun/nio/fs/WindowsException'{0x000000008de4f6d8}> (0x000000008de4f6d8) thrown at [c:/ws/UEp/Corretto11Src/installers/windows/zip/corretto-build/buildRoot/src/src/hotspot/share/prims/jni.cpp, line 615]
Event: 38.053 Thread 0x0000020663734800 Exception <a 'sun/nio/fs/WindowsException'{0x000000008de571b8}> (0x000000008de571b8) thrown at [c:/ws/UEp/Corretto11Src/installers/windows/zip/corretto-build/buildRoot/src/src/hotspot/share/prims/jni.cpp, line 615]
Event: 38.057 Thread 0x0000020663734800 Exception <a 'sun/nio/fs/WindowsException'{0x000000008de60818}> (0x000000008de60818) thrown at [c:/ws/UEp/Corretto11Src/installers/windows/zip/corretto-build/buildRoot/src/src/hotspot/share/prims/jni.cpp, line 615]
Event: 38.060 Thread 0x0000020663734800 Exception <a 'sun/nio/fs/WindowsException'{0x000000008de66140}> (0x000000008de66140) thrown at [c:/ws/UEp/Corretto11Src/installers/windows/zip/corretto-build/buildRoot/src/src/hotspot/share/prims/jni.cpp, line 615]
Event: 38.063 Thread 0x0000020663734800 Exception <a 'sun/nio/fs/WindowsException'{0x000000008de6aeb8}> (0x000000008de6aeb8) thrown at [c:/ws/UEp/Corretto11Src/installers/windows/zip/corretto-build/buildRoot/src/src/hotspot/share/prims/jni.cpp, line 615]
Event: 38.694 Thread 0x0000020664d16800 Exception <a 'sun/nio/fs/WindowsException'{0x000000008fff94f0}> (0x000000008fff94f0) thrown at [c:/ws/UEp/Corretto11Src/installers/windows/zip/corretto-build/buildRoot/src/src/hotspot/share/prims/jni.cpp, line 615]
Event: 38.911 Thread 0x0000020664d1a800 Exception <a 'sun/nio/fs/WindowsException'{0x000000008ee5c540}> (0x000000008ee5c540) thrown at [c:/ws/UEp/Corretto11Src/installers/windows/zip/corretto-build/buildRoot/src/src/hotspot/share/prims/jni.cpp, line 615]
Event: 42.898 Thread 0x0000020663721000 Implicit null exception at 0x000002064fdc4914 to 0x000002064fdc563e
Event: 42.994 Thread 0x0000020664d16800 Implicit null exception at 0x000002064fd71414 to 0x000002064fd746e6
Event: 43.284 Thread 0x0000020664d16800 Exception <a 'sun/nio/fs/WindowsException'{0x000000008e8dfc10}> (0x000000008e8dfc10) thrown at [c:/ws/UEp/Corretto11Src/installers/windows/zip/corretto-build/buildRoot/src/src/hotspot/share/prims/jni.cpp, line 615]
Event: 43.284 Thread 0x0000020664d16800 Exception <a 'sun/nio/fs/WindowsException'{0x000000008e8dfef0}> (0x000000008e8dfef0) thrown at [c:/ws/UEp/Corretto11Src/installers/windows/zip/corretto-build/buildRoot/src/src/hotspot/share/prims/jni.cpp, line 615]
Event: 50.838 Thread 0x0000020661809800 Exception <a 'sun/nio/fs/WindowsException'{0x000000008ee942d8}> (0x000000008ee942d8) thrown at [c:/ws/UEp/Corretto11Src/installers/windows/zip/corretto-build/buildRoot/src/src/hotspot/share/prims/jni.cpp, line 615]
Event: 51.886 Thread 0x0000020664d25800 Exception <a 'sun/nio/fs/WindowsException'{0x000000008fe6a908}> (0x000000008fe6a908) thrown at [c:/ws/UEp/Corretto11Src/installers/windows/zip/corretto-build/buildRoot/src/src/hotspot/share/prims/jni.cpp, line 615]
Event: 51.907 Thread 0x0000020664d1f800 Exception <a 'sun/nio/fs/WindowsException'{0x000000008f7d0508}> (0x000000008f7d0508) thrown at [c:/ws/UEp/Corretto11Src/installers/windows/zip/corretto-build/buildRoot/src/src/hotspot/share/prims/jni.cpp, line 615]
Event: 51.931 Thread 0x0000020664d23800 Exception <a 'sun/nio/fs/WindowsException'{0x000000008f0f7e08}> (0x000000008f0f7e08) thrown at [c:/ws/UEp/Corretto11Src/installers/windows/zip/corretto-build/buildRoot/src/src/hotspot/share/prims/jni.cpp, line 615]
Event: 51.952 Thread 0x0000020664d22000 Exception <a 'sun/nio/fs/WindowsException'{0x000000008ea13eb8}> (0x000000008ea13eb8) thrown at [c:/ws/UEp/Corretto11Src/installers/windows/zip/corretto-build/buildRoot/src/src/hotspot/share/prims/jni.cpp, line 615]
Event: 51.975 Thread 0x0000020664d21000 Exception <a 'sun/nio/fs/WindowsException'{0x000000008e1b3540}> (0x000000008e1b3540) thrown at [c:/ws/UEp/Corretto11Src/installers/windows/zip/corretto-build/buildRoot/src/src/hotspot/share/prims/jni.cpp, line 615]
Event: 52.012 Thread 0x0000020664d25800 Exception <a 'java/lang/NoSuchMethodError'{0x000000008d6b1d40}: 'java.lang.Object java.lang.invoke.DirectMethodHandle$Holder.invokeInterface(java.lang.Object, java.lang.Object, int)'> (0x000000008d6b1d40) thrown at [c:/ws/UEp/Corretto11Src/installers/wind
Event: 52.087 Thread 0x0000020664d24800 Exception <a 'sun/nio/fs/WindowsException'{0x000000008c117d50}> (0x000000008c117d50) thrown at [c:/ws/UEp/Corretto11Src/installers/windows/zip/corretto-build/buildRoot/src/src/hotspot/share/prims/jni.cpp, line 615]
Event: 52.202 Thread 0x0000020664d20800 Exception <a 'sun/nio/fs/WindowsException'{0x000000008eeb3af8}> (0x000000008eeb3af8) thrown at [c:/ws/UEp/Corretto11Src/installers/windows/zip/corretto-build/buildRoot/src/src/hotspot/share/prims/jni.cpp, line 615]

Events (20 events):
Event: 52.263 loading class com/android/tools/r8/q/a/a/b/y
Event: 52.263 loading class com/android/tools/r8/q/a/a/b/y done
Event: 52.264 loading class com/android/tools/r8/q/a/a/b/T1$a
Event: 52.264 loading class com/android/tools/r8/q/a/a/b/T1$a done
Event: 52.265 loading class com/android/tools/r8/q/a/a/b/h
Event: 52.265 loading class com/android/tools/r8/q/a/a/b/h done
Event: 52.266 loading class com/android/tools/r8/q/a/a/b/U1
Event: 52.266 loading class com/android/tools/r8/q/a/a/b/U1 done
Event: 52.267 loading class com/android/tools/r8/q/a/a/b/V1
Event: 52.267 loading class com/android/tools/r8/q/a/a/b/V1 done
Event: 52.268 loading class com/android/tools/r8/q/a/a/b/r0
Event: 52.268 loading class com/android/tools/r8/q/a/a/b/r0 done
Event: 52.268 loading class com/android/tools/r8/q/a/a/b/s0$a
Event: 52.268 loading class com/android/tools/r8/q/a/a/b/s0$a done
Event: 52.269 loading class com/android/tools/r8/q/a/a/b/Z1
Event: 52.269 loading class com/android/tools/r8/q/a/a/b/Z1 done
Event: 52.270 loading class com/android/tools/r8/q/a/a/b/m2
Event: 52.270 loading class com/android/tools/r8/q/a/a/b/m2 done
Event: 52.271 loading class com/android/tools/r8/q/a/a/b/l2$a
Event: 52.271 loading class com/android/tools/r8/q/a/a/b/l2$a done


Dynamic libraries:
0x00007ff70bc80000 - 0x00007ff70bc8d000 	C:\Program Files\Amazon Corretto\jdk11.0.6_10\bin\java.exe
0x00007fff9a660000 - 0x00007fff9a850000 	C:\Windows\SYSTEM32\ntdll.dll
0x00007fff9a310000 - 0x00007fff9a3c2000 	C:\Windows\System32\KERNEL32.DLL
0x00007fff97990000 - 0x00007fff97c35000 	C:\Windows\System32\KERNELBASE.dll
0x00007fff977f0000 - 0x00007fff978ea000 	C:\Windows\System32\ucrtbase.dll
0x00007fff94880000 - 0x00007fff94897000 	C:\Program Files\Amazon Corretto\jdk11.0.6_10\bin\jli.dll
0x00007fff918f0000 - 0x00007fff91905000 	C:\Program Files\Amazon Corretto\jdk11.0.6_10\bin\VCRUNTIME140.dll
0x00007fff9a090000 - 0x00007fff9a224000 	C:\Windows\System32\USER32.dll
0x00007fff975d0000 - 0x00007fff975f1000 	C:\Windows\System32\win32u.dll
0x00007fff96920000 - 0x00007fff96ba4000 	C:\Windows\WinSxS\amd64_microsoft.windows.common-controls_6595b64144ccf1df_6.0.18362.1256_none_9e7e379be45e40e2\COMCTL32.dll
0x00007fff99ad0000 - 0x00007fff99af6000 	C:\Windows\System32\GDI32.dll
0x00007fff97620000 - 0x00007fff977b6000 	C:\Windows\System32\gdi32full.dll
0x00007fff9a3d0000 - 0x00007fff9a46e000 	C:\Windows\System32\msvcrt.dll
0x00007fff978f0000 - 0x00007fff9798e000 	C:\Windows\System32\msvcp_win.dll
0x00007fff99b00000 - 0x00007fff99e36000 	C:\Windows\System32\combase.dll
0x00007fff98710000 - 0x00007fff98830000 	C:\Windows\System32\RPCRT4.dll
0x00007fff98680000 - 0x00007fff98701000 	C:\Windows\System32\bcryptPrimitives.dll
0x00007fff99f50000 - 0x00007fff99f7e000 	C:\Windows\System32\IMM32.DLL
0x00007fff6b360000 - 0x00007fff6b3fb000 	C:\Program Files\Amazon Corretto\jdk11.0.6_10\bin\msvcp140.dll
0x00007fff67ae0000 - 0x00007fff6859d000 	C:\Program Files\Amazon Corretto\jdk11.0.6_10\bin\server\jvm.dll
0x00007fff99a10000 - 0x00007fff99ab3000 	C:\Windows\System32\ADVAPI32.dll
0x00007fff99e40000 - 0x00007fff99ed7000 	C:\Windows\System32\sechost.dll
0x00007fff99a00000 - 0x00007fff99a08000 	C:\Windows\System32\PSAPI.DLL
0x00007fff947d0000 - 0x00007fff947f4000 	C:\Windows\SYSTEM32\WINMM.dll
0x00007fff95920000 - 0x00007fff95929000 	C:\Windows\SYSTEM32\WSOCK32.dll
0x00007fff929c0000 - 0x00007fff929ca000 	C:\Windows\SYSTEM32\VERSION.dll
0x00007fff99900000 - 0x00007fff9996f000 	C:\Windows\System32\WS2_32.dll
0x00007fff947a0000 - 0x00007fff947cd000 	C:\Windows\SYSTEM32\WINMMBASE.dll
0x00007fff97d90000 - 0x00007fff97dda000 	C:\Windows\System32\cfgmgr32.dll
0x00007fff97560000 - 0x00007fff97571000 	C:\Windows\System32\kernel.appcore.dll
0x00007fff96f60000 - 0x00007fff96f70000 	C:\Program Files\Amazon Corretto\jdk11.0.6_10\bin\verify.dll
0x00007fff96d40000 - 0x00007fff96f34000 	C:\Windows\SYSTEM32\DBGHELP.DLL
0x00007fff96d10000 - 0x00007fff96d3a000 	C:\Windows\SYSTEM32\dbgcore.DLL
0x00007fff918c0000 - 0x00007fff918e8000 	C:\Program Files\Amazon Corretto\jdk11.0.6_10\bin\java.dll
0x00007fff918a0000 - 0x00007fff918b6000 	C:\Program Files\Amazon Corretto\jdk11.0.6_10\bin\zip.dll
0x00007fff96f40000 - 0x00007fff96f4a000 	C:\Program Files\Amazon Corretto\jdk11.0.6_10\bin\jimage.dll
0x00007fff98b00000 - 0x00007fff991e7000 	C:\Windows\System32\SHELL32.dll
0x00007fff99f80000 - 0x00007fff9a029000 	C:\Windows\System32\shcore.dll
0x00007fff97e90000 - 0x00007fff98611000 	C:\Windows\System32\windows.storage.dll
0x00007fff97580000 - 0x00007fff975a3000 	C:\Windows\System32\profapi.dll
0x00007fff97510000 - 0x00007fff9755a000 	C:\Windows\System32\powrprof.dll
0x00007fff97500000 - 0x00007fff97510000 	C:\Windows\System32\UMPDC.dll
0x00007fff9a030000 - 0x00007fff9a082000 	C:\Windows\System32\shlwapi.dll
0x00007fff97600000 - 0x00007fff97617000 	C:\Windows\System32\cryptsp.dll
0x00007fff91720000 - 0x00007fff91739000 	C:\Program Files\Amazon Corretto\jdk11.0.6_10\bin\net.dll
0x00007fff8a140000 - 0x00007fff8a230000 	C:\Windows\SYSTEM32\WINHTTP.dll
0x00007fff967a0000 - 0x00007fff96807000 	C:\Windows\system32\mswsock.dll
0x00007fff8ca90000 - 0x00007fff8caa2000 	C:\Program Files\Amazon Corretto\jdk11.0.6_10\bin\nio.dll
0x00007fff91910000 - 0x00007fff91937000 	C:\Users\Admin\.gradle\native\f6784746aeab05261644944871eae4fe03e0ef1612fff0a4a95f87b438bc6780\windows-amd64\native-platform.dll
0x00007fff90d30000 - 0x00007fff90d39000 	C:\Program Files\Amazon Corretto\jdk11.0.6_10\bin\management.dll
0x00007fff8fb90000 - 0x00007fff8fb9b000 	C:\Program Files\Amazon Corretto\jdk11.0.6_10\bin\management_ext.dll
0x00007fff961e0000 - 0x00007fff96213000 	C:\Windows\system32\rsaenh.dll
0x00007fff977c0000 - 0x00007fff977e6000 	C:\Windows\System32\bcrypt.dll
0x00007fff97420000 - 0x00007fff97445000 	C:\Windows\SYSTEM32\USERENV.dll
0x00007fff96740000 - 0x00007fff9674c000 	C:\Windows\SYSTEM32\CRYPTBASE.dll
0x00007fff96370000 - 0x00007fff963aa000 	C:\Windows\SYSTEM32\IPHLPAPI.DLL
0x00007fff99970000 - 0x00007fff99978000 	C:\Windows\System32\NSI.dll
0x00007fff8f600000 - 0x00007fff8f616000 	C:\Windows\SYSTEM32\dhcpcsvc6.DLL
0x00007fff8ecd0000 - 0x00007fff8ecec000 	C:\Windows\SYSTEM32\dhcpcsvc.DLL
0x00007fff963b0000 - 0x00007fff9647b000 	C:\Windows\SYSTEM32\DNSAPI.dll
0x00007fff8fb80000 - 0x00007fff8fb8b000 	C:\Windows\SYSTEM32\WINNSI.DLL

dbghelp: loaded successfully - version: 4.0.5 - missing functions: none
symbol engine: initialized successfully - sym options: 0x614 - pdb path: .;C:\Program Files\Amazon Corretto\jdk11.0.6_10\bin;C:\Windows\SYSTEM32;C:\Windows\WinSxS\amd64_microsoft.windows.common-controls_6595b64144ccf1df_6.0.18362.1256_none_9e7e379be45e40e2;C:\Program Files\Amazon Corretto\jdk11.0.6_10\bin\server;C:\Users\Admin\.gradle\native\f6784746aeab05261644944871eae4fe03e0ef1612fff0a4a95f87b438bc6780\windows-amd64

VM Arguments:
jvm_args: --add-opens=java.base/java.util=ALL-UNNAMED --add-opens=java.base/java.lang=ALL-UNNAMED --add-opens=java.base/java.lang.invoke=ALL-UNNAMED --add-opens=java.prefs/java.util.prefs=ALL-UNNAMED -Xmx2048m -Dfile.encoding=UTF-8 -Duser.country=IN -Duser.language=en -Duser.variant 
java_command: org.gradle.launcher.daemon.bootstrap.GradleDaemon 6.5
java_class_path (initial): C:\Users\Admin\.gradle\wrapper\dists\gradle-6.5-bin\6nifqtx7604sqp1q6g8wikw7p\gradle-6.5\lib\gradle-launcher-6.5.jar
Launcher Type: SUN_STANDARD

[Global flags]
     intx CICompilerCount                          = 4                                         {product} {ergonomic}
     uint ConcGCThreads                            = 2                                         {product} {ergonomic}
     uint G1ConcRefinementThreads                  = 8                                         {product} {ergonomic}
   size_t G1HeapRegionSize                         = 1048576                                   {product} {ergonomic}
    uintx GCDrainStackTargetSize                   = 64                                        {product} {ergonomic}
   size_t InitialHeapSize                          = 134217728                                 {product} {ergonomic}
   size_t MarkStackSize                            = 4194304                                   {product} {ergonomic}
   size_t MaxHeapSize                              = 2147483648                                {product} {command line}
   size_t MaxNewSize                               = 1287651328                                {product} {ergonomic}
   size_t MinHeapDeltaBytes                        = 1048576                                   {product} {ergonomic}
    uintx NonNMethodCodeHeapSize                   = 5836300                                {pd product} {ergonomic}
    uintx NonProfiledCodeHeapSize                  = 122910970                              {pd product} {ergonomic}
    uintx ProfiledCodeHeapSize                     = 122910970                              {pd product} {ergonomic}
    uintx ReservedCodeCacheSize                    = 251658240                              {pd product} {ergonomic}
     bool SegmentedCodeCache                       = true                                      {product} {ergonomic}
     bool UseCompressedClassPointers               = true                                 {lp64_product} {ergonomic}
     bool UseCompressedOops                        = true                                 {lp64_product} {ergonomic}
     bool UseG1GC                                  = true                                      {product} {ergonomic}
     bool UseLargePagesIndividualAllocation        = false                                  {pd product} {ergonomic}

Logging:
Log output configuration:
 #0: stdout all=warning uptime,level,tags
 #1: stderr all=off uptime,level,tags

Environment Variables:
JAVA_HOME=C:\Program Files\Amazon Corretto\jdk11.0.6_10
PATH=C:\Program Files\Amazon Corretto\jdk11.0.6_10\bin;C:\Windows\system32;C:\Windows;C:\Windows\System32\Wbem;C:\Windows\System32\WindowsPowerShell\v1.0\;C:\Windows\System32\OpenSSH\;C:\Program Files\SourceGear\Common\DiffMerge\;C:\MinGW\bin;D:\Git\cmd;D:\Nodejs\;C:\Program Files\MySQL\MySQL Shell 8.0\bin\;C:\Users\Admin\AppData\Local\Programs\Python\Python38-32\Scripts\;C:\Users\Admin\AppData\Local\Programs\Python\Python38-32\;C:\Users\Admin\AppData\Local\Microsoft\WindowsApps;C:\Users\Admin\AppData\Roaming\npm
USERNAME=Admin
OS=Windows_NT
PROCESSOR_IDENTIFIER=Intel64 Family 6 Model 142 Stepping 10, GenuineIntel



---------------  S Y S T E M  ---------------

OS: Windows 10 , 64 bit Build 18362 (10.0.18362.1110)

CPU:total 8 (initial active 8) (4 cores per cpu, 2 threads per core) family 6 model 142 stepping 10, cmov, cx8, fxsr, mmx, sse, sse2, sse3, ssse3, sse4.1, sse4.2, popcnt, avx, avx2, aes, clmul, erms, 3dnowpref, lzcnt, ht, tsc, tscinvbit, bmi1, bmi2, adx, fma

Memory: 4k page, system-wide physical 8101M (240M free)
TotalPageFile size 13917M (AvailPageFile size 9M)
current process WorkingSet (physical memory assigned to process): 568M, peak: 573M
current process commit charge ("private bytes"): 639M, peak: 646M

vm_info: OpenJDK 64-Bit Server VM (11.0.6+10-LTS) for windows-amd64 JRE (11.0.6+10-LTS), built on Jan 10 2020 02:02:53 by "Administrator" with unknown MS VC++:1916

END.
