#
# There is insufficient memory for the Java Runtime Environment to continue.
# Native memory allocation (malloc) failed to allocate 433616 bytes for Chunk::new
# Possible reasons:
#   The system is out of physical RAM or swap space
#   The process is running with CompressedOops enabled, and the Java Heap may be blocking the growth of the native heap
# Possible solutions:
#   Reduce memory load on the system
#   Increase physical memory or swap space
#   Check if swap backing store is full
#   Decrease Java heap size (-Xmx/-Xms)
#   Decrease number of Java threads
#   Decrease Java thread stack sizes (-Xss)
#   Set larger code cache with -XX:ReservedCodeCacheSize=
#   JVM is running with Unscaled Compressed Oops mode in which the Java heap is
#     placed in the first 4GB address space. The Java Heap base address is the
#     maximum limit for the native heap growth. Please use -XX:HeapBaseMinAddress
#     to set the Java Heap base and to place the Java Heap above 4GB virtual address.
# This output file may be truncated or incomplete.
#
#  Out of Memory Error (c:/ws/UEp/Corretto11Src/installers/windows/zip/corretto-build/buildRoot/src/src/hotspot/share/memory/arena.cpp:197), pid=11844, tid=11024
#
# JRE version: OpenJDK Runtime Environment (11.0.6+10) (build 11.0.6+10-LTS)
# Java VM: OpenJDK 64-Bit Server VM (11.0.6+10-LTS, mixed mode, tiered, compressed oops, g1 gc, windows-amd64)
# No core dump will be written. Minidumps are not enabled by default on client versions of Windows
#

---------------  S U M M A R Y ------------

Command Line: --add-opens=java.base/java.util=ALL-UNNAMED --add-opens=java.base/java.lang=ALL-UNNAMED --add-opens=java.base/java.lang.invoke=ALL-UNNAMED --add-opens=java.prefs/java.util.prefs=ALL-UNNAMED -Xmx2048m -Dfile.encoding=UTF-8 -Duser.country=IN -Duser.language=en -Duser.variant org.gradle.launcher.daemon.bootstrap.GradleDaemon 6.5

Host: Intel(R) Core(TM) i5-8250U CPU @ 1.60GHz, 8 cores, 7G,  Windows 10 , 64 bit Build 18362 (10.0.18362.1110)
Time: Fri Jan 22 23:24:12 2021 India Standard Time elapsed time: 20 seconds (0d 0h 0m 20s)

---------------  T H R E A D  ---------------

Current thread (0x00000276413ee000):  JavaThread "C2 CompilerThread0" daemon [_thread_in_native, id=11024, stack(0x000000a2ff000000,0x000000a2ff100000)]


Current CompileTask:
C2:  20135 8809       4       com.android.tools.r8.z.a.a.B::a (98 bytes)

Stack: [0x000000a2ff000000,0x000000a2ff100000]
Native frames: (J=compiled Java code, j=interpreted, Vv=VM code, C=native code)
V  [jvm.dll+0x5db48a]
V  [jvm.dll+0x7114ae]
V  [jvm.dll+0x712b47]
V  [jvm.dll+0x713213]
V  [jvm.dll+0x23fe78]
V  [jvm.dll+0xb8f0c]
V  [jvm.dll+0xb949c]
V  [jvm.dll+0x342897]
V  [jvm.dll+0x310763]
V  [jvm.dll+0x30fb4a]
V  [jvm.dll+0x1f9d45]
V  [jvm.dll+0x1f8eff]
V  [jvm.dll+0x17d96c]
V  [jvm.dll+0x2080b7]
V  [jvm.dll+0x20639b]
V  [jvm.dll+0x6d738c]
V  [jvm.dll+0x6d04bc]
V  [jvm.dll+0x5da416]
C  [ucrtbase.dll+0x210b2]
C  [KERNEL32.DLL+0x17c24]
C  [ntdll.dll+0x6d4d1]


---------------  P R O C E S S  ---------------

Threads class SMR info:
_java_thread_list=0x00000276480baca0, length=163, elements={
0x00000276223ea800, 0x00000276413d2800, 0x00000276413db800, 0x00000276413eb000,
0x00000276413ec000, 0x00000276413ee000, 0x00000276413f5000, 0x0000027641d45000,
0x0000027641ea2000, 0x0000027641eef800, 0x0000027643360000, 0x0000027642121800,
0x0000027643b20000, 0x000002764350b000, 0x0000027642b64800, 0x00000276437b0800,
0x000002764379b800, 0x0000027644104800, 0x00000276440f6000, 0x00000276438b6800,
0x00000276440e6800, 0x00000276440e9000, 0x00000276440e3000, 0x0000027642041000,
0x00000276440e7000, 0x00000276440e4800, 0x00000276440e9800, 0x00000276440e8000,
0x00000276440e4000, 0x00000276440e5800, 0x0000027643dbd800, 0x0000027643dbe000,
0x0000027643dbf000, 0x0000027643dbf800, 0x0000027643dc3000, 0x0000027643dc0800,
0x0000027646996000, 0x0000027646994800, 0x0000027646997000, 0x0000027646995000,
0x0000027646997800, 0x0000027646998800, 0x0000027646993000, 0x0000027646999800,
0x0000027646993800, 0x0000027647731000, 0x0000027647733800, 0x000002764772e800,
0x0000027647732000, 0x0000027647732800, 0x000002764772f800, 0x000002764772e000,
0x0000027647734800, 0x0000027647735000, 0x0000027647736000, 0x0000027647730000,
0x000002764773b000, 0x0000027647737000, 0x0000027647738800, 0x000002764773a000,
0x000002764773c800, 0x0000027647737800, 0x0000027647739000, 0x000002764773b800,
0x0000027648a95000, 0x0000027648a91000, 0x0000027648a93800, 0x0000027648a92800,
0x0000027648a96000, 0x0000027648a90000, 0x0000027648a96800, 0x0000027648a97800,
0x0000027648a94000, 0x0000027648a91800, 0x0000027648a9c800, 0x0000027648a98000,
0x0000027648a9a000, 0x0000027648a99000, 0x0000027648a9a800, 0x0000027648a9e800,
0x0000027648a9d000, 0x0000027648a9b800, 0x0000027648a9e000, 0x00000276468e9000,
0x00000276468e9800, 0x00000276468ec000, 0x00000276468ed000, 0x00000276468ea800,
0x00000276468ed800, 0x00000276468eb800, 0x00000276468e8000, 0x00000276468f3800,
0x00000276468ee800, 0x00000276468f5000, 0x00000276468f0000, 0x00000276468ef800,
0x00000276468f1000, 0x00000276468f2000, 0x00000276468f2800, 0x00000276468f4800,
0x00000276468f6000, 0x00000276468f6800, 0x00000276464d7000, 0x00000276464d3800,
0x00000276464d4800, 0x00000276464d5000, 0x00000276464d6000, 0x00000276464d1000,
0x00000276464d7800, 0x00000276464d2000, 0x00000276464d8800, 0x00000276464d2800,
0x00000276464db800, 0x00000276464dc800, 0x00000276464de000, 0x00000276464df000,
0x00000276464dd800, 0x00000276464d9800, 0x00000276464e0000, 0x00000276464da000,
0x00000276464db000, 0x0000027648e7b800, 0x0000027648e7a000, 0x0000027648e7e000,
0x0000027648e79000, 0x0000027648e7f000, 0x0000027648e80000, 0x0000027648e80800,
0x0000027648e7b000, 0x0000027648e81800, 0x0000027648e82000, 0x0000027648e7c800,
0x0000027648e83000, 0x0000027648e7d800, 0x0000027648e85800, 0x0000027648e87000,
0x0000027648e88000, 0x0000027648e86800, 0x0000027648e84000, 0x0000027648e84800,
0x000002764696f800, 0x0000027646974000, 0x0000027646973000, 0x0000027646970800,
0x0000027646974800, 0x0000027646976000, 0x0000027646975800, 0x0000027646977000,
0x0000027646971800, 0x0000027646978000, 0x0000027646972000, 0x000002764697c000,
0x000002764697a800, 0x000002764697b000, 0x0000027646978800, 0x000002764697e800,
0x000002764697c800, 0x0000027646979800, 0x00000276485f7800, 0x00000276485f8800,
0x00000276485fb800, 0x00000276485f9000, 0x00000276485fa000
}

Java Threads: ( => current thread )
  0x00000276223ea800 JavaThread "main" [_thread_blocked, id=3528, stack(0x000000a2fe500000,0x000000a2fe600000)]
  0x00000276413d2800 JavaThread "Reference Handler" daemon [_thread_blocked, id=13328, stack(0x000000a2fec00000,0x000000a2fed00000)]
  0x00000276413db800 JavaThread "Finalizer" daemon [_thread_blocked, id=11616, stack(0x000000a2fed00000,0x000000a2fee00000)]
  0x00000276413eb000 JavaThread "Signal Dispatcher" daemon [_thread_blocked, id=4392, stack(0x000000a2fee00000,0x000000a2fef00000)]
  0x00000276413ec000 JavaThread "Attach Listener" daemon [_thread_blocked, id=15952, stack(0x000000a2fef00000,0x000000a2ff000000)]
=>0x00000276413ee000 JavaThread "C2 CompilerThread0" daemon [_thread_in_native, id=11024, stack(0x000000a2ff000000,0x000000a2ff100000)]
  0x00000276413f5000 JavaThread "C1 CompilerThread0" daemon [_thread_blocked, id=7572, stack(0x000000a2ff100000,0x000000a2ff200000)]
  0x0000027641d45000 JavaThread "Sweeper thread" daemon [_thread_blocked, id=8592, stack(0x000000a2ff200000,0x000000a2ff300000)]
  0x0000027641ea2000 JavaThread "Common-Cleaner" daemon [_thread_blocked, id=9916, stack(0x000000a2ff300000,0x000000a2ff400000)]
  0x0000027641eef800 JavaThread "Service Thread" daemon [_thread_blocked, id=14920, stack(0x000000a2ff400000,0x000000a2ff500000)]
  0x0000027643360000 JavaThread "Daemon health stats" [_thread_blocked, id=7548, stack(0x000000a2ffa00000,0x000000a2ffb00000)]
  0x0000027642121800 JavaThread "Incoming local TCP Connector on port 59604" [_thread_in_native, id=14832, stack(0x000000a2ffb00000,0x000000a2ffc00000)]
  0x0000027643b20000 JavaThread "Daemon periodic checks" [_thread_blocked, id=4388, stack(0x000000a2ffc00000,0x000000a2ffd00000)]
  0x000002764350b000 JavaThread "Daemon" [_thread_blocked, id=13672, stack(0x000000a2ffd00000,0x000000a2ffe00000)]
  0x0000027642b64800 JavaThread "Handler for socket connection from /127.0.0.1:59604 to /127.0.0.1:59605" [_thread_in_native, id=9588, stack(0x000000a2ffe00000,0x000000a2fff00000)]
  0x00000276437b0800 JavaThread "Cancel handler" [_thread_blocked, id=7764, stack(0x000000a2fff00000,0x000000a300000000)]
  0x000002764379b800 JavaThread "Daemon worker" [_thread_blocked, id=12424, stack(0x000000a280000000,0x000000a280100000)]
  0x0000027644104800 JavaThread "Asynchronous log dispatcher for DefaultDaemonConnection: socket connection from /127.0.0.1:59604 to /127.0.0.1:59605" [_thread_blocked, id=7696, stack(0x000000a280100000,0x000000a280200000)]
  0x00000276440f6000 JavaThread "Stdin handler" [_thread_blocked, id=13036, stack(0x000000a280200000,0x000000a280300000)]
  0x00000276438b6800 JavaThread "Thread-8" [_thread_blocked, id=1540, stack(0x000000a280300000,0x000000a280400000)]
  0x00000276440e6800 JavaThread "Cache worker for journal cache (C:\Users\Admin\.gradle\caches\journal-1)" [_thread_blocked, id=11192, stack(0x000000a280500000,0x000000a280600000)]
  0x00000276440e9000 JavaThread "File lock request listener" [_thread_in_native, id=13404, stack(0x000000a280b00000,0x000000a280c00000)]
  0x00000276440e3000 JavaThread "Cache worker for file hash cache (C:\Users\Admin\.gradle\caches\6.5\fileHashes)" [_thread_blocked, id=14996, stack(0x000000a280400000,0x000000a280500000)]
  0x0000027642041000 JavaThread "C2 CompilerThread1" daemon [_thread_in_native, id=9132, stack(0x000000a280d00000,0x000000a280e00000)]
  0x00000276440e7000 JavaThread "Cache worker for file hash cache (D:\allandroidprojects\NewsApp\.gradle\6.5\fileHashes)" [_thread_blocked, id=13096, stack(0x000000a280e00000,0x000000a280f00000)]
  0x00000276440e4800 JavaThread "Cache worker for checksums cache (D:\allandroidprojects\NewsApp\.gradle\checksums)" [_thread_blocked, id=10924, stack(0x000000a280f00000,0x000000a281000000)]
  0x00000276440e9800 JavaThread "Cache worker for cache directory md-supplier (C:\Users\Admin\.gradle\caches\6.5\md-supplier)" [_thread_blocked, id=15948, stack(0x000000a281000000,0x000000a281100000)]
  0x00000276440e8000 JavaThread "Cache worker for cache directory md-rule (C:\Users\Admin\.gradle\caches\6.5\md-rule)" [_thread_blocked, id=628, stack(0x000000a281100000,0x000000a281200000)]
  0x00000276440e4000 JavaThread "Cache worker for execution history cache (C:\Users\Admin\.gradle\caches\6.5\executionHistory)" [_thread_blocked, id=7924, stack(0x000000a281200000,0x000000a281300000)]
  0x00000276440e5800 JavaThread "jar transforms" [_thread_blocked, id=16184, stack(0x000000a281300000,0x000000a281400000)]
  0x0000027643dbd800 JavaThread "Cache worker for file content cache (C:\Users\Admin\.gradle\caches\6.5\fileContent)" [_thread_blocked, id=9372, stack(0x000000a281400000,0x000000a281500000)]
  0x0000027643dbe000 JavaThread "Build operations" [_thread_blocked, id=11988, stack(0x000000a281500000,0x000000a281600000)]
  0x0000027643dbf000 JavaThread "Build operations Thread 2" [_thread_blocked, id=9808, stack(0x000000a281600000,0x000000a281700000)]
  0x0000027643dbf800 JavaThread "Build operations Thread 3" [_thread_blocked, id=1492, stack(0x000000a281700000,0x000000a281800000)]
  0x0000027643dc3000 JavaThread "Build operations Thread 4" [_thread_blocked, id=8240, stack(0x000000a281800000,0x000000a281900000)]
  0x0000027643dc0800 JavaThread "Build operations Thread 5" [_thread_in_vm, id=13828, stack(0x000000a281900000,0x000000a281a00000)]
  0x0000027646996000 JavaThread "Build operations Thread 6" [_thread_blocked, id=15596, stack(0x000000a281a00000,0x000000a281b00000)]
  0x0000027646994800 JavaThread "Build operations Thread 7" [_thread_in_Java, id=16040, stack(0x000000a281b00000,0x000000a281c00000)]
  0x0000027646997000 JavaThread "Build operations Thread 8" [_thread_blocked, id=10844, stack(0x000000a281c00000,0x000000a281d00000)]
  0x0000027646995000 JavaThread "jar transforms Thread 2" [_thread_blocked, id=9072, stack(0x000000a281d00000,0x000000a281e00000)]
  0x0000027646997800 JavaThread "jar transforms Thread 3" [_thread_blocked, id=9408, stack(0x000000a281e00000,0x000000a281f00000)]
  0x0000027646998800 JavaThread "jar transforms Thread 4" [_thread_blocked, id=264, stack(0x000000a281f00000,0x000000a282000000)]
  0x0000027646993000 JavaThread "jar transforms Thread 5" [_thread_blocked, id=16228, stack(0x000000a282000000,0x000000a282100000)]
  0x0000027646999800 JavaThread "jar transforms Thread 6" [_thread_blocked, id=7452, stack(0x000000a282100000,0x000000a282200000)]
  0x0000027646993800 JavaThread "jar transforms Thread 7" [_thread_blocked, id=4568, stack(0x000000a282200000,0x000000a282300000)]
  0x0000027647731000 JavaThread "jar transforms Thread 8" [_thread_blocked, id=13436, stack(0x000000a282300000,0x000000a282400000)]
  0x0000027647733800 JavaThread "jar transforms Thread 9" [_thread_blocked, id=6568, stack(0x000000a282400000,0x000000a282500000)]
  0x000002764772e800 JavaThread "jar transforms Thread 10" [_thread_blocked, id=4208, stack(0x000000a282500000,0x000000a282600000)]
  0x0000027647732000 JavaThread "jar transforms Thread 11" [_thread_blocked, id=8300, stack(0x000000a282600000,0x000000a282700000)]
  0x0000027647732800 JavaThread "jar transforms Thread 12" [_thread_blocked, id=11420, stack(0x000000a282700000,0x000000a282800000)]
  0x000002764772f800 JavaThread "jar transforms Thread 13" [_thread_blocked, id=4420, stack(0x000000a282800000,0x000000a282900000)]
  0x000002764772e000 JavaThread "jar transforms Thread 14" [_thread_blocked, id=13016, stack(0x000000a282900000,0x000000a282a00000)]
  0x0000027647734800 JavaThread "jar transforms Thread 15" [_thread_blocked, id=11556, stack(0x000000a282a00000,0x000000a282b00000)]
  0x0000027647735000 JavaThread "jar transforms Thread 16" [_thread_blocked, id=12596, stack(0x000000a282b00000,0x000000a282c00000)]
  0x0000027647736000 JavaThread "jar transforms Thread 17" [_thread_blocked, id=7848, stack(0x000000a282c00000,0x000000a282d00000)]
  0x0000027647730000 JavaThread "jar transforms Thread 18" [_thread_blocked, id=15132, stack(0x000000a282d00000,0x000000a282e00000)]
  0x000002764773b000 JavaThread "jar transforms Thread 19" [_thread_blocked, id=12704, stack(0x000000a282e00000,0x000000a282f00000)]
  0x0000027647737000 JavaThread "jar transforms Thread 20" [_thread_blocked, id=7324, stack(0x000000a282f00000,0x000000a283000000)]
  0x0000027647738800 JavaThread "jar transforms Thread 21" [_thread_blocked, id=15420, stack(0x000000a283000000,0x000000a283100000)]
  0x000002764773a000 JavaThread "jar transforms Thread 22" [_thread_blocked, id=10616, stack(0x000000a283100000,0x000000a283200000)]
  0x000002764773c800 JavaThread "jar transforms Thread 23" [_thread_blocked, id=15468, stack(0x000000a283200000,0x000000a283300000)]
  0x0000027647737800 JavaThread "jar transforms Thread 24" [_thread_blocked, id=11360, stack(0x000000a283300000,0x000000a283400000)]
  0x0000027647739000 JavaThread "jar transforms Thread 25" [_thread_blocked, id=5460, stack(0x000000a283400000,0x000000a283500000)]
  0x000002764773b800 JavaThread "jar transforms Thread 26" [_thread_blocked, id=15552, stack(0x000000a283500000,0x000000a283600000)]
  0x0000027648a95000 JavaThread "jar transforms Thread 27" [_thread_blocked, id=13632, stack(0x000000a283600000,0x000000a283700000)]
  0x0000027648a91000 JavaThread "jar transforms Thread 28" [_thread_blocked, id=2008, stack(0x000000a283700000,0x000000a283800000)]
  0x0000027648a93800 JavaThread "jar transforms Thread 29" [_thread_blocked, id=7876, stack(0x000000a283800000,0x000000a283900000)]
  0x0000027648a92800 JavaThread "jar transforms Thread 30" [_thread_blocked, id=8332, stack(0x000000a283900000,0x000000a283a00000)]
  0x0000027648a96000 JavaThread "jar transforms Thread 31" [_thread_blocked, id=15932, stack(0x000000a283a00000,0x000000a283b00000)]
  0x0000027648a90000 JavaThread "jar transforms Thread 32" [_thread_blocked, id=13864, stack(0x000000a283b00000,0x000000a283c00000)]
  0x0000027648a96800 JavaThread "jar transforms Thread 33" [_thread_blocked, id=8392, stack(0x000000a283c00000,0x000000a283d00000)]
  0x0000027648a97800 JavaThread "jar transforms Thread 34" [_thread_blocked, id=14988, stack(0x000000a283d00000,0x000000a283e00000)]
  0x0000027648a94000 JavaThread "jar transforms Thread 35" [_thread_blocked, id=1676, stack(0x000000a283e00000,0x000000a283f00000)]
  0x0000027648a91800 JavaThread "jar transforms Thread 36" [_thread_blocked, id=2148, stack(0x000000a283f00000,0x000000a284000000)]
  0x0000027648a9c800 JavaThread "jar transforms Thread 37" [_thread_blocked, id=1040, stack(0x000000a284000000,0x000000a284100000)]
  0x0000027648a98000 JavaThread "jar transforms Thread 38" [_thread_blocked, id=10380, stack(0x000000a284100000,0x000000a284200000)]
  0x0000027648a9a000 JavaThread "jar transforms Thread 39" [_thread_blocked, id=13676, stack(0x000000a284200000,0x000000a284300000)]
  0x0000027648a99000 JavaThread "jar transforms Thread 40" [_thread_blocked, id=15964, stack(0x000000a284300000,0x000000a284400000)]
  0x0000027648a9a800 JavaThread "jar transforms Thread 41" [_thread_blocked, id=15848, stack(0x000000a284400000,0x000000a284500000)]
  0x0000027648a9e800 JavaThread "jar transforms Thread 42" [_thread_blocked, id=15540, stack(0x000000a284500000,0x000000a284600000)]
  0x0000027648a9d000 JavaThread "jar transforms Thread 43" [_thread_blocked, id=7660, stack(0x000000a284600000,0x000000a284700000)]
  0x0000027648a9b800 JavaThread "jar transforms Thread 44" [_thread_blocked, id=14444, stack(0x000000a284700000,0x000000a284800000)]
  0x0000027648a9e000 JavaThread "jar transforms Thread 45" [_thread_blocked, id=8056, stack(0x000000a284800000,0x000000a284900000)]
  0x00000276468e9000 JavaThread "jar transforms Thread 46" [_thread_blocked, id=9880, stack(0x000000a284900000,0x000000a284a00000)]
  0x00000276468e9800 JavaThread "jar transforms Thread 47" [_thread_blocked, id=4616, stack(0x000000a284a00000,0x000000a284b00000)]
  0x00000276468ec000 JavaThread "jar transforms Thread 48" [_thread_blocked, id=16292, stack(0x000000a284b00000,0x000000a284c00000)]
  0x00000276468ed000 JavaThread "jar transforms Thread 49" [_thread_blocked, id=15112, stack(0x000000a284c00000,0x000000a284d00000)]
  0x00000276468ea800 JavaThread "jar transforms Thread 50" [_thread_blocked, id=16000, stack(0x000000a284d00000,0x000000a284e00000)]
  0x00000276468ed800 JavaThread "jar transforms Thread 51" [_thread_blocked, id=13504, stack(0x000000a284e00000,0x000000a284f00000)]
  0x00000276468eb800 JavaThread "jar transforms Thread 52" [_thread_blocked, id=15308, stack(0x000000a284f00000,0x000000a285000000)]
  0x00000276468e8000 JavaThread "jar transforms Thread 53" [_thread_blocked, id=11368, stack(0x000000a285000000,0x000000a285100000)]
  0x00000276468f3800 JavaThread "jar transforms Thread 54" [_thread_blocked, id=15156, stack(0x000000a285100000,0x000000a285200000)]
  0x00000276468ee800 JavaThread "jar transforms Thread 55" [_thread_blocked, id=1320, stack(0x000000a285200000,0x000000a285300000)]
  0x00000276468f5000 JavaThread "jar transforms Thread 56" [_thread_blocked, id=11740, stack(0x000000a285300000,0x000000a285400000)]
  0x00000276468f0000 JavaThread "jar transforms Thread 57" [_thread_blocked, id=13660, stack(0x000000a285400000,0x000000a285500000)]
  0x00000276468ef800 JavaThread "jar transforms Thread 58" [_thread_blocked, id=11288, stack(0x000000a285500000,0x000000a285600000)]
  0x00000276468f1000 JavaThread "jar transforms Thread 59" [_thread_blocked, id=10612, stack(0x000000a285600000,0x000000a285700000)]
  0x00000276468f2000 JavaThread "jar transforms Thread 60" [_thread_blocked, id=1332, stack(0x000000a285700000,0x000000a285800000)]
  0x00000276468f2800 JavaThread "jar transforms Thread 61" [_thread_blocked, id=8432, stack(0x000000a285800000,0x000000a285900000)]
  0x00000276468f4800 JavaThread "jar transforms Thread 62" [_thread_blocked, id=13856, stack(0x000000a285900000,0x000000a285a00000)]
  0x00000276468f6000 JavaThread "jar transforms Thread 63" [_thread_blocked, id=1696, stack(0x000000a285a00000,0x000000a285b00000)]
  0x00000276468f6800 JavaThread "jar transforms Thread 64" [_thread_blocked, id=1400, stack(0x000000a285b00000,0x000000a285c00000)]
  0x00000276464d7000 JavaThread "jar transforms Thread 65" [_thread_blocked, id=11336, stack(0x000000a285c00000,0x000000a285d00000)]
  0x00000276464d3800 JavaThread "jar transforms Thread 66" [_thread_blocked, id=212, stack(0x000000a285d00000,0x000000a285e00000)]
  0x00000276464d4800 JavaThread "jar transforms Thread 67" [_thread_blocked, id=928, stack(0x000000a285e00000,0x000000a285f00000)]
  0x00000276464d5000 JavaThread "jar transforms Thread 68" [_thread_blocked, id=12592, stack(0x000000a285f00000,0x000000a286000000)]
  0x00000276464d6000 JavaThread "jar transforms Thread 69" [_thread_blocked, id=15364, stack(0x000000a286000000,0x000000a286100000)]
  0x00000276464d1000 JavaThread "jar transforms Thread 70" [_thread_blocked, id=1512, stack(0x000000a286100000,0x000000a286200000)]
  0x00000276464d7800 JavaThread "jar transforms Thread 71" [_thread_blocked, id=7540, stack(0x000000a286200000,0x000000a286300000)]
  0x00000276464d2000 JavaThread "jar transforms Thread 72" [_thread_blocked, id=11688, stack(0x000000a286300000,0x000000a286400000)]
  0x00000276464d8800 JavaThread "jar transforms Thread 73" [_thread_blocked, id=4808, stack(0x000000a286400000,0x000000a286500000)]
  0x00000276464d2800 JavaThread "jar transforms Thread 74" [_thread_blocked, id=13508, stack(0x000000a286500000,0x000000a286600000)]
  0x00000276464db800 JavaThread "jar transforms Thread 75" [_thread_blocked, id=8928, stack(0x000000a286600000,0x000000a286700000)]
  0x00000276464dc800 JavaThread "jar transforms Thread 76" [_thread_blocked, id=9924, stack(0x000000a286700000,0x000000a286800000)]
  0x00000276464de000 JavaThread "jar transforms Thread 77" [_thread_blocked, id=13132, stack(0x000000a286800000,0x000000a286900000)]
  0x00000276464df000 JavaThread "jar transforms Thread 78" [_thread_blocked, id=14256, stack(0x000000a286900000,0x000000a286a00000)]
  0x00000276464dd800 JavaThread "jar transforms Thread 79" [_thread_blocked, id=10388, stack(0x000000a286a00000,0x000000a286b00000)]
  0x00000276464d9800 JavaThread "jar transforms Thread 80" [_thread_blocked, id=13084, stack(0x000000a286b00000,0x000000a286c00000)]
  0x00000276464e0000 JavaThread "jar transforms Thread 81" [_thread_blocked, id=11400, stack(0x000000a286c00000,0x000000a286d00000)]
  0x00000276464da000 JavaThread "jar transforms Thread 82" [_thread_blocked, id=4216, stack(0x000000a286d00000,0x000000a286e00000)]
  0x00000276464db000 JavaThread "jar transforms Thread 83" [_thread_blocked, id=9200, stack(0x000000a286e00000,0x000000a286f00000)]
  0x0000027648e7b800 JavaThread "jar transforms Thread 84" [_thread_blocked, id=10268, stack(0x000000a286f00000,0x000000a287000000)]
  0x0000027648e7a000 JavaThread "jar transforms Thread 85" [_thread_blocked, id=14588, stack(0x000000a287000000,0x000000a287100000)]
  0x0000027648e7e000 JavaThread "jar transforms Thread 86" [_thread_blocked, id=1360, stack(0x000000a287100000,0x000000a287200000)]
  0x0000027648e79000 JavaThread "jar transforms Thread 87" [_thread_blocked, id=7184, stack(0x000000a287200000,0x000000a287300000)]
  0x0000027648e7f000 JavaThread "jar transforms Thread 88" [_thread_blocked, id=15576, stack(0x000000a287300000,0x000000a287400000)]
  0x0000027648e80000 JavaThread "jar transforms Thread 89" [_thread_blocked, id=7664, stack(0x000000a287400000,0x000000a287500000)]
  0x0000027648e80800 JavaThread "jar transforms Thread 90" [_thread_blocked, id=15356, stack(0x000000a287500000,0x000000a287600000)]
  0x0000027648e7b000 JavaThread "jar transforms Thread 91" [_thread_blocked, id=12332, stack(0x000000a287600000,0x000000a287700000)]
  0x0000027648e81800 JavaThread "jar transforms Thread 92" [_thread_blocked, id=4840, stack(0x000000a287700000,0x000000a287800000)]
  0x0000027648e82000 JavaThread "jar transforms Thread 93" [_thread_blocked, id=7748, stack(0x000000a287800000,0x000000a287900000)]
  0x0000027648e7c800 JavaThread "jar transforms Thread 94" [_thread_blocked, id=14416, stack(0x000000a287900000,0x000000a287a00000)]
  0x0000027648e83000 JavaThread "jar transforms Thread 95" [_thread_blocked, id=9892, stack(0x000000a287a00000,0x000000a287b00000)]
  0x0000027648e7d800 JavaThread "jar transforms Thread 96" [_thread_blocked, id=348, stack(0x000000a287b00000,0x000000a287c00000)]
  0x0000027648e85800 JavaThread "jar transforms Thread 97" [_thread_blocked, id=4980, stack(0x000000a287c00000,0x000000a287d00000)]
  0x0000027648e87000 JavaThread "jar transforms Thread 98" [_thread_blocked, id=12744, stack(0x000000a287d00000,0x000000a287e00000)]
  0x0000027648e88000 JavaThread "jar transforms Thread 99" [_thread_blocked, id=13300, stack(0x000000a287e00000,0x000000a287f00000)]
  0x0000027648e86800 JavaThread "jar transforms Thread 100" [_thread_blocked, id=15572, stack(0x000000a287f00000,0x000000a288000000)]
  0x0000027648e84000 JavaThread "jar transforms Thread 101" [_thread_blocked, id=13644, stack(0x000000a288000000,0x000000a288100000)]
  0x0000027648e84800 JavaThread "jar transforms Thread 102" [_thread_blocked, id=7180, stack(0x000000a288100000,0x000000a288200000)]
  0x000002764696f800 JavaThread "jar transforms Thread 103" [_thread_blocked, id=11356, stack(0x000000a288200000,0x000000a288300000)]
  0x0000027646974000 JavaThread "jar transforms Thread 104" [_thread_blocked, id=15436, stack(0x000000a288300000,0x000000a288400000)]
  0x0000027646973000 JavaThread "jar transforms Thread 105" [_thread_blocked, id=15124, stack(0x000000a288400000,0x000000a288500000)]
  0x0000027646970800 JavaThread "jar transforms Thread 106" [_thread_blocked, id=7488, stack(0x000000a288500000,0x000000a288600000)]
  0x0000027646974800 JavaThread "jar transforms Thread 107" [_thread_blocked, id=8380, stack(0x000000a288600000,0x000000a288700000)]
  0x0000027646976000 JavaThread "jar transforms Thread 108" [_thread_blocked, id=10608, stack(0x000000a288700000,0x000000a288800000)]
  0x0000027646975800 JavaThread "jar transforms Thread 109" [_thread_blocked, id=8092, stack(0x000000a288800000,0x000000a288900000)]
  0x0000027646977000 JavaThread "jar transforms Thread 110" [_thread_blocked, id=3488, stack(0x000000a288900000,0x000000a288a00000)]
  0x0000027646971800 JavaThread "jar transforms Thread 111" [_thread_blocked, id=15944, stack(0x000000a288a00000,0x000000a288b00000)]
  0x0000027646978000 JavaThread "jar transforms Thread 112" [_thread_blocked, id=12340, stack(0x000000a288b00000,0x000000a288c00000)]
  0x0000027646972000 JavaThread "jar transforms Thread 113" [_thread_blocked, id=8548, stack(0x000000a288c00000,0x000000a288d00000)]
  0x000002764697c000 JavaThread "Cache worker for Build Output Cleanup Cache (D:\allandroidprojects\NewsApp\.gradle\buildOutputCleanup)" [_thread_blocked, id=13548, stack(0x000000a288d00000,0x000000a288e00000)]
  0x000002764697a800 JavaThread "Memory manager" [_thread_blocked, id=9828, stack(0x000000a288e00000,0x000000a288f00000)]
  0x000002764697b000 JavaThread "Cache worker for file content cache (D:\allandroidprojects\NewsApp\.gradle\6.5\fileContent)" [_thread_blocked, id=6952, stack(0x000000a288f00000,0x000000a289000000)]
  0x0000027646978800 JavaThread "Execution worker for ':'" [_thread_blocked, id=7640, stack(0x000000a289000000,0x000000a289100000)]
  0x000002764697e800 JavaThread "Execution worker for ':' Thread 2" [_thread_blocked, id=16044, stack(0x000000a289100000,0x000000a289200000)]
  0x000002764697c800 JavaThread "Execution worker for ':' Thread 3" [_thread_blocked, id=5268, stack(0x000000a289200000,0x000000a289300000)]
  0x0000027646979800 JavaThread "Execution worker for ':' Thread 4" [_thread_blocked, id=8212, stack(0x000000a289300000,0x000000a289400000)]
  0x00000276485f7800 JavaThread "Execution worker for ':' Thread 5" [_thread_blocked, id=2504, stack(0x000000a289400000,0x000000a289500000)]
  0x00000276485f8800 JavaThread "Execution worker for ':' Thread 6" [_thread_blocked, id=10384, stack(0x000000a289500000,0x000000a289600000)]
  0x00000276485fb800 JavaThread "Execution worker for ':' Thread 7" [_thread_blocked, id=9764, stack(0x000000a289600000,0x000000a289700000)]
  0x00000276485f9000 JavaThread "Cache worker for execution history cache (D:\allandroidprojects\NewsApp\.gradle\6.5\executionHistory)" [_thread_blocked, id=14348, stack(0x000000a289700000,0x000000a289800000)]
  0x00000276485fa000 JavaThread "WorkerExecutor Queue" [_thread_blocked, id=432, stack(0x000000a289800000,0x000000a289900000)]

Other Threads:
  0x00000276413cc000 VMThread "VM Thread" [stack: 0x000000a2feb00000,0x000000a2fec00000] [id=11936]
  0x0000027641ef2800 WatcherThread [stack: 0x000000a2ff500000,0x000000a2ff600000] [id=14332]
  0x0000027622403000 GCTaskThread "GC Thread#0" [stack: 0x000000a2fe600000,0x000000a2fe700000] [id=1416]
  0x0000027642b3d000 GCTaskThread "GC Thread#1" [stack: 0x000000a2ff700000,0x000000a2ff800000] [id=15400]
  0x0000027642b83000 GCTaskThread "GC Thread#2" [stack: 0x000000a2ff800000,0x000000a2ff900000] [id=15500]
  0x00000276438b4000 GCTaskThread "GC Thread#3" [stack: 0x000000a280600000,0x000000a280700000] [id=3076]
  0x0000027643890000 GCTaskThread "GC Thread#4" [stack: 0x000000a280700000,0x000000a280800000] [id=15108]
  0x0000027643b2f000 GCTaskThread "GC Thread#5" [stack: 0x000000a280800000,0x000000a280900000] [id=12908]
  0x0000027643c87000 GCTaskThread "GC Thread#6" [stack: 0x000000a280900000,0x000000a280a00000] [id=6052]
  0x0000027643c87800 GCTaskThread "GC Thread#7" [stack: 0x000000a280a00000,0x000000a280b00000] [id=12996]
  0x0000027622434800 ConcurrentGCThread "G1 Main Marker" [stack: 0x000000a2fe700000,0x000000a2fe800000] [id=13040]
  0x0000027622435800 ConcurrentGCThread "G1 Conc#0" [stack: 0x000000a2fe800000,0x000000a2fe900000] [id=14504]
  0x0000027643c7f000 ConcurrentGCThread "G1 Conc#1" [stack: 0x000000a280c00000,0x000000a280d00000] [id=13612]
  0x00000276224be800 ConcurrentGCThread "G1 Refine#0" [stack: 0x000000a2fe900000,0x000000a2fea00000] [id=3424]
  0x0000027641218800 ConcurrentGCThread "G1 Young RemSet Sampling" [stack: 0x000000a2fea00000,0x000000a2feb00000] [id=11664]

Threads with active compile tasks:
C2 CompilerThread0  20207 8809       4       com.android.tools.r8.z.a.a.B::a (98 bytes)
C1 CompilerThread0  20207 9006       2       com.android.tools.r8.q.a.a.a.D::a (130 bytes)
C2 CompilerThread1  20207 8805       4       com.android.tools.r8.graph.F0::c (177 bytes)

VM state:not at safepoint (normal execution)

VM Mutex/Monitor currently owned by a thread:  ([mutex/lock_event])
[0x00000276223e6cc0] Patching_lock - owner thread: 0x0000000000000000

OutOfMemory and StackOverflow Exception counts:
OutOfMemoryError java_heap_errors=1
LinkageErrors=140

Heap address: 0x0000000080000000, size: 2048 MB, Compressed Oops mode: 32-bit
Narrow klass base: 0x0000000000000000, Narrow klass shift: 3
Compressed class space size: 1073741824 Address: 0x0000000100000000

Heap:
 garbage-first heap   total 189440K, used 139003K [0x0000000080000000, 0x0000000100000000)
  region size 1024K, 55 young (56320K), 9 survivors (9216K)
 Metaspace       used 85405K, capacity 87735K, committed 87936K, reserved 1128448K
  class space    used 11256K, capacity 12111K, committed 12160K, reserved 1048576K
Heap Regions: E=young(eden), S=young(survivor), O=old, HS=humongous(starts), HC=humongous(continues), CS=collection set, F=free, A=archive, TAMS=top-at-mark-start (previous, next)
|   0|0x0000000080000000, 0x0000000080100000, 0x0000000080100000|100%| O|  |TAMS 0x0000000080100000, 0x0000000080000000| Untracked 
|   1|0x0000000080100000, 0x0000000080200000, 0x0000000080200000|100%| O|  |TAMS 0x0000000080200000, 0x0000000080100000| Untracked 
|   2|0x0000000080200000, 0x0000000080300000, 0x0000000080300000|100%| O|  |TAMS 0x0000000080300000, 0x0000000080200000| Untracked 
|   3|0x0000000080300000, 0x0000000080400000, 0x0000000080400000|100%|HS|  |TAMS 0x0000000080400000, 0x0000000080300000| Complete 
|   4|0x0000000080400000, 0x0000000080500000, 0x0000000080500000|100%|HC|  |TAMS 0x0000000080500000, 0x0000000080400000| Complete 
|   5|0x0000000080500000, 0x0000000080600000, 0x0000000080600000|100%|HC|  |TAMS 0x0000000080600000, 0x0000000080500000| Complete 
|   6|0x0000000080600000, 0x0000000080700000, 0x0000000080700000|100%| O|  |TAMS 0x0000000080700000, 0x0000000080600000| Untracked 
|   7|0x0000000080700000, 0x0000000080800000, 0x0000000080800000|100%| O|  |TAMS 0x0000000080800000, 0x0000000080700000| Untracked 
|   8|0x0000000080800000, 0x0000000080900000, 0x0000000080900000|100%| O|  |TAMS 0x0000000080900000, 0x0000000080800000| Untracked 
|   9|0x0000000080900000, 0x0000000080a00000, 0x0000000080a00000|100%| O|  |TAMS 0x0000000080a00000, 0x0000000080900000| Untracked 
|  10|0x0000000080a00000, 0x0000000080b00000, 0x0000000080b00000|100%| O|  |TAMS 0x0000000080b00000, 0x0000000080a00000| Untracked 
|  11|0x0000000080b00000, 0x0000000080c00000, 0x0000000080c00000|100%| O|  |TAMS 0x0000000080c00000, 0x0000000080b00000| Untracked 
|  12|0x0000000080c00000, 0x0000000080d00000, 0x0000000080d00000|100%| O|  |TAMS 0x0000000080d00000, 0x0000000080c00000| Untracked 
|  13|0x0000000080d00000, 0x0000000080e00000, 0x0000000080e00000|100%| O|  |TAMS 0x0000000080e00000, 0x0000000080d00000| Untracked 
|  14|0x0000000080e00000, 0x0000000080f00000, 0x0000000080f00000|100%| O|  |TAMS 0x0000000080f00000, 0x0000000080e00000| Untracked 
|  15|0x0000000080f00000, 0x0000000081000000, 0x0000000081000000|100%| O|  |TAMS 0x0000000081000000, 0x0000000080f00000| Untracked 
|  16|0x0000000081000000, 0x0000000081100000, 0x0000000081100000|100%| O|  |TAMS 0x0000000081100000, 0x0000000081000000| Untracked 
|  17|0x0000000081100000, 0x0000000081200000, 0x0000000081200000|100%| O|  |TAMS 0x0000000081200000, 0x0000000081100000| Untracked 
|  18|0x0000000081200000, 0x0000000081300000, 0x0000000081300000|100%| O|  |TAMS 0x0000000081300000, 0x0000000081200000| Untracked 
|  19|0x0000000081300000, 0x0000000081400000, 0x0000000081400000|100%| O|  |TAMS 0x0000000081400000, 0x0000000081300000| Untracked 
|  20|0x0000000081400000, 0x0000000081500000, 0x0000000081500000|100%| O|  |TAMS 0x0000000081500000, 0x0000000081400000| Untracked 
|  21|0x0000000081500000, 0x0000000081600000, 0x0000000081600000|100%|HS|  |TAMS 0x0000000081600000, 0x0000000081500000| Complete 
|  22|0x0000000081600000, 0x0000000081700000, 0x0000000081700000|100%|HS|  |TAMS 0x0000000081700000, 0x0000000081600000| Complete 
|  23|0x0000000081700000, 0x0000000081800000, 0x0000000081800000|100%|HC|  |TAMS 0x0000000081800000, 0x0000000081700000| Complete 
|  24|0x0000000081800000, 0x0000000081900000, 0x0000000081900000|100%|HC|  |TAMS 0x0000000081900000, 0x0000000081800000| Complete 
|  25|0x0000000081900000, 0x0000000081a00000, 0x0000000081a00000|100%|HS|  |TAMS 0x0000000081a00000, 0x0000000081900000| Complete 
|  26|0x0000000081a00000, 0x0000000081b00000, 0x0000000081b00000|100%|HC|  |TAMS 0x0000000081b00000, 0x0000000081a00000| Complete 
|  27|0x0000000081b00000, 0x0000000081c00000, 0x0000000081c00000|100%| O|  |TAMS 0x0000000081c00000, 0x0000000081b00000| Untracked 
|  28|0x0000000081c00000, 0x0000000081d00000, 0x0000000081d00000|100%| O|  |TAMS 0x0000000081d00000, 0x0000000081c00000| Untracked 
|  29|0x0000000081d00000, 0x0000000081e00000, 0x0000000081e00000|100%| O|  |TAMS 0x0000000081e00000, 0x0000000081d00000| Untracked 
|  30|0x0000000081e00000, 0x0000000081f00000, 0x0000000081f00000|100%| O|  |TAMS 0x0000000081f00000, 0x0000000081e00000| Untracked 
|  31|0x0000000081f00000, 0x0000000082000000, 0x0000000082000000|100%| O|  |TAMS 0x0000000082000000, 0x0000000081f00000| Untracked 
|  32|0x0000000082000000, 0x0000000082100000, 0x0000000082100000|100%| O|  |TAMS 0x0000000082100000, 0x0000000082000000| Untracked 
|  33|0x0000000082100000, 0x0000000082200000, 0x0000000082200000|100%| O|  |TAMS 0x0000000082100000, 0x0000000082100000| Untracked 
|  34|0x0000000082200000, 0x0000000082300000, 0x0000000082300000|100%| O|  |TAMS 0x0000000082300000, 0x0000000082200000| Untracked 
|  35|0x0000000082300000, 0x0000000082400000, 0x0000000082400000|100%| O|  |TAMS 0x0000000082400000, 0x0000000082300000| Untracked 
|  36|0x0000000082400000, 0x0000000082500000, 0x0000000082500000|100%| O|  |TAMS 0x0000000082500000, 0x0000000082400000| Untracked 
|  37|0x0000000082500000, 0x0000000082600000, 0x0000000082600000|100%| O|  |TAMS 0x0000000082600000, 0x0000000082500000| Untracked 
|  38|0x0000000082600000, 0x0000000082700000, 0x0000000082700000|100%| O|  |TAMS 0x0000000082700000, 0x0000000082600000| Untracked 
|  39|0x0000000082700000, 0x0000000082800000, 0x0000000082800000|100%| O|  |TAMS 0x0000000082800000, 0x0000000082700000| Untracked 
|  40|0x0000000082800000, 0x0000000082900000, 0x0000000082900000|100%| O|  |TAMS 0x0000000082900000, 0x0000000082800000| Untracked 
|  41|0x0000000082900000, 0x0000000082a00000, 0x0000000082a00000|100%| O|  |TAMS 0x0000000082a00000, 0x0000000082900000| Untracked 
|  42|0x0000000082a00000, 0x0000000082b00000, 0x0000000082b00000|100%| O|  |TAMS 0x0000000082b00000, 0x0000000082a00000| Untracked 
|  43|0x0000000082b00000, 0x0000000082c00000, 0x0000000082c00000|100%| O|  |TAMS 0x0000000082c00000, 0x0000000082b00000| Untracked 
|  44|0x0000000082c00000, 0x0000000082d00000, 0x0000000082d00000|100%| O|  |TAMS 0x0000000082d00000, 0x0000000082c00000| Untracked 
|  45|0x0000000082d00000, 0x0000000082e00000, 0x0000000082e00000|100%| O|  |TAMS 0x0000000082d00000, 0x0000000082d00000| Untracked 
|  46|0x0000000082e00000, 0x0000000082f00000, 0x0000000082f00000|100%| O|  |TAMS 0x0000000082e00000, 0x0000000082e00000| Untracked 
|  47|0x0000000082f00000, 0x0000000083000000, 0x0000000083000000|100%| O|  |TAMS 0x0000000082f00000, 0x0000000082f00000| Untracked 
|  48|0x0000000083000000, 0x0000000083100000, 0x0000000083100000|100%| O|  |TAMS 0x0000000083000000, 0x0000000083000000| Untracked 
|  49|0x0000000083100000, 0x0000000083200000, 0x0000000083200000|100%| O|  |TAMS 0x0000000083100000, 0x0000000083100000| Untracked 
|  50|0x0000000083200000, 0x0000000083300000, 0x0000000083300000|100%| O|  |TAMS 0x0000000083200000, 0x0000000083200000| Untracked 
|  51|0x0000000083300000, 0x0000000083400000, 0x0000000083400000|100%| O|  |TAMS 0x0000000083300000, 0x0000000083300000| Untracked 
|  52|0x0000000083400000, 0x0000000083500000, 0x0000000083500000|100%| O|  |TAMS 0x0000000083400000, 0x0000000083400000| Untracked 
|  53|0x0000000083500000, 0x0000000083600000, 0x0000000083600000|100%| O|  |TAMS 0x0000000083500000, 0x0000000083500000| Untracked 
|  54|0x0000000083600000, 0x0000000083700000, 0x0000000083700000|100%| O|  |TAMS 0x0000000083600000, 0x0000000083600000| Untracked 
|  55|0x0000000083700000, 0x0000000083800000, 0x0000000083800000|100%| O|  |TAMS 0x0000000083700000, 0x0000000083700000| Untracked 
|  56|0x0000000083800000, 0x0000000083900000, 0x0000000083900000|100%| O|  |TAMS 0x0000000083800000, 0x0000000083800000| Untracked 
|  57|0x0000000083900000, 0x0000000083a00000, 0x0000000083a00000|100%| O|  |TAMS 0x0000000083900000, 0x0000000083900000| Untracked 
|  58|0x0000000083a00000, 0x0000000083b00000, 0x0000000083b00000|100%| O|  |TAMS 0x0000000083a00000, 0x0000000083a00000| Untracked 
|  59|0x0000000083b00000, 0x0000000083c00000, 0x0000000083c00000|100%| O|  |TAMS 0x0000000083b00000, 0x0000000083b00000| Untracked 
|  60|0x0000000083c00000, 0x0000000083d00000, 0x0000000083d00000|100%| O|  |TAMS 0x0000000083c00000, 0x0000000083c00000| Untracked 
|  61|0x0000000083d00000, 0x0000000083e00000, 0x0000000083e00000|100%| O|  |TAMS 0x0000000083d00000, 0x0000000083d00000| Untracked 
|  62|0x0000000083e00000, 0x0000000083f00000, 0x0000000083f00000|100%| O|  |TAMS 0x0000000083e00000, 0x0000000083e00000| Untracked 
|  63|0x0000000083f00000, 0x0000000084000000, 0x0000000084000000|100%|HS|  |TAMS 0x0000000083f00000, 0x0000000083f00000| Complete 
|  64|0x0000000084000000, 0x0000000084100000, 0x0000000084100000|100%| O|  |TAMS 0x0000000084000000, 0x0000000084000000| Untracked 
|  65|0x0000000084100000, 0x0000000084200000, 0x0000000084200000|100%| O|  |TAMS 0x0000000084100000, 0x0000000084100000| Untracked 
|  66|0x0000000084200000, 0x0000000084300000, 0x0000000084300000|100%| O|  |TAMS 0x0000000084200000, 0x0000000084200000| Untracked 
|  67|0x0000000084300000, 0x0000000084400000, 0x0000000084400000|100%| O|  |TAMS 0x0000000084300000, 0x0000000084300000| Untracked 
|  68|0x0000000084400000, 0x0000000084500000, 0x0000000084500000|100%| O|  |TAMS 0x0000000084400000, 0x0000000084400000| Untracked 
|  69|0x0000000084500000, 0x0000000084600000, 0x0000000084600000|100%| O|  |TAMS 0x0000000084500000, 0x0000000084500000| Untracked 
|  70|0x0000000084600000, 0x0000000084700000, 0x0000000084700000|100%| O|  |TAMS 0x0000000084600000, 0x0000000084600000| Untracked 
|  71|0x0000000084700000, 0x0000000084800000, 0x0000000084800000|100%| O|  |TAMS 0x0000000084700000, 0x0000000084700000| Untracked 
|  72|0x0000000084800000, 0x0000000084900000, 0x0000000084900000|100%| O|  |TAMS 0x0000000084800000, 0x0000000084800000| Untracked 
|  73|0x0000000084900000, 0x0000000084a00000, 0x0000000084a00000|100%| O|  |TAMS 0x0000000084900000, 0x0000000084900000| Untracked 
|  74|0x0000000084a00000, 0x0000000084b00000, 0x0000000084b00000|100%| O|  |TAMS 0x0000000084a00000, 0x0000000084a00000| Untracked 
|  75|0x0000000084b00000, 0x0000000084c00000, 0x0000000084c00000|100%| O|  |TAMS 0x0000000084b00000, 0x0000000084b00000| Untracked 
|  76|0x0000000084c00000, 0x0000000084d00000, 0x0000000084d00000|100%| O|  |TAMS 0x0000000084c00000, 0x0000000084c00000| Untracked 
|  77|0x0000000084d00000, 0x0000000084e00000, 0x0000000084e00000|100%| O|  |TAMS 0x0000000084d00000, 0x0000000084d00000| Untracked 
|  78|0x0000000084e00000, 0x0000000084f00000, 0x0000000084f00000|100%| O|  |TAMS 0x0000000084e00000, 0x0000000084e00000| Untracked 
|  79|0x0000000084f00000, 0x0000000085000000, 0x0000000085000000|100%| O|  |TAMS 0x0000000084f00000, 0x0000000084f00000| Untracked 
|  80|0x0000000085000000, 0x0000000085100000, 0x0000000085100000|100%| O|  |TAMS 0x0000000085000000, 0x0000000085000000| Untracked 
|  81|0x0000000085100000, 0x00000000851bee00, 0x0000000085200000| 74%| O|  |TAMS 0x0000000085100000, 0x0000000085100000| Untracked 
|  82|0x0000000085200000, 0x0000000085200000, 0x0000000085300000|  0%| F|  |TAMS 0x0000000085200000, 0x0000000085200000| Untracked 
|  83|0x0000000085300000, 0x0000000085300000, 0x0000000085400000|  0%| F|  |TAMS 0x0000000085300000, 0x0000000085300000| Untracked 
|  84|0x0000000085400000, 0x0000000085400000, 0x0000000085500000|  0%| F|  |TAMS 0x0000000085400000, 0x0000000085400000| Untracked 
|  85|0x0000000085500000, 0x0000000085500000, 0x0000000085600000|  0%| F|  |TAMS 0x0000000085500000, 0x0000000085500000| Untracked 
|  86|0x0000000085600000, 0x0000000085600000, 0x0000000085700000|  0%| F|  |TAMS 0x0000000085600000, 0x0000000085600000| Untracked 
|  87|0x0000000085700000, 0x0000000085700000, 0x0000000085800000|  0%| F|  |TAMS 0x0000000085700000, 0x0000000085700000| Untracked 
|  88|0x0000000085800000, 0x0000000085800000, 0x0000000085900000|  0%| F|  |TAMS 0x0000000085800000, 0x0000000085800000| Untracked 
|  89|0x0000000085900000, 0x0000000085900000, 0x0000000085a00000|  0%| F|  |TAMS 0x0000000085900000, 0x0000000085900000| Untracked 
|  90|0x0000000085a00000, 0x0000000085a00000, 0x0000000085b00000|  0%| F|  |TAMS 0x0000000085a00000, 0x0000000085a00000| Untracked 
|  91|0x0000000085b00000, 0x0000000085b00000, 0x0000000085c00000|  0%| F|  |TAMS 0x0000000085b00000, 0x0000000085b00000| Untracked 
|  92|0x0000000085c00000, 0x0000000085c00000, 0x0000000085d00000|  0%| F|  |TAMS 0x0000000085c00000, 0x0000000085c00000| Untracked 
|  93|0x0000000085d00000, 0x0000000085d00000, 0x0000000085e00000|  0%| F|  |TAMS 0x0000000085d00000, 0x0000000085d00000| Untracked 
|  94|0x0000000085e00000, 0x0000000085e00000, 0x0000000085f00000|  0%| F|  |TAMS 0x0000000085e00000, 0x0000000085e00000| Untracked 
|  95|0x0000000085f00000, 0x0000000085f00000, 0x0000000086000000|  0%| F|  |TAMS 0x0000000085f00000, 0x0000000085f00000| Untracked 
|  96|0x0000000086000000, 0x0000000086000000, 0x0000000086100000|  0%| F|  |TAMS 0x0000000086000000, 0x0000000086000000| Untracked 
|  97|0x0000000086100000, 0x0000000086100000, 0x0000000086200000|  0%| F|  |TAMS 0x0000000086100000, 0x0000000086100000| Untracked 
|  98|0x0000000086200000, 0x0000000086200000, 0x0000000086300000|  0%| F|  |TAMS 0x0000000086200000, 0x0000000086200000| Untracked 
|  99|0x0000000086300000, 0x0000000086300000, 0x0000000086400000|  0%| F|  |TAMS 0x0000000086300000, 0x0000000086300000| Untracked 
| 100|0x0000000086400000, 0x0000000086400000, 0x0000000086500000|  0%| F|  |TAMS 0x0000000086400000, 0x0000000086400000| Untracked 
| 101|0x0000000086500000, 0x0000000086500000, 0x0000000086600000|  0%| F|  |TAMS 0x0000000086500000, 0x0000000086500000| Untracked 
| 102|0x0000000086600000, 0x0000000086600000, 0x0000000086700000|  0%| F|  |TAMS 0x0000000086600000, 0x0000000086600000| Untracked 
| 103|0x0000000086700000, 0x0000000086700000, 0x0000000086800000|  0%| F|  |TAMS 0x0000000086700000, 0x0000000086700000| Untracked 
| 104|0x0000000086800000, 0x0000000086800000, 0x0000000086900000|  0%| F|  |TAMS 0x0000000086800000, 0x0000000086800000| Untracked 
| 105|0x0000000086900000, 0x0000000086900000, 0x0000000086a00000|  0%| F|  |TAMS 0x0000000086900000, 0x0000000086900000| Untracked 
| 106|0x0000000086a00000, 0x0000000086a00000, 0x0000000086b00000|  0%| F|  |TAMS 0x0000000086a00000, 0x0000000086a00000| Untracked 
| 107|0x0000000086b00000, 0x0000000086c00000, 0x0000000086c00000|100%| S|CS|TAMS 0x0000000086b00000, 0x0000000086b00000| Complete 
| 108|0x0000000086c00000, 0x0000000086c00000, 0x0000000086d00000|  0%| F|  |TAMS 0x0000000086c00000, 0x0000000086c00000| Untracked 
| 109|0x0000000086d00000, 0x0000000086d00000, 0x0000000086e00000|  0%| F|  |TAMS 0x0000000086d00000, 0x0000000086d00000| Untracked 
| 110|0x0000000086e00000, 0x0000000086e00000, 0x0000000086f00000|  0%| F|  |TAMS 0x0000000086e00000, 0x0000000086e00000| Untracked 
| 111|0x0000000086f00000, 0x0000000086f00000, 0x0000000087000000|  0%| F|  |TAMS 0x0000000086f00000, 0x0000000086f00000| Untracked 
| 112|0x0000000087000000, 0x0000000087000000, 0x0000000087100000|  0%| F|  |TAMS 0x0000000087000000, 0x0000000087000000| Untracked 
| 113|0x0000000087100000, 0x0000000087100000, 0x0000000087200000|  0%| F|  |TAMS 0x0000000087100000, 0x0000000087100000| Untracked 
| 114|0x0000000087200000, 0x0000000087200000, 0x0000000087300000|  0%| F|  |TAMS 0x0000000087200000, 0x0000000087200000| Untracked 
| 115|0x0000000087300000, 0x0000000087300000, 0x0000000087400000|  0%| F|  |TAMS 0x0000000087300000, 0x0000000087300000| Untracked 
| 116|0x0000000087400000, 0x0000000087400000, 0x0000000087500000|  0%| F|  |TAMS 0x0000000087400000, 0x0000000087400000| Untracked 
| 117|0x0000000087500000, 0x0000000087500000, 0x0000000087600000|  0%| F|  |TAMS 0x0000000087500000, 0x0000000087500000| Untracked 
| 118|0x0000000087600000, 0x0000000087700000, 0x0000000087700000|100%| S|CS|TAMS 0x0000000087600000, 0x0000000087600000| Complete 
| 119|0x0000000087700000, 0x0000000087800000, 0x0000000087800000|100%| S|CS|TAMS 0x0000000087700000, 0x0000000087700000| Complete 
| 120|0x0000000087800000, 0x0000000087900000, 0x0000000087900000|100%| S|CS|TAMS 0x0000000087800000, 0x0000000087800000| Complete 
| 121|0x0000000087900000, 0x0000000087a00000, 0x0000000087a00000|100%| S|CS|TAMS 0x0000000087900000, 0x0000000087900000| Complete 
| 122|0x0000000087a00000, 0x0000000087b00000, 0x0000000087b00000|100%| S|CS|TAMS 0x0000000087a00000, 0x0000000087a00000| Complete 
| 123|0x0000000087b00000, 0x0000000087c00000, 0x0000000087c00000|100%| S|CS|TAMS 0x0000000087b00000, 0x0000000087b00000| Complete 
| 124|0x0000000087c00000, 0x0000000087d00000, 0x0000000087d00000|100%| S|CS|TAMS 0x0000000087c00000, 0x0000000087c00000| Complete 
| 125|0x0000000087d00000, 0x0000000087e00000, 0x0000000087e00000|100%| S|CS|TAMS 0x0000000087d00000, 0x0000000087d00000| Complete 
| 126|0x0000000087e00000, 0x0000000087e00000, 0x0000000087f00000|  0%| F|  |TAMS 0x0000000087e00000, 0x0000000087e00000| Untracked 
| 127|0x0000000087f00000, 0x0000000087f00000, 0x0000000088000000|  0%| F|  |TAMS 0x0000000087f00000, 0x0000000087f00000| Untracked 
| 128|0x0000000088000000, 0x0000000088000000, 0x0000000088100000|  0%| F|  |TAMS 0x0000000088000000, 0x0000000088000000| Untracked 
| 129|0x0000000088100000, 0x0000000088100000, 0x0000000088200000|  0%| F|  |TAMS 0x0000000088100000, 0x0000000088100000| Untracked 
| 130|0x0000000088200000, 0x0000000088200000, 0x0000000088300000|  0%| F|  |TAMS 0x0000000088200000, 0x0000000088200000| Untracked 
| 131|0x0000000088300000, 0x0000000088300000, 0x0000000088400000|  0%| F|  |TAMS 0x0000000088300000, 0x0000000088300000| Untracked 
| 132|0x0000000088400000, 0x0000000088400000, 0x0000000088500000|  0%| F|  |TAMS 0x0000000088400000, 0x0000000088400000| Untracked 
| 133|0x0000000088500000, 0x0000000088500000, 0x0000000088600000|  0%| F|  |TAMS 0x0000000088500000, 0x0000000088500000| Untracked 
| 134|0x0000000088600000, 0x0000000088600000, 0x0000000088700000|  0%| F|  |TAMS 0x0000000088600000, 0x0000000088600000| Untracked 
| 135|0x0000000088700000, 0x0000000088700000, 0x0000000088800000|  0%| F|  |TAMS 0x0000000088700000, 0x0000000088700000| Untracked 
| 136|0x0000000088800000, 0x0000000088800000, 0x0000000088900000|  0%| F|  |TAMS 0x0000000088800000, 0x0000000088800000| Untracked 
| 137|0x0000000088900000, 0x0000000088900000, 0x0000000088a00000|  0%| F|  |TAMS 0x0000000088900000, 0x0000000088900000| Untracked 
| 138|0x0000000088a00000, 0x0000000088a00000, 0x0000000088b00000|  0%| F|  |TAMS 0x0000000088a00000, 0x0000000088a00000| Untracked 
| 139|0x0000000088b00000, 0x0000000088bf6448, 0x0000000088c00000| 96%| E|  |TAMS 0x0000000088b00000, 0x0000000088b00000| Complete 
| 140|0x0000000088c00000, 0x0000000088d00000, 0x0000000088d00000|100%| E|CS|TAMS 0x0000000088c00000, 0x0000000088c00000| Complete 
| 141|0x0000000088d00000, 0x0000000088e00000, 0x0000000088e00000|100%| E|CS|TAMS 0x0000000088d00000, 0x0000000088d00000| Complete 
| 142|0x0000000088e00000, 0x0000000088f00000, 0x0000000088f00000|100%| E|CS|TAMS 0x0000000088e00000, 0x0000000088e00000| Complete 
| 143|0x0000000088f00000, 0x0000000089000000, 0x0000000089000000|100%| E|CS|TAMS 0x0000000088f00000, 0x0000000088f00000| Complete 
| 144|0x0000000089000000, 0x0000000089100000, 0x0000000089100000|100%| E|CS|TAMS 0x0000000089000000, 0x0000000089000000| Complete 
| 145|0x0000000089100000, 0x0000000089200000, 0x0000000089200000|100%| E|CS|TAMS 0x0000000089100000, 0x0000000089100000| Complete 
| 146|0x0000000089200000, 0x0000000089300000, 0x0000000089300000|100%| E|CS|TAMS 0x0000000089200000, 0x0000000089200000| Complete 
| 147|0x0000000089300000, 0x0000000089400000, 0x0000000089400000|100%| E|CS|TAMS 0x0000000089300000, 0x0000000089300000| Complete 
| 148|0x0000000089400000, 0x0000000089500000, 0x0000000089500000|100%| E|CS|TAMS 0x0000000089400000, 0x0000000089400000| Complete 
| 149|0x0000000089500000, 0x0000000089600000, 0x0000000089600000|100%| E|CS|TAMS 0x0000000089500000, 0x0000000089500000| Complete 
| 150|0x0000000089600000, 0x0000000089700000, 0x0000000089700000|100%| E|CS|TAMS 0x0000000089600000, 0x0000000089600000| Complete 
| 151|0x0000000089700000, 0x0000000089800000, 0x0000000089800000|100%| E|CS|TAMS 0x0000000089700000, 0x0000000089700000| Complete 
| 152|0x0000000089800000, 0x0000000089900000, 0x0000000089900000|100%| E|CS|TAMS 0x0000000089800000, 0x0000000089800000| Complete 
| 153|0x0000000089900000, 0x0000000089a00000, 0x0000000089a00000|100%| E|CS|TAMS 0x0000000089900000, 0x0000000089900000| Complete 
| 154|0x0000000089a00000, 0x0000000089b00000, 0x0000000089b00000|100%| E|CS|TAMS 0x0000000089a00000, 0x0000000089a00000| Complete 
| 155|0x0000000089b00000, 0x0000000089c00000, 0x0000000089c00000|100%| E|CS|TAMS 0x0000000089b00000, 0x0000000089b00000| Complete 
| 156|0x0000000089c00000, 0x0000000089d00000, 0x0000000089d00000|100%| E|CS|TAMS 0x0000000089c00000, 0x0000000089c00000| Complete 
| 157|0x0000000089d00000, 0x0000000089e00000, 0x0000000089e00000|100%| E|CS|TAMS 0x0000000089d00000, 0x0000000089d00000| Complete 
| 158|0x0000000089e00000, 0x0000000089f00000, 0x0000000089f00000|100%| E|CS|TAMS 0x0000000089e00000, 0x0000000089e00000| Complete 
| 159|0x0000000089f00000, 0x000000008a000000, 0x000000008a000000|100%| E|CS|TAMS 0x0000000089f00000, 0x0000000089f00000| Complete 
| 160|0x000000008a000000, 0x000000008a100000, 0x000000008a100000|100%| E|CS|TAMS 0x000000008a000000, 0x000000008a000000| Complete 
| 161|0x000000008a100000, 0x000000008a200000, 0x000000008a200000|100%| E|CS|TAMS 0x000000008a100000, 0x000000008a100000| Complete 
| 162|0x000000008a200000, 0x000000008a300000, 0x000000008a300000|100%| E|CS|TAMS 0x000000008a200000, 0x000000008a200000| Complete 
| 163|0x000000008a300000, 0x000000008a400000, 0x000000008a400000|100%| E|CS|TAMS 0x000000008a300000, 0x000000008a300000| Complete 
| 164|0x000000008a400000, 0x000000008a500000, 0x000000008a500000|100%| E|CS|TAMS 0x000000008a400000, 0x000000008a400000| Complete 
| 165|0x000000008a500000, 0x000000008a600000, 0x000000008a600000|100%| E|CS|TAMS 0x000000008a500000, 0x000000008a500000| Complete 
| 166|0x000000008a600000, 0x000000008a700000, 0x000000008a700000|100%| E|CS|TAMS 0x000000008a600000, 0x000000008a600000| Complete 
| 167|0x000000008a700000, 0x000000008a800000, 0x000000008a800000|100%| E|CS|TAMS 0x000000008a700000, 0x000000008a700000| Complete 
| 168|0x000000008a800000, 0x000000008a900000, 0x000000008a900000|100%| E|CS|TAMS 0x000000008a800000, 0x000000008a800000| Complete 
| 169|0x000000008a900000, 0x000000008aa00000, 0x000000008aa00000|100%| E|CS|TAMS 0x000000008a900000, 0x000000008a900000| Complete 
| 170|0x000000008aa00000, 0x000000008ab00000, 0x000000008ab00000|100%| E|CS|TAMS 0x000000008aa00000, 0x000000008aa00000| Complete 
| 171|0x000000008ab00000, 0x000000008ac00000, 0x000000008ac00000|100%| E|CS|TAMS 0x000000008ab00000, 0x000000008ab00000| Complete 
| 172|0x000000008ac00000, 0x000000008ad00000, 0x000000008ad00000|100%| E|CS|TAMS 0x000000008ac00000, 0x000000008ac00000| Complete 
| 173|0x000000008ad00000, 0x000000008ae00000, 0x000000008ae00000|100%| E|CS|TAMS 0x000000008ad00000, 0x000000008ad00000| Complete 
| 174|0x000000008ae00000, 0x000000008af00000, 0x000000008af00000|100%| E|CS|TAMS 0x000000008ae00000, 0x000000008ae00000| Complete 
| 175|0x000000008af00000, 0x000000008b000000, 0x000000008b000000|100%| E|CS|TAMS 0x000000008af00000, 0x000000008af00000| Complete 
| 176|0x000000008b000000, 0x000000008b100000, 0x000000008b100000|100%| E|CS|TAMS 0x000000008b000000, 0x000000008b000000| Complete 
| 177|0x000000008b100000, 0x000000008b200000, 0x000000008b200000|100%| E|CS|TAMS 0x000000008b100000, 0x000000008b100000| Complete 
| 178|0x000000008b200000, 0x000000008b300000, 0x000000008b300000|100%| E|CS|TAMS 0x000000008b200000, 0x000000008b200000| Complete 
| 179|0x000000008b300000, 0x000000008b400000, 0x000000008b400000|100%| E|CS|TAMS 0x000000008b300000, 0x000000008b300000| Complete 
| 180|0x000000008b400000, 0x000000008b500000, 0x000000008b500000|100%| E|CS|TAMS 0x000000008b400000, 0x000000008b400000| Complete 
| 181|0x000000008b500000, 0x000000008b600000, 0x000000008b600000|100%| E|CS|TAMS 0x000000008b500000, 0x000000008b500000| Complete 
| 182|0x000000008b600000, 0x000000008b700000, 0x000000008b700000|100%| E|CS|TAMS 0x000000008b600000, 0x000000008b600000| Complete 
| 183|0x000000008b700000, 0x000000008b800000, 0x000000008b800000|100%| E|CS|TAMS 0x000000008b700000, 0x000000008b700000| Complete 
| 184|0x000000008b800000, 0x000000008b900000, 0x000000008b900000|100%| E|CS|TAMS 0x000000008b800000, 0x000000008b800000| Complete 

Card table byte_map: [0x000002763a180000,0x000002763a580000] _byte_map_base: 0x0000027639d80000

Marking Bits (Prev, Next): (CMBitMap*) 0x000002762242b738, (CMBitMap*) 0x000002762242b770
 Prev Bits: [0x000002763a980000, 0x000002763c980000)
 Next Bits: [0x000002763c980000, 0x000002763e980000)

Polling page: 0x00000276203b0000

Metaspace:

Usage:
  Non-class:     73.91 MB capacity,    72.45 MB ( 98%) used,     1.22 MB (  2%) free+waste,   248.31 KB ( <1%) overhead. 
      Class:     11.83 MB capacity,    11.00 MB ( 93%) used,   727.37 KB (  6%) free+waste,   119.81 KB ( <1%) overhead. 
       Both:     85.74 MB capacity,    83.45 MB ( 97%) used,     1.93 MB (  2%) free+waste,   368.13 KB ( <1%) overhead. 

Virtual space:
  Non-class space:       78.00 MB reserved,      74.00 MB ( 95%) committed 
      Class space:        1.00 GB reserved,      11.88 MB (  1%) committed 
             Both:        1.08 GB reserved,      85.88 MB (  8%) committed 

Chunk freelists:
   Non-Class:  24.00 KB
       Class:  17.00 KB
        Both:  41.00 KB

MaxMetaspaceSize: 17179869184.00 GB
CompressedClassSpaceSize: 1.00 GB

CodeHeap 'non-profiled nmethods': size=120000Kb used=4543Kb max_used=4543Kb free=115456Kb
 bounds [0x0000027632510000, 0x0000027632980000, 0x0000027639a40000]
CodeHeap 'profiled nmethods': size=120000Kb used=19594Kb max_used=19594Kb free=100405Kb
 bounds [0x000002762afe0000, 0x000002762c310000, 0x0000027632510000]
CodeHeap 'non-nmethods': size=5760Kb used=2269Kb max_used=2311Kb free=3490Kb
 bounds [0x000002762aa40000, 0x000002762acb0000, 0x000002762afe0000]
 total_blobs=11878 nmethods=8648 adapters=767
 compilation: enabled
              stopped_count=0, restarted_count=0
 full_count=0

Compilation events (20 events):
Event: 20.103 Thread 0x00000276413f5000 8924       2       com.android.tools.r8.graph.C::<init> (328 bytes)
Event: 20.107 Thread 0x00000276413f5000 nmethod 8924 0x000002762c2d6090 code [0x000002762c2d6480, 0x000002762c2d7a10]
Event: 20.107 Thread 0x00000276413f5000 8928   !   2       com.android.tools.r8.graph.G0::a (225 bytes)
Event: 20.110 Thread 0x00000276413f5000 nmethod 8928 0x000002762c2d8490 code [0x000002762c2d8720, 0x000002762c2d91d0]
Event: 20.110 Thread 0x00000276413f5000 8925       2       com.android.tools.r8.graph.C::b (41 bytes)
Event: 20.110 Thread 0x00000276413f5000 nmethod 8925 0x000002762c2d9910 code [0x000002762c2d9ac0, 0x000002762c2d9cd8]
Event: 20.111 Thread 0x00000276413f5000 8930       2       com.android.tools.r8.graph.p$$Lambda$922/0x0000000100b15840::accept (16 bytes)
Event: 20.111 Thread 0x00000276413f5000 nmethod 8930 0x000002762c2d9e10 code [0x000002762c2d9fc0, 0x000002762c2da190]
Event: 20.111 Thread 0x00000276413f5000 8926       2       com.android.tools.r8.graph.G0$b::<init> (172 bytes)
Event: 20.113 Thread 0x00000276413f5000 nmethod 8926 0x000002762c2da290 code [0x000002762c2da500, 0x000002762c2db530]
Event: 20.113 Thread 0x00000276413f5000 8927       2       com.android.tools.r8.graph.m::a (93 bytes)
Event: 20.114 Thread 0x00000276413f5000 nmethod 8927 0x000002762c2db910 code [0x000002762c2dbac0, 0x000002762c2dbdf8]
Event: 20.114 Thread 0x00000276413f5000 8951       2       java.util.zip.CRC32::updateBytesCheck (55 bytes)
Event: 20.116 Thread 0x00000276413f5000 nmethod 8951 0x000002762c2dbe90 code [0x000002762c2dc080, 0x000002762c2dc450]
Event: 20.116 Thread 0x00000276413f5000 8929       2       com.android.tools.r8.graph.b::f (7 bytes)
Event: 20.116 Thread 0x00000276413f5000 nmethod 8929 0x000002762c2dc610 code [0x000002762c2dc7c0, 0x000002762c2dc938]
Event: 20.116 Thread 0x00000276413f5000 8931       2       com.android.tools.r8.graph.p::a (38 bytes)
Event: 20.116 Thread 0x00000276413f5000 nmethod 8931 0x000002762c2dca10 code [0x000002762c2dcbc0, 0x000002762c2dcd50]
Event: 20.117 Thread 0x00000276413f5000 8933       2       com.android.tools.r8.graph.p$$Lambda$909/0x0000000100b12040::a (44 bytes)
Event: 20.117 Thread 0x00000276413f5000 nmethod 8933 0x000002762c2dce10 code [0x000002762c2dcfc0, 0x000002762c2dd270]

GC Heap History (20 events):
Event: 10.149 GC heap before
{Heap before GC invocations=8 (full 0):
 garbage-first heap   total 131072K, used 84319K [0x0000000080000000, 0x0000000100000000)
  region size 1024K, 65 young (66560K), 7 survivors (7168K)
 Metaspace       used 43172K, capacity 44163K, committed 44288K, reserved 1087488K
  class space    used 5522K, capacity 5859K, committed 5888K, reserved 1048576K
}
Event: 10.163 GC heap after
{Heap after GC invocations=9 (full 0):
 garbage-first heap   total 157696K, used 28301K [0x0000000080000000, 0x0000000100000000)
  region size 1024K, 7 young (7168K), 7 survivors (7168K)
 Metaspace       used 43172K, capacity 44163K, committed 44288K, reserved 1087488K
  class space    used 5522K, capacity 5859K, committed 5888K, reserved 1048576K
}
Event: 11.880 GC heap before
{Heap before GC invocations=9 (full 0):
 garbage-first heap   total 157696K, used 107149K [0x0000000080000000, 0x0000000100000000)
  region size 1024K, 79 young (80896K), 7 survivors (7168K)
 Metaspace       used 53546K, capacity 54750K, committed 54912K, reserved 1097728K
  class space    used 6783K, capacity 7199K, committed 7296K, reserved 1048576K
}
Event: 11.896 GC heap after
{Heap after GC invocations=10 (full 0):
 garbage-first heap   total 157696K, used 43821K [0x0000000080000000, 0x0000000100000000)
  region size 1024K, 10 young (10240K), 10 survivors (10240K)
 Metaspace       used 53546K, capacity 54750K, committed 54912K, reserved 1097728K
  class space    used 6783K, capacity 7199K, committed 7296K, reserved 1048576K
}
Event: 12.981 GC heap before
{Heap before GC invocations=10 (full 0):
 garbage-first heap   total 157696K, used 87853K [0x0000000080000000, 0x0000000100000000)
  region size 1024K, 54 young (55296K), 10 survivors (10240K)
 Metaspace       used 58469K, capacity 59759K, committed 59904K, reserved 1101824K
  class space    used 7363K, capacity 7816K, committed 7936K, reserved 1048576K
}
Event: 13.006 GC heap after
{Heap after GC invocations=11 (full 0):
 garbage-first heap   total 157696K, used 48640K [0x0000000080000000, 0x0000000100000000)
  region size 1024K, 5 young (5120K), 5 survivors (5120K)
 Metaspace       used 58469K, capacity 59759K, committed 59904K, reserved 1101824K
  class space    used 7363K, capacity 7816K, committed 7936K, reserved 1048576K
}
Event: 14.268 GC heap before
{Heap before GC invocations=12 (full 0):
 garbage-first heap   total 157696K, used 107008K [0x0000000080000000, 0x0000000100000000)
  region size 1024K, 62 young (63488K), 5 survivors (5120K)
 Metaspace       used 63807K, capacity 65247K, committed 65536K, reserved 1105920K
  class space    used 8112K, capacity 8649K, committed 8704K, reserved 1048576K
}
Event: 14.289 GC heap after
{Heap after GC invocations=13 (full 0):
 garbage-first heap   total 157696K, used 53248K [0x0000000080000000, 0x0000000100000000)
  region size 1024K, 8 young (8192K), 8 survivors (8192K)
 Metaspace       used 63807K, capacity 65247K, committed 65536K, reserved 1105920K
  class space    used 8112K, capacity 8649K, committed 8704K, reserved 1048576K
}
Event: 15.575 GC heap before
{Heap before GC invocations=14 (full 0):
 garbage-first heap   total 157696K, used 111616K [0x0000000080000000, 0x0000000100000000)
  region size 1024K, 65 young (66560K), 8 survivors (8192K)
 Metaspace       used 69588K, capacity 71163K, committed 71424K, reserved 1112064K
  class space    used 9015K, capacity 9606K, committed 9728K, reserved 1048576K
}
Event: 15.590 GC heap after
{Heap after GC invocations=15 (full 0):
 garbage-first heap   total 157696K, used 57210K [0x0000000080000000, 0x0000000100000000)
  region size 1024K, 4 young (4096K), 4 survivors (4096K)
 Metaspace       used 69588K, capacity 71163K, committed 71424K, reserved 1112064K
  class space    used 9015K, capacity 9606K, committed 9728K, reserved 1048576K
}
Event: 16.959 GC heap before
{Heap before GC invocations=15 (full 0):
 garbage-first heap   total 157696K, used 115578K [0x0000000080000000, 0x0000000100000000)
  region size 1024K, 61 young (62464K), 4 survivors (4096K)
 Metaspace       used 74748K, capacity 76463K, committed 76544K, reserved 1116160K
  class space    used 9758K, capacity 10422K, committed 10496K, reserved 1048576K
}
Event: 16.972 GC heap after
{Heap after GC invocations=16 (full 0):
 garbage-first heap   total 157696K, used 61239K [0x0000000080000000, 0x0000000100000000)
  region size 1024K, 8 young (8192K), 8 survivors (8192K)
 Metaspace       used 74748K, capacity 76463K, committed 76544K, reserved 1116160K
  class space    used 9758K, capacity 10422K, committed 10496K, reserved 1048576K
}
Event: 17.967 GC heap before
{Heap before GC invocations=16 (full 0):
 garbage-first heap   total 157696K, used 118583K [0x0000000080000000, 0x0000000100000000)
  region size 1024K, 65 young (66560K), 8 survivors (8192K)
 Metaspace       used 76650K, capacity 78540K, committed 78848K, reserved 1118208K
  class space    used 10000K, capacity 10676K, committed 10752K, reserved 1048576K
}
Event: 17.983 GC heap after
{Heap after GC invocations=17 (full 0):
 garbage-first heap   total 157696K, used 64678K [0x0000000080000000, 0x0000000100000000)
  region size 1024K, 8 young (8192K), 8 survivors (8192K)
 Metaspace       used 76650K, capacity 78540K, committed 78848K, reserved 1118208K
  class space    used 10000K, capacity 10676K, committed 10752K, reserved 1048576K
}
Event: 19.076 GC heap before
{Heap before GC invocations=17 (full 0):
 garbage-first heap   total 157696K, used 120998K [0x0000000080000000, 0x0000000100000000)
  region size 1024K, 64 young (65536K), 8 survivors (8192K)
 Metaspace       used 79945K, capacity 81808K, committed 82048K, reserved 1120256K
  class space    used 10407K, capacity 11092K, committed 11136K, reserved 1048576K
}
Event: 19.093 GC heap after
{Heap after GC invocations=18 (full 0):
 garbage-first heap   total 189440K, used 70789K [0x0000000080000000, 0x0000000100000000)
  region size 1024K, 8 young (8192K), 8 survivors (8192K)
 Metaspace       used 79945K, capacity 81808K, committed 82048K, reserved 1120256K
  class space    used 10407K, capacity 11092K, committed 11136K, reserved 1048576K
}
Event: 19.493 GC heap before
{Heap before GC invocations=18 (full 0):
 garbage-first heap   total 189440K, used 139397K [0x0000000080000000, 0x0000000100000000)
  region size 1024K, 75 young (76800K), 8 survivors (8192K)
 Metaspace       used 81801K, capacity 83838K, committed 83968K, reserved 1122304K
  class space    used 10694K, capacity 11413K, committed 11520K, reserved 1048576K
}
Event: 19.507 GC heap after
{Heap after GC invocations=19 (full 0):
 garbage-first heap   total 189440K, used 83308K [0x0000000080000000, 0x0000000100000000)
  region size 1024K, 10 young (10240K), 10 survivors (10240K)
 Metaspace       used 81801K, capacity 83838K, committed 83968K, reserved 1122304K
  class space    used 10694K, capacity 11413K, committed 11520K, reserved 1048576K
}
Event: 19.923 GC heap before
{Heap before GC invocations=19 (full 0):
 garbage-first heap   total 189440K, used 142699K [0x0000000080000000, 0x0000000100000000)
  region size 1024K, 69 young (70656K), 10 survivors (10240K)
 Metaspace       used 83803K, capacity 85916K, committed 86016K, reserved 1124352K
  class space    used 10976K, capacity 11724K, committed 11776K, reserved 1048576K
}
Event: 19.945 GC heap after
{Heap after GC invocations=20 (full 0):
 garbage-first heap   total 189440K, used 92923K [0x0000000080000000, 0x0000000100000000)
  region size 1024K, 9 young (9216K), 9 survivors (9216K)
 Metaspace       used 83803K, capacity 85916K, committed 86016K, reserved 1124352K
  class space    used 10976K, capacity 11724K, committed 11776K, reserved 1048576K
}

Deoptimization events (20 events):
Event: 19.720 Thread 0x0000027646994800 DEOPT PACKING pc=0x00000276329535a4 sp=0x000000a281bf9ed0
Event: 19.720 Thread 0x0000027646994800 DEOPT UNPACKING pc=0x000002762aa68f2f sp=0x000000a281bf9e60 mode 2
Event: 19.727 Thread 0x0000027646994800 DEOPT PACKING pc=0x000002762c22ee82 sp=0x000000a281bfa430
Event: 19.727 Thread 0x0000027646994800 DEOPT UNPACKING pc=0x000002762aa68d4e sp=0x000000a281bf9970 mode 0
Event: 19.735 Thread 0x0000027646996000 Uncommon trap: trap_request=0xffffff4d fr.pc=0x0000027632956cb4 relative=0x00000000000015d4
Event: 19.735 Thread 0x0000027646996000 Uncommon trap: reason=unstable_if action=reinterpret pc=0x0000027632956cb4 method=java.util.concurrent.ConcurrentHashMap.putVal(Ljava/lang/Object;Ljava/lang/Object;Z)Ljava/lang/Object; @ 162 c2
Event: 19.735 Thread 0x0000027646996000 DEOPT PACKING pc=0x0000027632956cb4 sp=0x000000a281afa060
Event: 19.735 Thread 0x0000027646996000 DEOPT UNPACKING pc=0x000002762aa68f2f sp=0x000000a281afa018 mode 2
Event: 19.757 Thread 0x0000027646997000 DEOPT PACKING pc=0x000002762c22ee82 sp=0x000000a281cfa580
Event: 19.757 Thread 0x0000027646997000 DEOPT UNPACKING pc=0x000002762aa68d4e sp=0x000000a281cf9ac0 mode 0
Event: 19.785 Thread 0x0000027646994800 Uncommon trap: trap_request=0xffffff4d fr.pc=0x000002763296c058 relative=0x0000000000000b38
Event: 19.785 Thread 0x0000027646994800 Uncommon trap: reason=unstable_if action=reinterpret pc=0x000002763296c058 method=com.android.tools.r8.utils.Y.d(I)Z @ 45 c2
Event: 19.785 Thread 0x0000027646994800 DEOPT PACKING pc=0x000002763296c058 sp=0x000000a281bf9bd0
Event: 19.785 Thread 0x0000027646994800 DEOPT UNPACKING pc=0x000002762aa68f2f sp=0x000000a281bf9ae0 mode 2
Event: 19.786 Thread 0x0000027646994800 Uncommon trap: trap_request=0xffffff4d fr.pc=0x00000276329532b0 relative=0x0000000000000090
Event: 19.786 Thread 0x0000027646994800 Uncommon trap: reason=unstable_if action=reinterpret pc=0x00000276329532b0 method=com.android.tools.r8.utils.Y.d(I)Z @ 45 c2
Event: 19.786 Thread 0x0000027646994800 DEOPT PACKING pc=0x00000276329532b0 sp=0x000000a281bf9ba0
Event: 19.786 Thread 0x0000027646994800 DEOPT UNPACKING pc=0x000002762aa68f2f sp=0x000000a281bf9ad8 mode 2
Event: 19.807 Thread 0x0000027643dbf800 DEOPT PACKING pc=0x000002762c22d5fe sp=0x000000a2817f9e60
Event: 19.807 Thread 0x0000027643dbf800 DEOPT UNPACKING pc=0x000002762aa68d4e sp=0x000000a2817f93e8 mode 0

Classes redefined (0 events):
No events

Internal exceptions (20 events):
Event: 19.545 Thread 0x0000027643dc3000 Exception <a 'java/lang/NoSuchMethodError'{0x000000008b7f5ea0}: 'java.lang.Object java.lang.invoke.Invokers$Holder.linkToTargetMethod(long, java.lang.Object)'> (0x000000008b7f5ea0) thrown at [c:/ws/UEp/Corretto11Src/installers/windows/zip/corretto-build/b
Event: 19.546 Thread 0x0000027643dc0800 Exception <a 'java/lang/NoSuchMethodError'{0x000000008b62b2d8}: 'java.lang.Object java.lang.invoke.Invokers$Holder.linkToTargetMethod(long, java.lang.Object)'> (0x000000008b62b2d8) thrown at [c:/ws/UEp/Corretto11Src/installers/windows/zip/corretto-build/b
Event: 19.635 Thread 0x0000027643dbf000 Exception <a 'java/lang/NoSuchMethodError'{0x000000008ad117c0}: 'void java.lang.invoke.DirectMethodHandle$Holder.invokeStatic(java.lang.Object, java.lang.Object, java.lang.Object, int)'> (0x000000008ad117c0) thrown at [c:/ws/UEp/Corretto11Src/installers/w
Event: 19.638 Thread 0x0000027643dbf000 Exception <a 'java/lang/IncompatibleClassChangeError'{0x000000008ad1b330}: Found class java.lang.Object, but interface was expected> (0x000000008ad1b330) thrown at [c:/ws/UEp/Corretto11Src/installers/windows/zip/corretto-build/buildRoot/src/src/hotspot/sh
Event: 20.013 Thread 0x0000027646996000 Exception <a 'java/lang/NoSuchMethodError'{0x000000008b4bc268}: 'void java.lang.invoke.DirectMethodHandle$Holder.invokeStaticInit(java.lang.Object, java.lang.Object, java.lang.Object, java.lang.Object, java.lang.Object)'> (0x000000008b4bc268) thrown at [c
Event: 20.013 Thread 0x0000027643dbf000 Exception <a 'java/lang/NoSuchMethodError'{0x000000008a8c99b0}: 'void java.lang.invoke.DirectMethodHandle$Holder.invokeStaticInit(java.lang.Object, java.lang.Object, java.lang.Object, java.lang.Object, java.lang.Object)'> (0x000000008a8c99b0) thrown at [c
Event: 20.013 Thread 0x0000027646997000 Exception <a 'java/lang/NoSuchMethodError'{0x000000008ad0f6a8}: 'void java.lang.invoke.DirectMethodHandle$Holder.invokeStaticInit(java.lang.Object, java.lang.Object, java.lang.Object, java.lang.Object, java.lang.Object)'> (0x000000008ad0f6a8) thrown at [c
Event: 20.016 Thread 0x0000027643dc0800 Exception <a 'java/lang/NoSuchMethodError'{0x000000008a722340}: 'void java.lang.invoke.DirectMethodHandle$Holder.invokeStaticInit(java.lang.Object, java.lang.Object, java.lang.Object, java.lang.Object, java.lang.Object)'> (0x000000008a722340) thrown at [c
Event: 20.017 Thread 0x0000027646996000 Exception <a 'java/lang/NoSuchMethodError'{0x000000008b4c20c0}: 'java.lang.Object java.lang.invoke.DirectMethodHandle$Holder.invokeStatic(java.lang.Object, int, java.lang.Object, java.lang.Object)'> (0x000000008b4c20c0) thrown at [c:/ws/UEp/Corretto11Src/
Event: 20.018 Thread 0x0000027643dc0800 Exception <a 'java/lang/NoSuchMethodError'{0x000000008a727e50}: 'java.lang.Object java.lang.invoke.DirectMethodHandle$Holder.invokeStatic(java.lang.Object, int, java.lang.Object, java.lang.Object)'> (0x000000008a727e50) thrown at [c:/ws/UEp/Corretto11Src/
Event: 20.064 Thread 0x0000027643dc0800 Exception <a 'java/lang/NoSuchMethodError'{0x0000000089e65c28}: 'long java.lang.invoke.DirectMethodHandle$Holder.invokeStatic(java.lang.Object, java.lang.Object)'> (0x0000000089e65c28) thrown at [c:/ws/UEp/Corretto11Src/installers/windows/zip/corretto-bui
Event: 20.064 Thread 0x0000027643dbf000 Exception <a 'java/lang/NoSuchMethodError'{0x0000000089ed5f28}: 'long java.lang.invoke.DirectMethodHandle$Holder.invokeStatic(java.lang.Object, java.lang.Object)'> (0x0000000089ed5f28) thrown at [c:/ws/UEp/Corretto11Src/installers/windows/zip/corretto-bui
Event: 20.064 Thread 0x0000027646996000 Exception <a 'java/lang/NoSuchMethodError'{0x0000000089d30058}: 'long java.lang.invoke.DirectMethodHandle$Holder.invokeStatic(java.lang.Object, java.lang.Object)'> (0x0000000089d30058) thrown at [c:/ws/UEp/Corretto11Src/installers/windows/zip/corretto-bui
Event: 20.064 Thread 0x0000027646997000 Exception <a 'java/lang/NoSuchMethodError'{0x0000000089e9f8f8}: 'long java.lang.invoke.DirectMethodHandle$Holder.invokeStatic(java.lang.Object, java.lang.Object)'> (0x0000000089e9f8f8) thrown at [c:/ws/UEp/Corretto11Src/installers/windows/zip/corretto-bui
Event: 20.065 Thread 0x0000027643dbf800 Exception <a 'java/lang/NoSuchMethodError'{0x0000000089fd12a0}: 'long java.lang.invoke.DirectMethodHandle$Holder.invokeStatic(java.lang.Object, java.lang.Object)'> (0x0000000089fd12a0) thrown at [c:/ws/UEp/Corretto11Src/installers/windows/zip/corretto-bui
Event: 20.081 Thread 0x0000027643dc0800 Exception <a 'java/lang/NoSuchMethodError'{0x0000000089b345a0}: 'void java.lang.invoke.DirectMethodHandle$Holder.invokeSpecial(java.lang.Object, java.lang.Object, int, java.lang.Object)'> (0x0000000089b345a0) thrown at [c:/ws/UEp/Corretto11Src/installers/
Event: 20.081 Thread 0x0000027643dbf800 Exception <a 'java/lang/NoSuchMethodError'{0x0000000089cb87d0}: 'void java.lang.invoke.DirectMethodHandle$Holder.invokeSpecial(java.lang.Object, java.lang.Object, int, java.lang.Object)'> (0x0000000089cb87d0) thrown at [c:/ws/UEp/Corretto11Src/installers/
Event: 20.081 Thread 0x0000027646997000 Exception <a 'java/lang/NoSuchMethodError'{0x0000000089b95a70}: 'void java.lang.invoke.DirectMethodHandle$Holder.invokeSpecial(java.lang.Object, java.lang.Object, int, java.lang.Object)'> (0x0000000089b95a70) thrown at [c:/ws/UEp/Corretto11Src/installers/
Event: 20.081 Thread 0x0000027646996000 Exception <a 'java/lang/NoSuchMethodError'{0x0000000089d3dc08}: 'void java.lang.invoke.DirectMethodHandle$Holder.invokeSpecial(java.lang.Object, java.lang.Object, int, java.lang.Object)'> (0x0000000089d3dc08) thrown at [c:/ws/UEp/Corretto11Src/installers/
Event: 20.081 Thread 0x0000027643dbf000 Exception <a 'java/lang/NoSuchMethodError'{0x0000000089a2f8b8}: 'void java.lang.invoke.DirectMethodHandle$Holder.invokeSpecial(java.lang.Object, java.lang.Object, int, java.lang.Object)'> (0x0000000089a2f8b8) thrown at [c:/ws/UEp/Corretto11Src/installers/

Events (20 events):
Event: 20.107 loading class com/android/tools/r8/q/a/a/b/e1
Event: 20.107 loading class com/android/tools/r8/q/a/a/b/e1 done
Event: 20.108 loading class com/android/tools/r8/q/a/a/b/f1
Event: 20.108 loading class com/android/tools/r8/q/a/a/b/f1 done
Event: 20.109 loading class com/android/tools/r8/q/a/a/b/Z0
Event: 20.109 loading class com/android/tools/r8/q/a/a/b/Z0 done
Event: 20.110 loading class com/android/tools/r8/q/a/a/b/u1
Event: 20.110 loading class com/android/tools/r8/q/a/a/b/u1 done
Event: 20.111 loading class com/android/tools/r8/q/a/a/b/d1
Event: 20.111 loading class com/android/tools/r8/q/a/a/b/d1 done
Event: 20.113 loading class com/android/tools/r8/q/a/a/b/b1
Event: 20.113 loading class com/android/tools/r8/q/a/a/b/b1 done
Event: 20.114 loading class com/android/tools/r8/q/a/a/b/V0
Event: 20.114 loading class com/android/tools/r8/q/a/a/b/V0 done
Event: 20.114 loading class com/android/tools/r8/q/a/a/b/k1
Event: 20.114 loading class com/android/tools/r8/q/a/a/b/k1 done
Event: 20.116 loading class com/android/tools/r8/q/a/a/b/a1
Event: 20.116 loading class com/android/tools/r8/q/a/a/b/a1 done
Event: 20.117 loading class com/android/tools/r8/q/a/a/b/m1
Event: 20.117 loading class com/android/tools/r8/q/a/a/b/m1 done


Dynamic libraries:
0x00007ff70bc80000 - 0x00007ff70bc8d000 	C:\Program Files\Amazon Corretto\jdk11.0.6_10\bin\java.exe
0x00007fff9a660000 - 0x00007fff9a850000 	C:\Windows\SYSTEM32\ntdll.dll
0x00007fff9a310000 - 0x00007fff9a3c2000 	C:\Windows\System32\KERNEL32.DLL
0x00007fff97990000 - 0x00007fff97c35000 	C:\Windows\System32\KERNELBASE.dll
0x00007fff977f0000 - 0x00007fff978ea000 	C:\Windows\System32\ucrtbase.dll
0x00007fff918f0000 - 0x00007fff91905000 	C:\Program Files\Amazon Corretto\jdk11.0.6_10\bin\VCRUNTIME140.dll
0x00007fff94880000 - 0x00007fff94897000 	C:\Program Files\Amazon Corretto\jdk11.0.6_10\bin\jli.dll
0x00007fff9a090000 - 0x00007fff9a224000 	C:\Windows\System32\USER32.dll
0x00007fff975d0000 - 0x00007fff975f1000 	C:\Windows\System32\win32u.dll
0x00007fff99ad0000 - 0x00007fff99af6000 	C:\Windows\System32\GDI32.dll
0x00007fff96920000 - 0x00007fff96ba4000 	C:\Windows\WinSxS\amd64_microsoft.windows.common-controls_6595b64144ccf1df_6.0.18362.1256_none_9e7e379be45e40e2\COMCTL32.dll
0x00007fff97620000 - 0x00007fff977b6000 	C:\Windows\System32\gdi32full.dll
0x00007fff978f0000 - 0x00007fff9798e000 	C:\Windows\System32\msvcp_win.dll
0x00007fff9a3d0000 - 0x00007fff9a46e000 	C:\Windows\System32\msvcrt.dll
0x00007fff99b00000 - 0x00007fff99e36000 	C:\Windows\System32\combase.dll
0x00007fff98710000 - 0x00007fff98830000 	C:\Windows\System32\RPCRT4.dll
0x00007fff98680000 - 0x00007fff98701000 	C:\Windows\System32\bcryptPrimitives.dll
0x00007fff99f50000 - 0x00007fff99f7e000 	C:\Windows\System32\IMM32.DLL
0x00007fff6b360000 - 0x00007fff6b3fb000 	C:\Program Files\Amazon Corretto\jdk11.0.6_10\bin\msvcp140.dll
0x00007fff67ae0000 - 0x00007fff6859d000 	C:\Program Files\Amazon Corretto\jdk11.0.6_10\bin\server\jvm.dll
0x00007fff99a10000 - 0x00007fff99ab3000 	C:\Windows\System32\ADVAPI32.dll
0x00007fff99e40000 - 0x00007fff99ed7000 	C:\Windows\System32\sechost.dll
0x00007fff99a00000 - 0x00007fff99a08000 	C:\Windows\System32\PSAPI.DLL
0x00007fff95920000 - 0x00007fff95929000 	C:\Windows\SYSTEM32\WSOCK32.dll
0x00007fff929c0000 - 0x00007fff929ca000 	C:\Windows\SYSTEM32\VERSION.dll
0x00007fff99900000 - 0x00007fff9996f000 	C:\Windows\System32\WS2_32.dll
0x00007fff947d0000 - 0x00007fff947f4000 	C:\Windows\SYSTEM32\WINMM.dll
0x00007fff947a0000 - 0x00007fff947cd000 	C:\Windows\SYSTEM32\winmmbase.dll
0x00007fff97d90000 - 0x00007fff97dda000 	C:\Windows\System32\cfgmgr32.dll
0x00007fff97560000 - 0x00007fff97571000 	C:\Windows\System32\kernel.appcore.dll
0x00007fff96f60000 - 0x00007fff96f70000 	C:\Program Files\Amazon Corretto\jdk11.0.6_10\bin\verify.dll
0x00007fff96d40000 - 0x00007fff96f34000 	C:\Windows\SYSTEM32\DBGHELP.DLL
0x00007fff96d10000 - 0x00007fff96d3a000 	C:\Windows\SYSTEM32\dbgcore.DLL
0x00007fff918c0000 - 0x00007fff918e8000 	C:\Program Files\Amazon Corretto\jdk11.0.6_10\bin\java.dll
0x00007fff918a0000 - 0x00007fff918b6000 	C:\Program Files\Amazon Corretto\jdk11.0.6_10\bin\zip.dll
0x00007fff96f40000 - 0x00007fff96f4a000 	C:\Program Files\Amazon Corretto\jdk11.0.6_10\bin\jimage.dll
0x00007fff98b00000 - 0x00007fff991e7000 	C:\Windows\System32\SHELL32.dll
0x00007fff99f80000 - 0x00007fff9a029000 	C:\Windows\System32\shcore.dll
0x00007fff97e90000 - 0x00007fff98611000 	C:\Windows\System32\windows.storage.dll
0x00007fff97580000 - 0x00007fff975a3000 	C:\Windows\System32\profapi.dll
0x00007fff97510000 - 0x00007fff9755a000 	C:\Windows\System32\powrprof.dll
0x00007fff97500000 - 0x00007fff97510000 	C:\Windows\System32\UMPDC.dll
0x00007fff9a030000 - 0x00007fff9a082000 	C:\Windows\System32\shlwapi.dll
0x00007fff97600000 - 0x00007fff97617000 	C:\Windows\System32\cryptsp.dll
0x00007fff91720000 - 0x00007fff91739000 	C:\Program Files\Amazon Corretto\jdk11.0.6_10\bin\net.dll
0x00007fff8a140000 - 0x00007fff8a230000 	C:\Windows\SYSTEM32\WINHTTP.dll
0x00007fff967a0000 - 0x00007fff96807000 	C:\Windows\system32\mswsock.dll
0x00007fff8ca90000 - 0x00007fff8caa2000 	C:\Program Files\Amazon Corretto\jdk11.0.6_10\bin\nio.dll
0x00007fff91910000 - 0x00007fff91937000 	C:\Users\Admin\.gradle\native\f6784746aeab05261644944871eae4fe03e0ef1612fff0a4a95f87b438bc6780\windows-amd64\native-platform.dll
0x00007fff90d30000 - 0x00007fff90d39000 	C:\Program Files\Amazon Corretto\jdk11.0.6_10\bin\management.dll
0x00007fff8fb90000 - 0x00007fff8fb9b000 	C:\Program Files\Amazon Corretto\jdk11.0.6_10\bin\management_ext.dll
0x00007fff961e0000 - 0x00007fff96213000 	C:\Windows\system32\rsaenh.dll
0x00007fff977c0000 - 0x00007fff977e6000 	C:\Windows\System32\bcrypt.dll
0x00007fff97420000 - 0x00007fff97445000 	C:\Windows\SYSTEM32\USERENV.dll
0x00007fff96740000 - 0x00007fff9674c000 	C:\Windows\SYSTEM32\CRYPTBASE.dll
0x00007fff96370000 - 0x00007fff963aa000 	C:\Windows\SYSTEM32\IPHLPAPI.DLL
0x00007fff99970000 - 0x00007fff99978000 	C:\Windows\System32\NSI.dll
0x00007fff8f600000 - 0x00007fff8f616000 	C:\Windows\SYSTEM32\dhcpcsvc6.DLL
0x00007fff8ecd0000 - 0x00007fff8ecec000 	C:\Windows\SYSTEM32\dhcpcsvc.DLL
0x00007fff963b0000 - 0x00007fff9647b000 	C:\Windows\SYSTEM32\DNSAPI.dll
0x00007fff8fb80000 - 0x00007fff8fb8b000 	C:\Windows\SYSTEM32\WINNSI.DLL

dbghelp: loaded successfully - version: 4.0.5 - missing functions: none
symbol engine: initialized successfully - sym options: 0x614 - pdb path: .;C:\Program Files\Amazon Corretto\jdk11.0.6_10\bin;C:\Windows\SYSTEM32;C:\Windows\WinSxS\amd64_microsoft.windows.common-controls_6595b64144ccf1df_6.0.18362.1256_none_9e7e379be45e40e2;C:\Program Files\Amazon Corretto\jdk11.0.6_10\bin\server;C:\Users\Admin\.gradle\native\f6784746aeab05261644944871eae4fe03e0ef1612fff0a4a95f87b438bc6780\windows-amd64

VM Arguments:
jvm_args: --add-opens=java.base/java.util=ALL-UNNAMED --add-opens=java.base/java.lang=ALL-UNNAMED --add-opens=java.base/java.lang.invoke=ALL-UNNAMED --add-opens=java.prefs/java.util.prefs=ALL-UNNAMED -Xmx2048m -Dfile.encoding=UTF-8 -Duser.country=IN -Duser.language=en -Duser.variant 
java_command: org.gradle.launcher.daemon.bootstrap.GradleDaemon 6.5
java_class_path (initial): C:\Users\Admin\.gradle\wrapper\dists\gradle-6.5-bin\6nifqtx7604sqp1q6g8wikw7p\gradle-6.5\lib\gradle-launcher-6.5.jar
Launcher Type: SUN_STANDARD

[Global flags]
     intx CICompilerCount                          = 4                                         {product} {ergonomic}
     uint ConcGCThreads                            = 2                                         {product} {ergonomic}
     uint G1ConcRefinementThreads                  = 8                                         {product} {ergonomic}
   size_t G1HeapRegionSize                         = 1048576                                   {product} {ergonomic}
    uintx GCDrainStackTargetSize                   = 64                                        {product} {ergonomic}
   size_t InitialHeapSize                          = 134217728                                 {product} {ergonomic}
   size_t MarkStackSize                            = 4194304                                   {product} {ergonomic}
   size_t MaxHeapSize                              = 2147483648                                {product} {command line}
   size_t MaxNewSize                               = 1287651328                                {product} {ergonomic}
   size_t MinHeapDeltaBytes                        = 1048576                                   {product} {ergonomic}
    uintx NonNMethodCodeHeapSize                   = 5836300                                {pd product} {ergonomic}
    uintx NonProfiledCodeHeapSize                  = 122910970                              {pd product} {ergonomic}
    uintx ProfiledCodeHeapSize                     = 122910970                              {pd product} {ergonomic}
    uintx ReservedCodeCacheSize                    = 251658240                              {pd product} {ergonomic}
     bool SegmentedCodeCache                       = true                                      {product} {ergonomic}
     bool UseCompressedClassPointers               = true                                 {lp64_product} {ergonomic}
     bool UseCompressedOops                        = true                                 {lp64_product} {ergonomic}
     bool UseG1GC                                  = true                                      {product} {ergonomic}
     bool UseLargePagesIndividualAllocation        = false                                  {pd product} {ergonomic}

Logging:
Log output configuration:
 #0: stdout all=warning uptime,level,tags
 #1: stderr all=off uptime,level,tags

Environment Variables:
JAVA_HOME=C:\Program Files\Amazon Corretto\jdk11.0.6_10
PATH=C:\Program Files\Amazon Corretto\jdk11.0.6_10\bin;C:\Windows\system32;C:\Windows;C:\Windows\System32\Wbem;C:\Windows\System32\WindowsPowerShell\v1.0\;C:\Windows\System32\OpenSSH\;C:\Program Files\SourceGear\Common\DiffMerge\;C:\MinGW\bin;D:\Git\cmd;D:\Nodejs\;C:\Program Files\MySQL\MySQL Shell 8.0\bin\;C:\Users\Admin\AppData\Local\Programs\Python\Python38-32\Scripts\;C:\Users\Admin\AppData\Local\Programs\Python\Python38-32\;C:\Users\Admin\AppData\Local\Microsoft\WindowsApps;C:\Users\Admin\AppData\Roaming\npm
USERNAME=Admin
OS=Windows_NT
PROCESSOR_IDENTIFIER=Intel64 Family 6 Model 142 Stepping 10, GenuineIntel



---------------  S Y S T E M  ---------------

OS: Windows 10 , 64 bit Build 18362 (10.0.18362.1110)

CPU:total 8 (initial active 8) (4 cores per cpu, 2 threads per core) family 6 model 142 stepping 10, cmov, cx8, fxsr, mmx, sse, sse2, sse3, ssse3, sse4.1, sse4.2, popcnt, avx, avx2, aes, clmul, erms, 3dnowpref, lzcnt, ht, tsc, tscinvbit, bmi1, bmi2, adx, fma

Memory: 4k page, system-wide physical 8101M (341M free)
TotalPageFile size 13917M (AvailPageFile size 3M)
current process WorkingSet (physical memory assigned to process): 448M, peak: 448M
current process commit charge ("private bytes"): 527M, peak: 528M

vm_info: OpenJDK 64-Bit Server VM (11.0.6+10-LTS) for windows-amd64 JRE (11.0.6+10-LTS), built on Jan 10 2020 02:02:53 by "Administrator" with unknown MS VC++:1916

END.
