#
# There is insufficient memory for the Java Runtime Environment to continue.
# Native memory allocation (malloc) failed to allocate 1753616 bytes for Chunk::new
# Possible reasons:
#   The system is out of physical RAM or swap space
#   The process is running with CompressedOops enabled, and the Java Heap may be blocking the growth of the native heap
# Possible solutions:
#   Reduce memory load on the system
#   Increase physical memory or swap space
#   Check if swap backing store is full
#   Decrease Java heap size (-Xmx/-Xms)
#   Decrease number of Java threads
#   Decrease Java thread stack sizes (-Xss)
#   Set larger code cache with -XX:ReservedCodeCacheSize=
#   JVM is running with Unscaled Compressed Oops mode in which the Java heap is
#     placed in the first 4GB address space. The Java Heap base address is the
#     maximum limit for the native heap growth. Please use -XX:HeapBaseMinAddress
#     to set the Java Heap base and to place the Java Heap above 4GB virtual address.
# This output file may be truncated or incomplete.
#
#  Out of Memory Error (c:/ws/UEp/Corretto11Src/installers/windows/zip/corretto-build/buildRoot/src/src/hotspot/share/memory/arena.cpp:197), pid=11420, tid=10696
#
# JRE version: OpenJDK Runtime Environment (11.0.6+10) (build 11.0.6+10-LTS)
# Java VM: OpenJDK 64-Bit Server VM (11.0.6+10-LTS, mixed mode, tiered, compressed oops, g1 gc, windows-amd64)
# No core dump will be written. Minidumps are not enabled by default on client versions of Windows
#

---------------  S U M M A R Y ------------

Command Line: --add-opens=java.base/java.util=ALL-UNNAMED --add-opens=java.base/java.lang=ALL-UNNAMED --add-opens=java.base/java.lang.invoke=ALL-UNNAMED --add-opens=java.prefs/java.util.prefs=ALL-UNNAMED -Xmx2048m -Dfile.encoding=UTF-8 -Duser.country=IN -Duser.language=en -Duser.variant org.gradle.launcher.daemon.bootstrap.GradleDaemon 6.5

Host: Intel(R) Core(TM) i5-8250U CPU @ 1.60GHz, 8 cores, 7G,  Windows 10 , 64 bit Build 18362 (10.0.18362.1110)
Time: Fri Jan 22 23:21:38 2021 India Standard Time elapsed time: 22 seconds (0d 0h 0m 22s)

---------------  T H R E A D  ---------------

Current thread (0x000001cff53b9800):  JavaThread "C2 CompilerThread0" daemon [_thread_in_native, id=10696, stack(0x0000000b6f100000,0x0000000b6f200000)]


Current CompileTask:
C2:  22843 11497       4       com.android.tools.r8.s.b.U0::a (376 bytes)

Stack: [0x0000000b6f100000,0x0000000b6f200000]
Native frames: (J=compiled Java code, j=interpreted, Vv=VM code, C=native code)
V  [jvm.dll+0x5db48a]
V  [jvm.dll+0x7114ae]
V  [jvm.dll+0x712b47]
V  [jvm.dll+0x713213]
V  [jvm.dll+0x23fe78]
V  [jvm.dll+0xb8f0c]
V  [jvm.dll+0xb949c]
V  [jvm.dll+0x342897]
V  [jvm.dll+0x192d51]
V  [jvm.dll+0x1f9e52]
V  [jvm.dll+0x1f8eff]
V  [jvm.dll+0x17d96c]
V  [jvm.dll+0x2080b7]
V  [jvm.dll+0x20639b]
V  [jvm.dll+0x6d738c]
V  [jvm.dll+0x6d04bc]
V  [jvm.dll+0x5da416]
C  [ucrtbase.dll+0x210b2]
C  [KERNEL32.DLL+0x17c24]
C  [ntdll.dll+0x6d4d1]


---------------  P R O C E S S  ---------------

Threads class SMR info:
_java_thread_list=0x000001cffb72e0a0, length=166, elements={
0x000001cfd63cb800, 0x000001cff53a0000, 0x000001cff53aa800, 0x000001cff5d12800,
0x000001cff53b8000, 0x000001cff53b9800, 0x000001cff53c8000, 0x000001cff5d14000,
0x000001cff5e78000, 0x000001cff5e83000, 0x000001cff73e2000, 0x000001cff72c1800,
0x000001cff7b53000, 0x000001cff7298800, 0x000001cff76c0000, 0x000001cff738d800,
0x000001cff738f000, 0x000001cff6a8d800, 0x000001cff7ea3800, 0x000001cff8033000,
0x000001cff81c6800, 0x000001cff81c9000, 0x000001cff81c7000, 0x000001cff81c9800,
0x000001cff81ca800, 0x000001cff81cb800, 0x000001cff81c5800, 0x000001cff81cc000,
0x000001cff81c8000, 0x000001cffa221800, 0x000001cffa227800, 0x000001cffa225000,
0x000001cffa222800, 0x000001cffa229000, 0x000001cffa223800, 0x000001cffa22a000,
0x000001cffa226000, 0x000001cffa22e000, 0x000001cffa22a800, 0x000001cffa22b800,
0x000001cffa22f000, 0x000001cffa22f800, 0x000001cffa230800, 0x000001cffa22c800,
0x000001cffa22d000, 0x000001cffa478000, 0x000001cffa478800, 0x000001cffa474800,
0x000001cffa475800, 0x000001cffa47c000, 0x000001cffa476800, 0x000001cffa47a800,
0x000001cffa47b000, 0x000001cffa47d000, 0x000001cffa477000, 0x000001cffa47d800,
0x000001cffa47e800, 0x000001cffa47f000, 0x000001cffa479800, 0x000001cffa481800,
0x000001cffa480000, 0x000001cffa481000, 0x000001cffa482800, 0x000001cffa483800,
0x000001cffcbc0800, 0x000001cffcbc3800, 0x000001cffcbc1000, 0x000001cffcbc4800,
0x000001cffcbc2000, 0x000001cffcbbf800, 0x000001cffcbc3000, 0x000001cffcbbe800,
0x000001cffcbc8800, 0x000001cffcbc9800, 0x000001cffcbc6000, 0x000001cffcbca000,
0x000001cffcbc7000, 0x000001cffcbcb000, 0x000001cffcbc5800, 0x000001cffcbcc000,
0x000001cffcbcc800, 0x000001cffcbcd800, 0x000001cffcbc7800, 0x000001cffaa3d000,
0x000001cffaa41000, 0x000001cffaa3c800, 0x000001cffaa43800, 0x000001cffaa40800,
0x000001cffaa42000, 0x000001cffaa3f800, 0x000001cffaa43000, 0x000001cffaa3e000,
0x000001cffaa44800, 0x000001cffaa3e800, 0x000001cffaa48800, 0x000001cffaa4b000,
0x000001cffaa47000, 0x000001cffaa45000, 0x000001cffaa4a000, 0x000001cffaa46000,
0x000001cffaa47800, 0x000001cffaa49800, 0x000001cffabb1800, 0x000001cffabb4800,
0x000001cffabaf800, 0x000001cffabb5800, 0x000001cffabb0800, 0x000001cffabb2000,
0x000001cffabb6800, 0x000001cffabb7000, 0x000001cffabb8000, 0x000001cffabb8800,
0x000001cffabb3000, 0x000001cffabb9800, 0x000001cffabb4000, 0x000001cffabba800,
0x000001cffabbb000, 0x000001cffabbc000, 0x000001cffabbd000, 0x000001cffabbd800,
0x000001cffabbe800, 0x000001cffab83000, 0x000001cffab85000, 0x000001cffab87000,
0x000001cffab84000, 0x000001cffab85800, 0x000001cffab86800, 0x000001cffab81800,
0x000001cffab88000, 0x000001cffab82800, 0x000001cffab8e800, 0x000001cffab8d000,
0x000001cffab8c000, 0x000001cffab8e000, 0x000001cffab89000, 0x000001cffab8a800,
0x000001cffab8b800, 0x000001cffab8f800, 0x000001cffab89800, 0x000001cffab90000,
0x000001cffca7f000, 0x000001cffca81800, 0x000001cffca7e000, 0x000001cffca7c800,
0x000001cffca82000, 0x000001cffca7f800, 0x000001cffca7d000, 0x000001cffca80800,
0x000001cffca86000, 0x000001cffca87000, 0x000001cffca88000, 0x000001cffca88800,
0x000001cffca83000, 0x000001cffca89800, 0x000001cffca84800, 0x000001cffca83800,
0x000001cffca8a800, 0x000001cffca8b000, 0x000001cffca85800, 0x000001cff6aa4000,
0x000001cff6aa1800, 0x000001cff6aa5800, 0x000001cff6aa0000, 0x000001cff6aa6800,
0x000001cff6aa7800, 0x000001cff6aa9000
}

Java Threads: ( => current thread )
  0x000001cfd63cb800 JavaThread "main" [_thread_blocked, id=8276, stack(0x0000000b6e600000,0x0000000b6e700000)]
  0x000001cff53a0000 JavaThread "Reference Handler" daemon [_thread_blocked, id=11380, stack(0x0000000b6ed00000,0x0000000b6ee00000)]
  0x000001cff53aa800 JavaThread "Finalizer" daemon [_thread_blocked, id=15568, stack(0x0000000b6ee00000,0x0000000b6ef00000)]
  0x000001cff5d12800 JavaThread "Signal Dispatcher" daemon [_thread_blocked, id=15940, stack(0x0000000b6ef00000,0x0000000b6f000000)]
  0x000001cff53b8000 JavaThread "Attach Listener" daemon [_thread_blocked, id=7468, stack(0x0000000b6f000000,0x0000000b6f100000)]
=>0x000001cff53b9800 JavaThread "C2 CompilerThread0" daemon [_thread_in_native, id=10696, stack(0x0000000b6f100000,0x0000000b6f200000)]
  0x000001cff53c8000 JavaThread "C1 CompilerThread0" daemon [_thread_in_native, id=15328, stack(0x0000000b6f200000,0x0000000b6f300000)]
  0x000001cff5d14000 JavaThread "Sweeper thread" daemon [_thread_blocked, id=5428, stack(0x0000000b6f300000,0x0000000b6f400000)]
  0x000001cff5e78000 JavaThread "Common-Cleaner" daemon [_thread_blocked, id=8496, stack(0x0000000b6f400000,0x0000000b6f500000)]
  0x000001cff5e83000 JavaThread "Service Thread" daemon [_thread_blocked, id=14644, stack(0x0000000b6f500000,0x0000000b6f600000)]
  0x000001cff73e2000 JavaThread "Daemon health stats" [_thread_blocked, id=8512, stack(0x0000000b6fb00000,0x0000000b6fc00000)]
  0x000001cff72c1800 JavaThread "Incoming local TCP Connector on port 59530" [_thread_in_native, id=9972, stack(0x0000000b6fc00000,0x0000000b6fd00000)]
  0x000001cff7b53000 JavaThread "Daemon periodic checks" [_thread_blocked, id=13480, stack(0x0000000b6fd00000,0x0000000b6fe00000)]
  0x000001cff7298800 JavaThread "Daemon" [_thread_blocked, id=12756, stack(0x0000000b6fe00000,0x0000000b6ff00000)]
  0x000001cff76c0000 JavaThread "Handler for socket connection from /127.0.0.1:59530 to /127.0.0.1:59531" [_thread_in_native, id=8024, stack(0x0000000b6ff00000,0x0000000b70000000)]
  0x000001cff738d800 JavaThread "Cancel handler" [_thread_blocked, id=14196, stack(0x0000000b70000000,0x0000000b70100000)]
  0x000001cff738f000 JavaThread "Daemon worker" [_thread_blocked, id=9756, stack(0x0000000b70100000,0x0000000b70200000)]
  0x000001cff6a8d800 JavaThread "Asynchronous log dispatcher for DefaultDaemonConnection: socket connection from /127.0.0.1:59530 to /127.0.0.1:59531" [_thread_blocked, id=8324, stack(0x0000000b70200000,0x0000000b70300000)]
  0x000001cff7ea3800 JavaThread "Stdin handler" [_thread_blocked, id=884, stack(0x0000000b70300000,0x0000000b70400000)]
  0x000001cff8033000 JavaThread "Thread-8" [_thread_blocked, id=8824, stack(0x0000000b70400000,0x0000000b70500000)]
  0x000001cff81c6800 JavaThread "Cache worker for journal cache (C:\Users\Admin\.gradle\caches\journal-1)" [_thread_blocked, id=12264, stack(0x0000000b70500000,0x0000000b70600000)]
  0x000001cff81c9000 JavaThread "File lock request listener" [_thread_in_native, id=13336, stack(0x0000000b70b00000,0x0000000b70c00000)]
  0x000001cff81c7000 JavaThread "Cache worker for file hash cache (C:\Users\Admin\.gradle\caches\6.5\fileHashes)" [_thread_blocked, id=10672, stack(0x0000000b70c00000,0x0000000b70d00000)]
  0x000001cff81c9800 JavaThread "Cache worker for file hash cache (D:\allandroidprojects\NewsApp\.gradle\6.5\fileHashes)" [_thread_blocked, id=5764, stack(0x0000000b70f00000,0x0000000b71000000)]
  0x000001cff81ca800 JavaThread "Cache worker for checksums cache (D:\allandroidprojects\NewsApp\.gradle\checksums)" [_thread_blocked, id=2596, stack(0x0000000b71000000,0x0000000b71100000)]
  0x000001cff81cb800 JavaThread "Cache worker for cache directory md-supplier (C:\Users\Admin\.gradle\caches\6.5\md-supplier)" [_thread_blocked, id=15732, stack(0x0000000b71100000,0x0000000b71200000)]
  0x000001cff81c5800 JavaThread "Cache worker for cache directory md-rule (C:\Users\Admin\.gradle\caches\6.5\md-rule)" [_thread_blocked, id=12316, stack(0x0000000b71200000,0x0000000b71300000)]
  0x000001cff81cc000 JavaThread "Cache worker for execution history cache (C:\Users\Admin\.gradle\caches\6.5\executionHistory)" [_thread_blocked, id=240, stack(0x0000000b71300000,0x0000000b71400000)]
  0x000001cff81c8000 JavaThread "jar transforms" [_thread_blocked, id=8472, stack(0x0000000b71400000,0x0000000b71500000)]
  0x000001cffa221800 JavaThread "Cache worker for file content cache (C:\Users\Admin\.gradle\caches\6.5\fileContent)" [_thread_blocked, id=11652, stack(0x0000000b71500000,0x0000000b71600000)]
  0x000001cffa227800 JavaThread "Build operations" [_thread_blocked, id=7304, stack(0x0000000b71600000,0x0000000b71700000)]
  0x000001cffa225000 JavaThread "Build operations Thread 2" [_thread_blocked, id=14688, stack(0x0000000b71700000,0x0000000b71800000)]
  0x000001cffa222800 JavaThread "Build operations Thread 3" [_thread_in_native, id=10752, stack(0x0000000b71800000,0x0000000b71900000)]
  0x000001cffa229000 JavaThread "Build operations Thread 4" [_thread_blocked, id=14720, stack(0x0000000b71900000,0x0000000b71a00000)]
  0x000001cffa223800 JavaThread "Build operations Thread 5" [_thread_blocked, id=10792, stack(0x0000000b71a00000,0x0000000b71b00000)]
  0x000001cffa22a000 JavaThread "Build operations Thread 6" [_thread_blocked, id=6460, stack(0x0000000b71b00000,0x0000000b71c00000)]
  0x000001cffa226000 JavaThread "Build operations Thread 7" [_thread_blocked, id=13788, stack(0x0000000b71c00000,0x0000000b71d00000)]
  0x000001cffa22e000 JavaThread "Build operations Thread 8" [_thread_blocked, id=14468, stack(0x0000000b71d00000,0x0000000b71e00000)]
  0x000001cffa22a800 JavaThread "jar transforms Thread 2" [_thread_blocked, id=15656, stack(0x0000000b71e00000,0x0000000b71f00000)]
  0x000001cffa22b800 JavaThread "jar transforms Thread 3" [_thread_blocked, id=14212, stack(0x0000000b71f00000,0x0000000b72000000)]
  0x000001cffa22f000 JavaThread "jar transforms Thread 4" [_thread_blocked, id=13812, stack(0x0000000b72000000,0x0000000b72100000)]
  0x000001cffa22f800 JavaThread "jar transforms Thread 5" [_thread_blocked, id=13768, stack(0x0000000b72100000,0x0000000b72200000)]
  0x000001cffa230800 JavaThread "jar transforms Thread 6" [_thread_blocked, id=13640, stack(0x0000000b72200000,0x0000000b72300000)]
  0x000001cffa22c800 JavaThread "jar transforms Thread 7" [_thread_blocked, id=12844, stack(0x0000000b72300000,0x0000000b72400000)]
  0x000001cffa22d000 JavaThread "jar transforms Thread 8" [_thread_blocked, id=16316, stack(0x0000000b72400000,0x0000000b72500000)]
  0x000001cffa478000 JavaThread "jar transforms Thread 9" [_thread_blocked, id=11844, stack(0x0000000b72500000,0x0000000b72600000)]
  0x000001cffa478800 JavaThread "jar transforms Thread 10" [_thread_blocked, id=14560, stack(0x0000000b72600000,0x0000000b72700000)]
  0x000001cffa474800 JavaThread "jar transforms Thread 11" [_thread_blocked, id=10416, stack(0x0000000b72700000,0x0000000b72800000)]
  0x000001cffa475800 JavaThread "jar transforms Thread 12" [_thread_blocked, id=13380, stack(0x0000000b72800000,0x0000000b72900000)]
  0x000001cffa47c000 JavaThread "jar transforms Thread 13" [_thread_blocked, id=9320, stack(0x0000000b72900000,0x0000000b72a00000)]
  0x000001cffa476800 JavaThread "jar transforms Thread 14" [_thread_blocked, id=12804, stack(0x0000000b72a00000,0x0000000b72b00000)]
  0x000001cffa47a800 JavaThread "jar transforms Thread 15" [_thread_blocked, id=12048, stack(0x0000000b72b00000,0x0000000b72c00000)]
  0x000001cffa47b000 JavaThread "jar transforms Thread 16" [_thread_blocked, id=5680, stack(0x0000000b72c00000,0x0000000b72d00000)]
  0x000001cffa47d000 JavaThread "jar transforms Thread 17" [_thread_blocked, id=8568, stack(0x0000000b72d00000,0x0000000b72e00000)]
  0x000001cffa477000 JavaThread "jar transforms Thread 18" [_thread_blocked, id=12404, stack(0x0000000b72e00000,0x0000000b72f00000)]
  0x000001cffa47d800 JavaThread "jar transforms Thread 19" [_thread_blocked, id=9404, stack(0x0000000b72f00000,0x0000000b73000000)]
  0x000001cffa47e800 JavaThread "jar transforms Thread 20" [_thread_blocked, id=14028, stack(0x0000000b73000000,0x0000000b73100000)]
  0x000001cffa47f000 JavaThread "jar transforms Thread 21" [_thread_blocked, id=11524, stack(0x0000000b73100000,0x0000000b73200000)]
  0x000001cffa479800 JavaThread "jar transforms Thread 22" [_thread_blocked, id=15688, stack(0x0000000b73200000,0x0000000b73300000)]
  0x000001cffa481800 JavaThread "jar transforms Thread 23" [_thread_blocked, id=11252, stack(0x0000000b73300000,0x0000000b73400000)]
  0x000001cffa480000 JavaThread "jar transforms Thread 24" [_thread_blocked, id=14544, stack(0x0000000b73400000,0x0000000b73500000)]
  0x000001cffa481000 JavaThread "jar transforms Thread 25" [_thread_blocked, id=13456, stack(0x0000000b73500000,0x0000000b73600000)]
  0x000001cffa482800 JavaThread "jar transforms Thread 26" [_thread_blocked, id=8856, stack(0x0000000b73600000,0x0000000b73700000)]
  0x000001cffa483800 JavaThread "jar transforms Thread 27" [_thread_blocked, id=3528, stack(0x0000000b73700000,0x0000000b73800000)]
  0x000001cffcbc0800 JavaThread "jar transforms Thread 28" [_thread_blocked, id=1416, stack(0x0000000b73800000,0x0000000b73900000)]
  0x000001cffcbc3800 JavaThread "jar transforms Thread 29" [_thread_blocked, id=13040, stack(0x0000000b73900000,0x0000000b73a00000)]
  0x000001cffcbc1000 JavaThread "jar transforms Thread 30" [_thread_blocked, id=14504, stack(0x0000000b73a00000,0x0000000b73b00000)]
  0x000001cffcbc4800 JavaThread "jar transforms Thread 31" [_thread_blocked, id=11648, stack(0x0000000b73b00000,0x0000000b73c00000)]
  0x000001cffcbc2000 JavaThread "jar transforms Thread 32" [_thread_blocked, id=3424, stack(0x0000000b73c00000,0x0000000b73d00000)]
  0x000001cffcbbf800 JavaThread "jar transforms Thread 33" [_thread_blocked, id=11664, stack(0x0000000b73d00000,0x0000000b73e00000)]
  0x000001cffcbc3000 JavaThread "jar transforms Thread 34" [_thread_blocked, id=11936, stack(0x0000000b73e00000,0x0000000b73f00000)]
  0x000001cffcbbe800 JavaThread "jar transforms Thread 35" [_thread_blocked, id=13328, stack(0x0000000b73f00000,0x0000000b74000000)]
  0x000001cffcbc8800 JavaThread "jar transforms Thread 36" [_thread_blocked, id=11616, stack(0x0000000b74000000,0x0000000b74100000)]
  0x000001cffcbc9800 JavaThread "jar transforms Thread 37" [_thread_blocked, id=4392, stack(0x0000000b74100000,0x0000000b74200000)]
  0x000001cffcbc6000 JavaThread "jar transforms Thread 38" [_thread_blocked, id=15952, stack(0x0000000b74200000,0x0000000b74300000)]
  0x000001cffcbca000 JavaThread "jar transforms Thread 39" [_thread_blocked, id=11024, stack(0x0000000b74300000,0x0000000b74400000)]
  0x000001cffcbc7000 JavaThread "jar transforms Thread 40" [_thread_blocked, id=7572, stack(0x0000000b74400000,0x0000000b74500000)]
  0x000001cffcbcb000 JavaThread "jar transforms Thread 41" [_thread_blocked, id=8592, stack(0x0000000b74500000,0x0000000b74600000)]
  0x000001cffcbc5800 JavaThread "jar transforms Thread 42" [_thread_blocked, id=9916, stack(0x0000000b74600000,0x0000000b74700000)]
  0x000001cffcbcc000 JavaThread "jar transforms Thread 43" [_thread_blocked, id=14920, stack(0x0000000b74700000,0x0000000b74800000)]
  0x000001cffcbcc800 JavaThread "jar transforms Thread 44" [_thread_blocked, id=14332, stack(0x0000000b74800000,0x0000000b74900000)]
  0x000001cffcbcd800 JavaThread "jar transforms Thread 45" [_thread_blocked, id=13668, stack(0x0000000b74900000,0x0000000b74a00000)]
  0x000001cffcbc7800 JavaThread "jar transforms Thread 46" [_thread_blocked, id=15464, stack(0x0000000b74a00000,0x0000000b74b00000)]
  0x000001cffaa3d000 JavaThread "jar transforms Thread 47" [_thread_blocked, id=15400, stack(0x0000000b74b00000,0x0000000b74c00000)]
  0x000001cffaa41000 JavaThread "jar transforms Thread 48" [_thread_blocked, id=15500, stack(0x0000000b74c00000,0x0000000b74d00000)]
  0x000001cffaa3c800 JavaThread "jar transforms Thread 49" [_thread_blocked, id=14056, stack(0x0000000b74d00000,0x0000000b74e00000)]
  0x000001cffaa43800 JavaThread "jar transforms Thread 50" [_thread_blocked, id=14092, stack(0x0000000b74e00000,0x0000000b74f00000)]
  0x000001cffaa40800 JavaThread "jar transforms Thread 51" [_thread_blocked, id=7548, stack(0x0000000b74f00000,0x0000000b75000000)]
  0x000001cffaa42000 JavaThread "jar transforms Thread 52" [_thread_blocked, id=11184, stack(0x0000000b75000000,0x0000000b75100000)]
  0x000001cffaa3f800 JavaThread "jar transforms Thread 53" [_thread_blocked, id=11268, stack(0x0000000b75100000,0x0000000b75200000)]
  0x000001cffaa43000 JavaThread "jar transforms Thread 54" [_thread_blocked, id=8184, stack(0x0000000b75200000,0x0000000b75300000)]
  0x000001cffaa3e000 JavaThread "jar transforms Thread 55" [_thread_blocked, id=12304, stack(0x0000000b75300000,0x0000000b75400000)]
  0x000001cffaa44800 JavaThread "jar transforms Thread 56" [_thread_blocked, id=11776, stack(0x0000000b75400000,0x0000000b75500000)]
  0x000001cffaa3e800 JavaThread "jar transforms Thread 57" [_thread_blocked, id=6676, stack(0x0000000b75500000,0x0000000b75600000)]
  0x000001cffaa48800 JavaThread "jar transforms Thread 58" [_thread_blocked, id=3628, stack(0x0000000b75600000,0x0000000b75700000)]
  0x000001cffaa4b000 JavaThread "jar transforms Thread 59" [_thread_blocked, id=10468, stack(0x0000000b75700000,0x0000000b75800000)]
  0x000001cffaa47000 JavaThread "jar transforms Thread 60" [_thread_blocked, id=876, stack(0x0000000b75800000,0x0000000b75900000)]
  0x000001cffaa45000 JavaThread "jar transforms Thread 61" [_thread_blocked, id=14832, stack(0x0000000b75900000,0x0000000b75a00000)]
  0x000001cffaa4a000 JavaThread "jar transforms Thread 62" [_thread_blocked, id=12624, stack(0x0000000b75a00000,0x0000000b75b00000)]
  0x000001cffaa46000 JavaThread "jar transforms Thread 63" [_thread_blocked, id=10548, stack(0x0000000b75b00000,0x0000000b75c00000)]
  0x000001cffaa47800 JavaThread "jar transforms Thread 64" [_thread_blocked, id=4388, stack(0x0000000b75c00000,0x0000000b75d00000)]
  0x000001cffaa49800 JavaThread "jar transforms Thread 65" [_thread_blocked, id=13672, stack(0x0000000b75d00000,0x0000000b75e00000)]
  0x000001cffabb1800 JavaThread "jar transforms Thread 66" [_thread_blocked, id=9588, stack(0x0000000b75e00000,0x0000000b75f00000)]
  0x000001cffabb4800 JavaThread "jar transforms Thread 67" [_thread_blocked, id=7764, stack(0x0000000b75f00000,0x0000000b76000000)]
  0x000001cffabaf800 JavaThread "jar transforms Thread 68" [_thread_blocked, id=12424, stack(0x0000000b76000000,0x0000000b76100000)]
  0x000001cffabb5800 JavaThread "jar transforms Thread 69" [_thread_blocked, id=11916, stack(0x0000000b76100000,0x0000000b76200000)]
  0x000001cffabb0800 JavaThread "jar transforms Thread 70" [_thread_blocked, id=12136, stack(0x0000000b76200000,0x0000000b76300000)]
  0x000001cffabb2000 JavaThread "jar transforms Thread 71" [_thread_blocked, id=7696, stack(0x0000000b76300000,0x0000000b76400000)]
  0x000001cffabb6800 JavaThread "jar transforms Thread 72" [_thread_blocked, id=13036, stack(0x0000000b76400000,0x0000000b76500000)]
  0x000001cffabb7000 JavaThread "jar transforms Thread 73" [_thread_blocked, id=1540, stack(0x0000000b76500000,0x0000000b76600000)]
  0x000001cffabb8000 JavaThread "jar transforms Thread 74" [_thread_blocked, id=15752, stack(0x0000000b76600000,0x0000000b76700000)]
  0x000001cffabb8800 JavaThread "jar transforms Thread 75" [_thread_blocked, id=11192, stack(0x0000000b76700000,0x0000000b76800000)]
  0x000001cffabb3000 JavaThread "jar transforms Thread 76" [_thread_blocked, id=3076, stack(0x0000000b76800000,0x0000000b76900000)]
  0x000001cffabb9800 JavaThread "jar transforms Thread 77" [_thread_blocked, id=15108, stack(0x0000000b76900000,0x0000000b76a00000)]
  0x000001cffabb4000 JavaThread "jar transforms Thread 78" [_thread_blocked, id=12908, stack(0x0000000b76a00000,0x0000000b76b00000)]
  0x000001cffabba800 JavaThread "jar transforms Thread 79" [_thread_blocked, id=6052, stack(0x0000000b76b00000,0x0000000b76c00000)]
  0x000001cffabbb000 JavaThread "jar transforms Thread 80" [_thread_blocked, id=12996, stack(0x0000000b76c00000,0x0000000b76d00000)]
  0x000001cffabbc000 JavaThread "jar transforms Thread 81" [_thread_blocked, id=13404, stack(0x0000000b76d00000,0x0000000b76e00000)]
  0x000001cffabbd000 JavaThread "jar transforms Thread 82" [_thread_blocked, id=10176, stack(0x0000000b76e00000,0x0000000b76f00000)]
  0x000001cffabbd800 JavaThread "jar transforms Thread 83" [_thread_blocked, id=9592, stack(0x0000000b76f00000,0x0000000b77000000)]
  0x000001cffabbe800 JavaThread "jar transforms Thread 84" [_thread_blocked, id=14996, stack(0x0000000b77000000,0x0000000b77100000)]
  0x000001cffab83000 JavaThread "jar transforms Thread 85" [_thread_blocked, id=7888, stack(0x0000000b77100000,0x0000000b77200000)]
  0x000001cffab85000 JavaThread "jar transforms Thread 86" [_thread_blocked, id=13496, stack(0x0000000b77200000,0x0000000b77300000)]
  0x000001cffab87000 JavaThread "jar transforms Thread 87" [_thread_blocked, id=13612, stack(0x0000000b77300000,0x0000000b77400000)]
  0x000001cffab84000 JavaThread "jar transforms Thread 88" [_thread_blocked, id=13096, stack(0x0000000b77400000,0x0000000b77500000)]
  0x000001cffab85800 JavaThread "jar transforms Thread 89" [_thread_blocked, id=9132, stack(0x0000000b77500000,0x0000000b77600000)]
  0x000001cffab86800 JavaThread "jar transforms Thread 90" [_thread_blocked, id=12612, stack(0x0000000b77600000,0x0000000b77700000)]
  0x000001cffab81800 JavaThread "jar transforms Thread 91" [_thread_blocked, id=10924, stack(0x0000000b77700000,0x0000000b77800000)]
  0x000001cffab88000 JavaThread "jar transforms Thread 92" [_thread_blocked, id=15948, stack(0x0000000b77800000,0x0000000b77900000)]
  0x000001cffab82800 JavaThread "jar transforms Thread 93" [_thread_blocked, id=628, stack(0x0000000b77900000,0x0000000b77a00000)]
  0x000001cffab8e800 JavaThread "jar transforms Thread 94" [_thread_blocked, id=7924, stack(0x0000000b77a00000,0x0000000b77b00000)]
  0x000001cffab8d000 JavaThread "jar transforms Thread 95" [_thread_blocked, id=5804, stack(0x0000000b77b00000,0x0000000b77c00000)]
  0x000001cffab8c000 JavaThread "jar transforms Thread 96" [_thread_blocked, id=11852, stack(0x0000000b77c00000,0x0000000b77d00000)]
  0x000001cffab8e000 JavaThread "jar transforms Thread 97" [_thread_blocked, id=9104, stack(0x0000000b77d00000,0x0000000b77e00000)]
  0x000001cffab89000 JavaThread "jar transforms Thread 98" [_thread_blocked, id=16184, stack(0x0000000b77e00000,0x0000000b77f00000)]
  0x000001cffab8a800 JavaThread "jar transforms Thread 99" [_thread_blocked, id=9372, stack(0x0000000b77f00000,0x0000000b78000000)]
  0x000001cffab8b800 JavaThread "jar transforms Thread 100" [_thread_blocked, id=12960, stack(0x0000000b78000000,0x0000000b78100000)]
  0x000001cffab8f800 JavaThread "jar transforms Thread 101" [_thread_blocked, id=15840, stack(0x0000000b78100000,0x0000000b78200000)]
  0x000001cffab89800 JavaThread "jar transforms Thread 102" [_thread_blocked, id=10796, stack(0x0000000b78200000,0x0000000b78300000)]
  0x000001cffab90000 JavaThread "jar transforms Thread 103" [_thread_blocked, id=11596, stack(0x0000000b78300000,0x0000000b78400000)]
  0x000001cffca7f000 JavaThread "jar transforms Thread 104" [_thread_blocked, id=14712, stack(0x0000000b78400000,0x0000000b78500000)]
  0x000001cffca81800 JavaThread "jar transforms Thread 105" [_thread_blocked, id=4976, stack(0x0000000b78500000,0x0000000b78600000)]
  0x000001cffca7e000 JavaThread "jar transforms Thread 106" [_thread_blocked, id=16188, stack(0x0000000b78600000,0x0000000b78700000)]
  0x000001cffca7c800 JavaThread "jar transforms Thread 107" [_thread_blocked, id=10928, stack(0x0000000b78700000,0x0000000b78800000)]
  0x000001cffca82000 JavaThread "jar transforms Thread 108" [_thread_blocked, id=2936, stack(0x0000000b78800000,0x0000000b78900000)]
  0x000001cffca7f800 JavaThread "jar transforms Thread 109" [_thread_blocked, id=8168, stack(0x0000000b78900000,0x0000000b78a00000)]
  0x000001cffca7d000 JavaThread "jar transforms Thread 110" [_thread_blocked, id=12876, stack(0x0000000b78a00000,0x0000000b78b00000)]
  0x000001cffca80800 JavaThread "jar transforms Thread 111" [_thread_blocked, id=14640, stack(0x0000000b78b00000,0x0000000b78c00000)]
  0x000001cffca86000 JavaThread "jar transforms Thread 112" [_thread_blocked, id=11988, stack(0x0000000b78c00000,0x0000000b78d00000)]
  0x000001cffca87000 JavaThread "jar transforms Thread 113" [_thread_blocked, id=9808, stack(0x0000000b78d00000,0x0000000b78e00000)]
  0x000001cffca88000 JavaThread "Cache worker for Build Output Cleanup Cache (D:\allandroidprojects\NewsApp\.gradle\buildOutputCleanup)" [_thread_blocked, id=1492, stack(0x0000000b78e00000,0x0000000b78f00000)]
  0x000001cffca88800 JavaThread "Memory manager" [_thread_blocked, id=8240, stack(0x0000000b78f00000,0x0000000b79000000)]
  0x000001cffca83000 JavaThread "Cache worker for file content cache (D:\allandroidprojects\NewsApp\.gradle\6.5\fileContent)" [_thread_blocked, id=13828, stack(0x0000000b79000000,0x0000000b79100000)]
  0x000001cffca89800 JavaThread "Execution worker for ':'" [_thread_blocked, id=15596, stack(0x0000000b79100000,0x0000000b79200000)]
  0x000001cffca84800 JavaThread "Execution worker for ':' Thread 2" [_thread_blocked, id=16040, stack(0x0000000b79200000,0x0000000b79300000)]
  0x000001cffca83800 JavaThread "Execution worker for ':' Thread 3" [_thread_blocked, id=10996, stack(0x0000000b79300000,0x0000000b79400000)]
  0x000001cffca8a800 JavaThread "Execution worker for ':' Thread 4" [_thread_blocked, id=10844, stack(0x0000000b79400000,0x0000000b79500000)]
  0x000001cffca8b000 JavaThread "Execution worker for ':' Thread 5" [_thread_blocked, id=9072, stack(0x0000000b79500000,0x0000000b79600000)]
  0x000001cffca85800 JavaThread "Execution worker for ':' Thread 6" [_thread_blocked, id=9408, stack(0x0000000b79600000,0x0000000b79700000)]
  0x000001cff6aa4000 JavaThread "Execution worker for ':' Thread 7" [_thread_blocked, id=7452, stack(0x0000000b79700000,0x0000000b79800000)]
  0x000001cff6aa1800 JavaThread "Cache worker for execution history cache (D:\allandroidprojects\NewsApp\.gradle\6.5\executionHistory)" [_thread_blocked, id=264, stack(0x0000000b79800000,0x0000000b79900000)]
  0x000001cff6aa5800 JavaThread "RMI Scheduler(0)" daemon [_thread_blocked, id=4568, stack(0x0000000b70e00000,0x0000000b70f00000)]
  0x000001cff6aa0000 JavaThread "RMI GC Daemon" daemon [_thread_blocked, id=8300, stack(0x0000000b79a00000,0x0000000b79b00000)]
  0x000001cff6aa6800 JavaThread "RMI TCP Accept-0" daemon [_thread_in_native, id=16228, stack(0x0000000b79b00000,0x0000000b79c00000)]
  0x000001cff6aa7800 JavaThread "RMI Reaper" [_thread_blocked, id=13436, stack(0x0000000b79c00000,0x0000000b79d00000)]
  0x000001cff6aa9000 JavaThread "RMI TCP Connection(1)-127.0.0.1" daemon [_thread_in_native, id=6568, stack(0x0000000b79d00000,0x0000000b79e00000)]

Other Threads:
  0x000001cff539a000 VMThread "VM Thread" [stack: 0x0000000b6ec00000,0x0000000b6ed00000] [id=840]
  0x000001cff5e84000 WatcherThread [stack: 0x0000000b6f600000,0x0000000b6f700000] [id=7084]
  0x000001cfd63e2800 GCTaskThread "GC Thread#0" [stack: 0x0000000b6e700000,0x0000000b6e800000] [id=12312]
  0x000001cff6a91000 GCTaskThread "GC Thread#1" [stack: 0x0000000b6f800000,0x0000000b6f900000] [id=11508]
  0x000001cff6b31800 GCTaskThread "GC Thread#2" [stack: 0x0000000b6f900000,0x0000000b6fa00000] [id=14900]
  0x000001cff80a4800 GCTaskThread "GC Thread#3" [stack: 0x0000000b70600000,0x0000000b70700000] [id=4256]
  0x000001cff7ef7800 GCTaskThread "GC Thread#4" [stack: 0x0000000b70700000,0x0000000b70800000] [id=11880]
  0x000001cff7eeb000 GCTaskThread "GC Thread#5" [stack: 0x0000000b70800000,0x0000000b70900000] [id=1544]
  0x000001cff7ff3000 GCTaskThread "GC Thread#6" [stack: 0x0000000b70900000,0x0000000b70a00000] [id=14836]
  0x000001cff7390000 GCTaskThread "GC Thread#7" [stack: 0x0000000b70a00000,0x0000000b70b00000] [id=11316]
  0x000001cfd6413000 ConcurrentGCThread "G1 Main Marker" [stack: 0x0000000b6e800000,0x0000000b6e900000] [id=14464]
  0x000001cfd6414800 ConcurrentGCThread "G1 Conc#0" [stack: 0x0000000b6e900000,0x0000000b6ea00000] [id=13232]
  0x000001cff8360800 ConcurrentGCThread "G1 Conc#1" [stack: 0x0000000b70d00000,0x0000000b70e00000] [id=11860]
  0x000001cff51ea800 ConcurrentGCThread "G1 Refine#0" [stack: 0x0000000b6ea00000,0x0000000b6eb00000] [id=10980]
  0x000001cff51eb800 ConcurrentGCThread "G1 Young RemSet Sampling" [stack: 0x0000000b6eb00000,0x0000000b6ec00000] [id=10800]

Threads with active compile tasks:
C2 CompilerThread0  22948 11497       4       com.android.tools.r8.s.b.U0::a (376 bytes)
C1 CompilerThread0  22948 12055       2       com.android.tools.r8.ir.conversion.O::a (3451 bytes)

VM state:not at safepoint (normal execution)

VM Mutex/Monitor currently owned by a thread: None

Heap address: 0x0000000080000000, size: 2048 MB, Compressed Oops mode: 32-bit
Narrow klass base: 0x0000000000000000, Narrow klass shift: 3
Compressed class space size: 1073741824 Address: 0x0000000100000000

Heap:
 garbage-first heap   total 273408K, used 134348K [0x0000000080000000, 0x0000000100000000)
  region size 1024K, 18 young (18432K), 11 survivors (11264K)
 Metaspace       used 93993K, capacity 96420K, committed 97068K, reserved 1132544K
  class space    used 12299K, capacity 13187K, committed 13440K, reserved 1048576K
Heap Regions: E=young(eden), S=young(survivor), O=old, HS=humongous(starts), HC=humongous(continues), CS=collection set, F=free, A=archive, TAMS=top-at-mark-start (previous, next)
|   0|0x0000000080000000, 0x0000000080100000, 0x0000000080100000|100%| O|  |TAMS 0x0000000080100000, 0x0000000080000000| Untracked 
|   1|0x0000000080100000, 0x0000000080200000, 0x0000000080200000|100%| O|  |TAMS 0x0000000080200000, 0x0000000080100000| Untracked 
|   2|0x0000000080200000, 0x0000000080300000, 0x0000000080300000|100%| O|  |TAMS 0x0000000080300000, 0x0000000080200000| Untracked 
|   3|0x0000000080300000, 0x0000000080400000, 0x0000000080400000|100%|HS|  |TAMS 0x0000000080400000, 0x0000000080300000| Complete 
|   4|0x0000000080400000, 0x0000000080500000, 0x0000000080500000|100%|HC|  |TAMS 0x0000000080500000, 0x0000000080400000| Complete 
|   5|0x0000000080500000, 0x0000000080600000, 0x0000000080600000|100%|HC|  |TAMS 0x0000000080600000, 0x0000000080500000| Complete 
|   6|0x0000000080600000, 0x0000000080700000, 0x0000000080700000|100%| O|  |TAMS 0x0000000080700000, 0x0000000080600000| Untracked 
|   7|0x0000000080700000, 0x0000000080800000, 0x0000000080800000|100%| O|  |TAMS 0x0000000080800000, 0x0000000080700000| Untracked 
|   8|0x0000000080800000, 0x0000000080900000, 0x0000000080900000|100%| O|  |TAMS 0x0000000080900000, 0x0000000080800000| Untracked 
|   9|0x0000000080900000, 0x0000000080a00000, 0x0000000080a00000|100%| O|  |TAMS 0x0000000080a00000, 0x0000000080900000| Untracked 
|  10|0x0000000080a00000, 0x0000000080b00000, 0x0000000080b00000|100%| O|  |TAMS 0x0000000080b00000, 0x0000000080a00000| Untracked 
|  11|0x0000000080b00000, 0x0000000080c00000, 0x0000000080c00000|100%| O|  |TAMS 0x0000000080c00000, 0x0000000080b00000| Untracked 
|  12|0x0000000080c00000, 0x0000000080d00000, 0x0000000080d00000|100%| O|  |TAMS 0x0000000080d00000, 0x0000000080c00000| Untracked 
|  13|0x0000000080d00000, 0x0000000080e00000, 0x0000000080e00000|100%| O|  |TAMS 0x0000000080e00000, 0x0000000080d00000| Untracked 
|  14|0x0000000080e00000, 0x0000000080f00000, 0x0000000080f00000|100%| O|  |TAMS 0x0000000080f00000, 0x0000000080e00000| Untracked 
|  15|0x0000000080f00000, 0x0000000081000000, 0x0000000081000000|100%| O|  |TAMS 0x0000000081000000, 0x0000000080f00000| Untracked 
|  16|0x0000000081000000, 0x0000000081100000, 0x0000000081100000|100%| O|  |TAMS 0x0000000081100000, 0x0000000081000000| Untracked 
|  17|0x0000000081100000, 0x0000000081200000, 0x0000000081200000|100%| O|  |TAMS 0x0000000081200000, 0x0000000081100000| Untracked 
|  18|0x0000000081200000, 0x0000000081300000, 0x0000000081300000|100%| O|  |TAMS 0x0000000081300000, 0x0000000081200000| Untracked 
|  19|0x0000000081300000, 0x0000000081400000, 0x0000000081400000|100%| O|  |TAMS 0x0000000081400000, 0x0000000081300000| Untracked 
|  20|0x0000000081400000, 0x0000000081500000, 0x0000000081500000|100%| O|  |TAMS 0x0000000081500000, 0x0000000081400000| Untracked 
|  21|0x0000000081500000, 0x0000000081600000, 0x0000000081600000|100%|HS|  |TAMS 0x0000000081600000, 0x0000000081500000| Complete 
|  22|0x0000000081600000, 0x0000000081700000, 0x0000000081700000|100%|HS|  |TAMS 0x0000000081700000, 0x0000000081600000| Complete 
|  23|0x0000000081700000, 0x0000000081800000, 0x0000000081800000|100%|HC|  |TAMS 0x0000000081800000, 0x0000000081700000| Complete 
|  24|0x0000000081800000, 0x0000000081900000, 0x0000000081900000|100%|HC|  |TAMS 0x0000000081900000, 0x0000000081800000| Complete 
|  25|0x0000000081900000, 0x0000000081a00000, 0x0000000081a00000|100%|HS|  |TAMS 0x0000000081a00000, 0x0000000081900000| Complete 
|  26|0x0000000081a00000, 0x0000000081b00000, 0x0000000081b00000|100%|HC|  |TAMS 0x0000000081b00000, 0x0000000081a00000| Complete 
|  27|0x0000000081b00000, 0x0000000081c00000, 0x0000000081c00000|100%| O|  |TAMS 0x0000000081c00000, 0x0000000081b00000| Untracked 
|  28|0x0000000081c00000, 0x0000000081d00000, 0x0000000081d00000|100%| O|  |TAMS 0x0000000081d00000, 0x0000000081c00000| Untracked 
|  29|0x0000000081d00000, 0x0000000081e00000, 0x0000000081e00000|100%| O|  |TAMS 0x0000000081e00000, 0x0000000081d00000| Untracked 
|  30|0x0000000081e00000, 0x0000000081f00000, 0x0000000081f00000|100%| O|  |TAMS 0x0000000081f00000, 0x0000000081e00000| Untracked 
|  31|0x0000000081f00000, 0x0000000082000000, 0x0000000082000000|100%| O|  |TAMS 0x0000000082000000, 0x0000000081f00000| Untracked 
|  32|0x0000000082000000, 0x0000000082100000, 0x0000000082100000|100%| O|  |TAMS 0x0000000082100000, 0x0000000082000000| Untracked 
|  33|0x0000000082100000, 0x0000000082200000, 0x0000000082200000|100%| O|  |TAMS 0x0000000082200000, 0x0000000082100000| Untracked 
|  34|0x0000000082200000, 0x0000000082300000, 0x0000000082300000|100%| O|  |TAMS 0x0000000082300000, 0x0000000082200000| Untracked 
|  35|0x0000000082300000, 0x0000000082400000, 0x0000000082400000|100%| O|  |TAMS 0x0000000082400000, 0x0000000082300000| Untracked 
|  36|0x0000000082400000, 0x0000000082500000, 0x0000000082500000|100%| O|  |TAMS 0x0000000082500000, 0x0000000082400000| Untracked 
|  37|0x0000000082500000, 0x0000000082600000, 0x0000000082600000|100%| O|  |TAMS 0x0000000082600000, 0x0000000082500000| Untracked 
|  38|0x0000000082600000, 0x0000000082700000, 0x0000000082700000|100%| O|  |TAMS 0x0000000082700000, 0x0000000082600000| Untracked 
|  39|0x0000000082700000, 0x0000000082800000, 0x0000000082800000|100%| O|  |TAMS 0x0000000082800000, 0x0000000082700000| Untracked 
|  40|0x0000000082800000, 0x0000000082900000, 0x0000000082900000|100%| O|  |TAMS 0x0000000082900000, 0x0000000082800000| Untracked 
|  41|0x0000000082900000, 0x0000000082a00000, 0x0000000082a00000|100%| O|  |TAMS 0x0000000082a00000, 0x0000000082900000| Untracked 
|  42|0x0000000082a00000, 0x0000000082b00000, 0x0000000082b00000|100%| O|  |TAMS 0x0000000082b00000, 0x0000000082a00000| Untracked 
|  43|0x0000000082b00000, 0x0000000082c00000, 0x0000000082c00000|100%| O|  |TAMS 0x0000000082c00000, 0x0000000082b00000| Untracked 
|  44|0x0000000082c00000, 0x0000000082d00000, 0x0000000082d00000|100%| O|  |TAMS 0x0000000082d00000, 0x0000000082c00000| Untracked 
|  45|0x0000000082d00000, 0x0000000082e00000, 0x0000000082e00000|100%| O|  |TAMS 0x0000000082e00000, 0x0000000082d00000| Untracked 
|  46|0x0000000082e00000, 0x0000000082f00000, 0x0000000082f00000|100%| O|  |TAMS 0x0000000082f00000, 0x0000000082e00000| Untracked 
|  47|0x0000000082f00000, 0x0000000083000000, 0x0000000083000000|100%| O|  |TAMS 0x0000000083000000, 0x0000000082f00000| Untracked 
|  48|0x0000000083000000, 0x0000000083100000, 0x0000000083100000|100%| O|  |TAMS 0x0000000083100000, 0x0000000083000000| Untracked 
|  49|0x0000000083100000, 0x0000000083200000, 0x0000000083200000|100%| O|  |TAMS 0x0000000083200000, 0x0000000083100000| Untracked 
|  50|0x0000000083200000, 0x0000000083300000, 0x0000000083300000|100%| O|  |TAMS 0x0000000083300000, 0x0000000083200000| Untracked 
|  51|0x0000000083300000, 0x0000000083400000, 0x0000000083400000|100%| O|  |TAMS 0x0000000083400000, 0x0000000083300000| Untracked 
|  52|0x0000000083400000, 0x0000000083500000, 0x0000000083500000|100%| O|  |TAMS 0x0000000083500000, 0x0000000083400000| Untracked 
|  53|0x0000000083500000, 0x0000000083600000, 0x0000000083600000|100%| O|  |TAMS 0x0000000083600000, 0x0000000083500000| Untracked 
|  54|0x0000000083600000, 0x0000000083700000, 0x0000000083700000|100%| O|  |TAMS 0x0000000083700000, 0x0000000083600000| Untracked 
|  55|0x0000000083700000, 0x0000000083800000, 0x0000000083800000|100%| O|  |TAMS 0x0000000083800000, 0x0000000083700000| Untracked 
|  56|0x0000000083800000, 0x0000000083900000, 0x0000000083900000|100%| O|  |TAMS 0x0000000083900000, 0x0000000083800000| Untracked 
|  57|0x0000000083900000, 0x0000000083a00000, 0x0000000083a00000|100%| O|  |TAMS 0x0000000083a00000, 0x0000000083900000| Untracked 
|  58|0x0000000083a00000, 0x0000000083b00000, 0x0000000083b00000|100%| O|  |TAMS 0x0000000083b00000, 0x0000000083a00000| Untracked 
|  59|0x0000000083b00000, 0x0000000083c00000, 0x0000000083c00000|100%| O|  |TAMS 0x0000000083c00000, 0x0000000083b00000| Untracked 
|  60|0x0000000083c00000, 0x0000000083d00000, 0x0000000083d00000|100%| O|  |TAMS 0x0000000083d00000, 0x0000000083c00000| Untracked 
|  61|0x0000000083d00000, 0x0000000083e00000, 0x0000000083e00000|100%| O|  |TAMS 0x0000000083e00000, 0x0000000083d00000| Untracked 
|  62|0x0000000083e00000, 0x0000000083f00000, 0x0000000083f00000|100%| O|  |TAMS 0x0000000083f00000, 0x0000000083e00000| Untracked 
|  63|0x0000000083f00000, 0x0000000084000000, 0x0000000084000000|100%| O|  |TAMS 0x0000000084000000, 0x0000000083f00000| Untracked 
|  64|0x0000000084000000, 0x0000000084100000, 0x0000000084100000|100%| O|  |TAMS 0x0000000084100000, 0x0000000084000000| Untracked 
|  65|0x0000000084100000, 0x0000000084200000, 0x0000000084200000|100%| O|  |TAMS 0x0000000084200000, 0x0000000084100000| Untracked 
|  66|0x0000000084200000, 0x0000000084300000, 0x0000000084300000|100%| O|  |TAMS 0x0000000084300000, 0x0000000084200000| Untracked 
|  67|0x0000000084300000, 0x0000000084400000, 0x0000000084400000|100%| O|  |TAMS 0x0000000084400000, 0x0000000084300000| Untracked 
|  68|0x0000000084400000, 0x0000000084500000, 0x0000000084500000|100%| O|  |TAMS 0x0000000084500000, 0x0000000084400000| Untracked 
|  69|0x0000000084500000, 0x0000000084600000, 0x0000000084600000|100%| O|  |TAMS 0x0000000084600000, 0x0000000084500000| Untracked 
|  70|0x0000000084600000, 0x0000000084700000, 0x0000000084700000|100%| O|  |TAMS 0x0000000084700000, 0x0000000084600000| Untracked 
|  71|0x0000000084700000, 0x0000000084800000, 0x0000000084800000|100%| O|  |TAMS 0x0000000084800000, 0x0000000084700000| Untracked 
|  72|0x0000000084800000, 0x0000000084900000, 0x0000000084900000|100%| O|  |TAMS 0x0000000084900000, 0x0000000084800000| Untracked 
|  73|0x0000000084900000, 0x0000000084a00000, 0x0000000084a00000|100%| O|  |TAMS 0x0000000084a00000, 0x0000000084900000| Untracked 
|  74|0x0000000084a00000, 0x0000000084b00000, 0x0000000084b00000|100%|HS|  |TAMS 0x0000000084b00000, 0x0000000084a00000| Complete 
|  75|0x0000000084b00000, 0x0000000084c00000, 0x0000000084c00000|100%| O|  |TAMS 0x0000000084c00000, 0x0000000084b00000| Untracked 
|  76|0x0000000084c00000, 0x0000000084d00000, 0x0000000084d00000|100%| O|  |TAMS 0x0000000084d00000, 0x0000000084c00000| Untracked 
|  77|0x0000000084d00000, 0x0000000084e00000, 0x0000000084e00000|100%| O|  |TAMS 0x0000000084e00000, 0x0000000084d00000| Untracked 
|  78|0x0000000084e00000, 0x0000000084f00000, 0x0000000084f00000|100%| O|  |TAMS 0x0000000084f00000, 0x0000000084e00000| Untracked 
|  79|0x0000000084f00000, 0x0000000085000000, 0x0000000085000000|100%| O|  |TAMS 0x0000000085000000, 0x0000000084f00000| Untracked 
|  80|0x0000000085000000, 0x0000000085100000, 0x0000000085100000|100%| O|  |TAMS 0x0000000085100000, 0x0000000085000000| Untracked 
|  81|0x0000000085100000, 0x0000000085200000, 0x0000000085200000|100%| O|  |TAMS 0x0000000085200000, 0x0000000085100000| Untracked 
|  82|0x0000000085200000, 0x0000000085300000, 0x0000000085300000|100%| O|  |TAMS 0x0000000085300000, 0x0000000085200000| Untracked 
|  83|0x0000000085300000, 0x0000000085400000, 0x0000000085400000|100%| O|  |TAMS 0x0000000085400000, 0x0000000085300000| Untracked 
|  84|0x0000000085400000, 0x0000000085500000, 0x0000000085500000|100%| O|  |TAMS 0x0000000085500000, 0x0000000085400000| Untracked 
|  85|0x0000000085500000, 0x0000000085600000, 0x0000000085600000|100%| O|  |TAMS 0x0000000085600000, 0x0000000085500000| Untracked 
|  86|0x0000000085600000, 0x0000000085700000, 0x0000000085700000|100%| O|  |TAMS 0x0000000085700000, 0x0000000085600000| Untracked 
|  87|0x0000000085700000, 0x0000000085800000, 0x0000000085800000|100%| O|  |TAMS 0x0000000085800000, 0x0000000085700000| Untracked 
|  88|0x0000000085800000, 0x0000000085900000, 0x0000000085900000|100%| O|  |TAMS 0x0000000085900000, 0x0000000085800000| Untracked 
|  89|0x0000000085900000, 0x0000000085a00000, 0x0000000085a00000|100%| O|  |TAMS 0x0000000085a00000, 0x0000000085900000| Untracked 
|  90|0x0000000085a00000, 0x0000000085b00000, 0x0000000085b00000|100%| O|  |TAMS 0x0000000085b00000, 0x0000000085a00000| Untracked 
|  91|0x0000000085b00000, 0x0000000085c00000, 0x0000000085c00000|100%| O|  |TAMS 0x0000000085c00000, 0x0000000085b00000| Untracked 
|  92|0x0000000085c00000, 0x0000000085d00000, 0x0000000085d00000|100%| O|  |TAMS 0x0000000085d00000, 0x0000000085c00000| Untracked 
|  93|0x0000000085d00000, 0x0000000085e00000, 0x0000000085e00000|100%| O|  |TAMS 0x0000000085e00000, 0x0000000085d00000| Untracked 
|  94|0x0000000085e00000, 0x0000000085f00000, 0x0000000085f00000|100%| O|  |TAMS 0x0000000085f00000, 0x0000000085e00000| Untracked 
|  95|0x0000000085f00000, 0x0000000086000000, 0x0000000086000000|100%| O|  |TAMS 0x0000000086000000, 0x0000000085f00000| Untracked 
|  96|0x0000000086000000, 0x0000000086100000, 0x0000000086100000|100%| O|  |TAMS 0x0000000086100000, 0x0000000086000000| Untracked 
|  97|0x0000000086100000, 0x0000000086200000, 0x0000000086200000|100%| O|  |TAMS 0x0000000086200000, 0x0000000086100000| Untracked 
|  98|0x0000000086200000, 0x0000000086300000, 0x0000000086300000|100%| O|  |TAMS 0x0000000086300000, 0x0000000086200000| Untracked 
|  99|0x0000000086300000, 0x0000000086400000, 0x0000000086400000|100%| O|  |TAMS 0x0000000086400000, 0x0000000086300000| Untracked 
| 100|0x0000000086400000, 0x0000000086500000, 0x0000000086500000|100%| O|  |TAMS 0x0000000086500000, 0x0000000086400000| Untracked 
| 101|0x0000000086500000, 0x0000000086600000, 0x0000000086600000|100%| O|  |TAMS 0x0000000086600000, 0x0000000086500000| Untracked 
| 102|0x0000000086600000, 0x0000000086700000, 0x0000000086700000|100%| O|  |TAMS 0x0000000086700000, 0x0000000086600000| Untracked 
| 103|0x0000000086700000, 0x0000000086800000, 0x0000000086800000|100%| O|  |TAMS 0x0000000086800000, 0x0000000086700000| Untracked 
| 104|0x0000000086800000, 0x0000000086900000, 0x0000000086900000|100%| O|  |TAMS 0x0000000086900000, 0x0000000086800000| Untracked 
| 105|0x0000000086900000, 0x0000000086a00000, 0x0000000086a00000|100%| O|  |TAMS 0x0000000086a00000, 0x0000000086900000| Untracked 
| 106|0x0000000086a00000, 0x0000000086b00000, 0x0000000086b00000|100%| O|  |TAMS 0x0000000086b00000, 0x0000000086a00000| Untracked 
| 107|0x0000000086b00000, 0x0000000086c00000, 0x0000000086c00000|100%| O|  |TAMS 0x0000000086c00000, 0x0000000086b00000| Untracked 
| 108|0x0000000086c00000, 0x0000000086d00000, 0x0000000086d00000|100%| O|  |TAMS 0x0000000086d00000, 0x0000000086c00000| Untracked 
| 109|0x0000000086d00000, 0x0000000086e00000, 0x0000000086e00000|100%| O|  |TAMS 0x0000000086e00000, 0x0000000086d00000| Untracked 
| 110|0x0000000086e00000, 0x0000000086f00000, 0x0000000086f00000|100%| O|  |TAMS 0x0000000086f00000, 0x0000000086e00000| Untracked 
| 111|0x0000000086f00000, 0x0000000087000000, 0x0000000087000000|100%| O|  |TAMS 0x0000000087000000, 0x0000000086f00000| Untracked 
| 112|0x0000000087000000, 0x0000000087100000, 0x0000000087100000|100%| O|  |TAMS 0x0000000087100000, 0x0000000087000000| Untracked 
| 113|0x0000000087100000, 0x0000000087200000, 0x0000000087200000|100%| O|  |TAMS 0x0000000087200000, 0x0000000087100000| Untracked 
| 114|0x0000000087200000, 0x000000008726b400, 0x0000000087300000| 41%| O|  |TAMS 0x000000008726b400, 0x0000000087200000| Untracked 
| 115|0x0000000087300000, 0x0000000087300000, 0x0000000087400000|  0%| F|  |TAMS 0x0000000087300000, 0x0000000087300000| Untracked 
| 116|0x0000000087400000, 0x0000000087400000, 0x0000000087500000|  0%| F|  |TAMS 0x0000000087400000, 0x0000000087400000| Untracked 
| 117|0x0000000087500000, 0x0000000087500000, 0x0000000087600000|  0%| F|  |TAMS 0x0000000087500000, 0x0000000087500000| Untracked 
| 118|0x0000000087600000, 0x0000000087600000, 0x0000000087700000|  0%| F|  |TAMS 0x0000000087600000, 0x0000000087600000| Untracked 
| 119|0x0000000087700000, 0x0000000087700000, 0x0000000087800000|  0%| F|  |TAMS 0x0000000087700000, 0x0000000087700000| Untracked 
| 120|0x0000000087800000, 0x0000000087800000, 0x0000000087900000|  0%| F|  |TAMS 0x0000000087800000, 0x0000000087800000| Untracked 
| 121|0x0000000087900000, 0x0000000087900000, 0x0000000087a00000|  0%| F|  |TAMS 0x0000000087900000, 0x0000000087900000| Untracked 
| 122|0x0000000087a00000, 0x0000000087a00000, 0x0000000087b00000|  0%| F|  |TAMS 0x0000000087a00000, 0x0000000087a00000| Untracked 
| 123|0x0000000087b00000, 0x0000000087b00000, 0x0000000087c00000|  0%| F|  |TAMS 0x0000000087b00000, 0x0000000087b00000| Untracked 
| 124|0x0000000087c00000, 0x0000000087c00000, 0x0000000087d00000|  0%| F|  |TAMS 0x0000000087c00000, 0x0000000087c00000| Untracked 
| 125|0x0000000087d00000, 0x0000000087d00000, 0x0000000087e00000|  0%| F|  |TAMS 0x0000000087d00000, 0x0000000087d00000| Untracked 
| 126|0x0000000087e00000, 0x0000000087e00000, 0x0000000087f00000|  0%| F|  |TAMS 0x0000000087e00000, 0x0000000087e00000| Untracked 
| 127|0x0000000087f00000, 0x0000000087f00000, 0x0000000088000000|  0%| F|  |TAMS 0x0000000087f00000, 0x0000000087f00000| Untracked 
| 128|0x0000000088000000, 0x0000000088000000, 0x0000000088100000|  0%| F|  |TAMS 0x0000000088000000, 0x0000000088000000| Untracked 
| 129|0x0000000088100000, 0x0000000088100000, 0x0000000088200000|  0%| F|  |TAMS 0x0000000088100000, 0x0000000088100000| Untracked 
| 130|0x0000000088200000, 0x0000000088200000, 0x0000000088300000|  0%| F|  |TAMS 0x0000000088200000, 0x0000000088200000| Untracked 
| 131|0x0000000088300000, 0x0000000088300000, 0x0000000088400000|  0%| F|  |TAMS 0x0000000088300000, 0x0000000088300000| Untracked 
| 132|0x0000000088400000, 0x0000000088400000, 0x0000000088500000|  0%| F|  |TAMS 0x0000000088400000, 0x0000000088400000| Untracked 
| 133|0x0000000088500000, 0x0000000088500000, 0x0000000088600000|  0%| F|  |TAMS 0x0000000088500000, 0x0000000088500000| Untracked 
| 134|0x0000000088600000, 0x0000000088600000, 0x0000000088700000|  0%| F|  |TAMS 0x0000000088600000, 0x0000000088600000| Untracked 
| 135|0x0000000088700000, 0x0000000088700000, 0x0000000088800000|  0%| F|  |TAMS 0x0000000088700000, 0x0000000088700000| Untracked 
| 136|0x0000000088800000, 0x0000000088800000, 0x0000000088900000|  0%| F|  |TAMS 0x0000000088800000, 0x0000000088800000| Untracked 
| 137|0x0000000088900000, 0x0000000088900000, 0x0000000088a00000|  0%| F|  |TAMS 0x0000000088900000, 0x0000000088900000| Untracked 
| 138|0x0000000088a00000, 0x0000000088a00000, 0x0000000088b00000|  0%| F|  |TAMS 0x0000000088a00000, 0x0000000088a00000| Untracked 
| 139|0x0000000088b00000, 0x0000000088b00000, 0x0000000088c00000|  0%| F|  |TAMS 0x0000000088b00000, 0x0000000088b00000| Untracked 
| 140|0x0000000088c00000, 0x0000000088c00000, 0x0000000088d00000|  0%| F|  |TAMS 0x0000000088c00000, 0x0000000088c00000| Untracked 
| 141|0x0000000088d00000, 0x0000000088d00000, 0x0000000088e00000|  0%| F|  |TAMS 0x0000000088d00000, 0x0000000088d00000| Untracked 
| 142|0x0000000088e00000, 0x0000000088e00000, 0x0000000088f00000|  0%| F|  |TAMS 0x0000000088e00000, 0x0000000088e00000| Untracked 
| 143|0x0000000088f00000, 0x0000000088f00000, 0x0000000089000000|  0%| F|  |TAMS 0x0000000088f00000, 0x0000000088f00000| Untracked 
| 144|0x0000000089000000, 0x0000000089000000, 0x0000000089100000|  0%| F|  |TAMS 0x0000000089000000, 0x0000000089000000| Untracked 
| 145|0x0000000089100000, 0x0000000089100000, 0x0000000089200000|  0%| F|  |TAMS 0x0000000089100000, 0x0000000089100000| Untracked 
| 146|0x0000000089200000, 0x0000000089200000, 0x0000000089300000|  0%| F|  |TAMS 0x0000000089200000, 0x0000000089200000| Untracked 
| 147|0x0000000089300000, 0x0000000089300000, 0x0000000089400000|  0%| F|  |TAMS 0x0000000089300000, 0x0000000089300000| Untracked 
| 148|0x0000000089400000, 0x0000000089400000, 0x0000000089500000|  0%| F|  |TAMS 0x0000000089400000, 0x0000000089400000| Untracked 
| 149|0x0000000089500000, 0x00000000895c7d40, 0x0000000089600000| 78%| S|CS|TAMS 0x0000000089500000, 0x0000000089500000| Complete 
| 150|0x0000000089600000, 0x0000000089700000, 0x0000000089700000|100%| S|CS|TAMS 0x0000000089600000, 0x0000000089600000| Complete 
| 151|0x0000000089700000, 0x0000000089800000, 0x0000000089800000|100%| S|CS|TAMS 0x0000000089700000, 0x0000000089700000| Complete 
| 152|0x0000000089800000, 0x0000000089900000, 0x0000000089900000|100%| S|CS|TAMS 0x0000000089800000, 0x0000000089800000| Complete 
| 153|0x0000000089900000, 0x0000000089a00000, 0x0000000089a00000|100%| S|CS|TAMS 0x0000000089900000, 0x0000000089900000| Complete 
| 154|0x0000000089a00000, 0x0000000089b00000, 0x0000000089b00000|100%| S|CS|TAMS 0x0000000089a00000, 0x0000000089a00000| Complete 
| 155|0x0000000089b00000, 0x0000000089c00000, 0x0000000089c00000|100%| S|CS|TAMS 0x0000000089b00000, 0x0000000089b00000| Complete 
| 156|0x0000000089c00000, 0x0000000089d00000, 0x0000000089d00000|100%| S|CS|TAMS 0x0000000089c00000, 0x0000000089c00000| Complete 
| 157|0x0000000089d00000, 0x0000000089e00000, 0x0000000089e00000|100%| S|CS|TAMS 0x0000000089d00000, 0x0000000089d00000| Complete 
| 158|0x0000000089e00000, 0x0000000089f00000, 0x0000000089f00000|100%| S|CS|TAMS 0x0000000089e00000, 0x0000000089e00000| Complete 
| 159|0x0000000089f00000, 0x000000008a000000, 0x000000008a000000|100%| S|CS|TAMS 0x0000000089f00000, 0x0000000089f00000| Complete 
| 160|0x000000008a000000, 0x000000008a000000, 0x000000008a100000|  0%| F|  |TAMS 0x000000008a000000, 0x000000008a000000| Untracked 
| 161|0x000000008a100000, 0x000000008a100000, 0x000000008a200000|  0%| F|  |TAMS 0x000000008a100000, 0x000000008a100000| Untracked 
| 162|0x000000008a200000, 0x000000008a200000, 0x000000008a300000|  0%| F|  |TAMS 0x000000008a200000, 0x000000008a200000| Untracked 
| 163|0x000000008a300000, 0x000000008a300000, 0x000000008a400000|  0%| F|  |TAMS 0x000000008a300000, 0x000000008a300000| Untracked 
| 164|0x000000008a400000, 0x000000008a400000, 0x000000008a500000|  0%| F|  |TAMS 0x000000008a400000, 0x000000008a400000| Untracked 
| 165|0x000000008a500000, 0x000000008a500000, 0x000000008a600000|  0%| F|  |TAMS 0x000000008a500000, 0x000000008a500000| Untracked 
| 166|0x000000008a600000, 0x000000008a600000, 0x000000008a700000|  0%| F|  |TAMS 0x000000008a600000, 0x000000008a600000| Untracked 
| 167|0x000000008a700000, 0x000000008a700000, 0x000000008a800000|  0%| F|  |TAMS 0x000000008a700000, 0x000000008a700000| Untracked 
| 168|0x000000008a800000, 0x000000008a800000, 0x000000008a900000|  0%| F|  |TAMS 0x000000008a800000, 0x000000008a800000| Untracked 
| 169|0x000000008a900000, 0x000000008a900000, 0x000000008aa00000|  0%| F|  |TAMS 0x000000008a900000, 0x000000008a900000| Untracked 
| 170|0x000000008aa00000, 0x000000008aa00000, 0x000000008ab00000|  0%| F|  |TAMS 0x000000008aa00000, 0x000000008aa00000| Untracked 
| 171|0x000000008ab00000, 0x000000008ab00000, 0x000000008ac00000|  0%| F|  |TAMS 0x000000008ab00000, 0x000000008ab00000| Untracked 
| 172|0x000000008ac00000, 0x000000008ac00000, 0x000000008ad00000|  0%| F|  |TAMS 0x000000008ac00000, 0x000000008ac00000| Untracked 
| 173|0x000000008ad00000, 0x000000008ad00000, 0x000000008ae00000|  0%| F|  |TAMS 0x000000008ad00000, 0x000000008ad00000| Untracked 
| 174|0x000000008ae00000, 0x000000008ae00000, 0x000000008af00000|  0%| F|  |TAMS 0x000000008ae00000, 0x000000008ae00000| Untracked 
| 175|0x000000008af00000, 0x000000008af00000, 0x000000008b000000|  0%| F|  |TAMS 0x000000008af00000, 0x000000008af00000| Untracked 
| 176|0x000000008b000000, 0x000000008b000000, 0x000000008b100000|  0%| F|  |TAMS 0x000000008b000000, 0x000000008b000000| Untracked 
| 177|0x000000008b100000, 0x000000008b100000, 0x000000008b200000|  0%| F|  |TAMS 0x000000008b100000, 0x000000008b100000| Untracked 
| 178|0x000000008b200000, 0x000000008b200000, 0x000000008b300000|  0%| F|  |TAMS 0x000000008b200000, 0x000000008b200000| Untracked 
| 179|0x000000008b300000, 0x000000008b300000, 0x000000008b400000|  0%| F|  |TAMS 0x000000008b300000, 0x000000008b300000| Untracked 
| 180|0x000000008b400000, 0x000000008b400000, 0x000000008b500000|  0%| F|  |TAMS 0x000000008b400000, 0x000000008b400000| Untracked 
| 181|0x000000008b500000, 0x000000008b500000, 0x000000008b600000|  0%| F|  |TAMS 0x000000008b500000, 0x000000008b500000| Untracked 
| 182|0x000000008b600000, 0x000000008b600000, 0x000000008b700000|  0%| F|  |TAMS 0x000000008b600000, 0x000000008b600000| Untracked 
| 183|0x000000008b700000, 0x000000008b700000, 0x000000008b800000|  0%| F|  |TAMS 0x000000008b700000, 0x000000008b700000| Untracked 
| 184|0x000000008b800000, 0x000000008b800000, 0x000000008b900000|  0%| F|  |TAMS 0x000000008b800000, 0x000000008b800000| Untracked 
| 185|0x000000008b900000, 0x000000008b900000, 0x000000008ba00000|  0%| F|  |TAMS 0x000000008b900000, 0x000000008b900000| Untracked 
| 186|0x000000008ba00000, 0x000000008ba00000, 0x000000008bb00000|  0%| F|  |TAMS 0x000000008ba00000, 0x000000008ba00000| Untracked 
| 187|0x000000008bb00000, 0x000000008bb00000, 0x000000008bc00000|  0%| F|  |TAMS 0x000000008bb00000, 0x000000008bb00000| Untracked 
| 188|0x000000008bc00000, 0x000000008bc00000, 0x000000008bd00000|  0%| F|  |TAMS 0x000000008bc00000, 0x000000008bc00000| Untracked 
| 189|0x000000008bd00000, 0x000000008bd00000, 0x000000008be00000|  0%| F|  |TAMS 0x000000008bd00000, 0x000000008bd00000| Untracked 
| 190|0x000000008be00000, 0x000000008be00000, 0x000000008bf00000|  0%| F|  |TAMS 0x000000008be00000, 0x000000008be00000| Untracked 
| 191|0x000000008bf00000, 0x000000008bf00000, 0x000000008c000000|  0%| F|  |TAMS 0x000000008bf00000, 0x000000008bf00000| Untracked 
| 192|0x000000008c000000, 0x000000008c000000, 0x000000008c100000|  0%| F|  |TAMS 0x000000008c000000, 0x000000008c000000| Untracked 
| 193|0x000000008c100000, 0x000000008c100000, 0x000000008c200000|  0%| F|  |TAMS 0x000000008c100000, 0x000000008c100000| Untracked 
| 194|0x000000008c200000, 0x000000008c200000, 0x000000008c300000|  0%| F|  |TAMS 0x000000008c200000, 0x000000008c200000| Untracked 
| 195|0x000000008c300000, 0x000000008c300000, 0x000000008c400000|  0%| F|  |TAMS 0x000000008c300000, 0x000000008c300000| Untracked 
| 196|0x000000008c400000, 0x000000008c400000, 0x000000008c500000|  0%| F|  |TAMS 0x000000008c400000, 0x000000008c400000| Untracked 
| 197|0x000000008c500000, 0x000000008c500000, 0x000000008c600000|  0%| F|  |TAMS 0x000000008c500000, 0x000000008c500000| Untracked 
| 198|0x000000008c600000, 0x000000008c600000, 0x000000008c700000|  0%| F|  |TAMS 0x000000008c600000, 0x000000008c600000| Untracked 
| 199|0x000000008c700000, 0x000000008c700000, 0x000000008c800000|  0%| F|  |TAMS 0x000000008c700000, 0x000000008c700000| Untracked 
| 200|0x000000008c800000, 0x000000008c800000, 0x000000008c900000|  0%| F|  |TAMS 0x000000008c800000, 0x000000008c800000| Untracked 
| 201|0x000000008c900000, 0x000000008c900000, 0x000000008ca00000|  0%| F|  |TAMS 0x000000008c900000, 0x000000008c900000| Untracked 
| 202|0x000000008ca00000, 0x000000008ca00000, 0x000000008cb00000|  0%| F|  |TAMS 0x000000008ca00000, 0x000000008ca00000| Untracked 
| 203|0x000000008cb00000, 0x000000008cb00000, 0x000000008cc00000|  0%| F|  |TAMS 0x000000008cb00000, 0x000000008cb00000| Untracked 
| 204|0x000000008cc00000, 0x000000008cc00000, 0x000000008cd00000|  0%| F|  |TAMS 0x000000008cc00000, 0x000000008cc00000| Untracked 
| 205|0x000000008cd00000, 0x000000008cd00000, 0x000000008ce00000|  0%| F|  |TAMS 0x000000008cd00000, 0x000000008cd00000| Untracked 
| 206|0x000000008ce00000, 0x000000008ce00000, 0x000000008cf00000|  0%| F|  |TAMS 0x000000008ce00000, 0x000000008ce00000| Untracked 
| 207|0x000000008cf00000, 0x000000008cf00000, 0x000000008d000000|  0%| F|  |TAMS 0x000000008cf00000, 0x000000008cf00000| Untracked 
| 208|0x000000008d000000, 0x000000008d000000, 0x000000008d100000|  0%| F|  |TAMS 0x000000008d000000, 0x000000008d000000| Untracked 
| 209|0x000000008d100000, 0x000000008d100000, 0x000000008d200000|  0%| F|  |TAMS 0x000000008d100000, 0x000000008d100000| Untracked 
| 210|0x000000008d200000, 0x000000008d200000, 0x000000008d300000|  0%| F|  |TAMS 0x000000008d200000, 0x000000008d200000| Untracked 
| 211|0x000000008d300000, 0x000000008d300000, 0x000000008d400000|  0%| F|  |TAMS 0x000000008d300000, 0x000000008d300000| Untracked 
| 212|0x000000008d400000, 0x000000008d400000, 0x000000008d500000|  0%| F|  |TAMS 0x000000008d400000, 0x000000008d400000| Untracked 
| 213|0x000000008d500000, 0x000000008d500000, 0x000000008d600000|  0%| F|  |TAMS 0x000000008d500000, 0x000000008d500000| Untracked 
| 214|0x000000008d600000, 0x000000008d600000, 0x000000008d700000|  0%| F|  |TAMS 0x000000008d600000, 0x000000008d600000| Untracked 
| 215|0x000000008d700000, 0x000000008d700000, 0x000000008d800000|  0%| F|  |TAMS 0x000000008d700000, 0x000000008d700000| Untracked 
| 216|0x000000008d800000, 0x000000008d800000, 0x000000008d900000|  0%| F|  |TAMS 0x000000008d800000, 0x000000008d800000| Untracked 
| 217|0x000000008d900000, 0x000000008d900000, 0x000000008da00000|  0%| F|  |TAMS 0x000000008d900000, 0x000000008d900000| Untracked 
| 218|0x000000008da00000, 0x000000008da00000, 0x000000008db00000|  0%| F|  |TAMS 0x000000008da00000, 0x000000008da00000| Untracked 
| 219|0x000000008db00000, 0x000000008db00000, 0x000000008dc00000|  0%| F|  |TAMS 0x000000008db00000, 0x000000008db00000| Untracked 
| 220|0x000000008dc00000, 0x000000008dc00000, 0x000000008dd00000|  0%| F|  |TAMS 0x000000008dc00000, 0x000000008dc00000| Untracked 
| 221|0x000000008dd00000, 0x000000008dd00000, 0x000000008de00000|  0%| F|  |TAMS 0x000000008dd00000, 0x000000008dd00000| Untracked 
| 222|0x000000008de00000, 0x000000008de00000, 0x000000008df00000|  0%| F|  |TAMS 0x000000008de00000, 0x000000008de00000| Untracked 
| 223|0x000000008df00000, 0x000000008df00000, 0x000000008e000000|  0%| F|  |TAMS 0x000000008df00000, 0x000000008df00000| Untracked 
| 224|0x000000008e000000, 0x000000008e000000, 0x000000008e100000|  0%| F|  |TAMS 0x000000008e000000, 0x000000008e000000| Untracked 
| 225|0x000000008e100000, 0x000000008e100000, 0x000000008e200000|  0%| F|  |TAMS 0x000000008e100000, 0x000000008e100000| Untracked 
| 226|0x000000008e200000, 0x000000008e200000, 0x000000008e300000|  0%| F|  |TAMS 0x000000008e200000, 0x000000008e200000| Untracked 
| 227|0x000000008e300000, 0x000000008e300000, 0x000000008e400000|  0%| F|  |TAMS 0x000000008e300000, 0x000000008e300000| Untracked 
| 228|0x000000008e400000, 0x000000008e400000, 0x000000008e500000|  0%| F|  |TAMS 0x000000008e400000, 0x000000008e400000| Untracked 
| 229|0x000000008e500000, 0x000000008e500000, 0x000000008e600000|  0%| F|  |TAMS 0x000000008e500000, 0x000000008e500000| Untracked 
| 230|0x000000008e600000, 0x000000008e600000, 0x000000008e700000|  0%| F|  |TAMS 0x000000008e600000, 0x000000008e600000| Untracked 
| 231|0x000000008e700000, 0x000000008e700000, 0x000000008e800000|  0%| F|  |TAMS 0x000000008e700000, 0x000000008e700000| Untracked 
| 232|0x000000008e800000, 0x000000008e800000, 0x000000008e900000|  0%| F|  |TAMS 0x000000008e800000, 0x000000008e800000| Untracked 
| 233|0x000000008e900000, 0x000000008e900000, 0x000000008ea00000|  0%| F|  |TAMS 0x000000008e900000, 0x000000008e900000| Untracked 
| 234|0x000000008ea00000, 0x000000008ea00000, 0x000000008eb00000|  0%| F|  |TAMS 0x000000008ea00000, 0x000000008ea00000| Untracked 
| 235|0x000000008eb00000, 0x000000008eb00000, 0x000000008ec00000|  0%| F|  |TAMS 0x000000008eb00000, 0x000000008eb00000| Untracked 
| 236|0x000000008ec00000, 0x000000008ec00000, 0x000000008ed00000|  0%| F|  |TAMS 0x000000008ec00000, 0x000000008ec00000| Untracked 
| 237|0x000000008ed00000, 0x000000008ed00000, 0x000000008ee00000|  0%| F|  |TAMS 0x000000008ed00000, 0x000000008ed00000| Untracked 
| 238|0x000000008ee00000, 0x000000008ee00000, 0x000000008ef00000|  0%| F|  |TAMS 0x000000008ee00000, 0x000000008ee00000| Untracked 
| 239|0x000000008ef00000, 0x000000008ef00000, 0x000000008f000000|  0%| F|  |TAMS 0x000000008ef00000, 0x000000008ef00000| Untracked 
| 240|0x000000008f000000, 0x000000008f000000, 0x000000008f100000|  0%| F|  |TAMS 0x000000008f000000, 0x000000008f000000| Untracked 
| 241|0x000000008f100000, 0x000000008f100000, 0x000000008f200000|  0%| F|  |TAMS 0x000000008f100000, 0x000000008f100000| Untracked 
| 242|0x000000008f200000, 0x000000008f200000, 0x000000008f300000|  0%| F|  |TAMS 0x000000008f200000, 0x000000008f200000| Untracked 
| 243|0x000000008f300000, 0x000000008f300000, 0x000000008f400000|  0%| F|  |TAMS 0x000000008f300000, 0x000000008f300000| Untracked 
| 244|0x000000008f400000, 0x000000008f400000, 0x000000008f500000|  0%| F|  |TAMS 0x000000008f400000, 0x000000008f400000| Untracked 
| 245|0x000000008f500000, 0x000000008f500000, 0x000000008f600000|  0%| F|  |TAMS 0x000000008f500000, 0x000000008f500000| Untracked 
| 246|0x000000008f600000, 0x000000008f600000, 0x000000008f700000|  0%| F|  |TAMS 0x000000008f600000, 0x000000008f600000| Untracked 
| 247|0x000000008f700000, 0x000000008f700000, 0x000000008f800000|  0%| F|  |TAMS 0x000000008f700000, 0x000000008f700000| Untracked 
| 248|0x000000008f800000, 0x000000008f800000, 0x000000008f900000|  0%| F|  |TAMS 0x000000008f800000, 0x000000008f800000| Untracked 
| 249|0x000000008f900000, 0x000000008f900000, 0x000000008fa00000|  0%| F|  |TAMS 0x000000008f900000, 0x000000008f900000| Untracked 
| 250|0x000000008fa00000, 0x000000008fa00000, 0x000000008fb00000|  0%| F|  |TAMS 0x000000008fa00000, 0x000000008fa00000| Untracked 
| 251|0x000000008fb00000, 0x000000008fb00000, 0x000000008fc00000|  0%| F|  |TAMS 0x000000008fb00000, 0x000000008fb00000| Untracked 
| 252|0x000000008fc00000, 0x000000008fc59dd0, 0x000000008fd00000| 35%| E|  |TAMS 0x000000008fc00000, 0x000000008fc00000| Complete 
| 253|0x000000008fd00000, 0x000000008fe00000, 0x000000008fe00000|100%| E|CS|TAMS 0x000000008fd00000, 0x000000008fd00000| Complete 
| 254|0x000000008fe00000, 0x000000008ff00000, 0x000000008ff00000|100%| E|CS|TAMS 0x000000008fe00000, 0x000000008fe00000| Complete 
| 255|0x000000008ff00000, 0x0000000090000000, 0x0000000090000000|100%| E|CS|TAMS 0x000000008ff00000, 0x000000008ff00000| Complete 
| 256|0x0000000090000000, 0x0000000090100000, 0x0000000090100000|100%| E|CS|TAMS 0x0000000090000000, 0x0000000090000000| Complete 
| 257|0x0000000090100000, 0x0000000090200000, 0x0000000090200000|100%| E|CS|TAMS 0x0000000090100000, 0x0000000090100000| Complete 
| 258|0x0000000090200000, 0x0000000090300000, 0x0000000090300000|100%| E|CS|TAMS 0x0000000090200000, 0x0000000090200000| Complete 
| 259|0x0000000090300000, 0x0000000090400000, 0x0000000090400000|100%| E|CS|TAMS 0x0000000090300000, 0x0000000090300000| Complete 
| 260|0x0000000090400000, 0x0000000090500000, 0x0000000090500000|100%| E|CS|TAMS 0x0000000090400000, 0x0000000090400000| Complete 
| 261|0x0000000090500000, 0x0000000090600000, 0x0000000090600000|100%| E|CS|TAMS 0x0000000090500000, 0x0000000090500000| Complete 
| 262|0x0000000090600000, 0x0000000090700000, 0x0000000090700000|100%| E|CS|TAMS 0x0000000090600000, 0x0000000090600000| Complete 
| 263|0x0000000090700000, 0x0000000090800000, 0x0000000090800000|100%| E|CS|TAMS 0x0000000090700000, 0x0000000090700000| Complete 
| 264|0x0000000090800000, 0x0000000090900000, 0x0000000090900000|100%| E|CS|TAMS 0x0000000090800000, 0x0000000090800000| Complete 
| 265|0x0000000090900000, 0x0000000090a00000, 0x0000000090a00000|100%| E|CS|TAMS 0x0000000090900000, 0x0000000090900000| Complete 
| 266|0x0000000090a00000, 0x0000000090b00000, 0x0000000090b00000|100%| E|CS|TAMS 0x0000000090a00000, 0x0000000090a00000| Complete 

Card table byte_map: [0x000001cfee150000,0x000001cfee550000] _byte_map_base: 0x000001cfedd50000

Marking Bits (Prev, Next): (CMBitMap*) 0x000001cfd640a398, (CMBitMap*) 0x000001cfd640a3d0
 Prev Bits: [0x000001cfee950000, 0x000001cff0950000)
 Next Bits: [0x000001cff0950000, 0x000001cff2950000)

Polling page: 0x000001cfd4270000

Metaspace:

Usage:
  Non-class:     81.28 MB capacity,    79.79 MB ( 98%) used,     1.22 MB (  2%) free+waste,   269.88 KB ( <1%) overhead. 
      Class:     12.88 MB capacity,    12.01 MB ( 93%) used,   762.22 KB (  6%) free+waste,   125.06 KB ( <1%) overhead. 
       Both:     94.16 MB capacity,    91.81 MB ( 98%) used,     1.97 MB (  2%) free+waste,   394.94 KB ( <1%) overhead. 

Virtual space:
  Non-class space:       82.00 MB reserved,      81.67 MB (>99%) committed 
      Class space:        1.00 GB reserved,      13.13 MB (  1%) committed 
             Both:        1.08 GB reserved,      94.79 MB (  9%) committed 

Chunk freelists:
   Non-Class:  331.00 KB
       Class:  253.00 KB
        Both:  584.00 KB

MaxMetaspaceSize: 17179869184.00 GB
CompressedClassSpaceSize: 1.00 GB

CodeHeap 'non-profiled nmethods': size=120000Kb used=5330Kb max_used=5330Kb free=114670Kb
 bounds [0x000001cfe64f0000, 0x000001cfe6a30000, 0x000001cfeda20000]
CodeHeap 'profiled nmethods': size=120000Kb used=28411Kb max_used=28411Kb free=91588Kb
 bounds [0x000001cfdefc0000, 0x000001cfe0b90000, 0x000001cfe64f0000]
CodeHeap 'non-nmethods': size=5760Kb used=2304Kb max_used=2349Kb free=3455Kb
 bounds [0x000001cfdea20000, 0x000001cfdec90000, 0x000001cfdefc0000]
 total_blobs=14586 nmethods=11089 adapters=819
 compilation: enabled
              stopped_count=0, restarted_count=0
 full_count=0

Compilation events (20 events):
Event: 22.767 Thread 0x000001cff53c8000 nmethod 11900 0x000001cfe0b3d010 code [0x000001cfe0b3d1c0, 0x000001cfe0b3d2f8]
Event: 22.767 Thread 0x000001cff53c8000 12040       2       com.android.tools.r8.ir.optimize.n::b (24 bytes)
Event: 22.767 Thread 0x000001cff53c8000 nmethod 12040 0x000001cfe0b3d390 code [0x000001cfe0b3d560, 0x000001cfe0b3d760]
Event: 22.767 Thread 0x000001cff53c8000 11989       2       com.android.tools.r8.ir.regalloc.b::c (36 bytes)
Event: 22.767 Thread 0x000001cff53c8000 nmethod 11989 0x000001cfe0b3d810 code [0x000001cfe0b3d9c0, 0x000001cfe0b3dbd8]
Event: 22.768 Thread 0x000001cff53c8000 11925       2       com.android.tools.r8.graph.J::<init> (5 bytes)
Event: 22.768 Thread 0x000001cff53c8000 nmethod 11925 0x000001cfe0b3dc90 code [0x000001cfe0b3de40, 0x000001cfe0b3df98]
Event: 22.768 Thread 0x000001cff53c8000 11970       2       com.android.tools.r8.s.a.p.u::a (453 bytes)
Event: 22.770 Thread 0x000001cff53c8000 nmethod 11970 0x000001cfe0b3e010 code [0x000001cfe0b3e3e0, 0x000001cfe0b3edc0]
Event: 22.770 Thread 0x000001cff53c8000 12066       2       java.util.IdentityHashMap$KeySet::contains (9 bytes)
Event: 22.771 Thread 0x000001cff53c8000 nmethod 12066 0x000001cfe0b3f410 code [0x000001cfe0b3f5c0, 0x000001cfe0b3f750]
Event: 22.771 Thread 0x000001cff53c8000 12065       2       com.android.tools.r8.s.b.q1$a::<init> (23 bytes)
Event: 22.771 Thread 0x000001cff53c8000 nmethod 12065 0x000001cfe0b3f810 code [0x000001cfe0b3f9c0, 0x000001cfe0b3fc38]
Event: 22.771 Thread 0x000001cff53c8000 12068 %     3       com.android.tools.r8.s.b.O::a @ 25 (232 bytes)
Event: 22.777 Thread 0x000001cff53c8000 nmethod 12068% 0x000001cfe0b3fd10 code [0x000001cfe0b40200, 0x000001cfe0b43210]
Event: 22.777 Thread 0x000001cff53c8000 12067       2       com.android.tools.r8.s.b.X::w (44 bytes)
Event: 22.777 Thread 0x000001cff53c8000 nmethod 12067 0x000001cfe0b44090 code [0x000001cfe0b44280, 0x000001cfe0b44550]
Event: 22.778 Thread 0x000001cff53c8000 12075       2       com.android.tools.r8.ir.optimize.j0::b (1573 bytes)
Event: 22.795 Thread 0x000001cff53c8000 nmethod 12075 0x000001cfe0b44710 code [0x000001cfe0b45060, 0x000001cfe0b48d30]
Event: 22.795 Thread 0x000001cff53c8000 12061       2       com.android.tools.r8.s.b.o::K (8 bytes)

GC Heap History (20 events):
Event: 19.192 GC heap before
{Heap before GC invocations=22 (full 0):
 garbage-first heap   total 227328K, used 165686K [0x0000000080000000, 0x0000000100000000)
  region size 1024K, 67 young (68608K), 8 survivors (8192K)
 Metaspace       used 91092K, capacity 93630K, committed 93996K, reserved 1130496K
  class space    used 12109K, capacity 13054K, committed 13184K, reserved 1048576K
}
Event: 19.232 GC heap after
{Heap after GC invocations=23 (full 0):
 garbage-first heap   total 227328K, used 116667K [0x0000000080000000, 0x0000000100000000)
  region size 1024K, 9 young (9216K), 9 survivors (9216K)
 Metaspace       used 91092K, capacity 93630K, committed 93996K, reserved 1130496K
  class space    used 12109K, capacity 13054K, committed 13184K, reserved 1048576K
}
Event: 19.621 GC heap before
{Heap before GC invocations=23 (full 0):
 garbage-first heap   total 227328K, used 174011K [0x0000000080000000, 0x0000000100000000)
  region size 1024K, 65 young (66560K), 9 survivors (9216K)
 Metaspace       used 91933K, capacity 94530K, committed 94892K, reserved 1130496K
  class space    used 12227K, capacity 13200K, committed 13312K, reserved 1048576K
}
Event: 19.641 GC heap after
{Heap after GC invocations=24 (full 0):
 garbage-first heap   total 227328K, used 118845K [0x0000000080000000, 0x0000000100000000)
  region size 1024K, 2 young (2048K), 2 survivors (2048K)
 Metaspace       used 91933K, capacity 94530K, committed 94892K, reserved 1130496K
  class space    used 12227K, capacity 13200K, committed 13312K, reserved 1048576K
}
Event: 20.183 GC heap before
{Heap before GC invocations=25 (full 0):
 garbage-first heap   total 227328K, used 175165K [0x0000000080000000, 0x0000000100000000)
  region size 1024K, 58 young (59392K), 2 survivors (2048K)
 Metaspace       used 91932K, capacity 94270K, committed 95148K, reserved 1130496K
  class space    used 12130K, capacity 12990K, committed 13312K, reserved 1048576K
}
Event: 20.192 GC heap after
{Heap after GC invocations=26 (full 0):
 garbage-first heap   total 227328K, used 119213K [0x0000000080000000, 0x0000000100000000)
  region size 1024K, 2 young (2048K), 2 survivors (2048K)
 Metaspace       used 91932K, capacity 94270K, committed 95148K, reserved 1130496K
  class space    used 12130K, capacity 12990K, committed 13312K, reserved 1048576K
}
Event: 20.436 GC heap before
{Heap before GC invocations=26 (full 0):
 garbage-first heap   total 227328K, used 178605K [0x0000000080000000, 0x0000000100000000)
  region size 1024K, 60 young (61440K), 2 survivors (2048K)
 Metaspace       used 92209K, capacity 94565K, committed 95532K, reserved 1132544K
  class space    used 12155K, capacity 13024K, committed 13440K, reserved 1048576K
}
Event: 20.447 GC heap after
{Heap after GC invocations=27 (full 0):
 garbage-first heap   total 227328K, used 120880K [0x0000000080000000, 0x0000000100000000)
  region size 1024K, 4 young (4096K), 4 survivors (4096K)
 Metaspace       used 92209K, capacity 94565K, committed 95532K, reserved 1132544K
  class space    used 12155K, capacity 13024K, committed 13440K, reserved 1048576K
}
Event: 20.872 GC heap before
{Heap before GC invocations=27 (full 0):
 garbage-first heap   total 227328K, used 181296K [0x0000000080000000, 0x0000000100000000)
  region size 1024K, 63 young (64512K), 4 survivors (4096K)
 Metaspace       used 92307K, capacity 94632K, committed 95788K, reserved 1132544K
  class space    used 12160K, capacity 13001K, committed 13440K, reserved 1048576K
}
Event: 20.882 GC heap after
{Heap after GC invocations=28 (full 0):
 garbage-first heap   total 227328K, used 120237K [0x0000000080000000, 0x0000000100000000)
  region size 1024K, 3 young (3072K), 3 survivors (3072K)
 Metaspace       used 92307K, capacity 94632K, committed 95788K, reserved 1132544K
  class space    used 12160K, capacity 13001K, committed 13440K, reserved 1048576K
}
Event: 21.154 GC heap before
{Heap before GC invocations=29 (full 0):
 garbage-first heap   total 227328K, used 182701K [0x0000000080000000, 0x0000000100000000)
  region size 1024K, 64 young (65536K), 3 survivors (3072K)
 Metaspace       used 93033K, capacity 95444K, committed 96300K, reserved 1132544K
  class space    used 12242K, capacity 13100K, committed 13440K, reserved 1048576K
}
Event: 21.164 GC heap after
{Heap after GC invocations=30 (full 0):
 garbage-first heap   total 227328K, used 120455K [0x0000000080000000, 0x0000000100000000)
  region size 1024K, 4 young (4096K), 4 survivors (4096K)
 Metaspace       used 93033K, capacity 95444K, committed 96300K, reserved 1132544K
  class space    used 12242K, capacity 13100K, committed 13440K, reserved 1048576K
}
Event: 21.410 GC heap before
{Heap before GC invocations=30 (full 0):
 garbage-first heap   total 227328K, used 183943K [0x0000000080000000, 0x0000000100000000)
  region size 1024K, 66 young (67584K), 4 survivors (4096K)
 Metaspace       used 93371K, capacity 95756K, committed 96556K, reserved 1132544K
  class space    used 12293K, capacity 13183K, committed 13440K, reserved 1048576K
}
Event: 21.420 GC heap after
{Heap after GC invocations=31 (full 0):
 garbage-first heap   total 227328K, used 120909K [0x0000000080000000, 0x0000000100000000)
  region size 1024K, 4 young (4096K), 4 survivors (4096K)
 Metaspace       used 93371K, capacity 95756K, committed 96556K, reserved 1132544K
  class space    used 12293K, capacity 13183K, committed 13440K, reserved 1048576K
}
Event: 21.792 GC heap before
{Heap before GC invocations=31 (full 0):
 garbage-first heap   total 227328K, used 186445K [0x0000000080000000, 0x0000000100000000)
  region size 1024K, 68 young (69632K), 4 survivors (4096K)
 Metaspace       used 93446K, capacity 95884K, committed 96556K, reserved 1132544K
  class space    used 12293K, capacity 13183K, committed 13440K, reserved 1048576K
}
Event: 21.808 GC heap after
{Heap after GC invocations=32 (full 0):
 garbage-first heap   total 273408K, used 121234K [0x0000000080000000, 0x0000000100000000)
  region size 1024K, 4 young (4096K), 4 survivors (4096K)
 Metaspace       used 93446K, capacity 95884K, committed 96556K, reserved 1132544K
  class space    used 12293K, capacity 13183K, committed 13440K, reserved 1048576K
}
Event: 22.170 GC heap before
{Heap before GC invocations=33 (full 0):
 garbage-first heap   total 273408K, used 207250K [0x0000000080000000, 0x0000000100000000)
  region size 1024K, 88 young (90112K), 4 survivors (4096K)
 Metaspace       used 93520K, capacity 95951K, committed 96556K, reserved 1132544K
  class space    used 12293K, capacity 13184K, committed 13440K, reserved 1048576K
}
Event: 22.185 GC heap after
{Heap after GC invocations=34 (full 0):
 garbage-first heap   total 273408K, used 122744K [0x0000000080000000, 0x0000000100000000)
  region size 1024K, 6 young (6144K), 6 survivors (6144K)
 Metaspace       used 93520K, capacity 95951K, committed 96556K, reserved 1132544K
  class space    used 12293K, capacity 13184K, committed 13440K, reserved 1048576K
}
Event: 22.528 GC heap before
{Heap before GC invocations=34 (full 0):
 garbage-first heap   total 273408K, used 214904K [0x0000000080000000, 0x0000000100000000)
  region size 1024K, 96 young (98304K), 6 survivors (6144K)
 Metaspace       used 93674K, capacity 96084K, committed 96812K, reserved 1132544K
  class space    used 12298K, capacity 13184K, committed 13440K, reserved 1048576K
}
Event: 22.544 GC heap after
{Heap after GC invocations=35 (full 0):
 garbage-first heap   total 273408K, used 123309K [0x0000000080000000, 0x0000000100000000)
  region size 1024K, 6 young (6144K), 6 survivors (6144K)
 Metaspace       used 93674K, capacity 96084K, committed 96812K, reserved 1132544K
  class space    used 12298K, capacity 13184K, committed 13440K, reserved 1048576K
}

Deoptimization events (20 events):
Event: 22.232 Thread 0x000001cffa227800 DEOPT PACKING pc=0x000001cfe0953716 sp=0x0000000b716f9e10
Event: 22.232 Thread 0x000001cffa227800 DEOPT UNPACKING pc=0x000001cfdea48d4e sp=0x0000000b716f94a0 mode 0
Event: 22.247 Thread 0x000001cffa227800 DEOPT PACKING pc=0x000001cfe03e1187 sp=0x0000000b716f9790
Event: 22.247 Thread 0x000001cffa227800 DEOPT UNPACKING pc=0x000001cfdea48d4e sp=0x0000000b716f8f20 mode 0
Event: 22.250 Thread 0x000001cffa229000 DEOPT PACKING pc=0x000001cfe09571a1 sp=0x0000000b719f9b30
Event: 22.250 Thread 0x000001cffa229000 DEOPT UNPACKING pc=0x000001cfdea48d4e sp=0x0000000b719f9108 mode 0
Event: 22.287 Thread 0x000001cffa22a000 DEOPT PACKING pc=0x000001cfe047026e sp=0x0000000b71bfa5e0
Event: 22.287 Thread 0x000001cffa22a000 DEOPT UNPACKING pc=0x000001cfdea48d4e sp=0x0000000b71bf9b00 mode 0
Event: 22.300 Thread 0x000001cffa22a000 DEOPT PACKING pc=0x000001cfe047026e sp=0x0000000b71bf97a0
Event: 22.300 Thread 0x000001cffa22a000 DEOPT UNPACKING pc=0x000001cfdea48d4e sp=0x0000000b71bf8cc0 mode 0
Event: 22.428 Thread 0x000001cffa229000 DEOPT PACKING pc=0x000001cfe09adee2 sp=0x0000000b719f9a50
Event: 22.428 Thread 0x000001cffa229000 DEOPT UNPACKING pc=0x000001cfdea48d4e sp=0x0000000b719f8ee8 mode 0
Event: 22.648 Thread 0x000001cffa223800 DEOPT PACKING pc=0x000001cfe09b4f95 sp=0x0000000b71afa140
Event: 22.648 Thread 0x000001cffa223800 DEOPT UNPACKING pc=0x000001cfdea48d4e sp=0x0000000b71af9630 mode 0
Event: 22.764 Thread 0x000001cffa225000 DEOPT PACKING pc=0x000001cfe047024d sp=0x0000000b717fa7b0
Event: 22.765 Thread 0x000001cffa225000 DEOPT UNPACKING pc=0x000001cfdea48d4e sp=0x0000000b717f9cd0 mode 0
Event: 22.770 Thread 0x000001cffa225000 DEOPT PACKING pc=0x000001cfe047024d sp=0x0000000b717f9f70
Event: 22.770 Thread 0x000001cffa225000 DEOPT UNPACKING pc=0x000001cfdea48d4e sp=0x0000000b717f9490 mode 0
Event: 22.790 Thread 0x000001cffa225000 DEOPT PACKING pc=0x000001cfe047024d sp=0x0000000b717fa210
Event: 22.790 Thread 0x000001cffa225000 DEOPT UNPACKING pc=0x000001cfdea48d4e sp=0x0000000b717f9730 mode 0

Classes redefined (0 events):
No events

Internal exceptions (20 events):
Event: 18.422 Thread 0x000001cffa225000 Exception <a 'java/lang/NoSuchMethodError'{0x00000000894236b8}: 'void java.lang.invoke.DirectMethodHandle$Holder.invokeSpecial(java.lang.Object, java.lang.Object, int, java.lang.Object)'> (0x00000000894236b8) thrown at [c:/ws/UEp/Corretto11Src/installers/
Event: 18.422 Thread 0x000001cffa226000 Exception <a 'java/lang/NoSuchMethodError'{0x000000008942b890}: 'void java.lang.invoke.DirectMethodHandle$Holder.invokeSpecial(java.lang.Object, java.lang.Object, int, java.lang.Object)'> (0x000000008942b890) thrown at [c:/ws/UEp/Corretto11Src/installers/
Event: 18.423 Thread 0x000001cffa222800 Exception <a 'java/lang/NoSuchMethodError'{0x00000000894faba0}: 'void java.lang.invoke.DirectMethodHandle$Holder.invokeSpecial(java.lang.Object, java.lang.Object, int, java.lang.Object)'> (0x00000000894faba0) thrown at [c:/ws/UEp/Corretto11Src/installers/
Event: 18.643 Thread 0x000001cffa227800 Exception <a 'java/lang/NoSuchMethodError'{0x000000008d2cd838}: 'java.lang.Object java.lang.invoke.DirectMethodHandle$Holder.invokeVirtual(java.lang.Object, java.lang.Object, int, java.lang.Object)'> (0x000000008d2cd838) thrown at [c:/ws/UEp/Corretto11Src
Event: 18.643 Thread 0x000001cffa222800 Exception <a 'java/lang/NoSuchMethodError'{0x000000008d28b140}: 'java.lang.Object java.lang.invoke.DirectMethodHandle$Holder.invokeVirtual(java.lang.Object, java.lang.Object, int, java.lang.Object)'> (0x000000008d28b140) thrown at [c:/ws/UEp/Corretto11Src
Event: 18.643 Thread 0x000001cffa223800 Exception <a 'java/lang/NoSuchMethodError'{0x000000008cfa2520}: 'java.lang.Object java.lang.invoke.DirectMethodHandle$Holder.invokeVirtual(java.lang.Object, java.lang.Object, int, java.lang.Object)'> (0x000000008cfa2520) thrown at [c:/ws/UEp/Corretto11Src
Event: 18.706 Thread 0x000001cffa225000 Exception <a 'java/lang/NoSuchMethodError'{0x000000008c6bb0c0}: 'void java.lang.invoke.DirectMethodHandle$Holder.invokeVirtual(java.lang.Object, java.lang.Object, int, java.lang.Object)'> (0x000000008c6bb0c0) thrown at [c:/ws/UEp/Corretto11Src/installers/
Event: 18.706 Thread 0x000001cffa227800 Exception <a 'java/lang/NoSuchMethodError'{0x000000008ca10810}: 'void java.lang.invoke.DirectMethodHandle$Holder.invokeVirtual(java.lang.Object, java.lang.Object, int, java.lang.Object)'> (0x000000008ca10810) thrown at [c:/ws/UEp/Corretto11Src/installers/
Event: 18.923 Thread 0x000001cffa226000 Exception <a 'java/lang/NoSuchMethodError'{0x000000008b986b30}: 'int java.lang.invoke.DirectMethodHandle$Holder.invokeSpecial(java.lang.Object, java.lang.Object, java.lang.Object, int, java.lang.Object)'> (0x000000008b986b30) thrown at [c:/ws/UEp/Corretto
Event: 18.946 Thread 0x000001cffa223800 Exception <a 'java/lang/NoSuchMethodError'{0x000000008b9cf4c8}: 'java.lang.Object java.lang.invoke.DirectMethodHandle$Holder.newInvokeSpecial(java.lang.Object, int)'> (0x000000008b9cf4c8) thrown at [c:/ws/UEp/Corretto11Src/installers/windows/zip/corretto-
Event: 18.946 Thread 0x000001cffa225000 Exception <a 'java/lang/NoSuchMethodError'{0x000000008b744008}: 'java.lang.Object java.lang.invoke.DirectMethodHandle$Holder.newInvokeSpecial(java.lang.Object, int)'> (0x000000008b744008) thrown at [c:/ws/UEp/Corretto11Src/installers/windows/zip/corretto-
Event: 19.252 Thread 0x000001cffa227800 Exception <a 'java/lang/NoSuchMethodError'{0x000000008d90b808}: 'java.lang.Object java.lang.invoke.DirectMethodHandle$Holder.invokeInterface(java.lang.Object, java.lang.Object, int)'> (0x000000008d90b808) thrown at [c:/ws/UEp/Corretto11Src/installers/wind
Event: 20.017 Thread 0x000001cffa227800 Exception <a 'java/lang/NoSuchMethodError'{0x000000008b7b9188}: 'int java.lang.invoke.DirectMethodHandle$Holder.invokeInterface(java.lang.Object, java.lang.Object, int)'> (0x000000008b7b9188) thrown at [c:/ws/UEp/Corretto11Src/installers/windows/zip/corre
Event: 21.204 Thread 0x000001cffa225000 Exception <a 'java/lang/NoSuchMethodError'{0x000000008d4d4fa8}: 'void java.lang.invoke.DirectMethodHandle$Holder.invokeVirtual(java.lang.Object, java.lang.Object, int)'> (0x000000008d4d4fa8) thrown at [c:/ws/UEp/Corretto11Src/installers/windows/zip/corret
Event: 21.319 Thread 0x000001cffa225000 Exception <a 'sun/nio/fs/WindowsException'{0x000000008b86f0d8}> (0x000000008b86f0d8) thrown at [c:/ws/UEp/Corretto11Src/installers/windows/zip/corretto-build/buildRoot/src/src/hotspot/share/prims/jni.cpp, line 615]
Event: 22.034 Thread 0x000001cffa225000 Exception <a 'sun/nio/fs/WindowsException'{0x000000008df8e9c8}> (0x000000008df8e9c8) thrown at [c:/ws/UEp/Corretto11Src/installers/windows/zip/corretto-build/buildRoot/src/src/hotspot/share/prims/jni.cpp, line 615]
Event: 22.286 Thread 0x000001cffa22a000 Exception <a 'sun/nio/fs/WindowsException'{0x000000008ef08dc8}> (0x000000008ef08dc8) thrown at [c:/ws/UEp/Corretto11Src/installers/windows/zip/corretto-build/buildRoot/src/src/hotspot/share/prims/jni.cpp, line 615]
Event: 22.350 Thread 0x000001cffa225000 Exception <a 'sun/nio/fs/WindowsException'{0x000000008e392528}> (0x000000008e392528) thrown at [c:/ws/UEp/Corretto11Src/installers/windows/zip/corretto-build/buildRoot/src/src/hotspot/share/prims/jni.cpp, line 615]
Event: 22.440 Thread 0x000001cffa222800 Exception <a 'sun/nio/fs/WindowsException'{0x000000008c917cf0}> (0x000000008c917cf0) thrown at [c:/ws/UEp/Corretto11Src/installers/windows/zip/corretto-build/buildRoot/src/src/hotspot/share/prims/jni.cpp, line 615]
Event: 22.764 Thread 0x000001cffa225000 Exception <a 'sun/nio/fs/WindowsException'{0x000000008d30ce30}> (0x000000008d30ce30) thrown at [c:/ws/UEp/Corretto11Src/installers/windows/zip/corretto-build/buildRoot/src/src/hotspot/share/prims/jni.cpp, line 615]

Events (20 events):
Event: 22.239 loading class com/android/tools/r8/code/T3
Event: 22.239 loading class com/android/tools/r8/code/T3 done
Event: 22.239 loading class com/android/tools/r8/code/S3
Event: 22.239 loading class com/android/tools/r8/code/S3 done
Event: 22.240 loading class com/android/tools/r8/code/U3
Event: 22.240 loading class com/android/tools/r8/code/U3 done
Event: 22.241 loading class com/android/tools/r8/code/R3
Event: 22.241 loading class com/android/tools/r8/code/R3 done
Event: 22.524 Executing VM operation: G1CollectForAllocation
Event: 22.544 Executing VM operation: G1CollectForAllocation done
Event: 22.555 loading class com/android/tools/r8/ir/conversion/o
Event: 22.555 loading class com/android/tools/r8/ir/conversion/o done
Event: 22.555 loading class com/android/tools/r8/p/n/A
Event: 22.555 loading class com/android/tools/r8/p/n/A done
Event: 22.555 loading class com/android/tools/r8/p/n/A
Event: 22.555 loading class com/android/tools/r8/p/n/A done
Event: 22.556 loading class com/android/tools/r8/p/n/A
Event: 22.556 loading class com/android/tools/r8/p/n/A done
Event: 22.556 loading class com/android/tools/r8/p/n/A
Event: 22.556 loading class com/android/tools/r8/p/n/A done


Dynamic libraries:
0x00007ff70bc80000 - 0x00007ff70bc8d000 	C:\Program Files\Amazon Corretto\jdk11.0.6_10\bin\java.exe
0x00007fff9a660000 - 0x00007fff9a850000 	C:\Windows\SYSTEM32\ntdll.dll
0x00007fff9a310000 - 0x00007fff9a3c2000 	C:\Windows\System32\KERNEL32.DLL
0x00007fff97990000 - 0x00007fff97c35000 	C:\Windows\System32\KERNELBASE.dll
0x00007fff977f0000 - 0x00007fff978ea000 	C:\Windows\System32\ucrtbase.dll
0x00007fff94880000 - 0x00007fff94897000 	C:\Program Files\Amazon Corretto\jdk11.0.6_10\bin\jli.dll
0x00007fff918f0000 - 0x00007fff91905000 	C:\Program Files\Amazon Corretto\jdk11.0.6_10\bin\VCRUNTIME140.dll
0x00007fff9a090000 - 0x00007fff9a224000 	C:\Windows\System32\USER32.dll
0x00007fff975d0000 - 0x00007fff975f1000 	C:\Windows\System32\win32u.dll
0x00007fff99ad0000 - 0x00007fff99af6000 	C:\Windows\System32\GDI32.dll
0x00007fff96920000 - 0x00007fff96ba4000 	C:\Windows\WinSxS\amd64_microsoft.windows.common-controls_6595b64144ccf1df_6.0.18362.1256_none_9e7e379be45e40e2\COMCTL32.dll
0x00007fff97620000 - 0x00007fff977b6000 	C:\Windows\System32\gdi32full.dll
0x00007fff9a3d0000 - 0x00007fff9a46e000 	C:\Windows\System32\msvcrt.dll
0x00007fff978f0000 - 0x00007fff9798e000 	C:\Windows\System32\msvcp_win.dll
0x00007fff99b00000 - 0x00007fff99e36000 	C:\Windows\System32\combase.dll
0x00007fff98710000 - 0x00007fff98830000 	C:\Windows\System32\RPCRT4.dll
0x00007fff98680000 - 0x00007fff98701000 	C:\Windows\System32\bcryptPrimitives.dll
0x00007fff99f50000 - 0x00007fff99f7e000 	C:\Windows\System32\IMM32.DLL
0x00007fff6b360000 - 0x00007fff6b3fb000 	C:\Program Files\Amazon Corretto\jdk11.0.6_10\bin\msvcp140.dll
0x00007fff67ae0000 - 0x00007fff6859d000 	C:\Program Files\Amazon Corretto\jdk11.0.6_10\bin\server\jvm.dll
0x00007fff99a10000 - 0x00007fff99ab3000 	C:\Windows\System32\ADVAPI32.dll
0x00007fff99e40000 - 0x00007fff99ed7000 	C:\Windows\System32\sechost.dll
0x00007fff99a00000 - 0x00007fff99a08000 	C:\Windows\System32\PSAPI.DLL
0x00007fff95920000 - 0x00007fff95929000 	C:\Windows\SYSTEM32\WSOCK32.dll
0x00007fff947d0000 - 0x00007fff947f4000 	C:\Windows\SYSTEM32\WINMM.dll
0x00007fff929c0000 - 0x00007fff929ca000 	C:\Windows\SYSTEM32\VERSION.dll
0x00007fff99900000 - 0x00007fff9996f000 	C:\Windows\System32\WS2_32.dll
0x00007fff947a0000 - 0x00007fff947cd000 	C:\Windows\SYSTEM32\winmmbase.dll
0x00007fff97d90000 - 0x00007fff97dda000 	C:\Windows\System32\cfgmgr32.dll
0x00007fff97560000 - 0x00007fff97571000 	C:\Windows\System32\kernel.appcore.dll
0x00007fff96f60000 - 0x00007fff96f70000 	C:\Program Files\Amazon Corretto\jdk11.0.6_10\bin\verify.dll
0x00007fff96d40000 - 0x00007fff96f34000 	C:\Windows\SYSTEM32\DBGHELP.DLL
0x00007fff96d10000 - 0x00007fff96d3a000 	C:\Windows\SYSTEM32\dbgcore.DLL
0x00007fff918c0000 - 0x00007fff918e8000 	C:\Program Files\Amazon Corretto\jdk11.0.6_10\bin\java.dll
0x00007fff918a0000 - 0x00007fff918b6000 	C:\Program Files\Amazon Corretto\jdk11.0.6_10\bin\zip.dll
0x00007fff96f40000 - 0x00007fff96f4a000 	C:\Program Files\Amazon Corretto\jdk11.0.6_10\bin\jimage.dll
0x00007fff98b00000 - 0x00007fff991e7000 	C:\Windows\System32\SHELL32.dll
0x00007fff99f80000 - 0x00007fff9a029000 	C:\Windows\System32\shcore.dll
0x00007fff97e90000 - 0x00007fff98611000 	C:\Windows\System32\windows.storage.dll
0x00007fff97580000 - 0x00007fff975a3000 	C:\Windows\System32\profapi.dll
0x00007fff97510000 - 0x00007fff9755a000 	C:\Windows\System32\powrprof.dll
0x00007fff97500000 - 0x00007fff97510000 	C:\Windows\System32\UMPDC.dll
0x00007fff9a030000 - 0x00007fff9a082000 	C:\Windows\System32\shlwapi.dll
0x00007fff97600000 - 0x00007fff97617000 	C:\Windows\System32\cryptsp.dll
0x00007fff91720000 - 0x00007fff91739000 	C:\Program Files\Amazon Corretto\jdk11.0.6_10\bin\net.dll
0x00007fff8a140000 - 0x00007fff8a230000 	C:\Windows\SYSTEM32\WINHTTP.dll
0x00007fff967a0000 - 0x00007fff96807000 	C:\Windows\system32\mswsock.dll
0x00007fff8ca90000 - 0x00007fff8caa2000 	C:\Program Files\Amazon Corretto\jdk11.0.6_10\bin\nio.dll
0x00007fff91910000 - 0x00007fff91937000 	C:\Users\Admin\.gradle\native\f6784746aeab05261644944871eae4fe03e0ef1612fff0a4a95f87b438bc6780\windows-amd64\native-platform.dll
0x00007fff90d30000 - 0x00007fff90d39000 	C:\Program Files\Amazon Corretto\jdk11.0.6_10\bin\management.dll
0x00007fff8fb90000 - 0x00007fff8fb9b000 	C:\Program Files\Amazon Corretto\jdk11.0.6_10\bin\management_ext.dll
0x00007fff961e0000 - 0x00007fff96213000 	C:\Windows\system32\rsaenh.dll
0x00007fff977c0000 - 0x00007fff977e6000 	C:\Windows\System32\bcrypt.dll
0x00007fff97420000 - 0x00007fff97445000 	C:\Windows\SYSTEM32\USERENV.dll
0x00007fff96740000 - 0x00007fff9674c000 	C:\Windows\SYSTEM32\CRYPTBASE.dll
0x00007fff96370000 - 0x00007fff963aa000 	C:\Windows\SYSTEM32\IPHLPAPI.DLL
0x00007fff99970000 - 0x00007fff99978000 	C:\Windows\System32\NSI.dll
0x00007fff8f600000 - 0x00007fff8f616000 	C:\Windows\SYSTEM32\dhcpcsvc6.DLL
0x00007fff8ecd0000 - 0x00007fff8ecec000 	C:\Windows\SYSTEM32\dhcpcsvc.DLL
0x00007fff963b0000 - 0x00007fff9647b000 	C:\Windows\SYSTEM32\DNSAPI.dll
0x00007fff8fb80000 - 0x00007fff8fb8b000 	C:\Windows\SYSTEM32\WINNSI.DLL
0x00007fff8cb60000 - 0x00007fff8cb67000 	C:\Program Files\Amazon Corretto\jdk11.0.6_10\bin\rmi.dll

dbghelp: loaded successfully - version: 4.0.5 - missing functions: none
symbol engine: initialized successfully - sym options: 0x614 - pdb path: .;C:\Program Files\Amazon Corretto\jdk11.0.6_10\bin;C:\Windows\SYSTEM32;C:\Windows\WinSxS\amd64_microsoft.windows.common-controls_6595b64144ccf1df_6.0.18362.1256_none_9e7e379be45e40e2;C:\Program Files\Amazon Corretto\jdk11.0.6_10\bin\server;C:\Users\Admin\.gradle\native\f6784746aeab05261644944871eae4fe03e0ef1612fff0a4a95f87b438bc6780\windows-amd64

VM Arguments:
jvm_args: --add-opens=java.base/java.util=ALL-UNNAMED --add-opens=java.base/java.lang=ALL-UNNAMED --add-opens=java.base/java.lang.invoke=ALL-UNNAMED --add-opens=java.prefs/java.util.prefs=ALL-UNNAMED -Xmx2048m -Dfile.encoding=UTF-8 -Duser.country=IN -Duser.language=en -Duser.variant 
java_command: org.gradle.launcher.daemon.bootstrap.GradleDaemon 6.5
java_class_path (initial): C:\Users\Admin\.gradle\wrapper\dists\gradle-6.5-bin\6nifqtx7604sqp1q6g8wikw7p\gradle-6.5\lib\gradle-launcher-6.5.jar
Launcher Type: SUN_STANDARD

[Global flags]
     intx CICompilerCount                          = 4                                         {product} {ergonomic}
     uint ConcGCThreads                            = 2                                         {product} {ergonomic}
     uint G1ConcRefinementThreads                  = 8                                         {product} {ergonomic}
   size_t G1HeapRegionSize                         = 1048576                                   {product} {ergonomic}
    uintx GCDrainStackTargetSize                   = 64                                        {product} {ergonomic}
   size_t InitialHeapSize                          = 134217728                                 {product} {ergonomic}
   size_t MarkStackSize                            = 4194304                                   {product} {ergonomic}
   size_t MaxHeapSize                              = 2147483648                                {product} {command line}
   size_t MaxNewSize                               = 1287651328                                {product} {ergonomic}
   size_t MinHeapDeltaBytes                        = 1048576                                   {product} {ergonomic}
    uintx NonNMethodCodeHeapSize                   = 5836300                                {pd product} {ergonomic}
    uintx NonProfiledCodeHeapSize                  = 122910970                              {pd product} {ergonomic}
    uintx ProfiledCodeHeapSize                     = 122910970                              {pd product} {ergonomic}
    uintx ReservedCodeCacheSize                    = 251658240                              {pd product} {ergonomic}
     bool SegmentedCodeCache                       = true                                      {product} {ergonomic}
     bool UseCompressedClassPointers               = true                                 {lp64_product} {ergonomic}
     bool UseCompressedOops                        = true                                 {lp64_product} {ergonomic}
     bool UseG1GC                                  = true                                      {product} {ergonomic}
     bool UseLargePagesIndividualAllocation        = false                                  {pd product} {ergonomic}

Logging:
Log output configuration:
 #0: stdout all=warning uptime,level,tags
 #1: stderr all=off uptime,level,tags

Environment Variables:
JAVA_HOME=C:\Program Files\Amazon Corretto\jdk11.0.6_10
PATH=C:\Program Files\Amazon Corretto\jdk11.0.6_10\bin;C:\Windows\system32;C:\Windows;C:\Windows\System32\Wbem;C:\Windows\System32\WindowsPowerShell\v1.0\;C:\Windows\System32\OpenSSH\;C:\Program Files\SourceGear\Common\DiffMerge\;C:\MinGW\bin;D:\Git\cmd;D:\Nodejs\;C:\Program Files\MySQL\MySQL Shell 8.0\bin\;C:\Users\Admin\AppData\Local\Programs\Python\Python38-32\Scripts\;C:\Users\Admin\AppData\Local\Programs\Python\Python38-32\;C:\Users\Admin\AppData\Local\Microsoft\WindowsApps;C:\Users\Admin\AppData\Roaming\npm
USERNAME=Admin
OS=Windows_NT
PROCESSOR_IDENTIFIER=Intel64 Family 6 Model 142 Stepping 10, GenuineIntel



---------------  S Y S T E M  ---------------

OS: Windows 10 , 64 bit Build 18362 (10.0.18362.1110)

CPU:total 8 (initial active 8) (4 cores per cpu, 2 threads per core) family 6 model 142 stepping 10, cmov, cx8, fxsr, mmx, sse, sse2, sse3, ssse3, sse4.1, sse4.2, popcnt, avx, avx2, aes, clmul, erms, 3dnowpref, lzcnt, ht, tsc, tscinvbit, bmi1, bmi2, adx, fma

Memory: 4k page, system-wide physical 8101M (259M free)
TotalPageFile size 13917M (AvailPageFile size 6M)
current process WorkingSet (physical memory assigned to process): 553M, peak: 554M
current process commit charge ("private bytes"): 651M, peak: 653M

vm_info: OpenJDK 64-Bit Server VM (11.0.6+10-LTS) for windows-amd64 JRE (11.0.6+10-LTS), built on Jan 10 2020 02:02:53 by "Administrator" with unknown MS VC++:1916

END.
