#
# There is insufficient memory for the Java Runtime Environment to continue.
# Native memory allocation (mmap) failed to map 711983104 bytes for Failed to commit area from 0x0000000095f00000 to 0x00000000c0600000 of length 711983104.
# Possible reasons:
#   The system is out of physical RAM or swap space
#   The process is running with CompressedOops enabled, and the Java Heap may be blocking the growth of the native heap
# Possible solutions:
#   Reduce memory load on the system
#   Increase physical memory or swap space
#   Check if swap backing store is full
#   Decrease Java heap size (-Xmx/-Xms)
#   Decrease number of Java threads
#   Decrease Java thread stack sizes (-Xss)
#   Set larger code cache with -XX:ReservedCodeCacheSize=
#   JVM is running with Unscaled Compressed Oops mode in which the Java heap is
#     placed in the first 4GB address space. The Java Heap base address is the
#     maximum limit for the native heap growth. Please use -XX:HeapBaseMinAddress
#     to set the Java Heap base and to place the Java Heap above 4GB virtual address.
# This output file may be truncated or incomplete.
#
#  Out of Memory Error (c:/ws/UEp/Corretto11Src/installers/windows/zip/corretto-build/buildRoot/src/src/hotspot/os/windows/os_windows.cpp:3296), pid=16192, tid=14020
#
# JRE version: OpenJDK Runtime Environment (11.0.6+10) (build 11.0.6+10-LTS)
# Java VM: OpenJDK 64-Bit Server VM (11.0.6+10-LTS, mixed mode, tiered, compressed oops, g1 gc, windows-amd64)
# No core dump will be written. Minidumps are not enabled by default on client versions of Windows
#

---------------  S U M M A R Y ------------

Command Line: --add-opens=java.base/java.util=ALL-UNNAMED --add-opens=java.base/java.lang=ALL-UNNAMED --add-opens=java.base/java.lang.invoke=ALL-UNNAMED --add-opens=java.prefs/java.util.prefs=ALL-UNNAMED -Xmx2048m -Dfile.encoding=UTF-8 -Duser.country=IN -Duser.language=en -Duser.variant org.gradle.launcher.daemon.bootstrap.GradleDaemon 6.5

Host: Intel(R) Core(TM) i5-8250U CPU @ 1.60GHz, 8 cores, 7G,  Windows 10 , 64 bit Build 18362 (10.0.18362.1110)
Time: Fri Jan 22 23:06:23 2021 India Standard Time elapsed time: 172 seconds (0d 0h 2m 52s)

---------------  T H R E A D  ---------------

Current thread (0x000001d14e60d000):  VMThread "VM Thread" [stack: 0x0000008d2fe00000,0x0000008d2ff00000] [id=14020]

Stack: [0x0000008d2fe00000,0x0000008d2ff00000]
[error occurred during error reporting (printing stack bounds), id 0xc0000005, EXCEPTION_ACCESS_VIOLATION (0xc0000005) at pc=0x000001d137c90dad]

Native frames: (J=compiled Java code, j=interpreted, Vv=VM code, C=native code)
V  [jvm.dll+0x5db48a]
V  [jvm.dll+0x7114ae]
V  [jvm.dll+0x712b47]
V  [jvm.dll+0x713175]
V  [jvm.dll+0x71312b]
V  [jvm.dll+0x5daa83]
V  [jvm.dll+0x5db138]
C  [ntdll.dll+0xa184f]
C  [ntdll.dll+0x6a889]
C  [ntdll.dll+0xa04be]
C  0x000001d137c90dad

VM_Operation (0x0000008d32cf9680): G1CollectForAllocation, mode: safepoint, requested by thread 0x000001d150afd000


---------------  P R O C E S S  ---------------

Threads class SMR info:
_java_thread_list=0x000001d15174d700, length=79, elements={
0x000001d12f63a800, 0x000001d14e611000, 0x000001d14e61a800, 0x000001d14e628800,
0x000001d14e629800, 0x000001d14e62c000, 0x000001d14e62f000, 0x000001d14e63c800,
0x000001d14f0e5000, 0x000001d14f0f2000, 0x000001d14f78b000, 0x000001d14f217800,
0x000001d14fe71800, 0x000001d14f8bf000, 0x000001d14f876800, 0x000001d150803800,
0x000001d14f2c9000, 0x000001d14f2c5800, 0x000001d14f2cb800, 0x000001d14f2c7800,
0x000001d14f2ca000, 0x000001d14f2ca800, 0x000001d14f2c6800, 0x000001d14f2c8000,
0x000001d150af1000, 0x000001d150af2800, 0x000001d150af0000, 0x000001d150aef000,
0x000001d150af7800, 0x000001d150af1800, 0x000001d150af8000, 0x000001d150af3800,
0x000001d150afc800, 0x000001d150afd000, 0x000001d150afa000, 0x000001d150afb800,
0x000001d15125a000, 0x000001d151258000, 0x000001d151254000, 0x000001d15125a800,
0x000001d151255000, 0x000001d151261000, 0x000001d15125d000, 0x000001d15125c000,
0x000001d15125b800, 0x000001d151262000, 0x000001d15125e000, 0x000001d15125f800,
0x000001d15125e800, 0x000001d151260800, 0x000001d154284000, 0x000001d154282800,
0x000001d154286000, 0x000001d154281000, 0x000001d154280000, 0x000001d154285000,
0x000001d154286800, 0x000001d154287800, 0x000001d154283800, 0x000001d154282000,
0x000001d15428e000, 0x000001d154288800, 0x000001d15428f000, 0x000001d15428d000,
0x000001d15428b800, 0x000001d154289000, 0x000001d15428a000, 0x000001d15428b000,
0x000001d15428c800, 0x000001d15349c000, 0x000001d153499800, 0x000001d15349d000,
0x000001d15349e800, 0x000001d15349f800, 0x000001d1534a0000, 0x000001d1534a1000,
0x000001d15349b800, 0x000001d1534a4800, 0x000001d1534a7800
}

Java Threads: ( => current thread )
  0x000001d12f63a800 JavaThread "main" [_thread_blocked, id=9848, stack(0x0000008d2f800000,0x0000008d2f900000)]
  0x000001d14e611000 JavaThread "Reference Handler" daemon [_thread_blocked, id=8752, stack(0x0000008d2ff00000,0x0000008d30000000)]
  0x000001d14e61a800 JavaThread "Finalizer" daemon [_thread_blocked, id=2592, stack(0x0000008d30000000,0x0000008d30100000)]
  0x000001d14e628800 JavaThread "Signal Dispatcher" daemon [_thread_blocked, id=3328, stack(0x0000008d30100000,0x0000008d30200000)]
  0x000001d14e629800 JavaThread "Attach Listener" daemon [_thread_blocked, id=8776, stack(0x0000008d30200000,0x0000008d30300000)]
  0x000001d14e62c000 JavaThread "C2 CompilerThread0" daemon [_thread_blocked, id=15524, stack(0x0000008d30300000,0x0000008d30400000)]
  0x000001d14e62f000 JavaThread "C1 CompilerThread0" daemon [_thread_blocked, id=12668, stack(0x0000008d30400000,0x0000008d30500000)]
  0x000001d14e63c800 JavaThread "Sweeper thread" daemon [_thread_blocked, id=13840, stack(0x0000008d30500000,0x0000008d30600000)]
  0x000001d14f0e5000 JavaThread "Common-Cleaner" daemon [_thread_blocked, id=2008, stack(0x0000008d30600000,0x0000008d30700000)]
  0x000001d14f0f2000 JavaThread "Service Thread" daemon [_thread_blocked, id=15984, stack(0x0000008d30700000,0x0000008d30800000)]
  0x000001d14f78b000 JavaThread "Daemon health stats" [_thread_blocked, id=11956, stack(0x0000008d30900000,0x0000008d30a00000)]
  0x000001d14f217800 JavaThread "Incoming local TCP Connector on port 59138" [_thread_in_native, id=7492, stack(0x0000008d30f00000,0x0000008d31000000)]
  0x000001d14fe71800 JavaThread "Daemon periodic checks" [_thread_blocked, id=5944, stack(0x0000008d31000000,0x0000008d31100000)]
  0x000001d14f8bf000 JavaThread "Daemon" [_thread_blocked, id=12580, stack(0x0000008d31100000,0x0000008d31200000)]
  0x000001d14f876800 JavaThread "Handler for socket connection from /127.0.0.1:59138 to /127.0.0.1:59139" [_thread_in_native, id=12512, stack(0x0000008d31200000,0x0000008d31300000)]
  0x000001d150803800 JavaThread "Cancel handler" [_thread_blocked, id=8044, stack(0x0000008d31300000,0x0000008d31400000)]
  0x000001d14f2c9000 JavaThread "Daemon worker" [_thread_blocked, id=10352, stack(0x0000008d31400000,0x0000008d31500000)]
  0x000001d14f2c5800 JavaThread "Asynchronous log dispatcher for DefaultDaemonConnection: socket connection from /127.0.0.1:59138 to /127.0.0.1:59139" [_thread_blocked, id=12572, stack(0x0000008d31500000,0x0000008d31600000)]
  0x000001d14f2cb800 JavaThread "Thread-8" [_thread_blocked, id=1428, stack(0x0000008d31800000,0x0000008d31900000)]
  0x000001d14f2c7800 JavaThread "Cache worker for journal cache (C:\Users\Admin\.gradle\caches\journal-1)" [_thread_blocked, id=9512, stack(0x0000008d31600000,0x0000008d31700000)]
  0x000001d14f2ca000 JavaThread "File lock request listener" [_thread_in_native, id=4980, stack(0x0000008d31900000,0x0000008d31a00000)]
  0x000001d14f2ca800 JavaThread "Cache worker for file hash cache (C:\Users\Admin\.gradle\caches\6.5\fileHashes)" [_thread_blocked, id=3908, stack(0x0000008d31a00000,0x0000008d31b00000)]
  0x000001d14f2c6800 JavaThread "Cache worker for file hash cache (D:\allandroidprojects\NewsApp\.gradle\6.5\fileHashes)" [_thread_blocked, id=3180, stack(0x0000008d32000000,0x0000008d32100000)]
  0x000001d14f2c8000 JavaThread "Cache worker for checksums cache (D:\allandroidprojects\NewsApp\.gradle\checksums)" [_thread_blocked, id=256, stack(0x0000008d32200000,0x0000008d32300000)]
  0x000001d150af1000 JavaThread "Cache worker for cache directory md-supplier (C:\Users\Admin\.gradle\caches\6.5\md-supplier)" [_thread_blocked, id=11656, stack(0x0000008d32300000,0x0000008d32400000)]
  0x000001d150af2800 JavaThread "Cache worker for cache directory md-rule (C:\Users\Admin\.gradle\caches\6.5\md-rule)" [_thread_blocked, id=4348, stack(0x0000008d32100000,0x0000008d32200000)]
  0x000001d150af0000 JavaThread "Cache worker for execution history cache (C:\Users\Admin\.gradle\caches\6.5\executionHistory)" [_thread_blocked, id=11212, stack(0x0000008d32400000,0x0000008d32500000)]
  0x000001d150aef000 JavaThread "Cache worker for file content cache (C:\Users\Admin\.gradle\caches\6.5\fileContent)" [_thread_blocked, id=5784, stack(0x0000008d32600000,0x0000008d32700000)]
  0x000001d150af7800 JavaThread "Build operations" [_thread_blocked, id=12200, stack(0x0000008d32700000,0x0000008d32800000)]
  0x000001d150af1800 JavaThread "Build operations Thread 2" [_thread_blocked, id=7992, stack(0x0000008d32800000,0x0000008d32900000)]
  0x000001d150af8000 JavaThread "Build operations Thread 3" [_thread_blocked, id=4768, stack(0x0000008d32900000,0x0000008d32a00000)]
  0x000001d150af3800 JavaThread "Build operations Thread 4" [_thread_blocked, id=14256, stack(0x0000008d32a00000,0x0000008d32b00000)]
  0x000001d150afc800 JavaThread "Build operations Thread 5" [_thread_blocked, id=15416, stack(0x0000008d32b00000,0x0000008d32c00000)]
  0x000001d150afd000 JavaThread "Build operations Thread 6" [_thread_blocked, id=8896, stack(0x0000008d32c00000,0x0000008d32d00000)]
  0x000001d150afa000 JavaThread "Build operations Thread 7" [_thread_blocked, id=14564, stack(0x0000008d32d00000,0x0000008d32e00000)]
  0x000001d150afb800 JavaThread "Build operations Thread 8" [_thread_blocked, id=7184, stack(0x0000008d32e00000,0x0000008d32f00000)]
  0x000001d15125a000 JavaThread "Cache worker for Build Output Cleanup Cache (D:\allandroidprojects\NewsApp\.gradle\buildOutputCleanup)" [_thread_blocked, id=14748, stack(0x0000008d39f00000,0x0000008d3a000000)]
  0x000001d151258000 JavaThread "Memory manager" [_thread_blocked, id=9720, stack(0x0000008d3a000000,0x0000008d3a100000)]
  0x000001d151254000 JavaThread "Cache worker for file content cache (D:\allandroidprojects\NewsApp\.gradle\6.5\fileContent)" [_thread_blocked, id=12384, stack(0x0000008d3a100000,0x0000008d3a200000)]
  0x000001d15125a800 JavaThread "Execution worker for ':'" [_thread_blocked, id=11260, stack(0x0000008d3a200000,0x0000008d3a300000)]
  0x000001d151255000 JavaThread "Execution worker for ':' Thread 2" [_thread_blocked, id=1780, stack(0x0000008d3a300000,0x0000008d3a400000)]
  0x000001d151261000 JavaThread "Execution worker for ':' Thread 3" [_thread_blocked, id=8652, stack(0x0000008d3a400000,0x0000008d3a500000)]
  0x000001d15125d000 JavaThread "Execution worker for ':' Thread 4" [_thread_blocked, id=3092, stack(0x0000008d3a500000,0x0000008d3a600000)]
  0x000001d15125c000 JavaThread "Execution worker for ':' Thread 5" [_thread_blocked, id=9072, stack(0x0000008d3a600000,0x0000008d3a700000)]
  0x000001d15125b800 JavaThread "Execution worker for ':' Thread 6" [_thread_blocked, id=14784, stack(0x0000008d3a700000,0x0000008d3a800000)]
  0x000001d151262000 JavaThread "Execution worker for ':' Thread 7" [_thread_blocked, id=14372, stack(0x0000008d3a800000,0x0000008d3a900000)]
  0x000001d15125e000 JavaThread "Cache worker for execution history cache (D:\allandroidprojects\NewsApp\.gradle\6.5\executionHistory)" [_thread_blocked, id=5880, stack(0x0000008d3a900000,0x0000008d3aa00000)]
  0x000001d15125f800 JavaThread "WorkerExecutor Queue" [_thread_blocked, id=15096, stack(0x0000008d2f500000,0x0000008d2f600000)]
  0x000001d15125e800 JavaThread "WorkerExecutor Queue Thread 2" [_thread_blocked, id=14692, stack(0x0000008d2f600000,0x0000008d2f700000)]
  0x000001d151260800 JavaThread "WorkerExecutor Queue Thread 3" [_thread_blocked, id=15308, stack(0x0000008d2f700000,0x0000008d2f800000)]
  0x000001d154284000 JavaThread "WorkerExecutor Queue Thread 4" [_thread_blocked, id=12264, stack(0x0000008d3aa00000,0x0000008d3ab00000)]
  0x000001d154282800 JavaThread "WorkerExecutor Queue Thread 5" [_thread_blocked, id=15088, stack(0x0000008d3ab00000,0x0000008d3ac00000)]
  0x000001d154286000 JavaThread "WorkerExecutor Queue Thread 6" [_thread_blocked, id=12728, stack(0x0000008d3ac00000,0x0000008d3ad00000)]
  0x000001d154281000 JavaThread "WorkerExecutor Queue Thread 7" [_thread_blocked, id=8824, stack(0x0000008d3ad00000,0x0000008d3ae00000)]
  0x000001d154280000 JavaThread "WorkerExecutor Queue Thread 8" [_thread_blocked, id=7848, stack(0x0000008d3ae00000,0x0000008d3af00000)]
  0x000001d154285000 JavaThread "pool-2-thread-1" [_thread_blocked, id=15084, stack(0x0000008d3af00000,0x0000008d3b000000)]
  0x000001d154286800 JavaThread "stderr" [_thread_in_native, id=5948, stack(0x0000008d3b000000,0x0000008d3b100000)]
  0x000001d154287800 JavaThread "stdout" [_thread_in_native, id=7648, stack(0x0000008d3b100000,0x0000008d3b200000)]
  0x000001d154283800 JavaThread "stderr" [_thread_in_native, id=12364, stack(0x0000008d3b200000,0x0000008d3b300000)]
  0x000001d154282000 JavaThread "stdout" [_thread_in_native, id=13972, stack(0x0000008d3b300000,0x0000008d3b400000)]
  0x000001d15428e000 JavaThread "stderr" [_thread_in_native, id=8148, stack(0x0000008d3b400000,0x0000008d3b500000)]
  0x000001d154288800 JavaThread "stdout" [_thread_in_native, id=12916, stack(0x0000008d3b500000,0x0000008d3b600000)]
  0x000001d15428f000 JavaThread "stderr" [_thread_in_native, id=8604, stack(0x0000008d3b600000,0x0000008d3b700000)]
  0x000001d15428d000 JavaThread "stdout" [_thread_in_native, id=14736, stack(0x0000008d3b700000,0x0000008d3b800000)]
  0x000001d15428b800 JavaThread "stderr" [_thread_in_native, id=8012, stack(0x0000008d3b800000,0x0000008d3b900000)]
  0x000001d154289000 JavaThread "stdout" [_thread_in_native, id=11304, stack(0x0000008d3b900000,0x0000008d3ba00000)]
  0x000001d15428a000 JavaThread "stderr" [_thread_in_native, id=244, stack(0x0000008d3ba00000,0x0000008d3bb00000)]
  0x000001d15428b000 JavaThread "stdout" [_thread_in_native, id=1844, stack(0x0000008d3bb00000,0x0000008d3bc00000)]
  0x000001d15428c800 JavaThread "stderr" [_thread_in_native, id=14836, stack(0x0000008d3bc00000,0x0000008d3bd00000)]
  0x000001d15349c000 JavaThread "stdout" [_thread_in_native, id=1544, stack(0x0000008d3bd00000,0x0000008d3be00000)]
  0x000001d153499800 JavaThread "stderr" [_thread_in_native, id=11320, stack(0x0000008d3be00000,0x0000008d3bf00000)]
  0x000001d15349d000 JavaThread "stdout" [_thread_in_native, id=12084, stack(0x0000008d3bf00000,0x0000008d3c000000)]
  0x000001d15349e800 JavaThread "RMI Scheduler(0)" daemon [_thread_blocked, id=10912, stack(0x0000008d31700000,0x0000008d31800000)]
  0x000001d15349f800 JavaThread "RMI GC Daemon" daemon [_thread_blocked, id=9408, stack(0x0000008d32f00000,0x0000008d33000000)]
  0x000001d1534a0000 JavaThread "RMI TCP Accept-0" daemon [_thread_in_native, id=7132, stack(0x0000008d33000000,0x0000008d33100000)]
  0x000001d1534a1000 JavaThread "RMI Reaper" [_thread_blocked, id=6660, stack(0x0000008d33100000,0x0000008d33200000)]
  0x000001d15349b800 JavaThread "RMI TCP Connection(idle)" daemon [_thread_blocked, id=11712, stack(0x0000008d33200000,0x0000008d33300000)]
  0x000001d1534a4800 JavaThread "Cache worker for Java compile cache (C:\Users\Admin\.gradle\caches\6.5\javaCompile)" [_thread_blocked, id=12860, stack(0x0000008d30e00000,0x0000008d30f00000)]
  0x000001d1534a7800 JavaThread "Cache worker for Java compile cache (D:\allandroidprojects\NewsApp\.gradle\6.5\javaCompile)" [_thread_blocked, id=8336, stack(0x0000008d32500000,0x0000008d32600000)]

Other Threads:
=>0x000001d14e60d000 VMThread "VM Thread" [stack: 0x0000008d2fe00000,0x0000008d2ff00000] [id=14020]
  0x000001d14f0f3000 WatcherThread [stack: 0x0000008d30800000,0x0000008d30900000] [id=15576]
  0x000001d12f653000 GCTaskThread "GC Thread#0" [stack: 0x0000008d2f900000,0x0000008d2fa00000] [id=8256]
  0x000001d14fe04000 GCTaskThread "GC Thread#1" [stack: 0x0000008d30a00000,0x0000008d30b00000] [id=16216]
  0x000001d14f9b5000 GCTaskThread "GC Thread#2" [stack: 0x0000008d30b00000,0x0000008d30c00000] [id=10692]
  0x000001d14faae800 GCTaskThread "GC Thread#3" [stack: 0x0000008d30c00000,0x0000008d30d00000] [id=13528]
  0x000001d14f258000 GCTaskThread "GC Thread#4" [stack: 0x0000008d31b00000,0x0000008d31c00000] [id=15520]
  0x000001d14fb07000 GCTaskThread "GC Thread#5" [stack: 0x0000008d31c00000,0x0000008d31d00000] [id=9520]
  0x000001d14fe24800 GCTaskThread "GC Thread#6" [stack: 0x0000008d31d00000,0x0000008d31e00000] [id=14492]
  0x000001d14f248800 GCTaskThread "GC Thread#7" [stack: 0x0000008d31e00000,0x0000008d31f00000] [id=16052]
  0x000001d12f684000 ConcurrentGCThread "G1 Main Marker" [stack: 0x0000008d2fa00000,0x0000008d2fb00000] [id=3068]
  0x000001d12f685800 ConcurrentGCThread "G1 Conc#0" [stack: 0x0000008d2fb00000,0x0000008d2fc00000] [id=10668]
  0x000001d14fdc7800 ConcurrentGCThread "G1 Conc#1" [stack: 0x0000008d31f00000,0x0000008d32000000] [id=4816]
  0x000001d12f70e000 ConcurrentGCThread "G1 Refine#0" [stack: 0x0000008d2fc00000,0x0000008d2fd00000] [id=3080]
  0x000001d14e45c800 ConcurrentGCThread "G1 Young RemSet Sampling" [stack: 0x0000008d2fd00000,0x0000008d2fe00000] [id=15580]

Threads with active compile tasks:
C2 CompilerThread0 172437 16187 %     4       com.android.tools.r8.ir.regalloc.a::i @ 215 (610 bytes)
C1 CompilerThread0 172437 16533       2       java.util.stream.SpinedBuffer::accept (94 bytes)

VM state:at safepoint (normal execution)

VM Mutex/Monitor currently owned by a thread:  ([mutex/lock_event])
[0x000001d12f6363c0] Threads_lock - owner thread: 0x000001d14e60d000
[0x000001d12f636840] Heap_lock - owner thread: 0x000001d150afd000

Heap address: 0x0000000080000000, size: 2048 MB, Compressed Oops mode: 32-bit
Narrow klass base: 0x0000000000000000, Narrow klass shift: 3
Compressed class space size: 1073741824 Address: 0x0000000100000000

Heap:
 garbage-first heap   total 1054720K, used 126711K [0x0000000080000000, 0x0000000100000000)
  region size 1024K, 8 young (8192K), 8 survivors (8192K)
 Metaspace       used 109246K, capacity 112053K, committed 113176K, reserved 1146880K
  class space    used 14073K, capacity 15122K, committed 15564K, reserved 1048576K
Heap Regions: E=young(eden), S=young(survivor), O=old, HS=humongous(starts), HC=humongous(continues), CS=collection set, F=free, A=archive, TAMS=top-at-mark-start (previous, next)
|   0|0x0000000080000000, 0x0000000080100000, 0x0000000080100000|100%| O|  |TAMS 0x0000000080100000, 0x0000000080000000| Untracked 
|   1|0x0000000080100000, 0x0000000080200000, 0x0000000080200000|100%| O|  |TAMS 0x0000000080200000, 0x0000000080100000| Untracked 
|   2|0x0000000080200000, 0x0000000080300000, 0x0000000080300000|100%| O|  |TAMS 0x0000000080300000, 0x0000000080200000| Untracked 
|   3|0x0000000080300000, 0x0000000080400000, 0x0000000080400000|100%|HS|  |TAMS 0x0000000080400000, 0x0000000080300000| Complete 
|   4|0x0000000080400000, 0x0000000080500000, 0x0000000080500000|100%|HC|  |TAMS 0x0000000080500000, 0x0000000080400000| Complete 
|   5|0x0000000080500000, 0x0000000080600000, 0x0000000080600000|100%|HC|  |TAMS 0x0000000080600000, 0x0000000080500000| Complete 
|   6|0x0000000080600000, 0x0000000080700000, 0x0000000080700000|100%| O|  |TAMS 0x0000000080700000, 0x0000000080600000| Untracked 
|   7|0x0000000080700000, 0x0000000080800000, 0x0000000080800000|100%| O|  |TAMS 0x0000000080800000, 0x0000000080700000| Untracked 
|   8|0x0000000080800000, 0x0000000080900000, 0x0000000080900000|100%| O|  |TAMS 0x0000000080900000, 0x0000000080800000| Untracked 
|   9|0x0000000080900000, 0x0000000080a00000, 0x0000000080a00000|100%| O|  |TAMS 0x0000000080a00000, 0x0000000080900000| Untracked 
|  10|0x0000000080a00000, 0x0000000080b00000, 0x0000000080b00000|100%| O|  |TAMS 0x0000000080b00000, 0x0000000080a00000| Untracked 
|  11|0x0000000080b00000, 0x0000000080c00000, 0x0000000080c00000|100%| O|  |TAMS 0x0000000080c00000, 0x0000000080b00000| Untracked 
|  12|0x0000000080c00000, 0x0000000080d00000, 0x0000000080d00000|100%| O|  |TAMS 0x0000000080d00000, 0x0000000080c00000| Untracked 
|  13|0x0000000080d00000, 0x0000000080e00000, 0x0000000080e00000|100%| O|  |TAMS 0x0000000080e00000, 0x0000000080d00000| Untracked 
|  14|0x0000000080e00000, 0x0000000080f00000, 0x0000000080f00000|100%| O|  |TAMS 0x0000000080f00000, 0x0000000080e00000| Untracked 
|  15|0x0000000080f00000, 0x0000000081000000, 0x0000000081000000|100%| O|  |TAMS 0x0000000081000000, 0x0000000080f00000| Untracked 
|  16|0x0000000081000000, 0x0000000081100000, 0x0000000081100000|100%| O|  |TAMS 0x0000000081100000, 0x0000000081000000| Untracked 
|  17|0x0000000081100000, 0x0000000081200000, 0x0000000081200000|100%| O|  |TAMS 0x0000000081200000, 0x0000000081100000| Untracked 
|  18|0x0000000081200000, 0x0000000081300000, 0x0000000081300000|100%| O|  |TAMS 0x0000000081300000, 0x0000000081200000| Untracked 
|  19|0x0000000081300000, 0x0000000081400000, 0x0000000081400000|100%| O|  |TAMS 0x0000000081400000, 0x0000000081300000| Untracked 
|  20|0x0000000081400000, 0x0000000081500000, 0x0000000081500000|100%| O|  |TAMS 0x0000000081500000, 0x0000000081400000| Untracked 
|  21|0x0000000081500000, 0x0000000081600000, 0x0000000081600000|100%|HS|  |TAMS 0x0000000081600000, 0x0000000081500000| Complete 
|  22|0x0000000081600000, 0x0000000081700000, 0x0000000081700000|100%|HS|  |TAMS 0x0000000081700000, 0x0000000081600000| Complete 
|  23|0x0000000081700000, 0x0000000081800000, 0x0000000081800000|100%|HC|  |TAMS 0x0000000081800000, 0x0000000081700000| Complete 
|  24|0x0000000081800000, 0x0000000081900000, 0x0000000081900000|100%|HC|  |TAMS 0x0000000081900000, 0x0000000081800000| Complete 
|  25|0x0000000081900000, 0x0000000081a00000, 0x0000000081a00000|100%|HS|  |TAMS 0x0000000081a00000, 0x0000000081900000| Complete 
|  26|0x0000000081a00000, 0x0000000081b00000, 0x0000000081b00000|100%|HC|  |TAMS 0x0000000081b00000, 0x0000000081a00000| Complete 
|  27|0x0000000081b00000, 0x0000000081c00000, 0x0000000081c00000|100%| O|  |TAMS 0x0000000081c00000, 0x0000000081b00000| Untracked 
|  28|0x0000000081c00000, 0x0000000081d00000, 0x0000000081d00000|100%| O|  |TAMS 0x0000000081d00000, 0x0000000081c00000| Untracked 
|  29|0x0000000081d00000, 0x0000000081e00000, 0x0000000081e00000|100%| O|  |TAMS 0x0000000081e00000, 0x0000000081d00000| Untracked 
|  30|0x0000000081e00000, 0x0000000081f00000, 0x0000000081f00000|100%| O|  |TAMS 0x0000000081f00000, 0x0000000081e00000| Untracked 
|  31|0x0000000081f00000, 0x0000000082000000, 0x0000000082000000|100%| O|  |TAMS 0x0000000082000000, 0x0000000081f00000| Untracked 
|  32|0x0000000082000000, 0x0000000082100000, 0x0000000082100000|100%| O|  |TAMS 0x0000000082100000, 0x0000000082000000| Untracked 
|  33|0x0000000082100000, 0x0000000082200000, 0x0000000082200000|100%| O|  |TAMS 0x0000000082200000, 0x0000000082100000| Untracked 
|  34|0x0000000082200000, 0x0000000082300000, 0x0000000082300000|100%| O|  |TAMS 0x0000000082300000, 0x0000000082200000| Untracked 
|  35|0x0000000082300000, 0x0000000082400000, 0x0000000082400000|100%| O|  |TAMS 0x0000000082400000, 0x0000000082300000| Untracked 
|  36|0x0000000082400000, 0x0000000082500000, 0x0000000082500000|100%| O|  |TAMS 0x0000000082500000, 0x0000000082400000| Untracked 
|  37|0x0000000082500000, 0x0000000082600000, 0x0000000082600000|100%| O|  |TAMS 0x0000000082600000, 0x0000000082500000| Untracked 
|  38|0x0000000082600000, 0x0000000082700000, 0x0000000082700000|100%| O|  |TAMS 0x0000000082700000, 0x0000000082600000| Untracked 
|  39|0x0000000082700000, 0x0000000082800000, 0x0000000082800000|100%| O|  |TAMS 0x0000000082800000, 0x0000000082700000| Untracked 
|  40|0x0000000082800000, 0x0000000082900000, 0x0000000082900000|100%| O|  |TAMS 0x0000000082900000, 0x0000000082800000| Untracked 
|  41|0x0000000082900000, 0x0000000082a00000, 0x0000000082a00000|100%| O|  |TAMS 0x0000000082a00000, 0x0000000082900000| Untracked 
|  42|0x0000000082a00000, 0x0000000082b00000, 0x0000000082b00000|100%| O|  |TAMS 0x0000000082b00000, 0x0000000082a00000| Untracked 
|  43|0x0000000082b00000, 0x0000000082c00000, 0x0000000082c00000|100%| O|  |TAMS 0x0000000082c00000, 0x0000000082b00000| Untracked 
|  44|0x0000000082c00000, 0x0000000082d00000, 0x0000000082d00000|100%| O|  |TAMS 0x0000000082d00000, 0x0000000082c00000| Untracked 
|  45|0x0000000082d00000, 0x0000000082e00000, 0x0000000082e00000|100%| O|  |TAMS 0x0000000082e00000, 0x0000000082d00000| Untracked 
|  46|0x0000000082e00000, 0x0000000082f00000, 0x0000000082f00000|100%| O|  |TAMS 0x0000000082f00000, 0x0000000082e00000| Untracked 
|  47|0x0000000082f00000, 0x0000000083000000, 0x0000000083000000|100%| O|  |TAMS 0x0000000083000000, 0x0000000082f00000| Untracked 
|  48|0x0000000083000000, 0x0000000083100000, 0x0000000083100000|100%| O|  |TAMS 0x0000000083100000, 0x0000000083000000| Untracked 
|  49|0x0000000083100000, 0x0000000083200000, 0x0000000083200000|100%| O|  |TAMS 0x0000000083200000, 0x0000000083100000| Untracked 
|  50|0x0000000083200000, 0x0000000083300000, 0x0000000083300000|100%| O|  |TAMS 0x0000000083300000, 0x0000000083200000| Untracked 
|  51|0x0000000083300000, 0x0000000083400000, 0x0000000083400000|100%| O|  |TAMS 0x0000000083400000, 0x0000000083300000| Untracked 
|  52|0x0000000083400000, 0x0000000083500000, 0x0000000083500000|100%| O|  |TAMS 0x0000000083500000, 0x0000000083400000| Untracked 
|  53|0x0000000083500000, 0x0000000083600000, 0x0000000083600000|100%| O|  |TAMS 0x0000000083600000, 0x0000000083500000| Untracked 
|  54|0x0000000083600000, 0x0000000083700000, 0x0000000083700000|100%| O|  |TAMS 0x0000000083700000, 0x0000000083600000| Untracked 
|  55|0x0000000083700000, 0x0000000083800000, 0x0000000083800000|100%| O|  |TAMS 0x0000000083800000, 0x0000000083700000| Untracked 
|  56|0x0000000083800000, 0x0000000083900000, 0x0000000083900000|100%| O|  |TAMS 0x0000000083900000, 0x0000000083800000| Untracked 
|  57|0x0000000083900000, 0x0000000083a00000, 0x0000000083a00000|100%| O|  |TAMS 0x0000000083a00000, 0x0000000083900000| Untracked 
|  58|0x0000000083a00000, 0x0000000083b00000, 0x0000000083b00000|100%| O|  |TAMS 0x0000000083b00000, 0x0000000083a00000| Untracked 
|  59|0x0000000083b00000, 0x0000000083c00000, 0x0000000083c00000|100%| O|  |TAMS 0x0000000083c00000, 0x0000000083b00000| Untracked 
|  60|0x0000000083c00000, 0x0000000083d00000, 0x0000000083d00000|100%| O|  |TAMS 0x0000000083d00000, 0x0000000083c00000| Untracked 
|  61|0x0000000083d00000, 0x0000000083e00000, 0x0000000083e00000|100%| O|  |TAMS 0x0000000083e00000, 0x0000000083d00000| Untracked 
|  62|0x0000000083e00000, 0x0000000083f00000, 0x0000000083f00000|100%| O|  |TAMS 0x0000000083f00000, 0x0000000083e00000| Untracked 
|  63|0x0000000083f00000, 0x0000000084000000, 0x0000000084000000|100%| O|  |TAMS 0x0000000084000000, 0x0000000083f00000| Untracked 
|  64|0x0000000084000000, 0x0000000084100000, 0x0000000084100000|100%| O|  |TAMS 0x0000000084100000, 0x0000000084000000| Untracked 
|  65|0x0000000084100000, 0x0000000084200000, 0x0000000084200000|100%| O|  |TAMS 0x0000000084200000, 0x0000000084100000| Untracked 
|  66|0x0000000084200000, 0x0000000084300000, 0x0000000084300000|100%| O|  |TAMS 0x0000000084300000, 0x0000000084200000| Untracked 
|  67|0x0000000084300000, 0x0000000084400000, 0x0000000084400000|100%| O|  |TAMS 0x0000000084400000, 0x0000000084300000| Untracked 
|  68|0x0000000084400000, 0x0000000084500000, 0x0000000084500000|100%| O|  |TAMS 0x0000000084500000, 0x0000000084400000| Untracked 
|  69|0x0000000084500000, 0x0000000084600000, 0x0000000084600000|100%| O|  |TAMS 0x0000000084600000, 0x0000000084500000| Untracked 
|  70|0x0000000084600000, 0x0000000084700000, 0x0000000084700000|100%| O|  |TAMS 0x0000000084700000, 0x0000000084600000| Untracked 
|  71|0x0000000084700000, 0x0000000084800000, 0x0000000084800000|100%| O|  |TAMS 0x0000000084800000, 0x0000000084700000| Untracked 
|  72|0x0000000084800000, 0x0000000084900000, 0x0000000084900000|100%| O|  |TAMS 0x0000000084900000, 0x0000000084800000| Untracked 
|  73|0x0000000084900000, 0x0000000084a00000, 0x0000000084a00000|100%| O|  |TAMS 0x0000000084a00000, 0x0000000084900000| Untracked 
|  74|0x0000000084a00000, 0x0000000084b00000, 0x0000000084b00000|100%| O|  |TAMS 0x0000000084b00000, 0x0000000084a00000| Untracked 
|  75|0x0000000084b00000, 0x0000000084c00000, 0x0000000084c00000|100%| O|  |TAMS 0x0000000084c00000, 0x0000000084b00000| Untracked 
|  76|0x0000000084c00000, 0x0000000084d00000, 0x0000000084d00000|100%| O|  |TAMS 0x0000000084d00000, 0x0000000084c00000| Untracked 
|  77|0x0000000084d00000, 0x0000000084e00000, 0x0000000084e00000|100%|HS|  |TAMS 0x0000000084e00000, 0x0000000084d00000| Complete 
|  78|0x0000000084e00000, 0x0000000084f00000, 0x0000000084f00000|100%| O|  |TAMS 0x0000000084f00000, 0x0000000084e00000| Untracked 
|  79|0x0000000084f00000, 0x0000000085000000, 0x0000000085000000|100%| O|  |TAMS 0x0000000085000000, 0x0000000084f00000| Untracked 
|  80|0x0000000085000000, 0x0000000085100000, 0x0000000085100000|100%| O|  |TAMS 0x0000000085100000, 0x0000000085000000| Untracked 
|  81|0x0000000085100000, 0x0000000085200000, 0x0000000085200000|100%| O|  |TAMS 0x0000000085200000, 0x0000000085100000| Untracked 
|  82|0x0000000085200000, 0x0000000085300000, 0x0000000085300000|100%| O|  |TAMS 0x0000000085300000, 0x0000000085200000| Untracked 
|  83|0x0000000085300000, 0x0000000085400000, 0x0000000085400000|100%| O|  |TAMS 0x0000000085400000, 0x0000000085300000| Untracked 
|  84|0x0000000085400000, 0x0000000085500000, 0x0000000085500000|100%| O|  |TAMS 0x0000000085500000, 0x0000000085400000| Untracked 
|  85|0x0000000085500000, 0x0000000085600000, 0x0000000085600000|100%| O|  |TAMS 0x0000000085600000, 0x0000000085500000| Untracked 
|  86|0x0000000085600000, 0x0000000085700000, 0x0000000085700000|100%| O|  |TAMS 0x0000000085700000, 0x0000000085600000| Untracked 
|  87|0x0000000085700000, 0x0000000085800000, 0x0000000085800000|100%| O|  |TAMS 0x0000000085800000, 0x0000000085700000| Untracked 
|  88|0x0000000085800000, 0x0000000085900000, 0x0000000085900000|100%| O|  |TAMS 0x0000000085900000, 0x0000000085800000| Untracked 
|  89|0x0000000085900000, 0x0000000085a00000, 0x0000000085a00000|100%| O|  |TAMS 0x0000000085a00000, 0x0000000085900000| Untracked 
|  90|0x0000000085a00000, 0x0000000085b00000, 0x0000000085b00000|100%| O|  |TAMS 0x0000000085b00000, 0x0000000085a00000| Untracked 
|  91|0x0000000085b00000, 0x0000000085c00000, 0x0000000085c00000|100%| O|  |TAMS 0x0000000085c00000, 0x0000000085b00000| Untracked 
|  92|0x0000000085c00000, 0x0000000085d00000, 0x0000000085d00000|100%| O|  |TAMS 0x0000000085d00000, 0x0000000085c00000| Untracked 
|  93|0x0000000085d00000, 0x0000000085e00000, 0x0000000085e00000|100%| O|  |TAMS 0x0000000085e00000, 0x0000000085d00000| Untracked 
|  94|0x0000000085e00000, 0x0000000085f00000, 0x0000000085f00000|100%| O|  |TAMS 0x0000000085f00000, 0x0000000085e00000| Untracked 
|  95|0x0000000085f00000, 0x0000000086000000, 0x0000000086000000|100%| O|  |TAMS 0x0000000086000000, 0x0000000085f00000| Untracked 
|  96|0x0000000086000000, 0x0000000086100000, 0x0000000086100000|100%| O|  |TAMS 0x0000000086100000, 0x0000000086000000| Untracked 
|  97|0x0000000086100000, 0x0000000086200000, 0x0000000086200000|100%| O|  |TAMS 0x0000000086200000, 0x0000000086100000| Untracked 
|  98|0x0000000086200000, 0x0000000086300000, 0x0000000086300000|100%| O|  |TAMS 0x0000000086300000, 0x0000000086200000| Untracked 
|  99|0x0000000086300000, 0x0000000086400000, 0x0000000086400000|100%| O|  |TAMS 0x0000000086400000, 0x0000000086300000| Untracked 
| 100|0x0000000086400000, 0x0000000086500000, 0x0000000086500000|100%| O|  |TAMS 0x0000000086500000, 0x0000000086400000| Untracked 
| 101|0x0000000086500000, 0x0000000086600000, 0x0000000086600000|100%| O|  |TAMS 0x0000000086600000, 0x0000000086500000| Untracked 
| 102|0x0000000086600000, 0x0000000086700000, 0x0000000086700000|100%| O|  |TAMS 0x0000000086700000, 0x0000000086600000| Untracked 
| 103|0x0000000086700000, 0x0000000086800000, 0x0000000086800000|100%| O|  |TAMS 0x0000000086800000, 0x0000000086700000| Untracked 
| 104|0x0000000086800000, 0x0000000086900000, 0x0000000086900000|100%| O|  |TAMS 0x0000000086900000, 0x0000000086800000| Untracked 
| 105|0x0000000086900000, 0x0000000086a00000, 0x0000000086a00000|100%| O|  |TAMS 0x0000000086a00000, 0x0000000086900000| Untracked 
| 106|0x0000000086a00000, 0x0000000086b00000, 0x0000000086b00000|100%| O|  |TAMS 0x0000000086b00000, 0x0000000086a00000| Untracked 
| 107|0x0000000086b00000, 0x0000000086c00000, 0x0000000086c00000|100%| O|  |TAMS 0x0000000086c00000, 0x0000000086b00000| Untracked 
| 108|0x0000000086c00000, 0x0000000086d00000, 0x0000000086d00000|100%| O|  |TAMS 0x0000000086d00000, 0x0000000086c00000| Untracked 
| 109|0x0000000086d00000, 0x0000000086e00000, 0x0000000086e00000|100%| O|  |TAMS 0x0000000086e00000, 0x0000000086d00000| Untracked 
| 110|0x0000000086e00000, 0x0000000086f00000, 0x0000000086f00000|100%| O|  |TAMS 0x0000000086f00000, 0x0000000086e00000| Untracked 
| 111|0x0000000086f00000, 0x0000000087000000, 0x0000000087000000|100%| O|  |TAMS 0x0000000087000000, 0x0000000086f00000| Untracked 
| 112|0x0000000087000000, 0x0000000087100000, 0x0000000087100000|100%| O|  |TAMS 0x0000000087100000, 0x0000000087000000| Untracked 
| 113|0x0000000087100000, 0x0000000087200000, 0x0000000087200000|100%| O|  |TAMS 0x0000000087200000, 0x0000000087100000| Untracked 
| 114|0x0000000087200000, 0x0000000087300000, 0x0000000087300000|100%| O|  |TAMS 0x0000000087300000, 0x0000000087200000| Untracked 
| 115|0x0000000087300000, 0x0000000087400000, 0x0000000087400000|100%| O|  |TAMS 0x0000000087400000, 0x0000000087300000| Untracked 
| 116|0x0000000087400000, 0x0000000087450000, 0x0000000087500000| 31%| O|  |TAMS 0x0000000087450000, 0x0000000087400000| Untracked 
| 117|0x0000000087500000, 0x0000000087500000, 0x0000000087600000|  0%| F|  |TAMS 0x0000000087500000, 0x0000000087500000| Untracked 
| 118|0x0000000087600000, 0x0000000087600000, 0x0000000087700000|  0%| F|  |TAMS 0x0000000087600000, 0x0000000087600000| Untracked 
| 119|0x0000000087700000, 0x0000000087700000, 0x0000000087800000|  0%| F|  |TAMS 0x0000000087700000, 0x0000000087700000| Untracked 
| 120|0x0000000087800000, 0x0000000087800000, 0x0000000087900000|  0%| F|  |TAMS 0x0000000087800000, 0x0000000087800000| Untracked 
| 121|0x0000000087900000, 0x0000000087900000, 0x0000000087a00000|  0%| F|  |TAMS 0x0000000087900000, 0x0000000087900000| Untracked 
| 122|0x0000000087a00000, 0x0000000087a00000, 0x0000000087b00000|  0%| F|  |TAMS 0x0000000087a00000, 0x0000000087a00000| Untracked 
| 123|0x0000000087b00000, 0x0000000087b00000, 0x0000000087c00000|  0%| F|  |TAMS 0x0000000087b00000, 0x0000000087b00000| Untracked 
| 124|0x0000000087c00000, 0x0000000087c00000, 0x0000000087d00000|  0%| F|  |TAMS 0x0000000087c00000, 0x0000000087c00000| Untracked 
| 125|0x0000000087d00000, 0x0000000087d00000, 0x0000000087e00000|  0%| F|  |TAMS 0x0000000087d00000, 0x0000000087d00000| Untracked 
| 126|0x0000000087e00000, 0x0000000087e00000, 0x0000000087f00000|  0%| F|  |TAMS 0x0000000087e00000, 0x0000000087e00000| Untracked 
| 127|0x0000000087f00000, 0x0000000087f00000, 0x0000000088000000|  0%| F|  |TAMS 0x0000000087f00000, 0x0000000087f00000| Untracked 
| 128|0x0000000088000000, 0x0000000088000000, 0x0000000088100000|  0%| F|  |TAMS 0x0000000088000000, 0x0000000088000000| Untracked 
| 129|0x0000000088100000, 0x0000000088100000, 0x0000000088200000|  0%| F|  |TAMS 0x0000000088100000, 0x0000000088100000| Untracked 
| 130|0x0000000088200000, 0x0000000088200000, 0x0000000088300000|  0%| F|  |TAMS 0x0000000088200000, 0x0000000088200000| Untracked 
| 131|0x0000000088300000, 0x0000000088300000, 0x0000000088400000|  0%| F|  |TAMS 0x0000000088300000, 0x0000000088300000| Untracked 
| 132|0x0000000088400000, 0x0000000088400000, 0x0000000088500000|  0%| F|  |TAMS 0x0000000088400000, 0x0000000088400000| Untracked 
| 133|0x0000000088500000, 0x0000000088500000, 0x0000000088600000|  0%| F|  |TAMS 0x0000000088500000, 0x0000000088500000| Untracked 
| 134|0x0000000088600000, 0x0000000088600000, 0x0000000088700000|  0%| F|  |TAMS 0x0000000088600000, 0x0000000088600000| Untracked 
| 135|0x0000000088700000, 0x0000000088700000, 0x0000000088800000|  0%| F|  |TAMS 0x0000000088700000, 0x0000000088700000| Untracked 
| 136|0x0000000088800000, 0x0000000088800000, 0x0000000088900000|  0%| F|  |TAMS 0x0000000088800000, 0x0000000088800000| Untracked 
| 137|0x0000000088900000, 0x0000000088900000, 0x0000000088a00000|  0%| F|  |TAMS 0x0000000088900000, 0x0000000088900000| Untracked 
| 138|0x0000000088a00000, 0x0000000088a00000, 0x0000000088b00000|  0%| F|  |TAMS 0x0000000088a00000, 0x0000000088a00000| Untracked 
| 139|0x0000000088b00000, 0x0000000088b00000, 0x0000000088c00000|  0%| F|  |TAMS 0x0000000088b00000, 0x0000000088b00000| Untracked 
| 140|0x0000000088c00000, 0x0000000088c00000, 0x0000000088d00000|  0%| F|  |TAMS 0x0000000088c00000, 0x0000000088c00000| Untracked 
| 141|0x0000000088d00000, 0x0000000088d00000, 0x0000000088e00000|  0%| F|  |TAMS 0x0000000088d00000, 0x0000000088d00000| Untracked 
| 142|0x0000000088e00000, 0x0000000088e00000, 0x0000000088f00000|  0%| F|  |TAMS 0x0000000088e00000, 0x0000000088e00000| Untracked 
| 143|0x0000000088f00000, 0x0000000088f00000, 0x0000000089000000|  0%| F|  |TAMS 0x0000000088f00000, 0x0000000088f00000| Untracked 
| 144|0x0000000089000000, 0x0000000089000000, 0x0000000089100000|  0%| F|  |TAMS 0x0000000089000000, 0x0000000089000000| Untracked 
| 145|0x0000000089100000, 0x0000000089100000, 0x0000000089200000|  0%| F|  |TAMS 0x0000000089100000, 0x0000000089100000| Untracked 
| 146|0x0000000089200000, 0x0000000089200000, 0x0000000089300000|  0%| F|  |TAMS 0x0000000089200000, 0x0000000089200000| Untracked 
| 147|0x0000000089300000, 0x0000000089300000, 0x0000000089400000|  0%| F|  |TAMS 0x0000000089300000, 0x0000000089300000| Untracked 
| 148|0x0000000089400000, 0x0000000089400000, 0x0000000089500000|  0%| F|  |TAMS 0x0000000089400000, 0x0000000089400000| Untracked 
| 149|0x0000000089500000, 0x0000000089500000, 0x0000000089600000|  0%| F|  |TAMS 0x0000000089500000, 0x0000000089500000| Untracked 
| 150|0x0000000089600000, 0x0000000089600000, 0x0000000089700000|  0%| F|  |TAMS 0x0000000089600000, 0x0000000089600000| Untracked 
| 151|0x0000000089700000, 0x0000000089700000, 0x0000000089800000|  0%| F|  |TAMS 0x0000000089700000, 0x0000000089700000| Untracked 
| 152|0x0000000089800000, 0x0000000089800000, 0x0000000089900000|  0%| F|  |TAMS 0x0000000089800000, 0x0000000089800000| Untracked 
| 153|0x0000000089900000, 0x0000000089900000, 0x0000000089a00000|  0%| F|  |TAMS 0x0000000089900000, 0x0000000089900000| Untracked 
| 154|0x0000000089a00000, 0x0000000089a00000, 0x0000000089b00000|  0%| F|  |TAMS 0x0000000089a00000, 0x0000000089a00000| Untracked 
| 155|0x0000000089b00000, 0x0000000089b00000, 0x0000000089c00000|  0%| F|  |TAMS 0x0000000089b00000, 0x0000000089b00000| Untracked 
| 156|0x0000000089c00000, 0x0000000089c00000, 0x0000000089d00000|  0%| F|  |TAMS 0x0000000089c00000, 0x0000000089c00000| Untracked 
| 157|0x0000000089d00000, 0x0000000089d00000, 0x0000000089e00000|  0%| F|  |TAMS 0x0000000089d00000, 0x0000000089d00000| Untracked 
| 158|0x0000000089e00000, 0x0000000089e00000, 0x0000000089f00000|  0%| F|  |TAMS 0x0000000089e00000, 0x0000000089e00000| Untracked 
| 159|0x0000000089f00000, 0x0000000089f00000, 0x000000008a000000|  0%| F|  |TAMS 0x0000000089f00000, 0x0000000089f00000| Untracked 
| 160|0x000000008a000000, 0x000000008a000000, 0x000000008a100000|  0%| F|  |TAMS 0x000000008a000000, 0x000000008a000000| Untracked 
| 161|0x000000008a100000, 0x000000008a100000, 0x000000008a200000|  0%| F|  |TAMS 0x000000008a100000, 0x000000008a100000| Untracked 
| 162|0x000000008a200000, 0x000000008a200000, 0x000000008a300000|  0%| F|  |TAMS 0x000000008a200000, 0x000000008a200000| Untracked 
| 163|0x000000008a300000, 0x000000008a300000, 0x000000008a400000|  0%| F|  |TAMS 0x000000008a300000, 0x000000008a300000| Untracked 
| 164|0x000000008a400000, 0x000000008a400000, 0x000000008a500000|  0%| F|  |TAMS 0x000000008a400000, 0x000000008a400000| Untracked 
| 165|0x000000008a500000, 0x000000008a500000, 0x000000008a600000|  0%| F|  |TAMS 0x000000008a500000, 0x000000008a500000| Untracked 
| 166|0x000000008a600000, 0x000000008a600000, 0x000000008a700000|  0%| F|  |TAMS 0x000000008a600000, 0x000000008a600000| Untracked 
| 167|0x000000008a700000, 0x000000008a700000, 0x000000008a800000|  0%| F|  |TAMS 0x000000008a700000, 0x000000008a700000| Untracked 
| 168|0x000000008a800000, 0x000000008a800000, 0x000000008a900000|  0%| F|  |TAMS 0x000000008a800000, 0x000000008a800000| Untracked 
| 169|0x000000008a900000, 0x000000008a900000, 0x000000008aa00000|  0%| F|  |TAMS 0x000000008a900000, 0x000000008a900000| Untracked 
| 170|0x000000008aa00000, 0x000000008aa00000, 0x000000008ab00000|  0%| F|  |TAMS 0x000000008aa00000, 0x000000008aa00000| Untracked 
| 171|0x000000008ab00000, 0x000000008ab00000, 0x000000008ac00000|  0%| F|  |TAMS 0x000000008ab00000, 0x000000008ab00000| Untracked 
| 172|0x000000008ac00000, 0x000000008ac00000, 0x000000008ad00000|  0%| F|  |TAMS 0x000000008ac00000, 0x000000008ac00000| Untracked 
| 173|0x000000008ad00000, 0x000000008ad00000, 0x000000008ae00000|  0%| F|  |TAMS 0x000000008ad00000, 0x000000008ad00000| Untracked 
| 174|0x000000008ae00000, 0x000000008ae00000, 0x000000008af00000|  0%| F|  |TAMS 0x000000008ae00000, 0x000000008ae00000| Untracked 
| 175|0x000000008af00000, 0x000000008af00000, 0x000000008b000000|  0%| F|  |TAMS 0x000000008af00000, 0x000000008af00000| Untracked 
| 176|0x000000008b000000, 0x000000008b000000, 0x000000008b100000|  0%| F|  |TAMS 0x000000008b000000, 0x000000008b000000| Untracked 
| 177|0x000000008b100000, 0x000000008b100000, 0x000000008b200000|  0%| F|  |TAMS 0x000000008b100000, 0x000000008b100000| Untracked 
| 178|0x000000008b200000, 0x000000008b200000, 0x000000008b300000|  0%| F|  |TAMS 0x000000008b200000, 0x000000008b200000| Untracked 
| 179|0x000000008b300000, 0x000000008b300000, 0x000000008b400000|  0%| F|  |TAMS 0x000000008b300000, 0x000000008b300000| Untracked 
| 180|0x000000008b400000, 0x000000008b400000, 0x000000008b500000|  0%| F|  |TAMS 0x000000008b400000, 0x000000008b400000| Untracked 
| 181|0x000000008b500000, 0x000000008b500000, 0x000000008b600000|  0%| F|  |TAMS 0x000000008b500000, 0x000000008b500000| Untracked 
| 182|0x000000008b600000, 0x000000008b600000, 0x000000008b700000|  0%| F|  |TAMS 0x000000008b600000, 0x000000008b600000| Untracked 
| 183|0x000000008b700000, 0x000000008b700000, 0x000000008b800000|  0%| F|  |TAMS 0x000000008b700000, 0x000000008b700000| Untracked 
| 184|0x000000008b800000, 0x000000008b800000, 0x000000008b900000|  0%| F|  |TAMS 0x000000008b800000, 0x000000008b800000| Untracked 
| 185|0x000000008b900000, 0x000000008b900000, 0x000000008ba00000|  0%| F|  |TAMS 0x000000008b900000, 0x000000008b900000| Untracked 
| 186|0x000000008ba00000, 0x000000008ba00000, 0x000000008bb00000|  0%| F|  |TAMS 0x000000008ba00000, 0x000000008ba00000| Untracked 
| 187|0x000000008bb00000, 0x000000008bb00000, 0x000000008bc00000|  0%| F|  |TAMS 0x000000008bb00000, 0x000000008bb00000| Untracked 
| 188|0x000000008bc00000, 0x000000008bc00000, 0x000000008bd00000|  0%| F|  |TAMS 0x000000008bc00000, 0x000000008bc00000| Untracked 
| 189|0x000000008bd00000, 0x000000008bd00000, 0x000000008be00000|  0%| F|  |TAMS 0x000000008bd00000, 0x000000008bd00000| Untracked 
| 190|0x000000008be00000, 0x000000008be00000, 0x000000008bf00000|  0%| F|  |TAMS 0x000000008be00000, 0x000000008be00000| Untracked 
| 191|0x000000008bf00000, 0x000000008bf00000, 0x000000008c000000|  0%| F|  |TAMS 0x000000008bf00000, 0x000000008bf00000| Untracked 
| 192|0x000000008c000000, 0x000000008c000000, 0x000000008c100000|  0%| F|  |TAMS 0x000000008c000000, 0x000000008c000000| Untracked 
| 193|0x000000008c100000, 0x000000008c100000, 0x000000008c200000|  0%| F|  |TAMS 0x000000008c100000, 0x000000008c100000| Untracked 
| 194|0x000000008c200000, 0x000000008c200000, 0x000000008c300000|  0%| F|  |TAMS 0x000000008c200000, 0x000000008c200000| Untracked 
| 195|0x000000008c300000, 0x000000008c300000, 0x000000008c400000|  0%| F|  |TAMS 0x000000008c300000, 0x000000008c300000| Untracked 
| 196|0x000000008c400000, 0x000000008c400000, 0x000000008c500000|  0%| F|  |TAMS 0x000000008c400000, 0x000000008c400000| Untracked 
| 197|0x000000008c500000, 0x000000008c500000, 0x000000008c600000|  0%| F|  |TAMS 0x000000008c500000, 0x000000008c500000| Untracked 
| 198|0x000000008c600000, 0x000000008c600000, 0x000000008c700000|  0%| F|  |TAMS 0x000000008c600000, 0x000000008c600000| Untracked 
| 199|0x000000008c700000, 0x000000008c700000, 0x000000008c800000|  0%| F|  |TAMS 0x000000008c700000, 0x000000008c700000| Untracked 
| 200|0x000000008c800000, 0x000000008c800000, 0x000000008c900000|  0%| F|  |TAMS 0x000000008c800000, 0x000000008c800000| Untracked 
| 201|0x000000008c900000, 0x000000008c900000, 0x000000008ca00000|  0%| F|  |TAMS 0x000000008c900000, 0x000000008c900000| Untracked 
| 202|0x000000008ca00000, 0x000000008ca00000, 0x000000008cb00000|  0%| F|  |TAMS 0x000000008ca00000, 0x000000008ca00000| Untracked 
| 203|0x000000008cb00000, 0x000000008cb00000, 0x000000008cc00000|  0%| F|  |TAMS 0x000000008cb00000, 0x000000008cb00000| Untracked 
| 204|0x000000008cc00000, 0x000000008cc00000, 0x000000008cd00000|  0%| F|  |TAMS 0x000000008cc00000, 0x000000008cc00000| Untracked 
| 205|0x000000008cd00000, 0x000000008cd00000, 0x000000008ce00000|  0%| F|  |TAMS 0x000000008cd00000, 0x000000008cd00000| Untracked 
| 206|0x000000008ce00000, 0x000000008ce00000, 0x000000008cf00000|  0%| F|  |TAMS 0x000000008ce00000, 0x000000008ce00000| Untracked 
| 207|0x000000008cf00000, 0x000000008cf00000, 0x000000008d000000|  0%| F|  |TAMS 0x000000008cf00000, 0x000000008cf00000| Untracked 
| 208|0x000000008d000000, 0x000000008d000000, 0x000000008d100000|  0%| F|  |TAMS 0x000000008d000000, 0x000000008d000000| Untracked 
| 209|0x000000008d100000, 0x000000008d100000, 0x000000008d200000|  0%| F|  |TAMS 0x000000008d100000, 0x000000008d100000| Untracked 
| 210|0x000000008d200000, 0x000000008d200000, 0x000000008d300000|  0%| F|  |TAMS 0x000000008d200000, 0x000000008d200000| Untracked 
| 211|0x000000008d300000, 0x000000008d300000, 0x000000008d400000|  0%| F|  |TAMS 0x000000008d300000, 0x000000008d300000| Untracked 
| 212|0x000000008d400000, 0x000000008d400000, 0x000000008d500000|  0%| F|  |TAMS 0x000000008d400000, 0x000000008d400000| Untracked 
| 213|0x000000008d500000, 0x000000008d500000, 0x000000008d600000|  0%| F|  |TAMS 0x000000008d500000, 0x000000008d500000| Untracked 
| 214|0x000000008d600000, 0x000000008d600000, 0x000000008d700000|  0%| F|  |TAMS 0x000000008d600000, 0x000000008d600000| Untracked 
| 215|0x000000008d700000, 0x000000008d700000, 0x000000008d800000|  0%| F|  |TAMS 0x000000008d700000, 0x000000008d700000| Untracked 
| 216|0x000000008d800000, 0x000000008d800000, 0x000000008d900000|  0%| F|  |TAMS 0x000000008d800000, 0x000000008d800000| Untracked 
| 217|0x000000008d900000, 0x000000008d900000, 0x000000008da00000|  0%| F|  |TAMS 0x000000008d900000, 0x000000008d900000| Untracked 
| 218|0x000000008da00000, 0x000000008da00000, 0x000000008db00000|  0%| F|  |TAMS 0x000000008da00000, 0x000000008da00000| Untracked 
| 219|0x000000008db00000, 0x000000008db00000, 0x000000008dc00000|  0%| F|  |TAMS 0x000000008db00000, 0x000000008db00000| Untracked 
| 220|0x000000008dc00000, 0x000000008dc6dc50, 0x000000008dd00000| 42%| S|CS|TAMS 0x000000008dc00000, 0x000000008dc00000| Complete 
| 221|0x000000008dd00000, 0x000000008de00000, 0x000000008de00000|100%| S|CS|TAMS 0x000000008dd00000, 0x000000008dd00000| Complete 
| 222|0x000000008de00000, 0x000000008df00000, 0x000000008df00000|100%| S|CS|TAMS 0x000000008de00000, 0x000000008de00000| Complete 
| 223|0x000000008df00000, 0x000000008e000000, 0x000000008e000000|100%| S|CS|TAMS 0x000000008df00000, 0x000000008df00000| Complete 
| 224|0x000000008e000000, 0x000000008e100000, 0x000000008e100000|100%| S|CS|TAMS 0x000000008e000000, 0x000000008e000000| Complete 
| 225|0x000000008e100000, 0x000000008e200000, 0x000000008e200000|100%| S|CS|TAMS 0x000000008e100000, 0x000000008e100000| Complete 
| 226|0x000000008e200000, 0x000000008e300000, 0x000000008e300000|100%| S|CS|TAMS 0x000000008e200000, 0x000000008e200000| Complete 
| 227|0x000000008e300000, 0x000000008e400000, 0x000000008e400000|100%| S|CS|TAMS 0x000000008e300000, 0x000000008e300000| Complete 
| 228|0x000000008e400000, 0x000000008e400000, 0x000000008e500000|  0%| F|  |TAMS 0x000000008e400000, 0x000000008e400000| Untracked 
| 229|0x000000008e500000, 0x000000008e500000, 0x000000008e600000|  0%| F|  |TAMS 0x000000008e500000, 0x000000008e500000| Untracked 
| 230|0x000000008e600000, 0x000000008e600000, 0x000000008e700000|  0%| F|  |TAMS 0x000000008e600000, 0x000000008e600000| Untracked 
| 231|0x000000008e700000, 0x000000008e700000, 0x000000008e800000|  0%| F|  |TAMS 0x000000008e700000, 0x000000008e700000| Untracked 
| 232|0x000000008e800000, 0x000000008e800000, 0x000000008e900000|  0%| F|  |TAMS 0x000000008e800000, 0x000000008e800000| Untracked 
| 233|0x000000008e900000, 0x000000008e900000, 0x000000008ea00000|  0%| F|  |TAMS 0x000000008e900000, 0x000000008e900000| Untracked 
| 234|0x000000008ea00000, 0x000000008ea00000, 0x000000008eb00000|  0%| F|  |TAMS 0x000000008ea00000, 0x000000008ea00000| Untracked 
| 235|0x000000008eb00000, 0x000000008eb00000, 0x000000008ec00000|  0%| F|  |TAMS 0x000000008eb00000, 0x000000008eb00000| Untracked 
| 236|0x000000008ec00000, 0x000000008ec00000, 0x000000008ed00000|  0%| F|  |TAMS 0x000000008ec00000, 0x000000008ec00000| Untracked 
| 237|0x000000008ed00000, 0x000000008ed00000, 0x000000008ee00000|  0%| F|  |TAMS 0x000000008ed00000, 0x000000008ed00000| Untracked 
| 238|0x000000008ee00000, 0x000000008ee00000, 0x000000008ef00000|  0%| F|  |TAMS 0x000000008ee00000, 0x000000008ee00000| Untracked 
| 239|0x000000008ef00000, 0x000000008ef00000, 0x000000008f000000|  0%| F|  |TAMS 0x000000008ef00000, 0x000000008ef00000| Untracked 
| 240|0x000000008f000000, 0x000000008f000000, 0x000000008f100000|  0%| F|  |TAMS 0x000000008f000000, 0x000000008f000000| Untracked 
| 241|0x000000008f100000, 0x000000008f100000, 0x000000008f200000|  0%| F|  |TAMS 0x000000008f100000, 0x000000008f100000| Untracked 
| 242|0x000000008f200000, 0x000000008f200000, 0x000000008f300000|  0%| F|  |TAMS 0x000000008f200000, 0x000000008f200000| Untracked 
| 243|0x000000008f300000, 0x000000008f300000, 0x000000008f400000|  0%| F|  |TAMS 0x000000008f300000, 0x000000008f300000| Untracked 
| 244|0x000000008f400000, 0x000000008f400000, 0x000000008f500000|  0%| F|  |TAMS 0x000000008f400000, 0x000000008f400000| Untracked 
| 245|0x000000008f500000, 0x000000008f500000, 0x000000008f600000|  0%| F|  |TAMS 0x000000008f500000, 0x000000008f500000| Untracked 
| 246|0x000000008f600000, 0x000000008f600000, 0x000000008f700000|  0%| F|  |TAMS 0x000000008f600000, 0x000000008f600000| Untracked 
| 247|0x000000008f700000, 0x000000008f700000, 0x000000008f800000|  0%| F|  |TAMS 0x000000008f700000, 0x000000008f700000| Untracked 
| 248|0x000000008f800000, 0x000000008f800000, 0x000000008f900000|  0%| F|  |TAMS 0x000000008f800000, 0x000000008f800000| Untracked 
| 249|0x000000008f900000, 0x000000008f900000, 0x000000008fa00000|  0%| F|  |TAMS 0x000000008f900000, 0x000000008f900000| Untracked 
| 250|0x000000008fa00000, 0x000000008fa00000, 0x000000008fb00000|  0%| F|  |TAMS 0x000000008fa00000, 0x000000008fa00000| Untracked 
| 251|0x000000008fb00000, 0x000000008fb00000, 0x000000008fc00000|  0%| F|  |TAMS 0x000000008fb00000, 0x000000008fb00000| Untracked 
| 252|0x000000008fc00000, 0x000000008fc00000, 0x000000008fd00000|  0%| F|  |TAMS 0x000000008fc00000, 0x000000008fc00000| Untracked 
| 253|0x000000008fd00000, 0x000000008fd00000, 0x000000008fe00000|  0%| F|  |TAMS 0x000000008fd00000, 0x000000008fd00000| Untracked 
| 254|0x000000008fe00000, 0x000000008fe00000, 0x000000008ff00000|  0%| F|  |TAMS 0x000000008fe00000, 0x000000008fe00000| Untracked 
| 255|0x000000008ff00000, 0x000000008ff00000, 0x0000000090000000|  0%| F|  |TAMS 0x000000008ff00000, 0x000000008ff00000| Untracked 
| 256|0x0000000090000000, 0x0000000090000000, 0x0000000090100000|  0%| F|  |TAMS 0x0000000090000000, 0x0000000090000000| Untracked 
| 257|0x0000000090100000, 0x0000000090100000, 0x0000000090200000|  0%| F|  |TAMS 0x0000000090100000, 0x0000000090100000| Untracked 
| 258|0x0000000090200000, 0x0000000090200000, 0x0000000090300000|  0%| F|  |TAMS 0x0000000090200000, 0x0000000090200000| Untracked 
| 259|0x0000000090300000, 0x0000000090300000, 0x0000000090400000|  0%| F|  |TAMS 0x0000000090300000, 0x0000000090300000| Untracked 
| 260|0x0000000090400000, 0x0000000090400000, 0x0000000090500000|  0%| F|  |TAMS 0x0000000090400000, 0x0000000090400000| Untracked 
| 261|0x0000000090500000, 0x0000000090500000, 0x0000000090600000|  0%| F|  |TAMS 0x0000000090500000, 0x0000000090500000| Untracked 
| 262|0x0000000090600000, 0x0000000090600000, 0x0000000090700000|  0%| F|  |TAMS 0x0000000090600000, 0x0000000090600000| Untracked 
| 263|0x0000000090700000, 0x0000000090700000, 0x0000000090800000|  0%| F|  |TAMS 0x0000000090700000, 0x0000000090700000| Untracked 
| 264|0x0000000090800000, 0x0000000090800000, 0x0000000090900000|  0%| F|  |TAMS 0x0000000090800000, 0x0000000090800000| Untracked 
| 265|0x0000000090900000, 0x0000000090900000, 0x0000000090a00000|  0%| F|  |TAMS 0x0000000090900000, 0x0000000090900000| Untracked 
| 266|0x0000000090a00000, 0x0000000090a00000, 0x0000000090b00000|  0%| F|  |TAMS 0x0000000090a00000, 0x0000000090a00000| Untracked 
| 267|0x0000000090b00000, 0x0000000090b00000, 0x0000000090c00000|  0%| F|  |TAMS 0x0000000090b00000, 0x0000000090b00000| Untracked 
| 268|0x0000000090c00000, 0x0000000090c00000, 0x0000000090d00000|  0%| F|  |TAMS 0x0000000090c00000, 0x0000000090c00000| Untracked 
| 269|0x0000000090d00000, 0x0000000090d00000, 0x0000000090e00000|  0%| F|  |TAMS 0x0000000090d00000, 0x0000000090d00000| Untracked 
| 270|0x0000000090e00000, 0x0000000090e00000, 0x0000000090f00000|  0%| F|  |TAMS 0x0000000090e00000, 0x0000000090e00000| Untracked 
| 271|0x0000000090f00000, 0x0000000090f00000, 0x0000000091000000|  0%| F|  |TAMS 0x0000000090f00000, 0x0000000090f00000| Untracked 
| 272|0x0000000091000000, 0x0000000091000000, 0x0000000091100000|  0%| F|  |TAMS 0x0000000091000000, 0x0000000091000000| Untracked 
| 273|0x0000000091100000, 0x0000000091100000, 0x0000000091200000|  0%| F|  |TAMS 0x0000000091100000, 0x0000000091100000| Untracked 
| 274|0x0000000091200000, 0x0000000091200000, 0x0000000091300000|  0%| F|  |TAMS 0x0000000091200000, 0x0000000091200000| Untracked 
| 275|0x0000000091300000, 0x0000000091300000, 0x0000000091400000|  0%| F|  |TAMS 0x0000000091300000, 0x0000000091300000| Untracked 
| 276|0x0000000091400000, 0x0000000091400000, 0x0000000091500000|  0%| F|  |TAMS 0x0000000091400000, 0x0000000091400000| Untracked 
| 277|0x0000000091500000, 0x0000000091500000, 0x0000000091600000|  0%| F|  |TAMS 0x0000000091500000, 0x0000000091500000| Untracked 
| 278|0x0000000091600000, 0x0000000091600000, 0x0000000091700000|  0%| F|  |TAMS 0x0000000091600000, 0x0000000091600000| Untracked 
| 279|0x0000000091700000, 0x0000000091700000, 0x0000000091800000|  0%| F|  |TAMS 0x0000000091700000, 0x0000000091700000| Untracked 
| 280|0x0000000091800000, 0x0000000091800000, 0x0000000091900000|  0%| F|  |TAMS 0x0000000091800000, 0x0000000091800000| Untracked 
| 281|0x0000000091900000, 0x0000000091900000, 0x0000000091a00000|  0%| F|  |TAMS 0x0000000091900000, 0x0000000091900000| Untracked 
| 282|0x0000000091a00000, 0x0000000091a00000, 0x0000000091b00000|  0%| F|  |TAMS 0x0000000091a00000, 0x0000000091a00000| Untracked 
| 283|0x0000000091b00000, 0x0000000091b00000, 0x0000000091c00000|  0%| F|  |TAMS 0x0000000091b00000, 0x0000000091b00000| Untracked 
| 284|0x0000000091c00000, 0x0000000091c00000, 0x0000000091d00000|  0%| F|  |TAMS 0x0000000091c00000, 0x0000000091c00000| Untracked 
| 285|0x0000000091d00000, 0x0000000091d00000, 0x0000000091e00000|  0%| F|  |TAMS 0x0000000091d00000, 0x0000000091d00000| Untracked 
| 286|0x0000000091e00000, 0x0000000091e00000, 0x0000000091f00000|  0%| F|  |TAMS 0x0000000091e00000, 0x0000000091e00000| Untracked 
| 287|0x0000000091f00000, 0x0000000091f00000, 0x0000000092000000|  0%| F|  |TAMS 0x0000000091f00000, 0x0000000091f00000| Untracked 
| 288|0x0000000092000000, 0x0000000092000000, 0x0000000092100000|  0%| F|  |TAMS 0x0000000092000000, 0x0000000092000000| Untracked 
| 289|0x0000000092100000, 0x0000000092100000, 0x0000000092200000|  0%| F|  |TAMS 0x0000000092100000, 0x0000000092100000| Untracked 
| 290|0x0000000092200000, 0x0000000092200000, 0x0000000092300000|  0%| F|  |TAMS 0x0000000092200000, 0x0000000092200000| Untracked 
| 291|0x0000000092300000, 0x0000000092300000, 0x0000000092400000|  0%| F|  |TAMS 0x0000000092300000, 0x0000000092300000| Untracked 
| 292|0x0000000092400000, 0x0000000092400000, 0x0000000092500000|  0%| F|  |TAMS 0x0000000092400000, 0x0000000092400000| Untracked 
| 293|0x0000000092500000, 0x0000000092500000, 0x0000000092600000|  0%| F|  |TAMS 0x0000000092500000, 0x0000000092500000| Untracked 
| 294|0x0000000092600000, 0x0000000092600000, 0x0000000092700000|  0%| F|  |TAMS 0x0000000092600000, 0x0000000092600000| Untracked 
| 295|0x0000000092700000, 0x0000000092700000, 0x0000000092800000|  0%| F|  |TAMS 0x0000000092700000, 0x0000000092700000| Untracked 
| 296|0x0000000092800000, 0x0000000092800000, 0x0000000092900000|  0%| F|  |TAMS 0x0000000092800000, 0x0000000092800000| Untracked 
| 297|0x0000000092900000, 0x0000000092900000, 0x0000000092a00000|  0%| F|  |TAMS 0x0000000092900000, 0x0000000092900000| Untracked 
| 298|0x0000000092a00000, 0x0000000092a00000, 0x0000000092b00000|  0%| F|  |TAMS 0x0000000092a00000, 0x0000000092a00000| Untracked 
| 299|0x0000000092b00000, 0x0000000092b00000, 0x0000000092c00000|  0%| F|  |TAMS 0x0000000092b00000, 0x0000000092b00000| Untracked 
| 300|0x0000000092c00000, 0x0000000092c00000, 0x0000000092d00000|  0%| F|  |TAMS 0x0000000092c00000, 0x0000000092c00000| Untracked 
| 301|0x0000000092d00000, 0x0000000092d00000, 0x0000000092e00000|  0%| F|  |TAMS 0x0000000092d00000, 0x0000000092d00000| Untracked 
| 302|0x0000000092e00000, 0x0000000092e00000, 0x0000000092f00000|  0%| F|  |TAMS 0x0000000092e00000, 0x0000000092e00000| Untracked 
| 303|0x0000000092f00000, 0x0000000092f00000, 0x0000000093000000|  0%| F|  |TAMS 0x0000000092f00000, 0x0000000092f00000| Untracked 
| 304|0x0000000093000000, 0x0000000093000000, 0x0000000093100000|  0%| F|  |TAMS 0x0000000093000000, 0x0000000093000000| Untracked 
| 305|0x0000000093100000, 0x0000000093100000, 0x0000000093200000|  0%| F|  |TAMS 0x0000000093100000, 0x0000000093100000| Untracked 
| 306|0x0000000093200000, 0x0000000093200000, 0x0000000093300000|  0%| F|  |TAMS 0x0000000093200000, 0x0000000093200000| Untracked 
| 307|0x0000000093300000, 0x0000000093300000, 0x0000000093400000|  0%| F|  |TAMS 0x0000000093300000, 0x0000000093300000| Untracked 
| 308|0x0000000093400000, 0x0000000093400000, 0x0000000093500000|  0%| F|  |TAMS 0x0000000093400000, 0x0000000093400000| Untracked 
| 309|0x0000000093500000, 0x0000000093500000, 0x0000000093600000|  0%| F|  |TAMS 0x0000000093500000, 0x0000000093500000| Untracked 
| 310|0x0000000093600000, 0x0000000093600000, 0x0000000093700000|  0%| F|  |TAMS 0x0000000093600000, 0x0000000093600000| Untracked 
| 311|0x0000000093700000, 0x0000000093700000, 0x0000000093800000|  0%| F|  |TAMS 0x0000000093700000, 0x0000000093700000| Untracked 
| 312|0x0000000093800000, 0x0000000093800000, 0x0000000093900000|  0%| F|  |TAMS 0x0000000093800000, 0x0000000093800000| Untracked 
| 313|0x0000000093900000, 0x0000000093900000, 0x0000000093a00000|  0%| F|  |TAMS 0x0000000093900000, 0x0000000093900000| Untracked 
| 314|0x0000000093a00000, 0x0000000093a00000, 0x0000000093b00000|  0%| F|  |TAMS 0x0000000093a00000, 0x0000000093a00000| Untracked 
| 315|0x0000000093b00000, 0x0000000093b00000, 0x0000000093c00000|  0%| F|  |TAMS 0x0000000093b00000, 0x0000000093b00000| Untracked 
| 316|0x0000000093c00000, 0x0000000093c00000, 0x0000000093d00000|  0%| F|  |TAMS 0x0000000093c00000, 0x0000000093c00000| Untracked 
| 317|0x0000000093d00000, 0x0000000093d00000, 0x0000000093e00000|  0%| F|  |TAMS 0x0000000093d00000, 0x0000000093d00000| Untracked 
| 318|0x0000000093e00000, 0x0000000093e00000, 0x0000000093f00000|  0%| F|  |TAMS 0x0000000093e00000, 0x0000000093e00000| Untracked 
| 319|0x0000000093f00000, 0x0000000093f00000, 0x0000000094000000|  0%| F|  |TAMS 0x0000000093f00000, 0x0000000093f00000| Untracked 
| 320|0x0000000094000000, 0x0000000094000000, 0x0000000094100000|  0%| F|  |TAMS 0x0000000094000000, 0x0000000094000000| Untracked 
| 321|0x0000000094100000, 0x0000000094100000, 0x0000000094200000|  0%| F|  |TAMS 0x0000000094100000, 0x0000000094100000| Untracked 
| 322|0x0000000094200000, 0x0000000094200000, 0x0000000094300000|  0%| F|  |TAMS 0x0000000094200000, 0x0000000094200000| Untracked 
| 323|0x0000000094300000, 0x0000000094300000, 0x0000000094400000|  0%| F|  |TAMS 0x0000000094300000, 0x0000000094300000| Untracked 
| 324|0x0000000094400000, 0x0000000094400000, 0x0000000094500000|  0%| F|  |TAMS 0x0000000094400000, 0x0000000094400000| Untracked 
| 325|0x0000000094500000, 0x0000000094500000, 0x0000000094600000|  0%| F|  |TAMS 0x0000000094500000, 0x0000000094500000| Untracked 
| 326|0x0000000094600000, 0x0000000094600000, 0x0000000094700000|  0%| F|  |TAMS 0x0000000094600000, 0x0000000094600000| Untracked 
| 327|0x0000000094700000, 0x0000000094700000, 0x0000000094800000|  0%| F|  |TAMS 0x0000000094700000, 0x0000000094700000| Untracked 
| 328|0x0000000094800000, 0x0000000094800000, 0x0000000094900000|  0%| F|  |TAMS 0x0000000094800000, 0x0000000094800000| Untracked 
| 329|0x0000000094900000, 0x0000000094900000, 0x0000000094a00000|  0%| F|  |TAMS 0x0000000094900000, 0x0000000094900000| Untracked 
| 330|0x0000000094a00000, 0x0000000094a00000, 0x0000000094b00000|  0%| F|  |TAMS 0x0000000094a00000, 0x0000000094a00000| Untracked 
| 331|0x0000000094b00000, 0x0000000094b00000, 0x0000000094c00000|  0%| F|  |TAMS 0x0000000094b00000, 0x0000000094b00000| Untracked 
| 332|0x0000000094c00000, 0x0000000094c00000, 0x0000000094d00000|  0%| F|  |TAMS 0x0000000094c00000, 0x0000000094c00000| Untracked 
| 333|0x0000000094d00000, 0x0000000094d00000, 0x0000000094e00000|  0%| F|  |TAMS 0x0000000094d00000, 0x0000000094d00000| Untracked 
| 334|0x0000000094e00000, 0x0000000094e00000, 0x0000000094f00000|  0%| F|  |TAMS 0x0000000094e00000, 0x0000000094e00000| Untracked 
| 335|0x0000000094f00000, 0x0000000094f00000, 0x0000000095000000|  0%| F|  |TAMS 0x0000000094f00000, 0x0000000094f00000| Untracked 
| 336|0x0000000095000000, 0x0000000095000000, 0x0000000095100000|  0%| F|  |TAMS 0x0000000095000000, 0x0000000095000000| Untracked 
| 337|0x0000000095100000, 0x0000000095100000, 0x0000000095200000|  0%| F|  |TAMS 0x0000000095100000, 0x0000000095100000| Untracked 
| 338|0x0000000095200000, 0x0000000095200000, 0x0000000095300000|  0%| F|  |TAMS 0x0000000095200000, 0x0000000095200000| Untracked 
| 339|0x0000000095300000, 0x0000000095300000, 0x0000000095400000|  0%| F|  |TAMS 0x0000000095300000, 0x0000000095300000| Untracked 
| 340|0x0000000095400000, 0x0000000095400000, 0x0000000095500000|  0%| F|  |TAMS 0x0000000095400000, 0x0000000095400000| Untracked 
| 341|0x0000000095500000, 0x0000000095500000, 0x0000000095600000|  0%| F|  |TAMS 0x0000000095500000, 0x0000000095500000| Untracked 
| 342|0x0000000095600000, 0x0000000095600000, 0x0000000095700000|  0%| F|  |TAMS 0x0000000095600000, 0x0000000095600000| Untracked 
| 343|0x0000000095700000, 0x0000000095700000, 0x0000000095800000|  0%| F|  |TAMS 0x0000000095700000, 0x0000000095700000| Untracked 
| 344|0x0000000095800000, 0x0000000095800000, 0x0000000095900000|  0%| F|  |TAMS 0x0000000095800000, 0x0000000095800000| Untracked 
| 345|0x0000000095900000, 0x0000000095900000, 0x0000000095a00000|  0%| F|  |TAMS 0x0000000095900000, 0x0000000095900000| Untracked 
| 346|0x0000000095a00000, 0x0000000095a00000, 0x0000000095b00000|  0%| F|  |TAMS 0x0000000095a00000, 0x0000000095a00000| Untracked 
| 347|0x0000000095b00000, 0x0000000095b00000, 0x0000000095c00000|  0%| F|  |TAMS 0x0000000095b00000, 0x0000000095b00000| Untracked 
| 348|0x0000000095c00000, 0x0000000095c00000, 0x0000000095d00000|  0%| F|  |TAMS 0x0000000095c00000, 0x0000000095c00000| Untracked 
| 349|0x0000000095d00000, 0x0000000095d00000, 0x0000000095e00000|  0%| F|  |TAMS 0x0000000095d00000, 0x0000000095d00000| Untracked 
| 350|0x0000000095e00000, 0x0000000095e00000, 0x0000000095f00000|  0%| F|  |TAMS 0x0000000095e00000, 0x0000000095e00000| Untracked 

Card table byte_map: [0x000001d1473c0000,0x000001d1477c0000] _byte_map_base: 0x000001d146fc0000

Marking Bits (Prev, Next): (CMBitMap*) 0x000001d12f67b630, (CMBitMap*) 0x000001d12f67b5f8
 Prev Bits: [0x000001d149bc0000, 0x000001d14bbc0000)
 Next Bits: [0x000001d147bc0000, 0x000001d149bc0000)

Polling page: 0x000001d12d5d0000

Metaspace:

Usage:
  Non-class:     94.66 MB capacity,    92.94 MB ( 98%) used,     1.40 MB (  1%) free+waste,   325.94 KB ( <1%) overhead. 
      Class:     14.77 MB capacity,    13.74 MB ( 93%) used,   899.30 KB (  6%) free+waste,   149.06 KB ( <1%) overhead. 
       Both:    109.43 MB capacity,   106.69 MB ( 97%) used,     2.28 MB (  2%) free+waste,   475.00 KB ( <1%) overhead. 

Virtual space:
  Non-class space:       96.00 MB reserved,      95.32 MB (>99%) committed 
      Class space:        1.00 GB reserved,      15.20 MB (  1%) committed 
             Both:        1.09 GB reserved,     110.52 MB ( 10%) committed 

Chunk freelists:
   Non-Class:  489.00 KB
       Class:  398.00 KB
        Both:  887.00 KB

MaxMetaspaceSize: 17179869184.00 GB
CompressedClassSpaceSize: 1.00 GB

CodeHeap 'non-profiled nmethods': size=120000Kb used=8190Kb max_used=8190Kb free=111809Kb
 bounds [0x000001d13f760000, 0x000001d13ff60000, 0x000001d146c90000]
CodeHeap 'profiled nmethods': size=120000Kb used=36304Kb max_used=36304Kb free=83695Kb
 bounds [0x000001d138230000, 0x000001d13a5c0000, 0x000001d13f760000]
CodeHeap 'non-nmethods': size=5760Kb used=2350Kb max_used=2388Kb free=3409Kb
 bounds [0x000001d137c90000, 0x000001d137f00000, 0x000001d138230000]
 total_blobs=20774 nmethods=14752 adapters=885
 compilation: enabled
              stopped_count=0, restarted_count=0
 full_count=0

Compilation events (20 events):
Event: 171.064 Thread 0x000001d14e62f000 nmethod 16529 0x000001d13a5b1410 code [0x000001d13a5b15e0, 0x000001d13a5b17c0]
Event: 171.064 Thread 0x000001d14e62f000 16585       2       com.android.tools.r8.code.u1::b (12 bytes)
Event: 171.064 Thread 0x000001d14e62f000 nmethod 16585 0x000001d13a5b1890 code [0x000001d13a5b1a40, 0x000001d13a5b1b98]
Event: 171.064 Thread 0x000001d14e62f000 16549       2       com.android.tools.r8.ir.optimize.n::b (24 bytes)
Event: 171.064 Thread 0x000001d14e62f000 nmethod 16549 0x000001d13a5b1c10 code [0x000001d13a5b1de0, 0x000001d13a5b1fe0]
Event: 171.065 Thread 0x000001d14e62f000 16495       2       com.android.tools.r8.graph.j0::s (20 bytes)
Event: 171.065 Thread 0x000001d14e62f000 nmethod 16495 0x000001d13a5b2090 code [0x000001d13a5b2240, 0x000001d13a5b23d8]
Event: 171.065 Thread 0x000001d14e62f000 16542       2       com.android.tools.r8.ir.optimize.n$$Lambda$1614/0x0000000100e9d840::test (8 bytes)
Event: 171.065 Thread 0x000001d14e62f000 nmethod 16542 0x000001d13a5b2510 code [0x000001d13a5b26e0, 0x000001d13a5b2940]
Event: 171.065 Thread 0x000001d14e62f000 16508       2       com.android.tools.r8.s.b.c0::G2 (16 bytes)
Event: 171.066 Thread 0x000001d14e62f000 nmethod 16508 0x000001d13a5b2a90 code [0x000001d13a5b2c40, 0x000001d13a5b2df0]
Event: 171.066 Thread 0x000001d14e62f000 16561       2       com.android.tools.r8.ir.regalloc.i::<init> (71 bytes)
Event: 171.066 Thread 0x000001d14e62f000 nmethod 16561 0x000001d13a5b2e90 code [0x000001d13a5b3040, 0x000001d13a5b32b8]
Event: 171.066 Thread 0x000001d14e62f000 16562       2       com.android.tools.r8.ir.regalloc.j::a (124 bytes)
Event: 171.067 Thread 0x000001d14e62f000 nmethod 16562 0x000001d13a5b3390 code [0x000001d13a5b3580, 0x000001d13a5b37e0]
Event: 171.067 Thread 0x000001d14e62f000 16583       1       com.android.tools.r8.code.U::o (3 bytes)
Event: 171.067 Thread 0x000001d14e62f000 nmethod 16583 0x000001d13ff5f310 code [0x000001d13ff5f4c0, 0x000001d13ff5f5d8]
Event: 171.067 Thread 0x000001d14e62f000 16579       1       com.android.tools.r8.code.k2::o (3 bytes)
Event: 171.067 Thread 0x000001d14e62f000 nmethod 16579 0x000001d13ff5f690 code [0x000001d13ff5f840, 0x000001d13ff5f958]
Event: 171.067 Thread 0x000001d14e62f000 16533       2       java.util.stream.SpinedBuffer::accept (94 bytes)

GC Heap History (20 events):
Event: 167.926 GC heap after
{Heap after GC invocations=75 (full 0):
 garbage-first heap   total 131072K, used 107008K [0x0000000080000000, 0x0000000100000000)
  region size 1024K, 2 young (2048K), 2 survivors (2048K)
 Metaspace       used 107665K, capacity 110430K, committed 111384K, reserved 1144832K
  class space    used 13899K, capacity 14911K, committed 15308K, reserved 1048576K
}
Event: 167.951 GC heap before
{Heap before GC invocations=76 (full 0):
 garbage-first heap   total 131072K, used 112128K [0x0000000080000000, 0x0000000100000000)
  region size 1024K, 7 young (7168K), 2 survivors (2048K)
 Metaspace       used 107686K, capacity 110465K, committed 111512K, reserved 1144832K
  class space    used 13902K, capacity 14944K, committed 15436K, reserved 1048576K
}
Event: 167.957 GC heap after
{Heap after GC invocations=77 (full 0):
 garbage-first heap   total 131072K, used 108128K [0x0000000080000000, 0x0000000100000000)
  region size 1024K, 1 young (1024K), 1 survivors (1024K)
 Metaspace       used 107686K, capacity 110465K, committed 111512K, reserved 1144832K
  class space    used 13902K, capacity 14944K, committed 15436K, reserved 1048576K
}
Event: 167.981 GC heap before
{Heap before GC invocations=77 (full 0):
 garbage-first heap   total 131072K, used 113248K [0x0000000080000000, 0x0000000100000000)
  region size 1024K, 6 young (6144K), 1 survivors (1024K)
 Metaspace       used 107702K, capacity 110470K, committed 111512K, reserved 1144832K
  class space    used 13906K, capacity 14946K, committed 15436K, reserved 1048576K
}
Event: 167.995 GC heap after
{Heap after GC invocations=78 (full 0):
 garbage-first heap   total 157696K, used 100851K [0x0000000080000000, 0x0000000100000000)
  region size 1024K, 1 young (1024K), 1 survivors (1024K)
 Metaspace       used 107702K, capacity 110470K, committed 111512K, reserved 1144832K
  class space    used 13906K, capacity 14946K, committed 15436K, reserved 1048576K
}
Event: 168.082 GC heap before
{Heap before GC invocations=78 (full 0):
 garbage-first heap   total 157696K, used 116211K [0x0000000080000000, 0x0000000100000000)
  region size 1024K, 17 young (17408K), 1 survivors (1024K)
 Metaspace       used 107911K, capacity 110711K, committed 111768K, reserved 1146880K
  class space    used 13945K, capacity 14983K, committed 15436K, reserved 1048576K
}
Event: 168.098 GC heap after
{Heap after GC invocations=79 (full 0):
 garbage-first heap   total 157696K, used 104604K [0x0000000080000000, 0x0000000100000000)
  region size 1024K, 3 young (3072K), 3 survivors (3072K)
 Metaspace       used 107911K, capacity 110711K, committed 111768K, reserved 1146880K
  class space    used 13945K, capacity 14983K, committed 15436K, reserved 1048576K
}
Event: 168.168 GC heap before
{Heap before GC invocations=79 (full 0):
 garbage-first heap   total 157696K, used 119964K [0x0000000080000000, 0x0000000100000000)
  region size 1024K, 19 young (19456K), 3 survivors (3072K)
 Metaspace       used 108071K, capacity 110846K, committed 112024K, reserved 1146880K
  class space    used 13967K, capacity 14985K, committed 15436K, reserved 1048576K
}
Event: 168.191 GC heap after
{Heap after GC invocations=80 (full 0):
 garbage-first heap   total 157696K, used 108431K [0x0000000080000000, 0x0000000100000000)
  region size 1024K, 3 young (3072K), 3 survivors (3072K)
 Metaspace       used 108071K, capacity 110846K, committed 112024K, reserved 1146880K
  class space    used 13967K, capacity 14985K, committed 15436K, reserved 1048576K
}
Event: 168.288 GC heap before
{Heap before GC invocations=80 (full 0):
 garbage-first heap   total 157696K, used 122767K [0x0000000080000000, 0x0000000100000000)
  region size 1024K, 18 young (18432K), 3 survivors (3072K)
 Metaspace       used 108222K, capacity 111026K, committed 112024K, reserved 1146880K
  class space    used 13983K, capacity 15023K, committed 15436K, reserved 1048576K
}
Event: 168.297 GC heap after
{Heap after GC invocations=81 (full 0):
 garbage-first heap   total 157696K, used 110885K [0x0000000080000000, 0x0000000100000000)
  region size 1024K, 3 young (3072K), 3 survivors (3072K)
 Metaspace       used 108222K, capacity 111026K, committed 112024K, reserved 1146880K
  class space    used 13983K, capacity 15023K, committed 15436K, reserved 1048576K
}
Event: 168.362 GC heap before
{Heap before GC invocations=81 (full 0):
 garbage-first heap   total 157696K, used 126245K [0x0000000080000000, 0x0000000100000000)
  region size 1024K, 18 young (18432K), 3 survivors (3072K)
 Metaspace       used 108252K, capacity 111026K, committed 112024K, reserved 1146880K
  class space    used 13992K, capacity 15023K, committed 15436K, reserved 1048576K
}
Event: 168.568 GC heap after
{Heap after GC invocations=82 (full 0):
 garbage-first heap   total 359424K, used 113313K [0x0000000080000000, 0x0000000100000000)
  region size 1024K, 3 young (3072K), 3 survivors (3072K)
 Metaspace       used 108252K, capacity 111026K, committed 112024K, reserved 1146880K
  class space    used 13992K, capacity 15023K, committed 15436K, reserved 1048576K
}
Event: 169.040 GC heap before
{Heap before GC invocations=83 (full 0):
 garbage-first heap   total 359424K, used 191137K [0x0000000080000000, 0x0000000100000000)
  region size 1024K, 79 young (80896K), 3 survivors (3072K)
 Metaspace       used 108336K, capacity 111093K, committed 112408K, reserved 1146880K
  class space    used 13995K, capacity 15019K, committed 15564K, reserved 1048576K
}
Event: 169.059 GC heap after
{Heap after GC invocations=84 (full 0):
 garbage-first heap   total 359424K, used 119849K [0x0000000080000000, 0x0000000100000000)
  region size 1024K, 10 young (10240K), 10 survivors (10240K)
 Metaspace       used 108336K, capacity 111093K, committed 112408K, reserved 1146880K
  class space    used 13995K, capacity 15019K, committed 15564K, reserved 1048576K
}
Event: 170.156 GC heap before
{Heap before GC invocations=84 (full 0):
 garbage-first heap   total 359424K, used 203817K [0x0000000080000000, 0x0000000100000000)
  region size 1024K, 92 young (94208K), 10 survivors (10240K)
 Metaspace       used 108962K, capacity 111784K, committed 112920K, reserved 1146880K
  class space    used 14041K, capacity 15076K, committed 15564K, reserved 1048576K
}
Event: 170.173 GC heap after
{Heap after GC invocations=85 (full 0):
 garbage-first heap   total 359424K, used 121893K [0x0000000080000000, 0x0000000100000000)
  region size 1024K, 3 young (3072K), 3 survivors (3072K)
 Metaspace       used 108962K, capacity 111784K, committed 112920K, reserved 1146880K
  class space    used 14041K, capacity 15076K, committed 15564K, reserved 1048576K
}
Event: 170.526 GC heap before
{Heap before GC invocations=85 (full 0):
 garbage-first heap   total 359424K, used 228389K [0x0000000080000000, 0x0000000100000000)
  region size 1024K, 107 young (109568K), 3 survivors (3072K)
 Metaspace       used 109078K, capacity 111867K, committed 112920K, reserved 1146880K
  class space    used 14053K, capacity 15082K, committed 15564K, reserved 1048576K
}
Event: 170.535 GC heap after
{Heap after GC invocations=86 (full 0):
 garbage-first heap   total 359424K, used 122430K [0x0000000080000000, 0x0000000100000000)
  region size 1024K, 4 young (4096K), 4 survivors (4096K)
 Metaspace       used 109078K, capacity 111867K, committed 112920K, reserved 1146880K
  class space    used 14053K, capacity 15082K, committed 15564K, reserved 1048576K
}
Event: 171.068 GC heap before
{Heap before GC invocations=87 (full 0):
 garbage-first heap   total 359424K, used 244286K [0x0000000080000000, 0x0000000100000000)
  region size 1024K, 123 young (125952K), 4 survivors (4096K)
 Metaspace       used 109246K, capacity 112053K, committed 113176K, reserved 1146880K
  class space    used 14073K, capacity 15122K, committed 15564K, reserved 1048576K
}

Deoptimization events (20 events):
Event: 170.458 Thread 0x000001d150af3800 DEOPT PACKING pc=0x000001d13a34f0fd sp=0x0000008d32af9a50
Event: 170.458 Thread 0x000001d150af3800 DEOPT UNPACKING pc=0x000001d137cb8d4e sp=0x0000008d32af90a8 mode 0
Event: 170.485 Thread 0x000001d150af3800 DEOPT PACKING pc=0x000001d13a27815b sp=0x0000008d32af9a30
Event: 170.485 Thread 0x000001d150af3800 DEOPT UNPACKING pc=0x000001d137cb8d4e sp=0x0000008d32af90a8 mode 0
Event: 170.687 Thread 0x000001d150afd000 DEOPT PACKING pc=0x000001d13a2c635f sp=0x0000008d32cf9ff0
Event: 170.687 Thread 0x000001d150afd000 DEOPT UNPACKING pc=0x000001d137cb8d4e sp=0x0000008d32cf9618 mode 0
Event: 170.707 Thread 0x000001d150afa000 DEOPT PACKING pc=0x000001d13a354922 sp=0x0000008d32df9940
Event: 170.707 Thread 0x000001d150afa000 DEOPT UNPACKING pc=0x000001d137cb8d4e sp=0x0000008d32df9010 mode 0
Event: 170.846 Thread 0x000001d150afa000 DEOPT PACKING pc=0x000001d13a328f93 sp=0x0000008d32df9ac0
Event: 170.846 Thread 0x000001d150afa000 DEOPT UNPACKING pc=0x000001d137cb8d4e sp=0x0000008d32df9250 mode 0
Event: 170.878 Thread 0x000001d150af8000 DEOPT PACKING pc=0x000001d13a0599e7 sp=0x0000008d329fa6b0
Event: 170.878 Thread 0x000001d150af8000 DEOPT UNPACKING pc=0x000001d137cb8d4e sp=0x0000008d329f9c68 mode 0
Event: 170.928 Thread 0x000001d150afd000 DEOPT PACKING pc=0x000001d13a25a2f6 sp=0x0000008d32cf9f60
Event: 170.928 Thread 0x000001d150afd000 DEOPT UNPACKING pc=0x000001d137cb8d4e sp=0x0000008d32cf95d8 mode 0
Event: 170.953 Thread 0x000001d150af8000 DEOPT PACKING pc=0x000001d13a0599e7 sp=0x0000008d329fa5e0
Event: 170.953 Thread 0x000001d150af8000 DEOPT UNPACKING pc=0x000001d137cb8d4e sp=0x0000008d329f9b98 mode 0
Event: 171.040 Thread 0x000001d150af8000 DEOPT PACKING pc=0x000001d13a0599e7 sp=0x0000008d329fa740
Event: 171.040 Thread 0x000001d150af8000 DEOPT UNPACKING pc=0x000001d137cb8d4e sp=0x0000008d329f9cf8 mode 0
Event: 171.051 Thread 0x000001d150af1800 DEOPT PACKING pc=0x000001d13a04a282 sp=0x0000008d328f97b0
Event: 171.051 Thread 0x000001d150af1800 DEOPT UNPACKING pc=0x000001d137cb8d4e sp=0x0000008d328f8f40 mode 0

Classes redefined (0 events):
No events

Internal exceptions (20 events):
Event: 164.004 Thread 0x000001d154281000 Exception <a 'sun/nio/fs/WindowsException'{0x0000000087ffbc20}> (0x0000000087ffbc20) thrown at [c:/ws/UEp/Corretto11Src/installers/windows/zip/corretto-build/buildRoot/src/src/hotspot/share/prims/jni.cpp, line 615]
Event: 164.004 Thread 0x000001d154281000 Exception <a 'sun/nio/fs/WindowsException'{0x0000000087ffc8e0}> (0x0000000087ffc8e0) thrown at [c:/ws/UEp/Corretto11Src/installers/windows/zip/corretto-build/buildRoot/src/src/hotspot/share/prims/jni.cpp, line 615]
Event: 164.012 Thread 0x000001d154281000 Exception <a 'sun/nio/fs/WindowsException'{0x0000000087d42f78}> (0x0000000087d42f78) thrown at [c:/ws/UEp/Corretto11Src/installers/windows/zip/corretto-build/buildRoot/src/src/hotspot/share/prims/jni.cpp, line 615]
Event: 164.017 Thread 0x000001d154281000 Exception <a 'sun/nio/fs/WindowsException'{0x0000000087cf06b0}> (0x0000000087cf06b0) thrown at [c:/ws/UEp/Corretto11Src/installers/windows/zip/corretto-build/buildRoot/src/src/hotspot/share/prims/jni.cpp, line 615]
Event: 164.023 Thread 0x000001d154281000 Exception <a 'sun/nio/fs/WindowsException'{0x0000000087cf9d80}> (0x0000000087cf9d80) thrown at [c:/ws/UEp/Corretto11Src/installers/windows/zip/corretto-build/buildRoot/src/src/hotspot/share/prims/jni.cpp, line 615]
Event: 164.028 Thread 0x000001d154281000 Exception <a 'sun/nio/fs/WindowsException'{0x0000000087987d70}> (0x0000000087987d70) thrown at [c:/ws/UEp/Corretto11Src/installers/windows/zip/corretto-build/buildRoot/src/src/hotspot/share/prims/jni.cpp, line 615]
Event: 164.030 Thread 0x000001d154281000 Exception <a 'sun/nio/fs/WindowsException'{0x000000008798cae8}> (0x000000008798cae8) thrown at [c:/ws/UEp/Corretto11Src/installers/windows/zip/corretto-build/buildRoot/src/src/hotspot/share/prims/jni.cpp, line 615]
Event: 167.407 Thread 0x000001d150afc800 Exception <a 'sun/nio/fs/WindowsException'{0x0000000087c928c0}> (0x0000000087c928c0) thrown at [c:/ws/UEp/Corretto11Src/installers/windows/zip/corretto-build/buildRoot/src/src/hotspot/share/prims/jni.cpp, line 615]
Event: 167.438 Thread 0x000001d150afc800 Exception <a 'sun/nio/fs/WindowsException'{0x0000000087717768}> (0x0000000087717768) thrown at [c:/ws/UEp/Corretto11Src/installers/windows/zip/corretto-build/buildRoot/src/src/hotspot/share/prims/jni.cpp, line 615]
Event: 167.600 Thread 0x000001d150afb800 Exception <a 'sun/nio/fs/WindowsException'{0x0000000087cbd700}> (0x0000000087cbd700) thrown at [c:/ws/UEp/Corretto11Src/installers/windows/zip/corretto-build/buildRoot/src/src/hotspot/share/prims/jni.cpp, line 615]
Event: 167.758 Thread 0x000001d150af7800 Exception <a 'sun/nio/fs/WindowsException'{0x0000000087a25aa0}> (0x0000000087a25aa0) thrown at [c:/ws/UEp/Corretto11Src/installers/windows/zip/corretto-build/buildRoot/src/src/hotspot/share/prims/jni.cpp, line 615]
Event: 167.778 Thread 0x000001d150af1800 Exception <a 'sun/nio/fs/WindowsException'{0x0000000087f7f648}> (0x0000000087f7f648) thrown at [c:/ws/UEp/Corretto11Src/installers/windows/zip/corretto-build/buildRoot/src/src/hotspot/share/prims/jni.cpp, line 615]
Event: 167.858 Thread 0x000001d150afa000 Exception <a 'sun/nio/fs/WindowsException'{0x0000000087b354a8}> (0x0000000087b354a8) thrown at [c:/ws/UEp/Corretto11Src/installers/windows/zip/corretto-build/buildRoot/src/src/hotspot/share/prims/jni.cpp, line 615]
Event: 167.872 Thread 0x000001d150af3800 Exception <a 'sun/nio/fs/WindowsException'{0x00000000878ad8d8}> (0x00000000878ad8d8) thrown at [c:/ws/UEp/Corretto11Src/installers/windows/zip/corretto-build/buildRoot/src/src/hotspot/share/prims/jni.cpp, line 615]
Event: 168.198 Thread 0x000001d150afd000 Exception <a 'sun/nio/fs/WindowsException'{0x00000000898ee4c8}> (0x00000000898ee4c8) thrown at [c:/ws/UEp/Corretto11Src/installers/windows/zip/corretto-build/buildRoot/src/src/hotspot/share/prims/jni.cpp, line 615]
Event: 168.215 Thread 0x000001d150afa000 Exception <a 'java/lang/NoSuchMethodError'{0x00000000895ed920}: 'java.lang.Object java.lang.invoke.DirectMethodHandle$Holder.invokeInterface(java.lang.Object, java.lang.Object, int)'> (0x00000000895ed920) thrown at [c:/ws/UEp/Corretto11Src/installers/wind
Event: 168.569 Thread 0x000001d150afc800 Exception <a 'sun/nio/fs/WindowsException'{0x0000000095e42e20}> (0x0000000095e42e20) thrown at [c:/ws/UEp/Corretto11Src/installers/windows/zip/corretto-build/buildRoot/src/src/hotspot/share/prims/jni.cpp, line 615]
Event: 170.435 Thread 0x000001d150af7800 Exception <a 'sun/nio/fs/WindowsException'{0x00000000916bf840}> (0x00000000916bf840) thrown at [c:/ws/UEp/Corretto11Src/installers/windows/zip/corretto-build/buildRoot/src/src/hotspot/share/prims/jni.cpp, line 615]
Event: 170.484 Thread 0x000001d150afa000 Exception <a 'java/lang/NoSuchMethodError'{0x0000000090319780}: 'int java.lang.invoke.DirectMethodHandle$Holder.invokeInterface(java.lang.Object, java.lang.Object, int)'> (0x0000000090319780) thrown at [c:/ws/UEp/Corretto11Src/installers/windows/zip/corre
Event: 170.850 Thread 0x000001d150af8000 Exception <a 'sun/nio/fs/WindowsException'{0x0000000091706900}> (0x0000000091706900) thrown at [c:/ws/UEp/Corretto11Src/installers/windows/zip/corretto-build/buildRoot/src/src/hotspot/share/prims/jni.cpp, line 615]

Events (20 events):
Event: 170.610 loading class com/android/tools/r8/t/a/a/a/h/b0 done
Event: 170.611 loading class com/android/tools/r8/s/b/X
Event: 170.611 loading class com/android/tools/r8/s/b/X done
Event: 170.611 loading class com/android/tools/r8/t/a/a/a/h/b0
Event: 170.611 loading class com/android/tools/r8/t/a/a/a/h/b0 done
Event: 170.611 loading class com/android/tools/r8/ir/optimize/x
Event: 170.611 loading class com/android/tools/r8/ir/optimize/x done
Event: 170.642 loading class com/android/tools/r8/code/W2
Event: 170.642 loading class com/android/tools/r8/code/W2 done
Event: 170.643 loading class com/android/tools/r8/code/R2
Event: 170.643 loading class com/android/tools/r8/code/R2 done
Event: 170.644 loading class com/android/tools/r8/code/Y2
Event: 170.644 loading class com/android/tools/r8/code/Y2 done
Event: 170.645 loading class com/android/tools/r8/code/X2
Event: 170.645 loading class com/android/tools/r8/code/X2 done
Event: 170.809 Executing VM operation: CGC_Operation
Event: 170.822 Executing VM operation: CGC_Operation done
Event: 170.995 Executing VM operation: CGC_Operation
Event: 170.998 Executing VM operation: CGC_Operation done
Event: 171.067 Executing VM operation: G1CollectForAllocation


Dynamic libraries:
0x00007ff70bc80000 - 0x00007ff70bc8d000 	C:\Program Files\Amazon Corretto\jdk11.0.6_10\bin\java.exe
0x00007fff9a660000 - 0x00007fff9a850000 	C:\Windows\SYSTEM32\ntdll.dll
0x00007fff9a310000 - 0x00007fff9a3c2000 	C:\Windows\System32\KERNEL32.DLL
0x00007fff97990000 - 0x00007fff97c35000 	C:\Windows\System32\KERNELBASE.dll
0x00007fff977f0000 - 0x00007fff978ea000 	C:\Windows\System32\ucrtbase.dll
0x00007fff94880000 - 0x00007fff94897000 	C:\Program Files\Amazon Corretto\jdk11.0.6_10\bin\jli.dll
0x00007fff918f0000 - 0x00007fff91905000 	C:\Program Files\Amazon Corretto\jdk11.0.6_10\bin\VCRUNTIME140.dll
0x00007fff9a090000 - 0x00007fff9a224000 	C:\Windows\System32\USER32.dll
0x00007fff975d0000 - 0x00007fff975f1000 	C:\Windows\System32\win32u.dll
0x00007fff99ad0000 - 0x00007fff99af6000 	C:\Windows\System32\GDI32.dll
0x00007fff96920000 - 0x00007fff96ba4000 	C:\Windows\WinSxS\amd64_microsoft.windows.common-controls_6595b64144ccf1df_6.0.18362.1256_none_9e7e379be45e40e2\COMCTL32.dll
0x00007fff97620000 - 0x00007fff977b6000 	C:\Windows\System32\gdi32full.dll
0x00007fff9a3d0000 - 0x00007fff9a46e000 	C:\Windows\System32\msvcrt.dll
0x00007fff978f0000 - 0x00007fff9798e000 	C:\Windows\System32\msvcp_win.dll
0x00007fff99b00000 - 0x00007fff99e36000 	C:\Windows\System32\combase.dll
0x00007fff98710000 - 0x00007fff98830000 	C:\Windows\System32\RPCRT4.dll
0x00007fff98680000 - 0x00007fff98701000 	C:\Windows\System32\bcryptPrimitives.dll
0x00007fff99f50000 - 0x00007fff99f7e000 	C:\Windows\System32\IMM32.DLL
0x00007fff6b360000 - 0x00007fff6b3fb000 	C:\Program Files\Amazon Corretto\jdk11.0.6_10\bin\msvcp140.dll
0x00007fff67ae0000 - 0x00007fff6859d000 	C:\Program Files\Amazon Corretto\jdk11.0.6_10\bin\server\jvm.dll
0x00007fff99a10000 - 0x00007fff99ab3000 	C:\Windows\System32\ADVAPI32.dll
0x00007fff99e40000 - 0x00007fff99ed7000 	C:\Windows\System32\sechost.dll
0x00007fff99a00000 - 0x00007fff99a08000 	C:\Windows\System32\PSAPI.DLL
0x00007fff95920000 - 0x00007fff95929000 	C:\Windows\SYSTEM32\WSOCK32.dll
0x00007fff947d0000 - 0x00007fff947f4000 	C:\Windows\SYSTEM32\WINMM.dll
0x00007fff929c0000 - 0x00007fff929ca000 	C:\Windows\SYSTEM32\VERSION.dll
0x00007fff99900000 - 0x00007fff9996f000 	C:\Windows\System32\WS2_32.dll
0x00007fff947a0000 - 0x00007fff947cd000 	C:\Windows\SYSTEM32\winmmbase.dll
0x00007fff97d90000 - 0x00007fff97dda000 	C:\Windows\System32\cfgmgr32.dll
0x00007fff97560000 - 0x00007fff97571000 	C:\Windows\System32\kernel.appcore.dll
0x00007fff96f60000 - 0x00007fff96f70000 	C:\Program Files\Amazon Corretto\jdk11.0.6_10\bin\verify.dll
0x00007fff96d40000 - 0x00007fff96f34000 	C:\Windows\SYSTEM32\DBGHELP.DLL
0x00007fff96d10000 - 0x00007fff96d3a000 	C:\Windows\SYSTEM32\dbgcore.DLL
0x00007fff918c0000 - 0x00007fff918e8000 	C:\Program Files\Amazon Corretto\jdk11.0.6_10\bin\java.dll
0x00007fff918a0000 - 0x00007fff918b6000 	C:\Program Files\Amazon Corretto\jdk11.0.6_10\bin\zip.dll
0x00007fff96f40000 - 0x00007fff96f4a000 	C:\Program Files\Amazon Corretto\jdk11.0.6_10\bin\jimage.dll
0x00007fff98b00000 - 0x00007fff991e7000 	C:\Windows\System32\SHELL32.dll
0x00007fff99f80000 - 0x00007fff9a029000 	C:\Windows\System32\shcore.dll
0x00007fff97e90000 - 0x00007fff98611000 	C:\Windows\System32\windows.storage.dll
0x00007fff97580000 - 0x00007fff975a3000 	C:\Windows\System32\profapi.dll
0x00007fff97510000 - 0x00007fff9755a000 	C:\Windows\System32\powrprof.dll
0x00007fff97500000 - 0x00007fff97510000 	C:\Windows\System32\UMPDC.dll
0x00007fff9a030000 - 0x00007fff9a082000 	C:\Windows\System32\shlwapi.dll
0x00007fff97600000 - 0x00007fff97617000 	C:\Windows\System32\cryptsp.dll
0x00007fff91720000 - 0x00007fff91739000 	C:\Program Files\Amazon Corretto\jdk11.0.6_10\bin\net.dll
0x00007fff8a140000 - 0x00007fff8a230000 	C:\Windows\SYSTEM32\WINHTTP.dll
0x00007fff967a0000 - 0x00007fff96807000 	C:\Windows\system32\mswsock.dll
0x00007fff8ca90000 - 0x00007fff8caa2000 	C:\Program Files\Amazon Corretto\jdk11.0.6_10\bin\nio.dll
0x00007fff91910000 - 0x00007fff91937000 	C:\Users\Admin\.gradle\native\f6784746aeab05261644944871eae4fe03e0ef1612fff0a4a95f87b438bc6780\windows-amd64\native-platform.dll
0x00007fff90d30000 - 0x00007fff90d39000 	C:\Program Files\Amazon Corretto\jdk11.0.6_10\bin\management.dll
0x00007fff8fb90000 - 0x00007fff8fb9b000 	C:\Program Files\Amazon Corretto\jdk11.0.6_10\bin\management_ext.dll
0x00007fff961e0000 - 0x00007fff96213000 	C:\Windows\system32\rsaenh.dll
0x00007fff977c0000 - 0x00007fff977e6000 	C:\Windows\System32\bcrypt.dll
0x00007fff97420000 - 0x00007fff97445000 	C:\Windows\SYSTEM32\USERENV.dll
0x00007fff96740000 - 0x00007fff9674c000 	C:\Windows\SYSTEM32\CRYPTBASE.dll
0x00007fff96370000 - 0x00007fff963aa000 	C:\Windows\SYSTEM32\IPHLPAPI.DLL
0x00007fff99970000 - 0x00007fff99978000 	C:\Windows\System32\NSI.dll
0x00007fff8f600000 - 0x00007fff8f616000 	C:\Windows\SYSTEM32\dhcpcsvc6.DLL
0x00007fff8ecd0000 - 0x00007fff8ecec000 	C:\Windows\SYSTEM32\dhcpcsvc.DLL
0x00007fff963b0000 - 0x00007fff9647b000 	C:\Windows\SYSTEM32\DNSAPI.dll
0x00007fff8fb80000 - 0x00007fff8fb8b000 	C:\Windows\SYSTEM32\WINNSI.DLL
0x00007fff94920000 - 0x00007fff949af000 	C:\Windows\system32\apphelp.dll
0x00007fff8c970000 - 0x00007fff8c98e000 	C:\Users\Admin\AppData\Local\Temp\native-platform2128650577868546581dir\native-platform.dll
0x00007fff8cb60000 - 0x00007fff8cb67000 	C:\Program Files\Amazon Corretto\jdk11.0.6_10\bin\rmi.dll

dbghelp: loaded successfully - version: 4.0.5 - missing functions: none
symbol engine: initialized successfully - sym options: 0x614 - pdb path: .;C:\Program Files\Amazon Corretto\jdk11.0.6_10\bin;C:\Windows\SYSTEM32;C:\Windows\WinSxS\amd64_microsoft.windows.common-controls_6595b64144ccf1df_6.0.18362.1256_none_9e7e379be45e40e2;C:\Program Files\Amazon Corretto\jdk11.0.6_10\bin\server;C:\Users\Admin\.gradle\native\f6784746aeab05261644944871eae4fe03e0ef1612fff0a4a95f87b438bc6780\windows-amd64;C:\Users\Admin\AppData\Local\Temp\native-platform2128650577868546581dir

VM Arguments:
jvm_args: --add-opens=java.base/java.util=ALL-UNNAMED --add-opens=java.base/java.lang=ALL-UNNAMED --add-opens=java.base/java.lang.invoke=ALL-UNNAMED --add-opens=java.prefs/java.util.prefs=ALL-UNNAMED -Xmx2048m -Dfile.encoding=UTF-8 -Duser.country=IN -Duser.language=en -Duser.variant 
java_command: org.gradle.launcher.daemon.bootstrap.GradleDaemon 6.5
java_class_path (initial): C:\Users\Admin\.gradle\wrapper\dists\gradle-6.5-bin\6nifqtx7604sqp1q6g8wikw7p\gradle-6.5\lib\gradle-launcher-6.5.jar
Launcher Type: SUN_STANDARD

[Global flags]
     intx CICompilerCount                          = 4                                         {product} {ergonomic}
     uint ConcGCThreads                            = 2                                         {product} {ergonomic}
     uint G1ConcRefinementThreads                  = 8                                         {product} {ergonomic}
   size_t G1HeapRegionSize                         = 1048576                                   {product} {ergonomic}
    uintx GCDrainStackTargetSize                   = 64                                        {product} {ergonomic}
   size_t InitialHeapSize                          = 134217728                                 {product} {ergonomic}
   size_t MarkStackSize                            = 4194304                                   {product} {ergonomic}
   size_t MaxHeapSize                              = 2147483648                                {product} {command line}
   size_t MaxNewSize                               = 1287651328                                {product} {ergonomic}
   size_t MinHeapDeltaBytes                        = 1048576                                   {product} {ergonomic}
    uintx NonNMethodCodeHeapSize                   = 5836300                                {pd product} {ergonomic}
    uintx NonProfiledCodeHeapSize                  = 122910970                              {pd product} {ergonomic}
    uintx ProfiledCodeHeapSize                     = 122910970                              {pd product} {ergonomic}
    uintx ReservedCodeCacheSize                    = 251658240                              {pd product} {ergonomic}
     bool SegmentedCodeCache                       = true                                      {product} {ergonomic}
     bool UseCompressedClassPointers               = true                                 {lp64_product} {ergonomic}
     bool UseCompressedOops                        = true                                 {lp64_product} {ergonomic}
     bool UseG1GC                                  = true                                      {product} {ergonomic}
     bool UseLargePagesIndividualAllocation        = false                                  {pd product} {ergonomic}

Logging:
Log output configuration:
 #0: stdout all=warning uptime,level,tags
 #1: stderr all=off uptime,level,tags

Environment Variables:
JAVA_HOME=C:\Program Files\Amazon Corretto\jdk11.0.6_10
PATH=C:\Program Files\Amazon Corretto\jdk11.0.6_10\bin;C:\Windows\system32;C:\Windows;C:\Windows\System32\Wbem;C:\Windows\System32\WindowsPowerShell\v1.0\;C:\Windows\System32\OpenSSH\;C:\Program Files\SourceGear\Common\DiffMerge\;C:\MinGW\bin;D:\Git\cmd;D:\Nodejs\;C:\Program Files\MySQL\MySQL Shell 8.0\bin\;C:\Users\Admin\AppData\Local\Programs\Python\Python38-32\Scripts\;C:\Users\Admin\AppData\Local\Programs\Python\Python38-32\;C:\Users\Admin\AppData\Local\Microsoft\WindowsApps;C:\Users\Admin\AppData\Roaming\npm
USERNAME=Admin
OS=Windows_NT
PROCESSOR_IDENTIFIER=Intel64 Family 6 Model 142 Stepping 10, GenuineIntel



---------------  S Y S T E M  ---------------

OS: Windows 10 , 64 bit Build 18362 (10.0.18362.1110)

CPU:total 8 (initial active 8) (4 cores per cpu, 2 threads per core) family 6 model 142 stepping 10, cmov, cx8, fxsr, mmx, sse, sse2, sse3, ssse3, sse4.1, sse4.2, popcnt, avx, avx2, aes, clmul, erms, 3dnowpref, lzcnt, ht, tsc, tscinvbit, bmi1, bmi2, adx, fma

Memory: 4k page, system-wide physical 8101M (74M free)
TotalPageFile size 13889M (AvailPageFile size 80M)
current process WorkingSet (physical memory assigned to process): 543M, peak: 548M
current process commit charge ("private bytes"): 720M, peak: 1398M

vm_info: OpenJDK 64-Bit Server VM (11.0.6+10-LTS) for windows-amd64 JRE (11.0.6+10-LTS), built on Jan 10 2020 02:02:53 by "Administrator" with unknown MS VC++:1916

END.
